[2020-08-10T10:32:23.275] [INFO] resLogger - 
*************** log start ***************
日志记录：{"resourceUrl":"/api/user/token","resourceDesc":"根据id查找数据","requestType":"GET","requestParams":"{}","responseCode":200,"responseMessage":"","responseDate":{"code":200,"message":"查找成功","data":{"username":"admin","avatar":"http://wework.qpic.cn/bizmail/tBzSXZ7noicaWNIO15XKp1pU9m0ibZvPFbTHrjahY6Sp5iaEJdgq6h6ww/100","nickname":"管理员"}},"serverIp":"当前服务器id","userIp":"127.0.0.1","userId":null,"createTime":"2020-8-10 10:32:23 ├F10: AM┤","executionTime":0}
*************** log end ***************

[2020-08-10T10:32:23.303] [INFO] resLogger - 
*************** log start ***************
日志记录：{"resourceUrl":"/api/user/permission?username=admin","resourceDesc":"根据id查找数据","requestType":"GET","requestParams":"{\"username\":\"admin\"}","responseCode":200,"responseMessage":"","responseDate":{"code":200,"message":"查找成功","data":{"routes":[{"name":"区服管理","urlid":1,"children":[{"meta":1,"name":"区服设置","url":"/zoneManagement/zoneSettings","urlid":2,"pid":1}]},{"name":"角色管理","urlid":3,"children":[{"meta":1,"name":"角色查询","url":"/roleManagement/roleQuery","urlid":4,"pid":3},{"meta":1,"name":"聊天查询","url":"/roleManagement/chatQuery","urlid":5,"pid":3},{"meta":1,"name":"背包查询","url":"/roleManagement/rucksackQuery","urlid":6,"pid":3},{"meta":1,"name":"产消查询","url":"/roleManagement/prosumingQuery","urlid":7,"pid":3}]},{"name":"充值管理","urlid":8,"children":[{"meta":1,"name":"充值明细","url":"/rechargeManagement/rechargeDetails","urlid":9,"pid":8}]},{"name":"公告管理","urlid":10,"children":[{"meta":1,"name":"公告管理","url":"/announcedManagement/index","urlid":11,"pid":10}]},{"name":"邮件管理","urlid":12,"children":[{"meta":1,"name":"邮件管理","url":"/mailManagement/index","urlid":13,"pid":12}]},{"name":"活动管理","urlid":14,"children":[{"meta":1,"name":"活动管理","url":"/activityManagement/index","urlid":15,"pid":14}]},{"name":"CDK管理","urlid":16,"children":[{"meta":1,"name":"CDK管理","url":"/CDKManagement/index","urlid":17,"pid":16}]},{"name":"白名单管理","urlid":18,"children":[{"meta":1,"name":"白名单管理","url":"/whiteListManagement/index","urlid":19,"pid":18},{"meta":1,"name":"白名单邮件","url":"/whiteListManagement/whiteListMail","urlid":20,"pid":18}]},{"name":"GM管理","urlid":21,"children":[{"meta":1,"name":"GM管理","url":"/GMManagement","urlid":22,"pid":21}]}],"games":["空翼冒险团","刺客契约","无线英雄"],"gamename":"空翼冒险团","gameid":1}},"serverIp":"当前服务器id","userIp":"127.0.0.1","userId":null,"createTime":"2020-8-10 10:32:23 ├F10: AM┤","executionTime":0}
*************** log end ***************

[2020-08-10T10:32:25.285] [INFO] resLogger - 
*************** log start ***************
日志记录：{"resourceUrl":"/api/server/selectComponent?code=areaclothing","resourceDesc":"根据游戏ID 组件名称搜索 区服组件","requestType":"GET","requestParams":"{\"code\":\"areaclothing\"}","responseCode":200,"responseMessage":"","responseDate":{"code":200,"message":"查找成功","data":{"values":["久游","小米","腾讯"]}},"serverIp":"当前服务器id","userIp":"127.0.0.1","userId":null,"createTime":"2020-8-10 10:32:25 ├F10: AM┤","executionTime":0}
*************** log end ***************

[2020-08-10T10:32:25.288] [INFO] resLogger - 
*************** log start ***************
日志记录：{"resourceUrl":"/api/character/findServername","resourceDesc":"区服名称获取","requestType":"GET","requestParams":"{}","responseCode":200,"responseMessage":"","responseDate":{"code":200,"message":"查询成功","data":[{"label":null,"value":null},{"label":null,"value":null},{"label":"1","value":"1"},{"label":"测试服1","value":"测试服1"},{"label":"123","value":"123"},{"label":"1111","value":"1111"},{"label":null,"value":null},{"label":"11111","value":"11111"},{"label":"1111","value":"1111"},{"label":"111","value":"111"},{"label":"测试服3","value":"测试服3"},{"label":"长澜？","value":"长澜？"},{"label":null,"value":null},{"label":"111","value":"111"},{"label":"123","value":"123"},{"label":null,"value":null},{"label":"212","value":"212"},{"label":null,"value":null},{"label":null,"value":null},{"label":"123","value":"123"},{"label":"123","value":"123"},{"label":"1","value":"1"},{"label":"111","value":"111"},{"label":"1111","value":"1111"},{"label":null,"value":null},{"label":"123123","value":"123123"},{"label":null,"value":null},{"label":null,"value":null},{"label":null,"value":null},{"label":"12","value":"12"},{"label":null,"value":null},{"label":"11111","value":"11111"},{"label":null,"value":null},{"label":"1","value":"1"},{"label":"1","value":"1"},{"label":"测试服2","value":"测试服2"},{"label":"111","value":"111"},{"label":"1","value":"1"},{"label":"1111111","value":"1111111"},{"label":"11","value":"11"}]},"serverIp":"当前服务器id","userIp":"127.0.0.1","userId":null,"createTime":"2020-8-10 10:32:25 ├F10: AM┤","executionTime":0}
*************** log end ***************

[2020-08-10T10:32:27.241] [INFO] resLogger - 
*************** log start ***************
日志记录：{"resourceUrl":"/api/server/selectComponent?code=areaclothing","resourceDesc":"根据游戏ID 组件名称搜索 区服组件","requestType":"GET","requestParams":"{\"code\":\"areaclothing\"}","responseCode":200,"responseMessage":"","responseDate":{"code":200,"message":"查找成功","data":{"values":["久游","小米","腾讯"]}},"serverIp":"当前服务器id","userIp":"127.0.0.1","userId":null,"createTime":"2020-8-10 10:32:27 ├F10: AM┤","executionTime":0}
*************** log end ***************

[2020-08-10T10:32:27.243] [INFO] resLogger - 
*************** log start ***************
日志记录：{"resourceUrl":"/api/character/findServername","resourceDesc":"区服名称获取","requestType":"GET","requestParams":"{}","responseCode":200,"responseMessage":"","responseDate":{"code":200,"message":"查询成功","data":[{"label":null,"value":null},{"label":null,"value":null},{"label":"1","value":"1"},{"label":"测试服1","value":"测试服1"},{"label":"123","value":"123"},{"label":"1111","value":"1111"},{"label":null,"value":null},{"label":"11111","value":"11111"},{"label":"1111","value":"1111"},{"label":"111","value":"111"},{"label":"测试服3","value":"测试服3"},{"label":"长澜？","value":"长澜？"},{"label":null,"value":null},{"label":"111","value":"111"},{"label":"123","value":"123"},{"label":null,"value":null},{"label":"212","value":"212"},{"label":null,"value":null},{"label":null,"value":null},{"label":"123","value":"123"},{"label":"123","value":"123"},{"label":"1","value":"1"},{"label":"111","value":"111"},{"label":"1111","value":"1111"},{"label":null,"value":null},{"label":"123123","value":"123123"},{"label":null,"value":null},{"label":null,"value":null},{"label":null,"value":null},{"label":"12","value":"12"},{"label":null,"value":null},{"label":"11111","value":"11111"},{"label":null,"value":null},{"label":"1","value":"1"},{"label":"1","value":"1"},{"label":"测试服2","value":"测试服2"},{"label":"111","value":"111"},{"label":"1","value":"1"},{"label":"1111111","value":"1111111"},{"label":"11","value":"11"}]},"serverIp":"当前服务器id","userIp":"127.0.0.1","userId":null,"createTime":"2020-8-10 10:32:27 ├F10: AM┤","executionTime":0}
*************** log end ***************

[2020-08-10T10:32:29.974] [INFO] resLogger - 
*************** log start ***************
日志记录：{"resourceUrl":"/api/server/selectComponent?code=areaclothing","resourceDesc":"根据游戏ID 组件名称搜索 区服组件","requestType":"GET","requestParams":"{\"code\":\"areaclothing\"}","responseCode":200,"responseMessage":"","responseDate":{"code":200,"message":"查找成功","data":{"values":["久游","小米","腾讯"]}},"serverIp":"当前服务器id","userIp":"127.0.0.1","userId":null,"createTime":"2020-8-10 10:32:29 ├F10: AM┤","executionTime":0}
*************** log end ***************

[2020-08-10T10:32:30.233] [INFO] resLogger - 
*************** log start ***************
日志记录：{"resourceUrl":"/api/character/findServername","resourceDesc":"区服名称获取","requestType":"GET","requestParams":"{}","responseCode":200,"responseMessage":"","responseDate":{"code":200,"message":"查询成功","data":[{"label":null,"value":null},{"label":null,"value":null},{"label":"1","value":"1"},{"label":"测试服1","value":"测试服1"},{"label":"123","value":"123"},{"label":"1111","value":"1111"},{"label":null,"value":null},{"label":"11111","value":"11111"},{"label":"1111","value":"1111"},{"label":"111","value":"111"},{"label":"测试服3","value":"测试服3"},{"label":"长澜？","value":"长澜？"},{"label":null,"value":null},{"label":"111","value":"111"},{"label":"123","value":"123"},{"label":null,"value":null},{"label":"212","value":"212"},{"label":null,"value":null},{"label":null,"value":null},{"label":"123","value":"123"},{"label":"123","value":"123"},{"label":"1","value":"1"},{"label":"111","value":"111"},{"label":"1111","value":"1111"},{"label":null,"value":null},{"label":"123123","value":"123123"},{"label":null,"value":null},{"label":null,"value":null},{"label":null,"value":null},{"label":"12","value":"12"},{"label":null,"value":null},{"label":"11111","value":"11111"},{"label":null,"value":null},{"label":"1","value":"1"},{"label":"1","value":"1"},{"label":"测试服2","value":"测试服2"},{"label":"111","value":"111"},{"label":"1","value":"1"},{"label":"1111111","value":"1111111"},{"label":"11","value":"11"}]},"serverIp":"当前服务器id","userIp":"127.0.0.1","userId":null,"createTime":"2020-8-10 10:32:30 ├F10: AM┤","executionTime":0}
*************** log end ***************

[2020-08-10T10:32:31.868] [INFO] resLogger - 
*************** log start ***************
日志记录：{"resourceUrl":"/api/server/selectComponent?code=areaclothing","resourceDesc":"根据游戏ID 组件名称搜索 区服组件","requestType":"GET","requestParams":"{\"code\":\"areaclothing\"}","responseCode":200,"responseMessage":"","responseDate":{"code":200,"message":"查找成功","data":{"values":["久游","小米","腾讯"]}},"serverIp":"当前服务器id","userIp":"127.0.0.1","userId":null,"createTime":"2020-8-10 10:32:31 ├F10: AM┤","executionTime":0}
*************** log end ***************

[2020-08-10T10:32:32.184] [INFO] resLogger - 
*************** log start ***************
日志记录：{"resourceUrl":"/api/character/findServername","resourceDesc":"区服名称获取","requestType":"GET","requestParams":"{}","responseCode":200,"responseMessage":"","responseDate":{"code":200,"message":"查询成功","data":[{"label":null,"value":null},{"label":null,"value":null},{"label":"1","value":"1"},{"label":"测试服1","value":"测试服1"},{"label":"123","value":"123"},{"label":"1111","value":"1111"},{"label":null,"value":null},{"label":"11111","value":"11111"},{"label":"1111","value":"1111"},{"label":"111","value":"111"},{"label":"测试服3","value":"测试服3"},{"label":"长澜？","value":"长澜？"},{"label":null,"value":null},{"label":"111","value":"111"},{"label":"123","value":"123"},{"label":null,"value":null},{"label":"212","value":"212"},{"label":null,"value":null},{"label":null,"value":null},{"label":"123","value":"123"},{"label":"123","value":"123"},{"label":"1","value":"1"},{"label":"111","value":"111"},{"label":"1111","value":"1111"},{"label":null,"value":null},{"label":"123123","value":"123123"},{"label":null,"value":null},{"label":null,"value":null},{"label":null,"value":null},{"label":"12","value":"12"},{"label":null,"value":null},{"label":"11111","value":"11111"},{"label":null,"value":null},{"label":"1","value":"1"},{"label":"1","value":"1"},{"label":"测试服2","value":"测试服2"},{"label":"111","value":"111"},{"label":"1","value":"1"},{"label":"1111111","value":"1111111"},{"label":"11","value":"11"}]},"serverIp":"当前服务器id","userIp":"127.0.0.1","userId":null,"createTime":"2020-8-10 10:32:32 ├F10: AM┤","executionTime":0}
*************** log end ***************

[2020-08-10T10:33:18.374] [INFO] resLogger - 
*************** log start ***************
日志记录：{"resourceUrl":"/api/server/selectComponent?code=areaclothing","resourceDesc":"根据游戏ID 组件名称搜索 区服组件","requestType":"GET","requestParams":"{\"code\":\"areaclothing\"}","responseCode":200,"responseMessage":"","responseDate":{"code":200,"message":"查找成功","data":{"values":["久游","小米","腾讯"]}},"serverIp":"当前服务器id","userIp":"127.0.0.1","userId":null,"createTime":"2020-8-10 10:33:18 ├F10: AM┤","executionTime":0}
*************** log end ***************

[2020-08-10T10:33:18.612] [INFO] resLogger - 
*************** log start ***************
日志记录：{"resourceUrl":"/api/character/findServername","resourceDesc":"区服名称获取","requestType":"GET","requestParams":"{}","responseCode":200,"responseMessage":"","responseDate":{"code":200,"message":"查询成功","data":[{"label":null,"value":null},{"label":null,"value":null},{"label":"1","value":"1"},{"label":"测试服1","value":"测试服1"},{"label":"123","value":"123"},{"label":"1111","value":"1111"},{"label":null,"value":null},{"label":"11111","value":"11111"},{"label":"1111","value":"1111"},{"label":"111","value":"111"},{"label":"测试服3","value":"测试服3"},{"label":"长澜？","value":"长澜？"},{"label":null,"value":null},{"label":"111","value":"111"},{"label":"123","value":"123"},{"label":null,"value":null},{"label":"212","value":"212"},{"label":null,"value":null},{"label":null,"value":null},{"label":"123","value":"123"},{"label":"123","value":"123"},{"label":"1","value":"1"},{"label":"111","value":"111"},{"label":"1111","value":"1111"},{"label":null,"value":null},{"label":"123123","value":"123123"},{"label":null,"value":null},{"label":null,"value":null},{"label":null,"value":null},{"label":"12","value":"12"},{"label":null,"value":null},{"label":"11111","value":"11111"},{"label":null,"value":null},{"label":"1","value":"1"},{"label":"1","value":"1"},{"label":"测试服2","value":"测试服2"},{"label":"111","value":"111"},{"label":"1","value":"1"},{"label":"1111111","value":"1111111"},{"label":"11","value":"11"}]},"serverIp":"当前服务器id","userIp":"127.0.0.1","userId":null,"createTime":"2020-8-10 10:33:18 ├F10: AM┤","executionTime":0}
*************** log end ***************

[2020-08-10T10:33:20.119] [INFO] resLogger - 
*************** log start ***************
日志记录：{"resourceUrl":"/api/server/selectComponent?code=areaclothing","resourceDesc":"根据游戏ID 组件名称搜索 区服组件","requestType":"GET","requestParams":"{\"code\":\"areaclothing\"}","responseCode":200,"responseMessage":"","responseDate":{"code":200,"message":"查找成功","data":{"values":["久游","小米","腾讯"]}},"serverIp":"当前服务器id","userIp":"127.0.0.1","userId":null,"createTime":"2020-8-10 10:33:20 ├F10: AM┤","executionTime":0}
*************** log end ***************

[2020-08-10T10:33:20.430] [INFO] resLogger - 
*************** log start ***************
日志记录：{"resourceUrl":"/api/character/findServername","resourceDesc":"区服名称获取","requestType":"GET","requestParams":"{}","responseCode":200,"responseMessage":"","responseDate":{"code":200,"message":"查询成功","data":[{"label":null,"value":null},{"label":null,"value":null},{"label":"1","value":"1"},{"label":"测试服1","value":"测试服1"},{"label":"123","value":"123"},{"label":"1111","value":"1111"},{"label":null,"value":null},{"label":"11111","value":"11111"},{"label":"1111","value":"1111"},{"label":"111","value":"111"},{"label":"测试服3","value":"测试服3"},{"label":"长澜？","value":"长澜？"},{"label":null,"value":null},{"label":"111","value":"111"},{"label":"123","value":"123"},{"label":null,"value":null},{"label":"212","value":"212"},{"label":null,"value":null},{"label":null,"value":null},{"label":"123","value":"123"},{"label":"123","value":"123"},{"label":"1","value":"1"},{"label":"111","value":"111"},{"label":"1111","value":"1111"},{"label":null,"value":null},{"label":"123123","value":"123123"},{"label":null,"value":null},{"label":null,"value":null},{"label":null,"value":null},{"label":"12","value":"12"},{"label":null,"value":null},{"label":"11111","value":"11111"},{"label":null,"value":null},{"label":"1","value":"1"},{"label":"1","value":"1"},{"label":"测试服2","value":"测试服2"},{"label":"111","value":"111"},{"label":"1","value":"1"},{"label":"1111111","value":"1111111"},{"label":"11","value":"11"}]},"serverIp":"当前服务器id","userIp":"127.0.0.1","userId":null,"createTime":"2020-8-10 10:33:20 ├F10: AM┤","executionTime":0}
*************** log end ***************

[2020-08-10T10:33:23.542] [INFO] resLogger - 
*************** log start ***************
日志记录：{"resourceUrl":"/api/server/selectComponent?code=areaclothing","resourceDesc":"根据游戏ID 组件名称搜索 区服组件","requestType":"GET","requestParams":"{\"code\":\"areaclothing\"}","responseCode":200,"responseMessage":"","responseDate":{"code":200,"message":"查找成功","data":{"values":["久游","小米","腾讯"]}},"serverIp":"当前服务器id","userIp":"127.0.0.1","userId":null,"createTime":"2020-8-10 10:33:23 ├F10: AM┤","executionTime":0}
*************** log end ***************

[2020-08-10T10:33:23.796] [INFO] resLogger - 
*************** log start ***************
日志记录：{"resourceUrl":"/api/character/findServername","resourceDesc":"区服名称获取","requestType":"GET","requestParams":"{}","responseCode":200,"responseMessage":"","responseDate":{"code":200,"message":"查询成功","data":[{"label":null,"value":null},{"label":null,"value":null},{"label":"1","value":"1"},{"label":"测试服1","value":"测试服1"},{"label":"123","value":"123"},{"label":"1111","value":"1111"},{"label":null,"value":null},{"label":"11111","value":"11111"},{"label":"1111","value":"1111"},{"label":"111","value":"111"},{"label":"测试服3","value":"测试服3"},{"label":"长澜？","value":"长澜？"},{"label":null,"value":null},{"label":"111","value":"111"},{"label":"123","value":"123"},{"label":null,"value":null},{"label":"212","value":"212"},{"label":null,"value":null},{"label":null,"value":null},{"label":"123","value":"123"},{"label":"123","value":"123"},{"label":"1","value":"1"},{"label":"111","value":"111"},{"label":"1111","value":"1111"},{"label":null,"value":null},{"label":"123123","value":"123123"},{"label":null,"value":null},{"label":null,"value":null},{"label":null,"value":null},{"label":"12","value":"12"},{"label":null,"value":null},{"label":"11111","value":"11111"},{"label":null,"value":null},{"label":"1","value":"1"},{"label":"1","value":"1"},{"label":"测试服2","value":"测试服2"},{"label":"111","value":"111"},{"label":"1","value":"1"},{"label":"1111111","value":"1111111"},{"label":"11","value":"11"}]},"serverIp":"当前服务器id","userIp":"127.0.0.1","userId":null,"createTime":"2020-8-10 10:33:23 ├F10: AM┤","executionTime":0}
*************** log end ***************

[2020-08-10T10:33:27.178] [INFO] resLogger - 
*************** log start ***************
日志记录：{"resourceUrl":"/api/server/selectComponent?code=areaclothing","resourceDesc":"根据游戏ID 组件名称搜索 区服组件","requestType":"GET","requestParams":"{\"code\":\"areaclothing\"}","responseCode":200,"responseMessage":"","responseDate":{"code":200,"message":"查找成功","data":{"values":["久游","小米","腾讯"]}},"serverIp":"当前服务器id","userIp":"127.0.0.1","userId":null,"createTime":"2020-8-10 10:33:27 ├F10: AM┤","executionTime":0}
*************** log end ***************

[2020-08-10T10:33:27.514] [INFO] resLogger - 
*************** log start ***************
日志记录：{"resourceUrl":"/api/character/findServername","resourceDesc":"区服名称获取","requestType":"GET","requestParams":"{}","responseCode":200,"responseMessage":"","responseDate":{"code":200,"message":"查询成功","data":[{"label":"1111","value":"1111"},{"label":null,"value":null},{"label":"11111","value":"11111"},{"label":null,"value":null},{"label":null,"value":null},{"label":"1","value":"1"},{"label":"测试服1","value":"测试服1"},{"label":"123","value":"123"},{"label":"123","value":"123"},{"label":"1111","value":"1111"},{"label":"111","value":"111"},{"label":"测试服3","value":"测试服3"},{"label":"长澜？","value":"长澜？"},{"label":null,"value":null},{"label":"111","value":"111"},{"label":"123","value":"123"},{"label":null,"value":null},{"label":"212","value":"212"},{"label":null,"value":null},{"label":null,"value":null},{"label":"123","value":"123"},{"label":"1","value":"1"},{"label":"111","value":"111"},{"label":"1111","value":"1111"},{"label":null,"value":null},{"label":"123123","value":"123123"},{"label":null,"value":null},{"label":null,"value":null},{"label":null,"value":null},{"label":"12","value":"12"},{"label":null,"value":null},{"label":"11111","value":"11111"},{"label":null,"value":null},{"label":"1","value":"1"},{"label":"1","value":"1"},{"label":"测试服2","value":"测试服2"},{"label":"111","value":"111"},{"label":"1","value":"1"},{"label":"1111111","value":"1111111"},{"label":"11","value":"11"}]},"serverIp":"当前服务器id","userIp":"127.0.0.1","userId":null,"createTime":"2020-8-10 10:33:27 ├F10: AM┤","executionTime":0}
*************** log end ***************

[2020-08-10T10:33:38.116] [INFO] resLogger - 
*************** log start ***************
日志记录：{"resourceUrl":"/api/server/selectComponent?code=areaclothing","resourceDesc":"根据游戏ID 组件名称搜索 区服组件","requestType":"GET","requestParams":"{\"code\":\"areaclothing\"}","responseCode":200,"responseMessage":"","responseDate":{"code":200,"message":"查找成功","data":{"values":["久游","小米","腾讯"]}},"serverIp":"当前服务器id","userIp":"127.0.0.1","userId":null,"createTime":"2020-8-10 10:33:38 ├F10: AM┤","executionTime":0}
*************** log end ***************

[2020-08-10T10:33:38.347] [INFO] resLogger - 
*************** log start ***************
日志记录：{"resourceUrl":"/api/character/findServername","resourceDesc":"区服名称获取","requestType":"GET","requestParams":"{}","responseCode":200,"responseMessage":"","responseDate":{"code":200,"message":"查询成功","data":[{"label":"1111","value":"1111"},{"label":null,"value":null},{"label":"11111","value":"11111"},{"label":null,"value":null},{"label":null,"value":null},{"label":"1","value":"1"},{"label":"测试服1","value":"测试服1"},{"label":"123","value":"123"},{"label":"123","value":"123"},{"label":"1111","value":"1111"},{"label":"111","value":"111"},{"label":"测试服3","value":"测试服3"},{"label":"长澜？","value":"长澜？"},{"label":null,"value":null},{"label":"111","value":"111"},{"label":"123","value":"123"},{"label":null,"value":null},{"label":"212","value":"212"},{"label":null,"value":null},{"label":null,"value":null},{"label":"123","value":"123"},{"label":"1","value":"1"},{"label":"111","value":"111"},{"label":"1111","value":"1111"},{"label":null,"value":null},{"label":"123123","value":"123123"},{"label":null,"value":null},{"label":null,"value":null},{"label":null,"value":null},{"label":"12","value":"12"},{"label":null,"value":null},{"label":"11111","value":"11111"},{"label":null,"value":null},{"label":"1","value":"1"},{"label":"1","value":"1"},{"label":"测试服2","value":"测试服2"},{"label":"111","value":"111"},{"label":"1","value":"1"},{"label":"1111111","value":"1111111"},{"label":"11","value":"11"}]},"serverIp":"当前服务器id","userIp":"127.0.0.1","userId":null,"createTime":"2020-8-10 10:33:38 ├F10: AM┤","executionTime":0}
*************** log end ***************

[2020-08-10T12:59:15.943] [INFO] resLogger - 
*************** log start ***************
日志记录：{"resourceUrl":"/","resourceDesc":"","requestType":"GET","requestParams":"{}","responseCode":590,"responseMessage":"","responseDate":{"code":590,"message":"权限异常"},"serverIp":"当前服务器id","userIp":"::ffff:10.1.35.78","userId":null,"createTime":"2020-8-10 12:59:15 ├F10: PM┤","executionTime":0}
*************** log end ***************

[2020-08-10T12:59:15.986] [INFO] resLogger - 
*************** log start ***************
日志记录：{"resourceUrl":"/favicon.ico","resourceDesc":"","requestType":"GET","requestParams":"{}","responseCode":590,"responseMessage":"","responseDate":{"code":590,"message":"权限异常"},"serverIp":"当前服务器id","userIp":"::ffff:10.1.35.78","userId":null,"createTime":"2020-8-10 12:59:15 ├F10: PM┤","executionTime":0}
*************** log end ***************

[2020-08-10T12:59:56.939] [INFO] resLogger - 
*************** log start ***************
日志记录：{"resourceUrl":"","resourceDesc":"","requestType":"GET","requestParams":"{}","responseCode":"","responseMessage":"","responseDate":"请求异常，请求接口不存在 或 响应返回！！！","serverIp":"当前服务器id","userIp":"::ffff:10.1.35.78","userId":null,"createTime":"2020-8-10 12:59:56 ├F10: PM┤","executionTime":0}
*************** log end ***************

[2020-08-10T12:59:56.977] [INFO] resLogger - 
*************** log start ***************
日志记录：{"resourceUrl":"","resourceDesc":"","requestType":"GET","requestParams":"{}","responseCode":"","responseMessage":"","responseDate":"请求异常，请求接口不存在 或 响应返回！！！","serverIp":"当前服务器id","userIp":"::ffff:10.1.35.78","userId":null,"createTime":"2020-8-10 12:59:56 ├F10: PM┤","executionTime":0}
*************** log end ***************

[2020-08-10T13:21:23.552] [INFO] resLogger - 
*************** log start ***************
日志记录：{"resourceUrl":"/api/server/selectComponent?code=areaclothing","resourceDesc":"根据游戏ID 组件名称搜索 区服组件","requestType":"GET","requestParams":"{\"code\":\"areaclothing\"}","responseCode":500,"responseMessage":"invalid input syntax for type integer: \"undefined\"","responseDate":{"code":500,"message":"SequelizeDatabaseError: invalid input syntax for type integer: \"undefined\"\n    at Query.formatError (E:\\third\\project\\server\\node_modules\\sequelize\\lib\\dialects\\postgres\\query.js:366:16)\n    at E:\\third\\project\\server\\node_modules\\sequelize\\lib\\dialects\\postgres\\query.js:72:18\n    at tryCatcher (E:\\third\\project\\server\\node_modules\\bluebird\\js\\release\\util.js:16:23)\n    at Promise._settlePromiseFromHandler (E:\\third\\project\\server\\node_modules\\bluebird\\js\\release\\promise.js:547:31)\n    at Promise._settlePromise (E:\\third\\project\\server\\node_modules\\bluebird\\js\\release\\promise.js:604:18)\n    at Promise._settlePromise0 (E:\\third\\project\\server\\node_modules\\bluebird\\js\\release\\promise.js:649:10)\n    at Promise._settlePromises (E:\\third\\project\\server\\node_modules\\bluebird\\js\\release\\promise.js:725:18)\n    at _drainQueueStep (E:\\third\\project\\server\\node_modules\\bluebird\\js\\release\\async.js:93:12)\n    at _drainQueue (E:\\third\\project\\server\\node_modules\\bluebird\\js\\release\\async.js:86:9)\n    at Async._drainQueues (E:\\third\\project\\server\\node_modules\\bluebird\\js\\release\\async.js:102:5)\n    at Immediate.Async.drainQueues [as _onImmediate] (E:\\third\\project\\server\\node_modules\\bluebird\\js\\release\\async.js:15:14)\n    at processImmediate (internal/timers.js:456:21)"},"serverIp":"当前服务器id","userIp":"127.0.0.1","userId":null,"createTime":"2020-8-10 1:21:23 ├F10: PM┤","executionTime":0}
*************** log end ***************

[2020-08-10T13:21:30.556] [INFO] resLogger - 
*************** log start ***************
日志记录：{"resourceUrl":"/api/user/token","resourceDesc":"根据id查找数据","requestType":"GET","requestParams":"{}","responseCode":200,"responseMessage":"","responseDate":{"code":200,"message":"查找成功","data":{"username":"admin","avatar":"http://wework.qpic.cn/bizmail/tBzSXZ7noicaWNIO15XKp1pU9m0ibZvPFbTHrjahY6Sp5iaEJdgq6h6ww/100","nickname":"管理员"}},"serverIp":"当前服务器id","userIp":"127.0.0.1","userId":null,"createTime":"2020-8-10 1:21:30 ├F10: PM┤","executionTime":0}
*************** log end ***************

[2020-08-10T13:21:30.586] [INFO] resLogger - 
*************** log start ***************
日志记录：{"resourceUrl":"/api/user/permission?username=admin","resourceDesc":"根据id查找数据","requestType":"GET","requestParams":"{\"username\":\"admin\"}","responseCode":500,"responseMessage":"Cannot read property 'id' of undefined","responseDate":{"code":500,"message":"TypeError: Cannot read property 'id' of undefined\n    at _callee$ (E:\\third\\project\\server\\src\\app\\controllers\\/user.js:21:47)\n    at tryCatch (E:\\third\\project\\server\\node_modules\\regenerator-runtime\\runtime.js:45:40)\n    at Generator.invoke [as _invoke] (E:\\third\\project\\server\\node_modules\\regenerator-runtime\\runtime.js:281:22)\n    at Generator.prototype.<computed> [as next] (E:\\third\\project\\server\\node_modules\\regenerator-runtime\\runtime.js:106:21)\n    at asyncGeneratorStep (E:\\third\\project\\server\\node_modules\\@babel\\runtime\\helpers\\asyncToGenerator.js:3:24)\n    at _next (E:\\third\\project\\server\\node_modules\\@babel\\runtime\\helpers\\asyncToGenerator.js:25:9)\n    at E:\\third\\project\\server\\node_modules\\@babel\\runtime\\helpers\\asyncToGenerator.js:32:7\n    at new Promise (<anonymous>)\n    at E:\\third\\project\\server\\node_modules\\@babel\\runtime\\helpers\\asyncToGenerator.js:21:12\n    at findUser (E:\\third\\project\\server\\src\\app\\controllers\\user.js:91:26)\n    at dispatch (E:\\third\\project\\server\\node_modules\\koa-compose\\index.js:44:32)\n    at next (E:\\third\\project\\server\\node_modules\\koa-compose\\index.js:45:18)\n    at E:\\third\\project\\server\\node_modules\\koa-router\\lib\\router.js:346:16\n    at dispatch (E:\\third\\project\\server\\node_modules\\koa-compose\\index.js:44:32)\n    at E:\\third\\project\\server\\node_modules\\koa-compose\\index.js:36:12\n    at dispatch (E:\\third\\project\\server\\node_modules\\koa-router\\lib\\router.js:351:31)\n    at dispatch (E:\\third\\project\\server\\node_modules\\koa\\node_modules\\koa-compose\\index.js:42:32)\n    at E:\\third\\project\\server\\node_modules\\koa-mount\\index.js:52:32\n    at next (E:\\third\\project\\server\\node_modules\\koa\\node_modules\\koa-compose\\index.js:42:32)\n    at _callee4$ (E:\\third\\project\\server\\src\\middleware\\/permission.js:91:17)\n    at tryCatch (E:\\third\\project\\server\\node_modules\\regenerator-runtime\\runtime.js:45:40)\n    at Generator.invoke [as _invoke] (E:\\third\\project\\server\\node_modules\\regenerator-runtime\\runtime.js:281:22)\n    at Generator.prototype.<computed> [as next] (E:\\third\\project\\server\\node_modules\\regenerator-runtime\\runtime.js:106:21)\n    at asyncGeneratorStep (E:\\third\\project\\server\\node_modules\\@babel\\runtime\\helpers\\asyncToGenerator.js:3:24)\n    at _next (E:\\third\\project\\server\\node_modules\\@babel\\runtime\\helpers\\asyncToGenerator.js:25:9)\n    at E:\\third\\project\\server\\node_modules\\@babel\\runtime\\helpers\\asyncToGenerator.js:32:7\n    at new Promise (<anonymous>)\n    at E:\\third\\project\\server\\node_modules\\@babel\\runtime\\helpers\\asyncToGenerator.js:21:12"},"serverIp":"当前服务器id","userIp":"127.0.0.1","userId":null,"createTime":"2020-8-10 1:21:30 ├F10: PM┤","executionTime":0}
*************** log end ***************

[2020-08-10T13:21:53.436] [INFO] resLogger - 
*************** log start ***************
日志记录：{"resourceUrl":"/api/user/token","resourceDesc":"根据id查找数据","requestType":"GET","requestParams":"{}","responseCode":200,"responseMessage":"","responseDate":{"code":200,"message":"查找成功","data":{"username":"admin","avatar":"http://wework.qpic.cn/bizmail/tBzSXZ7noicaWNIO15XKp1pU9m0ibZvPFbTHrjahY6Sp5iaEJdgq6h6ww/100","nickname":"管理员"}},"serverIp":"当前服务器id","userIp":"127.0.0.1","userId":null,"createTime":"2020-8-10 1:21:53 ├F10: PM┤","executionTime":0}
*************** log end ***************

[2020-08-10T13:21:53.460] [INFO] resLogger - 
*************** log start ***************
日志记录：{"resourceUrl":"/api/user/permission?username=admin","resourceDesc":"根据id查找数据","requestType":"GET","requestParams":"{\"username\":\"admin\"}","responseCode":200,"responseMessage":"","responseDate":{"code":200,"message":"查找成功","data":{"routes":[{"name":"区服管理","urlid":1,"children":[{"meta":1,"name":"区服设置","url":"/zoneManagement/zoneSettings","urlid":2,"pid":1}]},{"name":"角色管理","urlid":3,"children":[{"meta":1,"name":"角色查询","url":"/roleManagement/roleQuery","urlid":4,"pid":3},{"meta":1,"name":"聊天查询","url":"/roleManagement/chatQuery","urlid":5,"pid":3},{"meta":1,"name":"背包查询","url":"/roleManagement/rucksackQuery","urlid":6,"pid":3},{"meta":1,"name":"产消查询","url":"/roleManagement/prosumingQuery","urlid":7,"pid":3}]},{"name":"充值管理","urlid":8,"children":[{"meta":1,"name":"充值明细","url":"/rechargeManagement/rechargeDetails","urlid":9,"pid":8}]},{"name":"公告管理","urlid":10,"children":[{"meta":1,"name":"公告管理","url":"/announcedManagement/index","urlid":11,"pid":10}]},{"name":"邮件管理","urlid":12,"children":[{"meta":1,"name":"邮件管理","url":"/mailManagement/index","urlid":13,"pid":12}]},{"name":"活动管理","urlid":14,"children":[{"meta":1,"name":"活动管理","url":"/activityManagement/index","urlid":15,"pid":14}]},{"name":"CDK管理","urlid":16,"children":[{"meta":1,"name":"CDK管理","url":"/CDKManagement/index","urlid":17,"pid":16}]},{"name":"白名单管理","urlid":18,"children":[{"meta":1,"name":"白名单管理","url":"/whiteListManagement/index","urlid":19,"pid":18},{"meta":1,"name":"白名单邮件","url":"/whiteListManagement/whiteListMail","urlid":20,"pid":18}]},{"name":"GM管理","urlid":21,"children":[{"meta":1,"name":"GM管理","url":"/GMManagement","urlid":22,"pid":21}]}],"games":["空翼冒险团","刺客契约","无线英雄"],"gamename":"空翼冒险团","gameid":1}},"serverIp":"当前服务器id","userIp":"127.0.0.1","userId":null,"createTime":"2020-8-10 1:21:53 ├F10: PM┤","executionTime":0}
*************** log end ***************

[2020-08-10T13:21:53.678] [INFO] resLogger - 
*************** log start ***************
日志记录：{"resourceUrl":"/api/user/token","resourceDesc":"根据id查找数据","requestType":"GET","requestParams":"{}","responseCode":200,"responseMessage":"","responseDate":{"code":200,"message":"查找成功","data":{"username":"admin","avatar":"http://wework.qpic.cn/bizmail/tBzSXZ7noicaWNIO15XKp1pU9m0ibZvPFbTHrjahY6Sp5iaEJdgq6h6ww/100","nickname":"管理员"}},"serverIp":"当前服务器id","userIp":"127.0.0.1","userId":null,"createTime":"2020-8-10 1:21:53 ├F10: PM┤","executionTime":0}
*************** log end ***************

[2020-08-10T13:21:53.710] [INFO] resLogger - 
*************** log start ***************
日志记录：{"resourceUrl":"/api/user/permission?username=admin","resourceDesc":"根据id查找数据","requestType":"GET","requestParams":"{\"username\":\"admin\"}","responseCode":200,"responseMessage":"","responseDate":{"code":200,"message":"查找成功","data":{"routes":[{"name":"区服管理","urlid":1,"children":[{"meta":1,"name":"区服设置","url":"/zoneManagement/zoneSettings","urlid":2,"pid":1}]},{"name":"角色管理","urlid":3,"children":[{"meta":1,"name":"角色查询","url":"/roleManagement/roleQuery","urlid":4,"pid":3},{"meta":1,"name":"聊天查询","url":"/roleManagement/chatQuery","urlid":5,"pid":3},{"meta":1,"name":"背包查询","url":"/roleManagement/rucksackQuery","urlid":6,"pid":3},{"meta":1,"name":"产消查询","url":"/roleManagement/prosumingQuery","urlid":7,"pid":3}]},{"name":"充值管理","urlid":8,"children":[{"meta":1,"name":"充值明细","url":"/rechargeManagement/rechargeDetails","urlid":9,"pid":8}]},{"name":"公告管理","urlid":10,"children":[{"meta":1,"name":"公告管理","url":"/announcedManagement/index","urlid":11,"pid":10}]},{"name":"邮件管理","urlid":12,"children":[{"meta":1,"name":"邮件管理","url":"/mailManagement/index","urlid":13,"pid":12}]},{"name":"活动管理","urlid":14,"children":[{"meta":1,"name":"活动管理","url":"/activityManagement/index","urlid":15,"pid":14}]},{"name":"CDK管理","urlid":16,"children":[{"meta":1,"name":"CDK管理","url":"/CDKManagement/index","urlid":17,"pid":16}]},{"name":"白名单管理","urlid":18,"children":[{"meta":1,"name":"白名单管理","url":"/whiteListManagement/index","urlid":19,"pid":18},{"meta":1,"name":"白名单邮件","url":"/whiteListManagement/whiteListMail","urlid":20,"pid":18}]},{"name":"GM管理","urlid":21,"children":[{"meta":1,"name":"GM管理","url":"/GMManagement","urlid":22,"pid":21}]}],"games":["空翼冒险团","刺客契约","无线英雄"],"gamename":"空翼冒险团","gameid":1}},"serverIp":"当前服务器id","userIp":"127.0.0.1","userId":null,"createTime":"2020-8-10 1:21:53 ├F10: PM┤","executionTime":0}
*************** log end ***************

[2020-08-10T13:21:54.086] [INFO] resLogger - 
*************** log start ***************
日志记录：{"resourceUrl":"/api/user/token","resourceDesc":"根据id查找数据","requestType":"GET","requestParams":"{}","responseCode":200,"responseMessage":"","responseDate":{"code":200,"message":"查找成功","data":{"username":"admin","avatar":"http://wework.qpic.cn/bizmail/tBzSXZ7noicaWNIO15XKp1pU9m0ibZvPFbTHrjahY6Sp5iaEJdgq6h6ww/100","nickname":"管理员"}},"serverIp":"当前服务器id","userIp":"127.0.0.1","userId":null,"createTime":"2020-8-10 1:21:54 ├F10: PM┤","executionTime":0}
*************** log end ***************

[2020-08-10T13:21:54.113] [INFO] resLogger - 
*************** log start ***************
日志记录：{"resourceUrl":"/api/user/permission?username=admin","resourceDesc":"根据id查找数据","requestType":"GET","requestParams":"{\"username\":\"admin\"}","responseCode":200,"responseMessage":"","responseDate":{"code":200,"message":"查找成功","data":{"routes":[{"name":"区服管理","urlid":1,"children":[{"meta":1,"name":"区服设置","url":"/zoneManagement/zoneSettings","urlid":2,"pid":1}]},{"name":"角色管理","urlid":3,"children":[{"meta":1,"name":"角色查询","url":"/roleManagement/roleQuery","urlid":4,"pid":3},{"meta":1,"name":"聊天查询","url":"/roleManagement/chatQuery","urlid":5,"pid":3},{"meta":1,"name":"背包查询","url":"/roleManagement/rucksackQuery","urlid":6,"pid":3},{"meta":1,"name":"产消查询","url":"/roleManagement/prosumingQuery","urlid":7,"pid":3}]},{"name":"充值管理","urlid":8,"children":[{"meta":1,"name":"充值明细","url":"/rechargeManagement/rechargeDetails","urlid":9,"pid":8}]},{"name":"公告管理","urlid":10,"children":[{"meta":1,"name":"公告管理","url":"/announcedManagement/index","urlid":11,"pid":10}]},{"name":"邮件管理","urlid":12,"children":[{"meta":1,"name":"邮件管理","url":"/mailManagement/index","urlid":13,"pid":12}]},{"name":"活动管理","urlid":14,"children":[{"meta":1,"name":"活动管理","url":"/activityManagement/index","urlid":15,"pid":14}]},{"name":"CDK管理","urlid":16,"children":[{"meta":1,"name":"CDK管理","url":"/CDKManagement/index","urlid":17,"pid":16}]},{"name":"白名单管理","urlid":18,"children":[{"meta":1,"name":"白名单管理","url":"/whiteListManagement/index","urlid":19,"pid":18},{"meta":1,"name":"白名单邮件","url":"/whiteListManagement/whiteListMail","urlid":20,"pid":18}]},{"name":"GM管理","urlid":21,"children":[{"meta":1,"name":"GM管理","url":"/GMManagement","urlid":22,"pid":21}]}],"games":["空翼冒险团","刺客契约","无线英雄"],"gamename":"空翼冒险团","gameid":1}},"serverIp":"当前服务器id","userIp":"127.0.0.1","userId":null,"createTime":"2020-8-10 1:21:54 ├F10: PM┤","executionTime":0}
*************** log end ***************

[2020-08-10T13:21:54.316] [INFO] resLogger - 
*************** log start ***************
日志记录：{"resourceUrl":"/api/user/token","resourceDesc":"根据id查找数据","requestType":"GET","requestParams":"{}","responseCode":200,"responseMessage":"","responseDate":{"code":200,"message":"查找成功","data":{"username":"admin","avatar":"http://wework.qpic.cn/bizmail/tBzSXZ7noicaWNIO15XKp1pU9m0ibZvPFbTHrjahY6Sp5iaEJdgq6h6ww/100","nickname":"管理员"}},"serverIp":"当前服务器id","userIp":"127.0.0.1","userId":null,"createTime":"2020-8-10 1:21:54 ├F10: PM┤","executionTime":0}
*************** log end ***************

[2020-08-10T13:21:54.336] [INFO] resLogger - 
*************** log start ***************
日志记录：{"resourceUrl":"/api/user/permission?username=admin","resourceDesc":"根据id查找数据","requestType":"GET","requestParams":"{\"username\":\"admin\"}","responseCode":200,"responseMessage":"","responseDate":{"code":200,"message":"查找成功","data":{"routes":[{"name":"区服管理","urlid":1,"children":[{"meta":1,"name":"区服设置","url":"/zoneManagement/zoneSettings","urlid":2,"pid":1}]},{"name":"角色管理","urlid":3,"children":[{"meta":1,"name":"角色查询","url":"/roleManagement/roleQuery","urlid":4,"pid":3},{"meta":1,"name":"聊天查询","url":"/roleManagement/chatQuery","urlid":5,"pid":3},{"meta":1,"name":"背包查询","url":"/roleManagement/rucksackQuery","urlid":6,"pid":3},{"meta":1,"name":"产消查询","url":"/roleManagement/prosumingQuery","urlid":7,"pid":3}]},{"name":"充值管理","urlid":8,"children":[{"meta":1,"name":"充值明细","url":"/rechargeManagement/rechargeDetails","urlid":9,"pid":8}]},{"name":"公告管理","urlid":10,"children":[{"meta":1,"name":"公告管理","url":"/announcedManagement/index","urlid":11,"pid":10}]},{"name":"邮件管理","urlid":12,"children":[{"meta":1,"name":"邮件管理","url":"/mailManagement/index","urlid":13,"pid":12}]},{"name":"活动管理","urlid":14,"children":[{"meta":1,"name":"活动管理","url":"/activityManagement/index","urlid":15,"pid":14}]},{"name":"CDK管理","urlid":16,"children":[{"meta":1,"name":"CDK管理","url":"/CDKManagement/index","urlid":17,"pid":16}]},{"name":"白名单管理","urlid":18,"children":[{"meta":1,"name":"白名单管理","url":"/whiteListManagement/index","urlid":19,"pid":18},{"meta":1,"name":"白名单邮件","url":"/whiteListManagement/whiteListMail","urlid":20,"pid":18}]},{"name":"GM管理","urlid":21,"children":[{"meta":1,"name":"GM管理","url":"/GMManagement","urlid":22,"pid":21}]}],"games":["空翼冒险团","刺客契约","无线英雄"],"gamename":"空翼冒险团","gameid":1}},"serverIp":"当前服务器id","userIp":"127.0.0.1","userId":null,"createTime":"2020-8-10 1:21:54 ├F10: PM┤","executionTime":0}
*************** log end ***************

[2020-08-10T13:21:54.549] [INFO] resLogger - 
*************** log start ***************
日志记录：{"resourceUrl":"/api/user/token","resourceDesc":"根据id查找数据","requestType":"GET","requestParams":"{}","responseCode":200,"responseMessage":"","responseDate":{"code":200,"message":"查找成功","data":{"username":"admin","avatar":"http://wework.qpic.cn/bizmail/tBzSXZ7noicaWNIO15XKp1pU9m0ibZvPFbTHrjahY6Sp5iaEJdgq6h6ww/100","nickname":"管理员"}},"serverIp":"当前服务器id","userIp":"127.0.0.1","userId":null,"createTime":"2020-8-10 1:21:54 ├F10: PM┤","executionTime":0}
*************** log end ***************

[2020-08-10T13:21:54.578] [INFO] resLogger - 
*************** log start ***************
日志记录：{"resourceUrl":"/api/user/permission?username=admin","resourceDesc":"根据id查找数据","requestType":"GET","requestParams":"{\"username\":\"admin\"}","responseCode":200,"responseMessage":"","responseDate":{"code":200,"message":"查找成功","data":{"routes":[{"name":"区服管理","urlid":1,"children":[{"meta":1,"name":"区服设置","url":"/zoneManagement/zoneSettings","urlid":2,"pid":1}]},{"name":"角色管理","urlid":3,"children":[{"meta":1,"name":"角色查询","url":"/roleManagement/roleQuery","urlid":4,"pid":3},{"meta":1,"name":"聊天查询","url":"/roleManagement/chatQuery","urlid":5,"pid":3},{"meta":1,"name":"背包查询","url":"/roleManagement/rucksackQuery","urlid":6,"pid":3},{"meta":1,"name":"产消查询","url":"/roleManagement/prosumingQuery","urlid":7,"pid":3}]},{"name":"充值管理","urlid":8,"children":[{"meta":1,"name":"充值明细","url":"/rechargeManagement/rechargeDetails","urlid":9,"pid":8}]},{"name":"公告管理","urlid":10,"children":[{"meta":1,"name":"公告管理","url":"/announcedManagement/index","urlid":11,"pid":10}]},{"name":"邮件管理","urlid":12,"children":[{"meta":1,"name":"邮件管理","url":"/mailManagement/index","urlid":13,"pid":12}]},{"name":"活动管理","urlid":14,"children":[{"meta":1,"name":"活动管理","url":"/activityManagement/index","urlid":15,"pid":14}]},{"name":"CDK管理","urlid":16,"children":[{"meta":1,"name":"CDK管理","url":"/CDKManagement/index","urlid":17,"pid":16}]},{"name":"白名单管理","urlid":18,"children":[{"meta":1,"name":"白名单管理","url":"/whiteListManagement/index","urlid":19,"pid":18},{"meta":1,"name":"白名单邮件","url":"/whiteListManagement/whiteListMail","urlid":20,"pid":18}]},{"name":"GM管理","urlid":21,"children":[{"meta":1,"name":"GM管理","url":"/GMManagement","urlid":22,"pid":21}]}],"games":["空翼冒险团","刺客契约","无线英雄"],"gamename":"空翼冒险团","gameid":1}},"serverIp":"当前服务器id","userIp":"127.0.0.1","userId":null,"createTime":"2020-8-10 1:21:54 ├F10: PM┤","executionTime":0}
*************** log end ***************

[2020-08-10T13:21:54.829] [INFO] resLogger - 
*************** log start ***************
日志记录：{"resourceUrl":"/api/user/token","resourceDesc":"根据id查找数据","requestType":"GET","requestParams":"{}","responseCode":200,"responseMessage":"","responseDate":{"code":200,"message":"查找成功","data":{"username":"admin","avatar":"http://wework.qpic.cn/bizmail/tBzSXZ7noicaWNIO15XKp1pU9m0ibZvPFbTHrjahY6Sp5iaEJdgq6h6ww/100","nickname":"管理员"}},"serverIp":"当前服务器id","userIp":"127.0.0.1","userId":null,"createTime":"2020-8-10 1:21:54 ├F10: PM┤","executionTime":0}
*************** log end ***************

[2020-08-10T13:21:54.859] [INFO] resLogger - 
*************** log start ***************
日志记录：{"resourceUrl":"/api/user/permission?username=admin","resourceDesc":"根据id查找数据","requestType":"GET","requestParams":"{\"username\":\"admin\"}","responseCode":200,"responseMessage":"","responseDate":{"code":200,"message":"查找成功","data":{"routes":[{"name":"区服管理","urlid":1,"children":[{"meta":1,"name":"区服设置","url":"/zoneManagement/zoneSettings","urlid":2,"pid":1}]},{"name":"角色管理","urlid":3,"children":[{"meta":1,"name":"角色查询","url":"/roleManagement/roleQuery","urlid":4,"pid":3},{"meta":1,"name":"聊天查询","url":"/roleManagement/chatQuery","urlid":5,"pid":3},{"meta":1,"name":"背包查询","url":"/roleManagement/rucksackQuery","urlid":6,"pid":3},{"meta":1,"name":"产消查询","url":"/roleManagement/prosumingQuery","urlid":7,"pid":3}]},{"name":"充值管理","urlid":8,"children":[{"meta":1,"name":"充值明细","url":"/rechargeManagement/rechargeDetails","urlid":9,"pid":8}]},{"name":"公告管理","urlid":10,"children":[{"meta":1,"name":"公告管理","url":"/announcedManagement/index","urlid":11,"pid":10}]},{"name":"邮件管理","urlid":12,"children":[{"meta":1,"name":"邮件管理","url":"/mailManagement/index","urlid":13,"pid":12}]},{"name":"活动管理","urlid":14,"children":[{"meta":1,"name":"活动管理","url":"/activityManagement/index","urlid":15,"pid":14}]},{"name":"CDK管理","urlid":16,"children":[{"meta":1,"name":"CDK管理","url":"/CDKManagement/index","urlid":17,"pid":16}]},{"name":"白名单管理","urlid":18,"children":[{"meta":1,"name":"白名单管理","url":"/whiteListManagement/index","urlid":19,"pid":18},{"meta":1,"name":"白名单邮件","url":"/whiteListManagement/whiteListMail","urlid":20,"pid":18}]},{"name":"GM管理","urlid":21,"children":[{"meta":1,"name":"GM管理","url":"/GMManagement","urlid":22,"pid":21}]}],"games":["空翼冒险团","刺客契约","无线英雄"],"gamename":"空翼冒险团","gameid":1}},"serverIp":"当前服务器id","userIp":"127.0.0.1","userId":null,"createTime":"2020-8-10 1:21:54 ├F10: PM┤","executionTime":0}
*************** log end ***************

[2020-08-10T13:21:55.022] [INFO] resLogger - 
*************** log start ***************
日志记录：{"resourceUrl":"/api/user/token","resourceDesc":"根据id查找数据","requestType":"GET","requestParams":"{}","responseCode":200,"responseMessage":"","responseDate":{"code":200,"message":"查找成功","data":{"username":"admin","avatar":"http://wework.qpic.cn/bizmail/tBzSXZ7noicaWNIO15XKp1pU9m0ibZvPFbTHrjahY6Sp5iaEJdgq6h6ww/100","nickname":"管理员"}},"serverIp":"当前服务器id","userIp":"127.0.0.1","userId":null,"createTime":"2020-8-10 1:21:55 ├F10: PM┤","executionTime":0}
*************** log end ***************

[2020-08-10T13:21:55.051] [INFO] resLogger - 
*************** log start ***************
日志记录：{"resourceUrl":"/api/user/permission?username=admin","resourceDesc":"根据id查找数据","requestType":"GET","requestParams":"{\"username\":\"admin\"}","responseCode":200,"responseMessage":"","responseDate":{"code":200,"message":"查找成功","data":{"routes":[{"name":"区服管理","urlid":1,"children":[{"meta":1,"name":"区服设置","url":"/zoneManagement/zoneSettings","urlid":2,"pid":1}]},{"name":"角色管理","urlid":3,"children":[{"meta":1,"name":"角色查询","url":"/roleManagement/roleQuery","urlid":4,"pid":3},{"meta":1,"name":"聊天查询","url":"/roleManagement/chatQuery","urlid":5,"pid":3},{"meta":1,"name":"背包查询","url":"/roleManagement/rucksackQuery","urlid":6,"pid":3},{"meta":1,"name":"产消查询","url":"/roleManagement/prosumingQuery","urlid":7,"pid":3}]},{"name":"充值管理","urlid":8,"children":[{"meta":1,"name":"充值明细","url":"/rechargeManagement/rechargeDetails","urlid":9,"pid":8}]},{"name":"公告管理","urlid":10,"children":[{"meta":1,"name":"公告管理","url":"/announcedManagement/index","urlid":11,"pid":10}]},{"name":"邮件管理","urlid":12,"children":[{"meta":1,"name":"邮件管理","url":"/mailManagement/index","urlid":13,"pid":12}]},{"name":"活动管理","urlid":14,"children":[{"meta":1,"name":"活动管理","url":"/activityManagement/index","urlid":15,"pid":14}]},{"name":"CDK管理","urlid":16,"children":[{"meta":1,"name":"CDK管理","url":"/CDKManagement/index","urlid":17,"pid":16}]},{"name":"白名单管理","urlid":18,"children":[{"meta":1,"name":"白名单管理","url":"/whiteListManagement/index","urlid":19,"pid":18},{"meta":1,"name":"白名单邮件","url":"/whiteListManagement/whiteListMail","urlid":20,"pid":18}]},{"name":"GM管理","urlid":21,"children":[{"meta":1,"name":"GM管理","url":"/GMManagement","urlid":22,"pid":21}]}],"games":["空翼冒险团","刺客契约","无线英雄"],"gamename":"空翼冒险团","gameid":1}},"serverIp":"当前服务器id","userIp":"127.0.0.1","userId":null,"createTime":"2020-8-10 1:21:55 ├F10: PM┤","executionTime":0}
*************** log end ***************

[2020-08-10T13:21:55.212] [INFO] resLogger - 
*************** log start ***************
日志记录：{"resourceUrl":"/api/user/token","resourceDesc":"根据id查找数据","requestType":"GET","requestParams":"{}","responseCode":200,"responseMessage":"","responseDate":{"code":200,"message":"查找成功","data":{"username":"admin","avatar":"http://wework.qpic.cn/bizmail/tBzSXZ7noicaWNIO15XKp1pU9m0ibZvPFbTHrjahY6Sp5iaEJdgq6h6ww/100","nickname":"管理员"}},"serverIp":"当前服务器id","userIp":"127.0.0.1","userId":null,"createTime":"2020-8-10 1:21:55 ├F10: PM┤","executionTime":0}
*************** log end ***************

[2020-08-10T13:21:55.233] [INFO] resLogger - 
*************** log start ***************
日志记录：{"resourceUrl":"/api/user/permission?username=admin","resourceDesc":"根据id查找数据","requestType":"GET","requestParams":"{\"username\":\"admin\"}","responseCode":200,"responseMessage":"","responseDate":{"code":200,"message":"查找成功","data":{"routes":[{"name":"区服管理","urlid":1,"children":[{"meta":1,"name":"区服设置","url":"/zoneManagement/zoneSettings","urlid":2,"pid":1}]},{"name":"角色管理","urlid":3,"children":[{"meta":1,"name":"角色查询","url":"/roleManagement/roleQuery","urlid":4,"pid":3},{"meta":1,"name":"聊天查询","url":"/roleManagement/chatQuery","urlid":5,"pid":3},{"meta":1,"name":"背包查询","url":"/roleManagement/rucksackQuery","urlid":6,"pid":3},{"meta":1,"name":"产消查询","url":"/roleManagement/prosumingQuery","urlid":7,"pid":3}]},{"name":"充值管理","urlid":8,"children":[{"meta":1,"name":"充值明细","url":"/rechargeManagement/rechargeDetails","urlid":9,"pid":8}]},{"name":"公告管理","urlid":10,"children":[{"meta":1,"name":"公告管理","url":"/announcedManagement/index","urlid":11,"pid":10}]},{"name":"邮件管理","urlid":12,"children":[{"meta":1,"name":"邮件管理","url":"/mailManagement/index","urlid":13,"pid":12}]},{"name":"活动管理","urlid":14,"children":[{"meta":1,"name":"活动管理","url":"/activityManagement/index","urlid":15,"pid":14}]},{"name":"CDK管理","urlid":16,"children":[{"meta":1,"name":"CDK管理","url":"/CDKManagement/index","urlid":17,"pid":16}]},{"name":"白名单管理","urlid":18,"children":[{"meta":1,"name":"白名单管理","url":"/whiteListManagement/index","urlid":19,"pid":18},{"meta":1,"name":"白名单邮件","url":"/whiteListManagement/whiteListMail","urlid":20,"pid":18}]},{"name":"GM管理","urlid":21,"children":[{"meta":1,"name":"GM管理","url":"/GMManagement","urlid":22,"pid":21}]}],"games":["空翼冒险团","刺客契约","无线英雄"],"gamename":"空翼冒险团","gameid":1}},"serverIp":"当前服务器id","userIp":"127.0.0.1","userId":null,"createTime":"2020-8-10 1:21:55 ├F10: PM┤","executionTime":0}
*************** log end ***************

[2020-08-10T13:21:55.376] [INFO] resLogger - 
*************** log start ***************
日志记录：{"resourceUrl":"/api/user/token","resourceDesc":"根据id查找数据","requestType":"GET","requestParams":"{}","responseCode":200,"responseMessage":"","responseDate":{"code":200,"message":"查找成功","data":{"username":"admin","avatar":"http://wework.qpic.cn/bizmail/tBzSXZ7noicaWNIO15XKp1pU9m0ibZvPFbTHrjahY6Sp5iaEJdgq6h6ww/100","nickname":"管理员"}},"serverIp":"当前服务器id","userIp":"127.0.0.1","userId":null,"createTime":"2020-8-10 1:21:55 ├F10: PM┤","executionTime":0}
*************** log end ***************

[2020-08-10T13:21:55.620] [INFO] resLogger - 
*************** log start ***************
日志记录：{"resourceUrl":"/api/user/permission?username=admin","resourceDesc":"根据id查找数据","requestType":"GET","requestParams":"{\"username\":\"admin\"}","responseCode":200,"responseMessage":"","responseDate":{"code":200,"message":"查找成功","data":{"routes":[{"name":"区服管理","urlid":1,"children":[{"meta":1,"name":"区服设置","url":"/zoneManagement/zoneSettings","urlid":2,"pid":1}]},{"name":"角色管理","urlid":3,"children":[{"meta":1,"name":"角色查询","url":"/roleManagement/roleQuery","urlid":4,"pid":3},{"meta":1,"name":"聊天查询","url":"/roleManagement/chatQuery","urlid":5,"pid":3},{"meta":1,"name":"背包查询","url":"/roleManagement/rucksackQuery","urlid":6,"pid":3},{"meta":1,"name":"产消查询","url":"/roleManagement/prosumingQuery","urlid":7,"pid":3}]},{"name":"充值管理","urlid":8,"children":[{"meta":1,"name":"充值明细","url":"/rechargeManagement/rechargeDetails","urlid":9,"pid":8}]},{"name":"公告管理","urlid":10,"children":[{"meta":1,"name":"公告管理","url":"/announcedManagement/index","urlid":11,"pid":10}]},{"name":"邮件管理","urlid":12,"children":[{"meta":1,"name":"邮件管理","url":"/mailManagement/index","urlid":13,"pid":12}]},{"name":"活动管理","urlid":14,"children":[{"meta":1,"name":"活动管理","url":"/activityManagement/index","urlid":15,"pid":14}]},{"name":"CDK管理","urlid":16,"children":[{"meta":1,"name":"CDK管理","url":"/CDKManagement/index","urlid":17,"pid":16}]},{"name":"白名单管理","urlid":18,"children":[{"meta":1,"name":"白名单管理","url":"/whiteListManagement/index","urlid":19,"pid":18},{"meta":1,"name":"白名单邮件","url":"/whiteListManagement/whiteListMail","urlid":20,"pid":18}]},{"name":"GM管理","urlid":21,"children":[{"meta":1,"name":"GM管理","url":"/GMManagement","urlid":22,"pid":21}]}],"games":["空翼冒险团","刺客契约","无线英雄"],"gamename":"空翼冒险团","gameid":1}},"serverIp":"当前服务器id","userIp":"127.0.0.1","userId":null,"createTime":"2020-8-10 1:21:55 ├F10: PM┤","executionTime":0}
*************** log end ***************

[2020-08-10T13:21:55.667] [INFO] resLogger - 
*************** log start ***************
日志记录：{"resourceUrl":"/api/user/token","resourceDesc":"根据id查找数据","requestType":"GET","requestParams":"{}","responseCode":200,"responseMessage":"","responseDate":{"code":200,"message":"查找成功","data":{"username":"admin","avatar":"http://wework.qpic.cn/bizmail/tBzSXZ7noicaWNIO15XKp1pU9m0ibZvPFbTHrjahY6Sp5iaEJdgq6h6ww/100","nickname":"管理员"}},"serverIp":"当前服务器id","userIp":"127.0.0.1","userId":null,"createTime":"2020-8-10 1:21:55 ├F10: PM┤","executionTime":0}
*************** log end ***************

[2020-08-10T13:21:55.699] [INFO] resLogger - 
*************** log start ***************
日志记录：{"resourceUrl":"/api/user/permission?username=admin","resourceDesc":"根据id查找数据","requestType":"GET","requestParams":"{\"username\":\"admin\"}","responseCode":200,"responseMessage":"","responseDate":{"code":200,"message":"查找成功","data":{"routes":[{"name":"区服管理","urlid":1,"children":[{"meta":1,"name":"区服设置","url":"/zoneManagement/zoneSettings","urlid":2,"pid":1}]},{"name":"角色管理","urlid":3,"children":[{"meta":1,"name":"角色查询","url":"/roleManagement/roleQuery","urlid":4,"pid":3},{"meta":1,"name":"聊天查询","url":"/roleManagement/chatQuery","urlid":5,"pid":3},{"meta":1,"name":"背包查询","url":"/roleManagement/rucksackQuery","urlid":6,"pid":3},{"meta":1,"name":"产消查询","url":"/roleManagement/prosumingQuery","urlid":7,"pid":3}]},{"name":"充值管理","urlid":8,"children":[{"meta":1,"name":"充值明细","url":"/rechargeManagement/rechargeDetails","urlid":9,"pid":8}]},{"name":"公告管理","urlid":10,"children":[{"meta":1,"name":"公告管理","url":"/announcedManagement/index","urlid":11,"pid":10}]},{"name":"邮件管理","urlid":12,"children":[{"meta":1,"name":"邮件管理","url":"/mailManagement/index","urlid":13,"pid":12}]},{"name":"活动管理","urlid":14,"children":[{"meta":1,"name":"活动管理","url":"/activityManagement/index","urlid":15,"pid":14}]},{"name":"CDK管理","urlid":16,"children":[{"meta":1,"name":"CDK管理","url":"/CDKManagement/index","urlid":17,"pid":16}]},{"name":"白名单管理","urlid":18,"children":[{"meta":1,"name":"白名单管理","url":"/whiteListManagement/index","urlid":19,"pid":18},{"meta":1,"name":"白名单邮件","url":"/whiteListManagement/whiteListMail","urlid":20,"pid":18}]},{"name":"GM管理","urlid":21,"children":[{"meta":1,"name":"GM管理","url":"/GMManagement","urlid":22,"pid":21}]}],"games":["空翼冒险团","刺客契约","无线英雄"],"gamename":"空翼冒险团","gameid":1}},"serverIp":"当前服务器id","userIp":"127.0.0.1","userId":null,"createTime":"2020-8-10 1:21:55 ├F10: PM┤","executionTime":0}
*************** log end ***************

[2020-08-10T13:21:55.998] [INFO] resLogger - 
*************** log start ***************
日志记录：{"resourceUrl":"/api/user/token","resourceDesc":"根据id查找数据","requestType":"GET","requestParams":"{}","responseCode":200,"responseMessage":"","responseDate":{"code":200,"message":"查找成功","data":{"username":"admin","avatar":"http://wework.qpic.cn/bizmail/tBzSXZ7noicaWNIO15XKp1pU9m0ibZvPFbTHrjahY6Sp5iaEJdgq6h6ww/100","nickname":"管理员"}},"serverIp":"当前服务器id","userIp":"127.0.0.1","userId":null,"createTime":"2020-8-10 1:21:55 ├F10: PM┤","executionTime":0}
*************** log end ***************

[2020-08-10T13:21:56.037] [INFO] resLogger - 
*************** log start ***************
日志记录：{"resourceUrl":"/api/user/permission?username=admin","resourceDesc":"根据id查找数据","requestType":"GET","requestParams":"{\"username\":\"admin\"}","responseCode":200,"responseMessage":"","responseDate":{"code":200,"message":"查找成功","data":{"routes":[{"name":"区服管理","urlid":1,"children":[{"meta":1,"name":"区服设置","url":"/zoneManagement/zoneSettings","urlid":2,"pid":1}]},{"name":"角色管理","urlid":3,"children":[{"meta":1,"name":"角色查询","url":"/roleManagement/roleQuery","urlid":4,"pid":3},{"meta":1,"name":"聊天查询","url":"/roleManagement/chatQuery","urlid":5,"pid":3},{"meta":1,"name":"背包查询","url":"/roleManagement/rucksackQuery","urlid":6,"pid":3},{"meta":1,"name":"产消查询","url":"/roleManagement/prosumingQuery","urlid":7,"pid":3}]},{"name":"充值管理","urlid":8,"children":[{"meta":1,"name":"充值明细","url":"/rechargeManagement/rechargeDetails","urlid":9,"pid":8}]},{"name":"公告管理","urlid":10,"children":[{"meta":1,"name":"公告管理","url":"/announcedManagement/index","urlid":11,"pid":10}]},{"name":"邮件管理","urlid":12,"children":[{"meta":1,"name":"邮件管理","url":"/mailManagement/index","urlid":13,"pid":12}]},{"name":"活动管理","urlid":14,"children":[{"meta":1,"name":"活动管理","url":"/activityManagement/index","urlid":15,"pid":14}]},{"name":"CDK管理","urlid":16,"children":[{"meta":1,"name":"CDK管理","url":"/CDKManagement/index","urlid":17,"pid":16}]},{"name":"白名单管理","urlid":18,"children":[{"meta":1,"name":"白名单管理","url":"/whiteListManagement/index","urlid":19,"pid":18},{"meta":1,"name":"白名单邮件","url":"/whiteListManagement/whiteListMail","urlid":20,"pid":18}]},{"name":"GM管理","urlid":21,"children":[{"meta":1,"name":"GM管理","url":"/GMManagement","urlid":22,"pid":21}]}],"games":["空翼冒险团","刺客契约","无线英雄"],"gamename":"空翼冒险团","gameid":1}},"serverIp":"当前服务器id","userIp":"127.0.0.1","userId":null,"createTime":"2020-8-10 1:21:56 ├F10: PM┤","executionTime":0}
*************** log end ***************

[2020-08-10T13:21:56.173] [INFO] resLogger - 
*************** log start ***************
日志记录：{"resourceUrl":"/api/user/token","resourceDesc":"根据id查找数据","requestType":"GET","requestParams":"{}","responseCode":200,"responseMessage":"","responseDate":{"code":200,"message":"查找成功","data":{"username":"admin","avatar":"http://wework.qpic.cn/bizmail/tBzSXZ7noicaWNIO15XKp1pU9m0ibZvPFbTHrjahY6Sp5iaEJdgq6h6ww/100","nickname":"管理员"}},"serverIp":"当前服务器id","userIp":"127.0.0.1","userId":null,"createTime":"2020-8-10 1:21:56 ├F10: PM┤","executionTime":0}
*************** log end ***************

[2020-08-10T13:21:56.205] [INFO] resLogger - 
*************** log start ***************
日志记录：{"resourceUrl":"/api/user/permission?username=admin","resourceDesc":"根据id查找数据","requestType":"GET","requestParams":"{\"username\":\"admin\"}","responseCode":200,"responseMessage":"","responseDate":{"code":200,"message":"查找成功","data":{"routes":[{"name":"区服管理","urlid":1,"children":[{"meta":1,"name":"区服设置","url":"/zoneManagement/zoneSettings","urlid":2,"pid":1}]},{"name":"角色管理","urlid":3,"children":[{"meta":1,"name":"角色查询","url":"/roleManagement/roleQuery","urlid":4,"pid":3},{"meta":1,"name":"聊天查询","url":"/roleManagement/chatQuery","urlid":5,"pid":3},{"meta":1,"name":"背包查询","url":"/roleManagement/rucksackQuery","urlid":6,"pid":3},{"meta":1,"name":"产消查询","url":"/roleManagement/prosumingQuery","urlid":7,"pid":3}]},{"name":"充值管理","urlid":8,"children":[{"meta":1,"name":"充值明细","url":"/rechargeManagement/rechargeDetails","urlid":9,"pid":8}]},{"name":"公告管理","urlid":10,"children":[{"meta":1,"name":"公告管理","url":"/announcedManagement/index","urlid":11,"pid":10}]},{"name":"邮件管理","urlid":12,"children":[{"meta":1,"name":"邮件管理","url":"/mailManagement/index","urlid":13,"pid":12}]},{"name":"活动管理","urlid":14,"children":[{"meta":1,"name":"活动管理","url":"/activityManagement/index","urlid":15,"pid":14}]},{"name":"CDK管理","urlid":16,"children":[{"meta":1,"name":"CDK管理","url":"/CDKManagement/index","urlid":17,"pid":16}]},{"name":"白名单管理","urlid":18,"children":[{"meta":1,"name":"白名单管理","url":"/whiteListManagement/index","urlid":19,"pid":18},{"meta":1,"name":"白名单邮件","url":"/whiteListManagement/whiteListMail","urlid":20,"pid":18}]},{"name":"GM管理","urlid":21,"children":[{"meta":1,"name":"GM管理","url":"/GMManagement","urlid":22,"pid":21}]}],"games":["空翼冒险团","刺客契约","无线英雄"],"gamename":"空翼冒险团","gameid":1}},"serverIp":"当前服务器id","userIp":"127.0.0.1","userId":null,"createTime":"2020-8-10 1:21:56 ├F10: PM┤","executionTime":0}
*************** log end ***************

[2020-08-10T13:21:56.462] [INFO] resLogger - 
*************** log start ***************
日志记录：{"resourceUrl":"/api/user/token","resourceDesc":"根据id查找数据","requestType":"GET","requestParams":"{}","responseCode":200,"responseMessage":"","responseDate":{"code":200,"message":"查找成功","data":{"username":"admin","avatar":"http://wework.qpic.cn/bizmail/tBzSXZ7noicaWNIO15XKp1pU9m0ibZvPFbTHrjahY6Sp5iaEJdgq6h6ww/100","nickname":"管理员"}},"serverIp":"当前服务器id","userIp":"127.0.0.1","userId":null,"createTime":"2020-8-10 1:21:56 ├F10: PM┤","executionTime":0}
*************** log end ***************

[2020-08-10T13:21:56.649] [INFO] resLogger - 
*************** log start ***************
日志记录：{"resourceUrl":"/api/user/token","resourceDesc":"根据id查找数据","requestType":"GET","requestParams":"{}","responseCode":200,"responseMessage":"","responseDate":{"code":200,"message":"查找成功","data":{"username":"admin","avatar":"http://wework.qpic.cn/bizmail/tBzSXZ7noicaWNIO15XKp1pU9m0ibZvPFbTHrjahY6Sp5iaEJdgq6h6ww/100","nickname":"管理员"}},"serverIp":"当前服务器id","userIp":"127.0.0.1","userId":null,"createTime":"2020-8-10 1:21:56 ├F10: PM┤","executionTime":0}
*************** log end ***************

[2020-08-10T13:21:56.699] [INFO] resLogger - 
*************** log start ***************
日志记录：{"resourceUrl":"/api/user/permission?username=admin","resourceDesc":"根据id查找数据","requestType":"GET","requestParams":"{\"username\":\"admin\"}","responseCode":200,"responseMessage":"","responseDate":{"code":200,"message":"查找成功","data":{"routes":[{"name":"区服管理","urlid":1,"children":[{"meta":1,"name":"区服设置","url":"/zoneManagement/zoneSettings","urlid":2,"pid":1}]},{"name":"角色管理","urlid":3,"children":[{"meta":1,"name":"角色查询","url":"/roleManagement/roleQuery","urlid":4,"pid":3},{"meta":1,"name":"聊天查询","url":"/roleManagement/chatQuery","urlid":5,"pid":3},{"meta":1,"name":"背包查询","url":"/roleManagement/rucksackQuery","urlid":6,"pid":3},{"meta":1,"name":"产消查询","url":"/roleManagement/prosumingQuery","urlid":7,"pid":3}]},{"name":"充值管理","urlid":8,"children":[{"meta":1,"name":"充值明细","url":"/rechargeManagement/rechargeDetails","urlid":9,"pid":8}]},{"name":"公告管理","urlid":10,"children":[{"meta":1,"name":"公告管理","url":"/announcedManagement/index","urlid":11,"pid":10}]},{"name":"邮件管理","urlid":12,"children":[{"meta":1,"name":"邮件管理","url":"/mailManagement/index","urlid":13,"pid":12}]},{"name":"活动管理","urlid":14,"children":[{"meta":1,"name":"活动管理","url":"/activityManagement/index","urlid":15,"pid":14}]},{"name":"CDK管理","urlid":16,"children":[{"meta":1,"name":"CDK管理","url":"/CDKManagement/index","urlid":17,"pid":16}]},{"name":"白名单管理","urlid":18,"children":[{"meta":1,"name":"白名单管理","url":"/whiteListManagement/index","urlid":19,"pid":18},{"meta":1,"name":"白名单邮件","url":"/whiteListManagement/whiteListMail","urlid":20,"pid":18}]},{"name":"GM管理","urlid":21,"children":[{"meta":1,"name":"GM管理","url":"/GMManagement","urlid":22,"pid":21}]}],"games":["空翼冒险团","刺客契约","无线英雄"],"gamename":"空翼冒险团","gameid":1}},"serverIp":"当前服务器id","userIp":"127.0.0.1","userId":null,"createTime":"2020-8-10 1:21:56 ├F10: PM┤","executionTime":0}
*************** log end ***************

[2020-08-10T13:21:57.202] [INFO] resLogger - 
*************** log start ***************
日志记录：{"resourceUrl":"/api/user/permission?username=admin","resourceDesc":"根据id查找数据","requestType":"GET","requestParams":"{\"username\":\"admin\"}","responseCode":200,"responseMessage":"","responseDate":{"code":200,"message":"查找成功","data":{"routes":[{"name":"区服管理","urlid":1,"children":[{"meta":1,"name":"区服设置","url":"/zoneManagement/zoneSettings","urlid":2,"pid":1}]},{"name":"角色管理","urlid":3,"children":[{"meta":1,"name":"角色查询","url":"/roleManagement/roleQuery","urlid":4,"pid":3},{"meta":1,"name":"聊天查询","url":"/roleManagement/chatQuery","urlid":5,"pid":3},{"meta":1,"name":"背包查询","url":"/roleManagement/rucksackQuery","urlid":6,"pid":3},{"meta":1,"name":"产消查询","url":"/roleManagement/prosumingQuery","urlid":7,"pid":3}]},{"name":"充值管理","urlid":8,"children":[{"meta":1,"name":"充值明细","url":"/rechargeManagement/rechargeDetails","urlid":9,"pid":8}]},{"name":"公告管理","urlid":10,"children":[{"meta":1,"name":"公告管理","url":"/announcedManagement/index","urlid":11,"pid":10}]},{"name":"邮件管理","urlid":12,"children":[{"meta":1,"name":"邮件管理","url":"/mailManagement/index","urlid":13,"pid":12}]},{"name":"活动管理","urlid":14,"children":[{"meta":1,"name":"活动管理","url":"/activityManagement/index","urlid":15,"pid":14}]},{"name":"CDK管理","urlid":16,"children":[{"meta":1,"name":"CDK管理","url":"/CDKManagement/index","urlid":17,"pid":16}]},{"name":"白名单管理","urlid":18,"children":[{"meta":1,"name":"白名单管理","url":"/whiteListManagement/index","urlid":19,"pid":18},{"meta":1,"name":"白名单邮件","url":"/whiteListManagement/whiteListMail","urlid":20,"pid":18}]},{"name":"GM管理","urlid":21,"children":[{"meta":1,"name":"GM管理","url":"/GMManagement","urlid":22,"pid":21}]}],"games":["空翼冒险团","刺客契约","无线英雄"],"gamename":"空翼冒险团","gameid":1}},"serverIp":"当前服务器id","userIp":"127.0.0.1","userId":null,"createTime":"2020-8-10 1:21:56 ├F10: PM┤","executionTime":0}
*************** log end ***************

[2020-08-10T13:21:58.052] [INFO] resLogger - 
*************** log start ***************
日志记录：{"resourceUrl":"/api/user/token","resourceDesc":"根据id查找数据","requestType":"GET","requestParams":"{}","responseCode":200,"responseMessage":"","responseDate":{"code":200,"message":"查找成功","data":{"username":"admin","avatar":"http://wework.qpic.cn/bizmail/tBzSXZ7noicaWNIO15XKp1pU9m0ibZvPFbTHrjahY6Sp5iaEJdgq6h6ww/100","nickname":"管理员"}},"serverIp":"当前服务器id","userIp":"127.0.0.1","userId":null,"createTime":"2020-8-10 1:21:58 ├F10: PM┤","executionTime":0}
*************** log end ***************

[2020-08-10T13:21:58.300] [INFO] resLogger - 
*************** log start ***************
日志记录：{"resourceUrl":"/api/user/permission?username=admin","resourceDesc":"根据id查找数据","requestType":"GET","requestParams":"{\"username\":\"admin\"}","responseCode":200,"responseMessage":"","responseDate":{"code":200,"message":"查找成功","data":{"routes":[{"name":"区服管理","urlid":1,"children":[{"meta":1,"name":"区服设置","url":"/zoneManagement/zoneSettings","urlid":2,"pid":1}]},{"name":"角色管理","urlid":3,"children":[{"meta":1,"name":"角色查询","url":"/roleManagement/roleQuery","urlid":4,"pid":3},{"meta":1,"name":"聊天查询","url":"/roleManagement/chatQuery","urlid":5,"pid":3},{"meta":1,"name":"背包查询","url":"/roleManagement/rucksackQuery","urlid":6,"pid":3},{"meta":1,"name":"产消查询","url":"/roleManagement/prosumingQuery","urlid":7,"pid":3}]},{"name":"充值管理","urlid":8,"children":[{"meta":1,"name":"充值明细","url":"/rechargeManagement/rechargeDetails","urlid":9,"pid":8}]},{"name":"公告管理","urlid":10,"children":[{"meta":1,"name":"公告管理","url":"/announcedManagement/index","urlid":11,"pid":10}]},{"name":"邮件管理","urlid":12,"children":[{"meta":1,"name":"邮件管理","url":"/mailManagement/index","urlid":13,"pid":12}]},{"name":"活动管理","urlid":14,"children":[{"meta":1,"name":"活动管理","url":"/activityManagement/index","urlid":15,"pid":14}]},{"name":"CDK管理","urlid":16,"children":[{"meta":1,"name":"CDK管理","url":"/CDKManagement/index","urlid":17,"pid":16}]},{"name":"白名单管理","urlid":18,"children":[{"meta":1,"name":"白名单管理","url":"/whiteListManagement/index","urlid":19,"pid":18},{"meta":1,"name":"白名单邮件","url":"/whiteListManagement/whiteListMail","urlid":20,"pid":18}]},{"name":"GM管理","urlid":21,"children":[{"meta":1,"name":"GM管理","url":"/GMManagement","urlid":22,"pid":21}]}],"games":["空翼冒险团","刺客契约","无线英雄"],"gamename":"空翼冒险团","gameid":1}},"serverIp":"当前服务器id","userIp":"127.0.0.1","userId":null,"createTime":"2020-8-10 1:21:58 ├F10: PM┤","executionTime":0}
*************** log end ***************

[2020-08-10T13:22:00.565] [INFO] resLogger - 
*************** log start ***************
日志记录：{"resourceUrl":"/api/server/selectComponent?code=areaclothing","resourceDesc":"根据游戏ID 组件名称搜索 区服组件","requestType":"GET","requestParams":"{\"code\":\"areaclothing\"}","responseCode":200,"responseMessage":"","responseDate":{"code":200,"message":"查找成功","data":{"values":["久游","小米","腾讯"]}},"serverIp":"当前服务器id","userIp":"127.0.0.1","userId":null,"createTime":"2020-8-10 1:22:00 ├F10: PM┤","executionTime":0}
*************** log end ***************

[2020-08-10T13:22:00.598] [INFO] resLogger - 
*************** log start ***************
日志记录：{"resourceUrl":"/api/character/findServername","resourceDesc":"区服名称获取","requestType":"GET","requestParams":"{}","responseCode":200,"responseMessage":"","responseDate":{"code":200,"message":"查询成功","data":[{"label":null,"value":null},{"label":null,"value":null},{"label":"1","value":"1"},{"label":"测试服1","value":"测试服1"},{"label":"123","value":"123"},{"label":"1111","value":"1111"},{"label":null,"value":null},{"label":"11111","value":"11111"},{"label":"1111","value":"1111"},{"label":"111","value":"111"},{"label":"测试服3","value":"测试服3"},{"label":"长澜？","value":"长澜？"},{"label":null,"value":null},{"label":"111","value":"111"},{"label":"123","value":"123"},{"label":null,"value":null},{"label":"212","value":"212"},{"label":null,"value":null},{"label":null,"value":null},{"label":"123","value":"123"},{"label":"123","value":"123"},{"label":"1","value":"1"},{"label":"111","value":"111"},{"label":"1111","value":"1111"},{"label":null,"value":null},{"label":"123123","value":"123123"},{"label":null,"value":null},{"label":null,"value":null},{"label":null,"value":null},{"label":"12","value":"12"},{"label":null,"value":null},{"label":"11111","value":"11111"},{"label":null,"value":null},{"label":"1","value":"1"},{"label":"1","value":"1"},{"label":"测试服2","value":"测试服2"},{"label":"111","value":"111"},{"label":"1","value":"1"},{"label":"1111111","value":"1111111"},{"label":"11","value":"11"}]},"serverIp":"当前服务器id","userIp":"127.0.0.1","userId":null,"createTime":"2020-8-10 1:22:00 ├F10: PM┤","executionTime":0}
*************** log end ***************

[2020-08-10T18:05:02.755] [INFO] resLogger - 
*************** log start ***************
日志记录：{"resourceUrl":"/api/user/token","resourceDesc":"根据id查找数据","requestType":"GET","requestParams":"{}","responseCode":200,"responseMessage":"","responseDate":{"code":200,"message":"查找成功","data":{"username":"admin","avatar":"http://wework.qpic.cn/bizmail/tBzSXZ7noicaWNIO15XKp1pU9m0ibZvPFbTHrjahY6Sp5iaEJdgq6h6ww/100","nickname":"管理员"}},"serverIp":"当前服务器id","userIp":"127.0.0.1","userId":null,"createTime":"2020-8-10 6:05:02 ├F10: PM┤","executionTime":0}
*************** log end ***************

[2020-08-10T18:05:02.800] [INFO] resLogger - 
*************** log start ***************
日志记录：{"resourceUrl":"/api/user/permission?username=admin","resourceDesc":"根据id查找数据","requestType":"GET","requestParams":"{\"username\":\"admin\"}","responseCode":200,"responseMessage":"","responseDate":{"code":200,"message":"查找成功","data":{"routes":[{"name":"区服管理","urlid":1,"children":[{"meta":1,"name":"区服设置","url":"/zoneManagement/zoneSettings","urlid":2,"pid":1}]},{"name":"角色管理","urlid":3,"children":[{"meta":1,"name":"角色查询","url":"/roleManagement/roleQuery","urlid":4,"pid":3},{"meta":1,"name":"聊天查询","url":"/roleManagement/chatQuery","urlid":5,"pid":3},{"meta":1,"name":"背包查询","url":"/roleManagement/rucksackQuery","urlid":6,"pid":3},{"meta":1,"name":"产消查询","url":"/roleManagement/prosumingQuery","urlid":7,"pid":3}]},{"name":"充值管理","urlid":8,"children":[{"meta":1,"name":"充值明细","url":"/rechargeManagement/rechargeDetails","urlid":9,"pid":8}]},{"name":"公告管理","urlid":10,"children":[{"meta":1,"name":"公告管理","url":"/announcedManagement/index","urlid":11,"pid":10}]},{"name":"邮件管理","urlid":12,"children":[{"meta":1,"name":"邮件管理","url":"/mailManagement/index","urlid":13,"pid":12}]},{"name":"活动管理","urlid":14,"children":[{"meta":1,"name":"活动管理","url":"/activityManagement/index","urlid":15,"pid":14}]},{"name":"CDK管理","urlid":16,"children":[{"meta":1,"name":"CDK管理","url":"/CDKManagement/index","urlid":17,"pid":16}]},{"name":"白名单管理","urlid":18,"children":[{"meta":1,"name":"白名单管理","url":"/whiteListManagement/index","urlid":19,"pid":18},{"meta":1,"name":"白名单邮件","url":"/whiteListManagement/whiteListMail","urlid":20,"pid":18}]},{"name":"GM管理","urlid":21,"children":[{"meta":1,"name":"GM管理","url":"/GMManagement","urlid":22,"pid":21}]}],"games":["空翼冒险团","刺客契约","无线英雄"],"gamename":"空翼冒险团","gameid":1}},"serverIp":"当前服务器id","userIp":"127.0.0.1","userId":null,"createTime":"2020-8-10 6:05:02 ├F10: PM┤","executionTime":0}
*************** log end ***************

