[2020-08-08T12:08:41.325] [INFO] resLogger - 
*************** log start ***************
日志记录：{"resourceUrl":"/api/user/token","resourceDesc":"根据id查找数据","requestType":"GET","requestParams":"{}","responseCode":200,"responseMessage":"","responseDate":{"code":200,"message":"查找成功","data":{"username":"admin","avatar":"http://wework.qpic.cn/bizmail/tBzSXZ7noicaWNIO15XKp1pU9m0ibZvPFbTHrjahY6Sp5iaEJdgq6h6ww/100","nickname":"管理员"}},"serverIp":"当前服务器id","userIp":"127.0.0.1","userId":null,"createTime":"2020-8-8 12:08:41 ├F10: PM┤","executionTime":0}
*************** log end ***************

[2020-08-08T12:08:41.544] [INFO] resLogger - 
*************** log start ***************
日志记录：{"resourceUrl":"/api/user/permission?username=admin","resourceDesc":"根据id查找数据","requestType":"GET","requestParams":"{\"username\":\"admin\"}","responseCode":200,"responseMessage":"","responseDate":{"code":200,"message":"查找成功","data":{"routes":[{"name":"区服管理","urlid":1,"children":[{"meta":1,"name":"区服设置","url":"/zoneManagement/zoneSettings","urlid":2,"pid":1}]},{"name":"角色管理","urlid":3,"children":[{"meta":1,"name":"角色查询","url":"/roleManagement/roleQuery","urlid":4,"pid":3},{"meta":1,"name":"聊天查询","url":"/roleManagement/chatQuery","urlid":5,"pid":3},{"meta":1,"name":"背包查询","url":"/roleManagement/rucksackQuery","urlid":6,"pid":3},{"meta":1,"name":"产消查询","url":"/roleManagement/prosumingQuery","urlid":7,"pid":3}]},{"name":"充值管理","urlid":8,"children":[{"meta":1,"name":"充值明细","url":"/rechargeManagement/rechargeDetails","urlid":9,"pid":8}]},{"name":"公告管理","urlid":10,"children":[{"meta":1,"name":"公告管理","url":"/announcedManagement/index","urlid":11,"pid":10}]},{"name":"邮件管理","urlid":12,"children":[{"meta":1,"name":"邮件管理","url":"/mailManagement/index","urlid":13,"pid":12}]},{"name":"活动管理","urlid":14,"children":[{"meta":1,"name":"活动管理","url":"/activityManagement/index","urlid":15,"pid":14}]},{"name":"CDK管理","urlid":16,"children":[{"meta":1,"name":"CDK管理","url":"/CDKManagement/index","urlid":17,"pid":16}]},{"name":"白名单管理","urlid":18,"children":[{"meta":1,"name":"白名单管理","url":"/whiteListManagement/index","urlid":19,"pid":18},{"meta":1,"name":"白名单邮件","url":"/whiteListManagement/whiteListMail","urlid":20,"pid":18}]},{"name":"GM管理","urlid":21,"children":[{"meta":1,"name":"GM管理","url":"/GMManagement","urlid":22,"pid":21}]}],"games":["空翼冒险团","刺客契约","无线英雄"],"gamename":"空翼冒险团","gameid":1}},"serverIp":"当前服务器id","userIp":"127.0.0.1","userId":null,"createTime":"2020-8-8 12:08:41 ├F10: PM┤","executionTime":0}
*************** log end ***************

[2020-08-08T12:18:11.023] [INFO] resLogger - 
*************** log start ***************
日志记录：{"resourceUrl":"/api/server/selectComponent?code=areaclothing","resourceDesc":"根据游戏ID 组件名称搜索 区服组件","requestType":"GET","requestParams":"{\"code\":\"areaclothing\"}","responseCode":200,"responseMessage":"","responseDate":{"code":200,"message":"查找成功","data":{"values":["久游","小米","腾讯"]}},"serverIp":"当前服务器id","userIp":"127.0.0.1","userId":null,"createTime":"2020-8-8 12:18:10 ├F10: PM┤","executionTime":0}
*************** log end ***************

[2020-08-08T12:18:11.024] [INFO] resLogger - 
*************** log start ***************
日志记录：{"resourceUrl":"/api/character/findServername","resourceDesc":"区服名称获取","requestType":"GET","requestParams":"{}","responseCode":200,"responseMessage":"","responseDate":{"code":200,"message":"查询成功","data":[{"label":"1","value":"1"},{"label":"测试服1","value":"测试服1"},{"label":"123","value":"123"},{"label":"1111","value":"1111"},{"label":null,"value":null},{"label":"123","value":"123"},{"label":"111","value":"111"},{"label":"测试服3","value":"测试服3"},{"label":null,"value":null},{"label":null,"value":null},{"label":null,"value":null},{"label":"长澜？","value":"长澜？"},{"label":null,"value":null},{"label":"11111","value":"11111"},{"label":"123","value":"123"},{"label":"123","value":"123"},{"label":null,"value":null},{"label":"1111","value":"1111"},{"label":"111","value":"111"},{"label":"1111111","value":"1111111"},{"label":"212","value":"212"},{"label":null,"value":null},{"label":null,"value":null},{"label":"1","value":"1"},{"label":null,"value":null},{"label":"1","value":"1"},{"label":"1111","value":"1111"},{"label":"1","value":"1"},{"label":"1","value":"1"},{"label":"111","value":"111"},{"label":null,"value":null},{"label":"12","value":"12"},{"label":"11","value":"11"},{"label":"测试服2","value":"测试服2"},{"label":"123123","value":"123123"},{"label":null,"value":null},{"label":null,"value":null},{"label":"111","value":"111"},{"label":null,"value":null},{"label":"11111","value":"11111"}]},"serverIp":"当前服务器id","userIp":"127.0.0.1","userId":null,"createTime":"2020-8-8 12:18:10 ├F10: PM┤","executionTime":0}
*************** log end ***************

[2020-08-08T12:18:12.978] [INFO] resLogger - 
*************** log start ***************
日志记录：{"resourceUrl":"/api/server/selectComponent?code=areaclothing","resourceDesc":"根据游戏ID 组件名称搜索 区服组件","requestType":"GET","requestParams":"{\"code\":\"areaclothing\"}","responseCode":200,"responseMessage":"","responseDate":{"code":200,"message":"查找成功","data":{"values":["久游","小米","腾讯"]}},"serverIp":"当前服务器id","userIp":"127.0.0.1","userId":null,"createTime":"2020-8-8 12:18:12 ├F10: PM┤","executionTime":0}
*************** log end ***************

[2020-08-08T12:18:13.307] [INFO] resLogger - 
*************** log start ***************
日志记录：{"resourceUrl":"/api/character/findServername","resourceDesc":"区服名称获取","requestType":"GET","requestParams":"{}","responseCode":200,"responseMessage":"","responseDate":{"code":200,"message":"查询成功","data":[{"label":"1","value":"1"},{"label":"测试服1","value":"测试服1"},{"label":"123","value":"123"},{"label":"1111","value":"1111"},{"label":null,"value":null},{"label":"123","value":"123"},{"label":"111","value":"111"},{"label":"测试服3","value":"测试服3"},{"label":null,"value":null},{"label":null,"value":null},{"label":null,"value":null},{"label":"长澜？","value":"长澜？"},{"label":null,"value":null},{"label":"11111","value":"11111"},{"label":"123","value":"123"},{"label":"123","value":"123"},{"label":null,"value":null},{"label":"1111","value":"1111"},{"label":"111","value":"111"},{"label":"1111111","value":"1111111"},{"label":"212","value":"212"},{"label":null,"value":null},{"label":null,"value":null},{"label":"1","value":"1"},{"label":null,"value":null},{"label":"1","value":"1"},{"label":"1111","value":"1111"},{"label":"1","value":"1"},{"label":"1","value":"1"},{"label":"111","value":"111"},{"label":null,"value":null},{"label":"12","value":"12"},{"label":"11","value":"11"},{"label":"测试服2","value":"测试服2"},{"label":"123123","value":"123123"},{"label":null,"value":null},{"label":null,"value":null},{"label":"111","value":"111"},{"label":null,"value":null},{"label":"11111","value":"11111"}]},"serverIp":"当前服务器id","userIp":"127.0.0.1","userId":null,"createTime":"2020-8-8 12:18:13 ├F10: PM┤","executionTime":0}
*************** log end ***************

[2020-08-08T12:18:16.484] [INFO] resLogger - 
*************** log start ***************
日志记录：{"resourceUrl":"/api/character/findServername","resourceDesc":"区服名称获取","requestType":"GET","requestParams":"{}","responseCode":200,"responseMessage":"","responseDate":{"code":200,"message":"查询成功","data":[{"label":"1","value":"1"},{"label":"测试服1","value":"测试服1"},{"label":"123","value":"123"},{"label":"1111","value":"1111"},{"label":null,"value":null},{"label":"123","value":"123"},{"label":"111","value":"111"},{"label":"测试服3","value":"测试服3"},{"label":null,"value":null},{"label":null,"value":null},{"label":null,"value":null},{"label":"长澜？","value":"长澜？"},{"label":null,"value":null},{"label":"11111","value":"11111"},{"label":"123","value":"123"},{"label":"123","value":"123"},{"label":null,"value":null},{"label":"1111","value":"1111"},{"label":"111","value":"111"},{"label":"1111111","value":"1111111"},{"label":"212","value":"212"},{"label":null,"value":null},{"label":null,"value":null},{"label":"1","value":"1"},{"label":null,"value":null},{"label":"1","value":"1"},{"label":"1111","value":"1111"},{"label":"1","value":"1"},{"label":"1","value":"1"},{"label":"111","value":"111"},{"label":null,"value":null},{"label":"12","value":"12"},{"label":"11","value":"11"},{"label":"测试服2","value":"测试服2"},{"label":"123123","value":"123123"},{"label":null,"value":null},{"label":null,"value":null},{"label":"111","value":"111"},{"label":null,"value":null},{"label":"11111","value":"11111"}]},"serverIp":"当前服务器id","userIp":"127.0.0.1","userId":null,"createTime":"2020-8-8 12:18:16 ├F10: PM┤","executionTime":0}
*************** log end ***************

[2020-08-08T12:18:16.485] [INFO] resLogger - 
*************** log start ***************
日志记录：{"resourceUrl":"/api/server/selectComponent?code=areaclothing","resourceDesc":"根据游戏ID 组件名称搜索 区服组件","requestType":"GET","requestParams":"{\"code\":\"areaclothing\"}","responseCode":200,"responseMessage":"","responseDate":{"code":200,"message":"查找成功","data":{"values":["久游","小米","腾讯"]}},"serverIp":"当前服务器id","userIp":"127.0.0.1","userId":null,"createTime":"2020-8-8 12:18:16 ├F10: PM┤","executionTime":0}
*************** log end ***************

[2020-08-08T12:28:54.541] [INFO] resLogger - 
*************** log start ***************
日志记录：{"resourceUrl":"/api/user/token","resourceDesc":"根据id查找数据","requestType":"GET","requestParams":"{}","responseCode":200,"responseMessage":"","responseDate":{"code":200,"message":"查找成功","data":{"username":"admin","avatar":"http://wework.qpic.cn/bizmail/tBzSXZ7noicaWNIO15XKp1pU9m0ibZvPFbTHrjahY6Sp5iaEJdgq6h6ww/100","nickname":"管理员"}},"serverIp":"当前服务器id","userIp":"127.0.0.1","userId":null,"createTime":"2020-8-8 12:28:54 ├F10: PM┤","executionTime":0}
*************** log end ***************

[2020-08-08T12:28:54.609] [INFO] resLogger - 
*************** log start ***************
日志记录：{"resourceUrl":"/api/user/permission?username=admin","resourceDesc":"根据id查找数据","requestType":"GET","requestParams":"{\"username\":\"admin\"}","responseCode":200,"responseMessage":"","responseDate":{"code":200,"message":"查找成功","data":{"routes":[{"name":"区服管理","urlid":1,"children":[{"meta":1,"name":"区服设置","url":"/zoneManagement/zoneSettings","urlid":2,"pid":1}]},{"name":"角色管理","urlid":3,"children":[{"meta":1,"name":"角色查询","url":"/roleManagement/roleQuery","urlid":4,"pid":3},{"meta":1,"name":"聊天查询","url":"/roleManagement/chatQuery","urlid":5,"pid":3},{"meta":1,"name":"背包查询","url":"/roleManagement/rucksackQuery","urlid":6,"pid":3},{"meta":1,"name":"产消查询","url":"/roleManagement/prosumingQuery","urlid":7,"pid":3}]},{"name":"充值管理","urlid":8,"children":[{"meta":1,"name":"充值明细","url":"/rechargeManagement/rechargeDetails","urlid":9,"pid":8}]},{"name":"公告管理","urlid":10,"children":[{"meta":1,"name":"公告管理","url":"/announcedManagement/index","urlid":11,"pid":10}]},{"name":"邮件管理","urlid":12,"children":[{"meta":1,"name":"邮件管理","url":"/mailManagement/index","urlid":13,"pid":12}]},{"name":"活动管理","urlid":14,"children":[{"meta":1,"name":"活动管理","url":"/activityManagement/index","urlid":15,"pid":14}]},{"name":"CDK管理","urlid":16,"children":[{"meta":1,"name":"CDK管理","url":"/CDKManagement/index","urlid":17,"pid":16}]},{"name":"白名单管理","urlid":18,"children":[{"meta":1,"name":"白名单管理","url":"/whiteListManagement/index","urlid":19,"pid":18},{"meta":1,"name":"白名单邮件","url":"/whiteListManagement/whiteListMail","urlid":20,"pid":18}]},{"name":"GM管理","urlid":21,"children":[{"meta":1,"name":"GM管理","url":"/GMManagement","urlid":22,"pid":21}]}],"games":["空翼冒险团","刺客契约","无线英雄"],"gamename":"空翼冒险团","gameid":1}},"serverIp":"当前服务器id","userIp":"127.0.0.1","userId":null,"createTime":"2020-8-8 12:28:54 ├F10: PM┤","executionTime":0}
*************** log end ***************

[2020-08-08T12:29:18.127] [INFO] resLogger - 
*************** log start ***************
日志记录：{"resourceUrl":"/api/server/selectComponent?code=areaclothing","resourceDesc":"根据游戏ID 组件名称搜索 区服组件","requestType":"GET","requestParams":"{\"code\":\"areaclothing\"}","responseCode":200,"responseMessage":"","responseDate":{"code":200,"message":"查找成功","data":{"values":["久游","小米","腾讯"]}},"serverIp":"当前服务器id","userIp":"127.0.0.1","userId":null,"createTime":"2020-8-8 12:29:18 ├F10: PM┤","executionTime":0}
*************** log end ***************

[2020-08-08T12:30:24.777] [INFO] resLogger - 
*************** log start ***************
日志记录：{"resourceUrl":"/api/server/selectComponent?code=areaclothing","resourceDesc":"根据游戏ID 组件名称搜索 区服组件","requestType":"GET","requestParams":"{\"code\":\"areaclothing\"}","responseCode":200,"responseMessage":"","responseDate":{"code":200,"message":"查找成功","data":{"values":["久游","小米","腾讯"]}},"serverIp":"当前服务器id","userIp":"127.0.0.1","userId":null,"createTime":"2020-8-8 12:30:24 ├F10: PM┤","executionTime":0}
*************** log end ***************

[2020-08-08T12:31:29.537] [INFO] resLogger - 
*************** log start ***************
日志记录：{"resourceUrl":"/api/server/selectComponent?code=areaclothing","resourceDesc":"根据游戏ID 组件名称搜索 区服组件","requestType":"GET","requestParams":"{\"code\":\"areaclothing\"}","responseCode":200,"responseMessage":"","responseDate":{"code":200,"message":"查找成功","data":{"values":["久游","小米","腾讯"]}},"serverIp":"当前服务器id","userIp":"127.0.0.1","userId":null,"createTime":"2020-8-8 12:31:29 ├F10: PM┤","executionTime":0}
*************** log end ***************

[2020-08-08T12:32:21.171] [INFO] resLogger - 
*************** log start ***************
日志记录：{"resourceUrl":"/api/server/selectComponent?code=areaclothing","resourceDesc":"根据游戏ID 组件名称搜索 区服组件","requestType":"GET","requestParams":"{\"code\":\"areaclothing\"}","responseCode":200,"responseMessage":"","responseDate":{"code":200,"message":"查找成功","data":{"values":["久游","小米","腾讯"]}},"serverIp":"当前服务器id","userIp":"127.0.0.1","userId":null,"createTime":"2020-8-8 12:32:21 ├F10: PM┤","executionTime":0}
*************** log end ***************

[2020-08-08T12:33:49.734] [INFO] resLogger - 
*************** log start ***************
日志记录：{"resourceUrl":"/api/server/selectComponent?code=areaclothing","resourceDesc":"根据游戏ID 组件名称搜索 区服组件","requestType":"GET","requestParams":"{\"code\":\"areaclothing\"}","responseCode":200,"responseMessage":"","responseDate":{"code":200,"message":"查找成功","data":{"values":["久游","小米","腾讯"]}},"serverIp":"当前服务器id","userIp":"127.0.0.1","userId":null,"createTime":"2020-8-8 12:33:49 ├F10: PM┤","executionTime":0}
*************** log end ***************

[2020-08-08T12:33:49.792] [INFO] resLogger - 
*************** log start ***************
日志记录：{"resourceUrl":"/api/character/findServername","resourceDesc":"区服名称获取","requestType":"GET","requestParams":"{}","responseCode":200,"responseMessage":"","responseDate":{"code":200,"message":"查询成功","data":[{"label":"1","value":"1"},{"label":"测试服1","value":"测试服1"},{"label":"123","value":"123"},{"label":"1111","value":"1111"},{"label":null,"value":null},{"label":"123","value":"123"},{"label":"111","value":"111"},{"label":"测试服3","value":"测试服3"},{"label":null,"value":null},{"label":null,"value":null},{"label":null,"value":null},{"label":"长澜？","value":"长澜？"},{"label":null,"value":null},{"label":"11111","value":"11111"},{"label":"123","value":"123"},{"label":"123","value":"123"},{"label":null,"value":null},{"label":"1111","value":"1111"},{"label":"111","value":"111"},{"label":"1111111","value":"1111111"},{"label":"212","value":"212"},{"label":null,"value":null},{"label":null,"value":null},{"label":"1","value":"1"},{"label":null,"value":null},{"label":"1","value":"1"},{"label":"1111","value":"1111"},{"label":"1","value":"1"},{"label":"1","value":"1"},{"label":"111","value":"111"},{"label":null,"value":null},{"label":"12","value":"12"},{"label":"11","value":"11"},{"label":"测试服2","value":"测试服2"},{"label":"123123","value":"123123"},{"label":null,"value":null},{"label":null,"value":null},{"label":"111","value":"111"},{"label":null,"value":null},{"label":"11111","value":"11111"}]},"serverIp":"当前服务器id","userIp":"127.0.0.1","userId":null,"createTime":"2020-8-8 12:33:49 ├F10: PM┤","executionTime":0}
*************** log end ***************

[2020-08-08T12:34:00.919] [INFO] resLogger - 
*************** log start ***************
日志记录：{"resourceUrl":"/api/server/selectComponent?code=areaclothing","resourceDesc":"根据游戏ID 组件名称搜索 区服组件","requestType":"GET","requestParams":"{\"code\":\"areaclothing\"}","responseCode":200,"responseMessage":"","responseDate":{"code":200,"message":"查找成功","data":{"values":["久游","小米","腾讯"]}},"serverIp":"当前服务器id","userIp":"127.0.0.1","userId":null,"createTime":"2020-8-8 12:34:00 ├F10: PM┤","executionTime":0}
*************** log end ***************

[2020-08-08T12:34:00.928] [INFO] resLogger - 
*************** log start ***************
日志记录：{"resourceUrl":"/api/character/findServername","resourceDesc":"区服名称获取","requestType":"GET","requestParams":"{}","responseCode":200,"responseMessage":"","responseDate":{"code":200,"message":"查询成功","data":[{"label":"1","value":"1"},{"label":"测试服1","value":"测试服1"},{"label":"123","value":"123"},{"label":"1111","value":"1111"},{"label":null,"value":null},{"label":"123","value":"123"},{"label":"111","value":"111"},{"label":"测试服3","value":"测试服3"},{"label":null,"value":null},{"label":null,"value":null},{"label":null,"value":null},{"label":"长澜？","value":"长澜？"},{"label":null,"value":null},{"label":"11111","value":"11111"},{"label":"123","value":"123"},{"label":"123","value":"123"},{"label":null,"value":null},{"label":"1111","value":"1111"},{"label":"111","value":"111"},{"label":"1111111","value":"1111111"},{"label":"212","value":"212"},{"label":null,"value":null},{"label":null,"value":null},{"label":"1","value":"1"},{"label":null,"value":null},{"label":"1","value":"1"},{"label":"1111","value":"1111"},{"label":"1","value":"1"},{"label":"1","value":"1"},{"label":"111","value":"111"},{"label":null,"value":null},{"label":"12","value":"12"},{"label":"11","value":"11"},{"label":"测试服2","value":"测试服2"},{"label":"123123","value":"123123"},{"label":null,"value":null},{"label":null,"value":null},{"label":"111","value":"111"},{"label":null,"value":null},{"label":"11111","value":"11111"}]},"serverIp":"当前服务器id","userIp":"127.0.0.1","userId":null,"createTime":"2020-8-8 12:34:00 ├F10: PM┤","executionTime":0}
*************** log end ***************

[2020-08-08T12:34:04.742] [INFO] resLogger - 
*************** log start ***************
日志记录：{"resourceUrl":"/api/server/selectComponent?code=areaclothing","resourceDesc":"根据游戏ID 组件名称搜索 区服组件","requestType":"GET","requestParams":"{\"code\":\"areaclothing\"}","responseCode":200,"responseMessage":"","responseDate":{"code":200,"message":"查找成功","data":{"values":["久游","小米","腾讯"]}},"serverIp":"当前服务器id","userIp":"127.0.0.1","userId":null,"createTime":"2020-8-8 12:34:04 ├F10: PM┤","executionTime":0}
*************** log end ***************

[2020-08-08T12:34:05.047] [INFO] resLogger - 
*************** log start ***************
日志记录：{"resourceUrl":"/api/character/findServername","resourceDesc":"区服名称获取","requestType":"GET","requestParams":"{}","responseCode":200,"responseMessage":"","responseDate":{"code":200,"message":"查询成功","data":[{"label":"1","value":"1"},{"label":"测试服1","value":"测试服1"},{"label":"123","value":"123"},{"label":"1111","value":"1111"},{"label":null,"value":null},{"label":"123","value":"123"},{"label":"111","value":"111"},{"label":"测试服3","value":"测试服3"},{"label":null,"value":null},{"label":null,"value":null},{"label":null,"value":null},{"label":"长澜？","value":"长澜？"},{"label":null,"value":null},{"label":"11111","value":"11111"},{"label":"123","value":"123"},{"label":"123","value":"123"},{"label":null,"value":null},{"label":"1111","value":"1111"},{"label":"111","value":"111"},{"label":"1111111","value":"1111111"},{"label":"212","value":"212"},{"label":null,"value":null},{"label":null,"value":null},{"label":"1","value":"1"},{"label":null,"value":null},{"label":"1","value":"1"},{"label":"1111","value":"1111"},{"label":"1","value":"1"},{"label":"1","value":"1"},{"label":"111","value":"111"},{"label":null,"value":null},{"label":"12","value":"12"},{"label":"11","value":"11"},{"label":"测试服2","value":"测试服2"},{"label":"123123","value":"123123"},{"label":null,"value":null},{"label":null,"value":null},{"label":"111","value":"111"},{"label":null,"value":null},{"label":"11111","value":"11111"}]},"serverIp":"当前服务器id","userIp":"127.0.0.1","userId":null,"createTime":"2020-8-8 12:34:05 ├F10: PM┤","executionTime":0}
*************** log end ***************

[2020-08-08T12:34:07.659] [INFO] resLogger - 
*************** log start ***************
日志记录：{"resourceUrl":"/api/server/selectComponent?code=areaclothing","resourceDesc":"根据游戏ID 组件名称搜索 区服组件","requestType":"GET","requestParams":"{\"code\":\"areaclothing\"}","responseCode":200,"responseMessage":"","responseDate":{"code":200,"message":"查找成功","data":{"values":["久游","小米","腾讯"]}},"serverIp":"当前服务器id","userIp":"127.0.0.1","userId":null,"createTime":"2020-8-8 12:34:07 ├F10: PM┤","executionTime":0}
*************** log end ***************

[2020-08-08T12:34:07.662] [INFO] resLogger - 
*************** log start ***************
日志记录：{"resourceUrl":"/api/character/findServername","resourceDesc":"区服名称获取","requestType":"GET","requestParams":"{}","responseCode":200,"responseMessage":"","responseDate":{"code":200,"message":"查询成功","data":[{"label":"1","value":"1"},{"label":"测试服1","value":"测试服1"},{"label":"123","value":"123"},{"label":"1111","value":"1111"},{"label":null,"value":null},{"label":"123","value":"123"},{"label":"111","value":"111"},{"label":"测试服3","value":"测试服3"},{"label":null,"value":null},{"label":null,"value":null},{"label":null,"value":null},{"label":"长澜？","value":"长澜？"},{"label":null,"value":null},{"label":"11111","value":"11111"},{"label":"123","value":"123"},{"label":"123","value":"123"},{"label":null,"value":null},{"label":"1111","value":"1111"},{"label":"111","value":"111"},{"label":"1111111","value":"1111111"},{"label":"212","value":"212"},{"label":null,"value":null},{"label":null,"value":null},{"label":"1","value":"1"},{"label":null,"value":null},{"label":"1","value":"1"},{"label":"1111","value":"1111"},{"label":"1","value":"1"},{"label":"1","value":"1"},{"label":"111","value":"111"},{"label":null,"value":null},{"label":"12","value":"12"},{"label":"11","value":"11"},{"label":"测试服2","value":"测试服2"},{"label":"123123","value":"123123"},{"label":null,"value":null},{"label":null,"value":null},{"label":"111","value":"111"},{"label":null,"value":null},{"label":"11111","value":"11111"}]},"serverIp":"当前服务器id","userIp":"127.0.0.1","userId":null,"createTime":"2020-8-8 12:34:07 ├F10: PM┤","executionTime":0}
*************** log end ***************

[2020-08-08T12:36:34.710] [INFO] resLogger - 
*************** log start ***************
日志记录：{"resourceUrl":"/api/server/selectComponent?code=areaclothing","resourceDesc":"根据游戏ID 组件名称搜索 区服组件","requestType":"GET","requestParams":"{\"code\":\"areaclothing\"}","responseCode":200,"responseMessage":"","responseDate":{"code":200,"message":"查找成功","data":{"values":["久游","小米","腾讯"]}},"serverIp":"当前服务器id","userIp":"127.0.0.1","userId":null,"createTime":"2020-8-8 12:36:34 ├F10: PM┤","executionTime":0}
*************** log end ***************

[2020-08-08T12:36:34.711] [INFO] resLogger - 
*************** log start ***************
日志记录：{"resourceUrl":"/api/character/findServername","resourceDesc":"区服名称获取","requestType":"GET","requestParams":"{}","responseCode":200,"responseMessage":"","responseDate":{"code":200,"message":"查询成功","data":[{"label":null,"value":null},{"label":null,"value":null},{"label":"1","value":"1"},{"label":"测试服1","value":"测试服1"},{"label":"123","value":"123"},{"label":"1111","value":"1111"},{"label":null,"value":null},{"label":"123","value":"123"},{"label":"111","value":"111"},{"label":"测试服3","value":"测试服3"},{"label":null,"value":null},{"label":"长澜？","value":"长澜？"},{"label":null,"value":null},{"label":"11111","value":"11111"},{"label":"123","value":"123"},{"label":"123","value":"123"},{"label":null,"value":null},{"label":"1111","value":"1111"},{"label":"111","value":"111"},{"label":"1111111","value":"1111111"},{"label":"212","value":"212"},{"label":null,"value":null},{"label":null,"value":null},{"label":"1","value":"1"},{"label":null,"value":null},{"label":"1","value":"1"},{"label":"1111","value":"1111"},{"label":"1","value":"1"},{"label":"1","value":"1"},{"label":"111","value":"111"},{"label":null,"value":null},{"label":"11111","value":"11111"},{"label":null,"value":null},{"label":"12","value":"12"},{"label":"11","value":"11"},{"label":"测试服2","value":"测试服2"},{"label":"123123","value":"123123"},{"label":null,"value":null},{"label":null,"value":null},{"label":"111","value":"111"}]},"serverIp":"当前服务器id","userIp":"127.0.0.1","userId":null,"createTime":"2020-8-8 12:36:34 ├F10: PM┤","executionTime":0}
*************** log end ***************

[2020-08-08T12:36:35.772] [INFO] resLogger - 
*************** log start ***************
日志记录：{"resourceUrl":"/api/server/selectComponent?code=areaclothing","resourceDesc":"根据游戏ID 组件名称搜索 区服组件","requestType":"GET","requestParams":"{\"code\":\"areaclothing\"}","responseCode":200,"responseMessage":"","responseDate":{"code":200,"message":"查找成功","data":{"values":["久游","小米","腾讯"]}},"serverIp":"当前服务器id","userIp":"127.0.0.1","userId":null,"createTime":"2020-8-8 12:36:35 ├F10: PM┤","executionTime":0}
*************** log end ***************

[2020-08-08T12:36:36.118] [INFO] resLogger - 
*************** log start ***************
日志记录：{"resourceUrl":"/api/character/findServername","resourceDesc":"区服名称获取","requestType":"GET","requestParams":"{}","responseCode":200,"responseMessage":"","responseDate":{"code":200,"message":"查询成功","data":[{"label":null,"value":null},{"label":null,"value":null},{"label":"1","value":"1"},{"label":"测试服1","value":"测试服1"},{"label":"123","value":"123"},{"label":"1111","value":"1111"},{"label":null,"value":null},{"label":"123","value":"123"},{"label":"111","value":"111"},{"label":"测试服3","value":"测试服3"},{"label":null,"value":null},{"label":"长澜？","value":"长澜？"},{"label":null,"value":null},{"label":"11111","value":"11111"},{"label":"123","value":"123"},{"label":"123","value":"123"},{"label":null,"value":null},{"label":"1111","value":"1111"},{"label":"111","value":"111"},{"label":"1111111","value":"1111111"},{"label":"212","value":"212"},{"label":null,"value":null},{"label":null,"value":null},{"label":"1","value":"1"},{"label":null,"value":null},{"label":"1","value":"1"},{"label":"1111","value":"1111"},{"label":"1","value":"1"},{"label":"1","value":"1"},{"label":"111","value":"111"},{"label":null,"value":null},{"label":"11111","value":"11111"},{"label":null,"value":null},{"label":"12","value":"12"},{"label":"11","value":"11"},{"label":"测试服2","value":"测试服2"},{"label":"123123","value":"123123"},{"label":null,"value":null},{"label":null,"value":null},{"label":"111","value":"111"}]},"serverIp":"当前服务器id","userIp":"127.0.0.1","userId":null,"createTime":"2020-8-8 12:36:36 ├F10: PM┤","executionTime":0}
*************** log end ***************

[2020-08-08T12:36:52.249] [INFO] resLogger - 
*************** log start ***************
日志记录：{"resourceUrl":"/api/server/selectComponent?code=areaclothing","resourceDesc":"根据游戏ID 组件名称搜索 区服组件","requestType":"GET","requestParams":"{\"code\":\"areaclothing\"}","responseCode":200,"responseMessage":"","responseDate":{"code":200,"message":"查找成功","data":{"values":["久游","小米","腾讯"]}},"serverIp":"当前服务器id","userIp":"127.0.0.1","userId":null,"createTime":"2020-8-8 12:36:52 ├F10: PM┤","executionTime":0}
*************** log end ***************

[2020-08-08T12:36:52.288] [INFO] resLogger - 
*************** log start ***************
日志记录：{"resourceUrl":"/api/character/findServername","resourceDesc":"区服名称获取","requestType":"GET","requestParams":"{}","responseCode":200,"responseMessage":"","responseDate":{"code":200,"message":"查询成功","data":[{"label":null,"value":null},{"label":null,"value":null},{"label":"1","value":"1"},{"label":"测试服1","value":"测试服1"},{"label":"123","value":"123"},{"label":"1111","value":"1111"},{"label":null,"value":null},{"label":"123","value":"123"},{"label":"111","value":"111"},{"label":"测试服3","value":"测试服3"},{"label":null,"value":null},{"label":"长澜？","value":"长澜？"},{"label":null,"value":null},{"label":"11111","value":"11111"},{"label":"123","value":"123"},{"label":"123","value":"123"},{"label":null,"value":null},{"label":"1111","value":"1111"},{"label":"111","value":"111"},{"label":"1111111","value":"1111111"},{"label":"212","value":"212"},{"label":null,"value":null},{"label":null,"value":null},{"label":"1","value":"1"},{"label":null,"value":null},{"label":"1","value":"1"},{"label":"1111","value":"1111"},{"label":"1","value":"1"},{"label":"1","value":"1"},{"label":"111","value":"111"},{"label":null,"value":null},{"label":"11111","value":"11111"},{"label":null,"value":null},{"label":"12","value":"12"},{"label":"11","value":"11"},{"label":"测试服2","value":"测试服2"},{"label":"123123","value":"123123"},{"label":null,"value":null},{"label":null,"value":null},{"label":"111","value":"111"}]},"serverIp":"当前服务器id","userIp":"127.0.0.1","userId":null,"createTime":"2020-8-8 12:36:52 ├F10: PM┤","executionTime":0}
*************** log end ***************

[2020-08-08T12:37:10.154] [INFO] resLogger - 
*************** log start ***************
日志记录：{"resourceUrl":"/api/server/selectComponent?code=areaclothing","resourceDesc":"根据游戏ID 组件名称搜索 区服组件","requestType":"GET","requestParams":"{\"code\":\"areaclothing\"}","responseCode":200,"responseMessage":"","responseDate":{"code":200,"message":"查找成功","data":{"values":["久游","小米","腾讯"]}},"serverIp":"当前服务器id","userIp":"127.0.0.1","userId":null,"createTime":"2020-8-8 12:37:10 ├F10: PM┤","executionTime":0}
*************** log end ***************

[2020-08-08T12:37:10.279] [INFO] resLogger - 
*************** log start ***************
日志记录：{"resourceUrl":"/api/character/findServername","resourceDesc":"区服名称获取","requestType":"GET","requestParams":"{}","responseCode":200,"responseMessage":"","responseDate":{"code":200,"message":"查询成功","data":[{"label":null,"value":null},{"label":null,"value":null},{"label":"1","value":"1"},{"label":"测试服1","value":"测试服1"},{"label":"123","value":"123"},{"label":"1111","value":"1111"},{"label":null,"value":null},{"label":"123","value":"123"},{"label":"111","value":"111"},{"label":"测试服3","value":"测试服3"},{"label":null,"value":null},{"label":"长澜？","value":"长澜？"},{"label":null,"value":null},{"label":"11111","value":"11111"},{"label":"123","value":"123"},{"label":"123","value":"123"},{"label":null,"value":null},{"label":"1111","value":"1111"},{"label":"111","value":"111"},{"label":"1111111","value":"1111111"},{"label":"212","value":"212"},{"label":null,"value":null},{"label":null,"value":null},{"label":"1","value":"1"},{"label":null,"value":null},{"label":"1","value":"1"},{"label":"1111","value":"1111"},{"label":"1","value":"1"},{"label":"1","value":"1"},{"label":"111","value":"111"},{"label":null,"value":null},{"label":"11111","value":"11111"},{"label":null,"value":null},{"label":"12","value":"12"},{"label":"11","value":"11"},{"label":"测试服2","value":"测试服2"},{"label":"123123","value":"123123"},{"label":null,"value":null},{"label":null,"value":null},{"label":"111","value":"111"}]},"serverIp":"当前服务器id","userIp":"127.0.0.1","userId":null,"createTime":"2020-8-8 12:37:10 ├F10: PM┤","executionTime":0}
*************** log end ***************

[2020-08-08T14:11:00.626] [INFO] resLogger - 
*************** log start ***************
日志记录：{"resourceUrl":"/api/server/selectComponent?code=areaclothing","resourceDesc":"根据游戏ID 组件名称搜索 区服组件","requestType":"GET","requestParams":"{\"code\":\"areaclothing\"}","responseCode":200,"responseMessage":"","responseDate":{"code":200,"message":"查找成功","data":{"values":["久游","小米","腾讯"]}},"serverIp":"当前服务器id","userIp":"127.0.0.1","userId":null,"createTime":"2020-8-8 2:11:00 ├F10: PM┤","executionTime":0}
*************** log end ***************

[2020-08-08T14:11:00.803] [INFO] resLogger - 
*************** log start ***************
日志记录：{"resourceUrl":"/api/character/findServername","resourceDesc":"区服名称获取","requestType":"GET","requestParams":"{}","responseCode":200,"responseMessage":"","responseDate":{"code":200,"message":"查询成功","data":[{"label":null,"value":null},{"label":null,"value":null},{"label":"1","value":"1"},{"label":"测试服1","value":"测试服1"},{"label":"123","value":"123"},{"label":"1111","value":"1111"},{"label":null,"value":null},{"label":"123","value":"123"},{"label":"111","value":"111"},{"label":"测试服3","value":"测试服3"},{"label":null,"value":null},{"label":"长澜？","value":"长澜？"},{"label":null,"value":null},{"label":"11111","value":"11111"},{"label":"123","value":"123"},{"label":"123","value":"123"},{"label":null,"value":null},{"label":"1111","value":"1111"},{"label":"111","value":"111"},{"label":"1111111","value":"1111111"},{"label":"212","value":"212"},{"label":null,"value":null},{"label":null,"value":null},{"label":"1","value":"1"},{"label":null,"value":null},{"label":"1","value":"1"},{"label":"1111","value":"1111"},{"label":"1","value":"1"},{"label":"1","value":"1"},{"label":"111","value":"111"},{"label":null,"value":null},{"label":"11111","value":"11111"},{"label":null,"value":null},{"label":"12","value":"12"},{"label":"11","value":"11"},{"label":"测试服2","value":"测试服2"},{"label":"123123","value":"123123"},{"label":null,"value":null},{"label":null,"value":null},{"label":"111","value":"111"}]},"serverIp":"当前服务器id","userIp":"127.0.0.1","userId":null,"createTime":"2020-8-8 2:11:00 ├F10: PM┤","executionTime":0}
*************** log end ***************

[2020-08-08T14:11:31.761] [INFO] resLogger - 
*************** log start ***************
日志记录：{"resourceUrl":"/api/server/selectComponent?code=areaclothing","resourceDesc":"根据游戏ID 组件名称搜索 区服组件","requestType":"GET","requestParams":"{\"code\":\"areaclothing\"}","responseCode":200,"responseMessage":"","responseDate":{"code":200,"message":"查找成功","data":{"values":["久游","小米","腾讯"]}},"serverIp":"当前服务器id","userIp":"127.0.0.1","userId":null,"createTime":"2020-8-8 2:11:31 ├F10: PM┤","executionTime":0}
*************** log end ***************

[2020-08-08T14:11:31.809] [INFO] resLogger - 
*************** log start ***************
日志记录：{"resourceUrl":"/api/character/findServername","resourceDesc":"区服名称获取","requestType":"GET","requestParams":"{}","responseCode":200,"responseMessage":"","responseDate":{"code":200,"message":"查询成功","data":[{"label":null,"value":null},{"label":null,"value":null},{"label":"1","value":"1"},{"label":"测试服1","value":"测试服1"},{"label":"123","value":"123"},{"label":"1111","value":"1111"},{"label":null,"value":null},{"label":"123","value":"123"},{"label":"111","value":"111"},{"label":"测试服3","value":"测试服3"},{"label":null,"value":null},{"label":"长澜？","value":"长澜？"},{"label":null,"value":null},{"label":"11111","value":"11111"},{"label":"123","value":"123"},{"label":"123","value":"123"},{"label":null,"value":null},{"label":"1111","value":"1111"},{"label":"111","value":"111"},{"label":"1111111","value":"1111111"},{"label":"212","value":"212"},{"label":null,"value":null},{"label":null,"value":null},{"label":"1","value":"1"},{"label":null,"value":null},{"label":"1","value":"1"},{"label":"1111","value":"1111"},{"label":"1","value":"1"},{"label":"1","value":"1"},{"label":"111","value":"111"},{"label":null,"value":null},{"label":"11111","value":"11111"},{"label":null,"value":null},{"label":"12","value":"12"},{"label":"11","value":"11"},{"label":"测试服2","value":"测试服2"},{"label":"123123","value":"123123"},{"label":null,"value":null},{"label":null,"value":null},{"label":"111","value":"111"}]},"serverIp":"当前服务器id","userIp":"127.0.0.1","userId":null,"createTime":"2020-8-8 2:11:31 ├F10: PM┤","executionTime":0}
*************** log end ***************

[2020-08-08T14:13:06.580] [INFO] resLogger - 
*************** log start ***************
日志记录：{"resourceUrl":"/api/server/selectComponent?code=areaclothing","resourceDesc":"根据游戏ID 组件名称搜索 区服组件","requestType":"GET","requestParams":"{\"code\":\"areaclothing\"}","responseCode":200,"responseMessage":"","responseDate":{"code":200,"message":"查找成功","data":{"values":["久游","小米","腾讯"]}},"serverIp":"当前服务器id","userIp":"127.0.0.1","userId":null,"createTime":"2020-8-8 2:13:06 ├F10: PM┤","executionTime":0}
*************** log end ***************

[2020-08-08T14:13:06.583] [INFO] resLogger - 
*************** log start ***************
日志记录：{"resourceUrl":"/api/character/findServername","resourceDesc":"区服名称获取","requestType":"GET","requestParams":"{}","responseCode":200,"responseMessage":"","responseDate":{"code":200,"message":"查询成功","data":[{"label":null,"value":null},{"label":null,"value":null},{"label":"1","value":"1"},{"label":"测试服1","value":"测试服1"},{"label":"123","value":"123"},{"label":"1111","value":"1111"},{"label":null,"value":null},{"label":"123","value":"123"},{"label":"111","value":"111"},{"label":"测试服3","value":"测试服3"},{"label":null,"value":null},{"label":"长澜？","value":"长澜？"},{"label":null,"value":null},{"label":"11111","value":"11111"},{"label":"123","value":"123"},{"label":"123","value":"123"},{"label":null,"value":null},{"label":"1111","value":"1111"},{"label":"111","value":"111"},{"label":"1111111","value":"1111111"},{"label":"212","value":"212"},{"label":null,"value":null},{"label":null,"value":null},{"label":"1","value":"1"},{"label":null,"value":null},{"label":"1","value":"1"},{"label":"1111","value":"1111"},{"label":"1","value":"1"},{"label":"1","value":"1"},{"label":"111","value":"111"},{"label":null,"value":null},{"label":"11111","value":"11111"},{"label":null,"value":null},{"label":"12","value":"12"},{"label":"11","value":"11"},{"label":"测试服2","value":"测试服2"},{"label":"123123","value":"123123"},{"label":null,"value":null},{"label":null,"value":null},{"label":"111","value":"111"}]},"serverIp":"当前服务器id","userIp":"127.0.0.1","userId":null,"createTime":"2020-8-8 2:13:06 ├F10: PM┤","executionTime":0}
*************** log end ***************

[2020-08-08T14:13:44.065] [INFO] resLogger - 
*************** log start ***************
日志记录：{"resourceUrl":"/api/server/selectComponent?code=areaclothing","resourceDesc":"根据游戏ID 组件名称搜索 区服组件","requestType":"GET","requestParams":"{\"code\":\"areaclothing\"}","responseCode":200,"responseMessage":"","responseDate":{"code":200,"message":"查找成功","data":{"values":["久游","小米","腾讯"]}},"serverIp":"当前服务器id","userIp":"127.0.0.1","userId":null,"createTime":"2020-8-8 2:13:44 ├F10: PM┤","executionTime":0}
*************** log end ***************

[2020-08-08T14:13:44.125] [INFO] resLogger - 
*************** log start ***************
日志记录：{"resourceUrl":"/api/character/findServername","resourceDesc":"区服名称获取","requestType":"GET","requestParams":"{}","responseCode":200,"responseMessage":"","responseDate":{"code":200,"message":"查询成功","data":[{"label":null,"value":null},{"label":null,"value":null},{"label":"1","value":"1"},{"label":"测试服1","value":"测试服1"},{"label":"123","value":"123"},{"label":"1111","value":"1111"},{"label":null,"value":null},{"label":"123","value":"123"},{"label":"111","value":"111"},{"label":"测试服3","value":"测试服3"},{"label":null,"value":null},{"label":"长澜？","value":"长澜？"},{"label":null,"value":null},{"label":"11111","value":"11111"},{"label":"123","value":"123"},{"label":"123","value":"123"},{"label":null,"value":null},{"label":"1111","value":"1111"},{"label":"111","value":"111"},{"label":"1111111","value":"1111111"},{"label":"212","value":"212"},{"label":null,"value":null},{"label":null,"value":null},{"label":"1","value":"1"},{"label":null,"value":null},{"label":"1","value":"1"},{"label":"1111","value":"1111"},{"label":"1","value":"1"},{"label":"1","value":"1"},{"label":"111","value":"111"},{"label":null,"value":null},{"label":"11111","value":"11111"},{"label":null,"value":null},{"label":"12","value":"12"},{"label":"11","value":"11"},{"label":"测试服2","value":"测试服2"},{"label":"123123","value":"123123"},{"label":null,"value":null},{"label":null,"value":null},{"label":"111","value":"111"}]},"serverIp":"当前服务器id","userIp":"127.0.0.1","userId":null,"createTime":"2020-8-8 2:13:44 ├F10: PM┤","executionTime":0}
*************** log end ***************

[2020-08-08T14:16:34.095] [INFO] resLogger - 
*************** log start ***************
日志记录：{"resourceUrl":"/api/server/selectComponent?code=areaclothing","resourceDesc":"根据游戏ID 组件名称搜索 区服组件","requestType":"GET","requestParams":"{\"code\":\"areaclothing\"}","responseCode":200,"responseMessage":"","responseDate":{"code":200,"message":"查找成功","data":{"values":["久游","小米","腾讯"]}},"serverIp":"当前服务器id","userIp":"127.0.0.1","userId":null,"createTime":"2020-8-8 2:16:34 ├F10: PM┤","executionTime":0}
*************** log end ***************

[2020-08-08T14:16:34.170] [INFO] resLogger - 
*************** log start ***************
日志记录：{"resourceUrl":"/api/character/findServername","resourceDesc":"区服名称获取","requestType":"GET","requestParams":"{}","responseCode":200,"responseMessage":"","responseDate":{"code":200,"message":"查询成功","data":[{"label":"111","value":"111"},{"label":"测试服3","value":"测试服3"},{"label":null,"value":null},{"label":null,"value":null},{"label":"1","value":"1"},{"label":"测试服1","value":"测试服1"},{"label":"123","value":"123"},{"label":"1111","value":"1111"},{"label":null,"value":null},{"label":"123","value":"123"},{"label":null,"value":null},{"label":"长澜？","value":"长澜？"},{"label":null,"value":null},{"label":"11111","value":"11111"},{"label":"123","value":"123"},{"label":"123","value":"123"},{"label":null,"value":null},{"label":"1111","value":"1111"},{"label":"111","value":"111"},{"label":"1111111","value":"1111111"},{"label":"212","value":"212"},{"label":null,"value":null},{"label":null,"value":null},{"label":"1","value":"1"},{"label":null,"value":null},{"label":"1","value":"1"},{"label":"1111","value":"1111"},{"label":"1","value":"1"},{"label":"1","value":"1"},{"label":"111","value":"111"},{"label":null,"value":null},{"label":"111","value":"111"},{"label":null,"value":null},{"label":"11111","value":"11111"},{"label":null,"value":null},{"label":"12","value":"12"},{"label":"11","value":"11"},{"label":"测试服2","value":"测试服2"},{"label":"123123","value":"123123"},{"label":null,"value":null}]},"serverIp":"当前服务器id","userIp":"127.0.0.1","userId":null,"createTime":"2020-8-8 2:16:34 ├F10: PM┤","executionTime":0}
*************** log end ***************

[2020-08-08T14:16:51.113] [INFO] resLogger - 
*************** log start ***************
日志记录：{"resourceUrl":"/api/server/selectComponent?code=areaclothing","resourceDesc":"根据游戏ID 组件名称搜索 区服组件","requestType":"GET","requestParams":"{\"code\":\"areaclothing\"}","responseCode":200,"responseMessage":"","responseDate":{"code":200,"message":"查找成功","data":{"values":["久游","小米","腾讯"]}},"serverIp":"当前服务器id","userIp":"127.0.0.1","userId":null,"createTime":"2020-8-8 2:16:51 ├F10: PM┤","executionTime":0}
*************** log end ***************

[2020-08-08T14:16:51.207] [INFO] resLogger - 
*************** log start ***************
日志记录：{"resourceUrl":"/api/character/findServername","resourceDesc":"区服名称获取","requestType":"GET","requestParams":"{}","responseCode":200,"responseMessage":"","responseDate":{"code":200,"message":"查询成功","data":[{"label":"111","value":"111"},{"label":"测试服3","value":"测试服3"},{"label":null,"value":null},{"label":null,"value":null},{"label":"1","value":"1"},{"label":"测试服1","value":"测试服1"},{"label":"123","value":"123"},{"label":"1111","value":"1111"},{"label":null,"value":null},{"label":"123","value":"123"},{"label":null,"value":null},{"label":"长澜？","value":"长澜？"},{"label":null,"value":null},{"label":"11111","value":"11111"},{"label":"123","value":"123"},{"label":"123","value":"123"},{"label":null,"value":null},{"label":"1111","value":"1111"},{"label":"111","value":"111"},{"label":"1111111","value":"1111111"},{"label":"212","value":"212"},{"label":null,"value":null},{"label":null,"value":null},{"label":"1","value":"1"},{"label":null,"value":null},{"label":"1","value":"1"},{"label":"1111","value":"1111"},{"label":"1","value":"1"},{"label":"1","value":"1"},{"label":"111","value":"111"},{"label":null,"value":null},{"label":"111","value":"111"},{"label":null,"value":null},{"label":"11111","value":"11111"},{"label":null,"value":null},{"label":"12","value":"12"},{"label":"11","value":"11"},{"label":"测试服2","value":"测试服2"},{"label":"123123","value":"123123"},{"label":null,"value":null}]},"serverIp":"当前服务器id","userIp":"127.0.0.1","userId":null,"createTime":"2020-8-8 2:16:51 ├F10: PM┤","executionTime":0}
*************** log end ***************

[2020-08-08T14:43:07.373] [INFO] resLogger - 
*************** log start ***************
日志记录：{"resourceUrl":"/api/user/token","resourceDesc":"根据id查找数据","requestType":"GET","requestParams":"{}","responseCode":200,"responseMessage":"","responseDate":{"code":200,"message":"查找成功","data":{"username":"admin","avatar":"http://wework.qpic.cn/bizmail/tBzSXZ7noicaWNIO15XKp1pU9m0ibZvPFbTHrjahY6Sp5iaEJdgq6h6ww/100","nickname":"管理员"}},"serverIp":"当前服务器id","userIp":"127.0.0.1","userId":null,"createTime":"2020-8-8 2:43:07 ├F10: PM┤","executionTime":0}
*************** log end ***************

[2020-08-08T14:43:07.443] [INFO] resLogger - 
*************** log start ***************
日志记录：{"resourceUrl":"/api/user/permission?username=admin","resourceDesc":"根据id查找数据","requestType":"GET","requestParams":"{\"username\":\"admin\"}","responseCode":200,"responseMessage":"","responseDate":{"code":200,"message":"查找成功","data":{"routes":[{"name":"区服管理","urlid":1,"children":[{"meta":1,"name":"区服设置","url":"/zoneManagement/zoneSettings","urlid":2,"pid":1}]},{"name":"角色管理","urlid":3,"children":[{"meta":1,"name":"角色查询","url":"/roleManagement/roleQuery","urlid":4,"pid":3},{"meta":1,"name":"聊天查询","url":"/roleManagement/chatQuery","urlid":5,"pid":3},{"meta":1,"name":"背包查询","url":"/roleManagement/rucksackQuery","urlid":6,"pid":3},{"meta":1,"name":"产消查询","url":"/roleManagement/prosumingQuery","urlid":7,"pid":3}]},{"name":"充值管理","urlid":8,"children":[{"meta":1,"name":"充值明细","url":"/rechargeManagement/rechargeDetails","urlid":9,"pid":8}]},{"name":"公告管理","urlid":10,"children":[{"meta":1,"name":"公告管理","url":"/announcedManagement/index","urlid":11,"pid":10}]},{"name":"邮件管理","urlid":12,"children":[{"meta":1,"name":"邮件管理","url":"/mailManagement/index","urlid":13,"pid":12}]},{"name":"活动管理","urlid":14,"children":[{"meta":1,"name":"活动管理","url":"/activityManagement/index","urlid":15,"pid":14}]},{"name":"CDK管理","urlid":16,"children":[{"meta":1,"name":"CDK管理","url":"/CDKManagement/index","urlid":17,"pid":16}]},{"name":"白名单管理","urlid":18,"children":[{"meta":1,"name":"白名单管理","url":"/whiteListManagement/index","urlid":19,"pid":18},{"meta":1,"name":"白名单邮件","url":"/whiteListManagement/whiteListMail","urlid":20,"pid":18}]},{"name":"GM管理","urlid":21,"children":[{"meta":1,"name":"GM管理","url":"/GMManagement","urlid":22,"pid":21}]}],"games":["空翼冒险团","刺客契约","无线英雄"],"gamename":"空翼冒险团","gameid":1}},"serverIp":"当前服务器id","userIp":"127.0.0.1","userId":null,"createTime":"2020-8-8 2:43:07 ├F10: PM┤","executionTime":0}
*************** log end ***************

[2020-08-08T14:51:00.848] [INFO] resLogger - 
*************** log start ***************
日志记录：{"resourceUrl":"/api/user/token","resourceDesc":"根据id查找数据","requestType":"GET","requestParams":"{}","responseCode":200,"responseMessage":"","responseDate":{"code":200,"message":"查找成功","data":{"username":"admin","avatar":"http://wework.qpic.cn/bizmail/tBzSXZ7noicaWNIO15XKp1pU9m0ibZvPFbTHrjahY6Sp5iaEJdgq6h6ww/100","nickname":"管理员"}},"serverIp":"当前服务器id","userIp":"127.0.0.1","userId":null,"createTime":"2020-8-8 2:51:00 ├F10: PM┤","executionTime":0}
*************** log end ***************

[2020-08-08T14:51:00.934] [INFO] resLogger - 
*************** log start ***************
日志记录：{"resourceUrl":"/api/user/permission?username=admin","resourceDesc":"根据id查找数据","requestType":"GET","requestParams":"{\"username\":\"admin\"}","responseCode":200,"responseMessage":"","responseDate":{"code":200,"message":"查找成功","data":{"routes":[{"name":"区服管理","urlid":1,"children":[{"meta":1,"name":"区服设置","url":"/zoneManagement/zoneSettings","urlid":2,"pid":1}]},{"name":"角色管理","urlid":3,"children":[{"meta":1,"name":"角色查询","url":"/roleManagement/roleQuery","urlid":4,"pid":3},{"meta":1,"name":"聊天查询","url":"/roleManagement/chatQuery","urlid":5,"pid":3},{"meta":1,"name":"背包查询","url":"/roleManagement/rucksackQuery","urlid":6,"pid":3},{"meta":1,"name":"产消查询","url":"/roleManagement/prosumingQuery","urlid":7,"pid":3}]},{"name":"充值管理","urlid":8,"children":[{"meta":1,"name":"充值明细","url":"/rechargeManagement/rechargeDetails","urlid":9,"pid":8}]},{"name":"公告管理","urlid":10,"children":[{"meta":1,"name":"公告管理","url":"/announcedManagement/index","urlid":11,"pid":10}]},{"name":"邮件管理","urlid":12,"children":[{"meta":1,"name":"邮件管理","url":"/mailManagement/index","urlid":13,"pid":12}]},{"name":"活动管理","urlid":14,"children":[{"meta":1,"name":"活动管理","url":"/activityManagement/index","urlid":15,"pid":14}]},{"name":"CDK管理","urlid":16,"children":[{"meta":1,"name":"CDK管理","url":"/CDKManagement/index","urlid":17,"pid":16}]},{"name":"白名单管理","urlid":18,"children":[{"meta":1,"name":"白名单管理","url":"/whiteListManagement/index","urlid":19,"pid":18},{"meta":1,"name":"白名单邮件","url":"/whiteListManagement/whiteListMail","urlid":20,"pid":18}]},{"name":"GM管理","urlid":21,"children":[{"meta":1,"name":"GM管理","url":"/GMManagement","urlid":22,"pid":21}]}],"games":["空翼冒险团","刺客契约","无线英雄"],"gamename":"空翼冒险团","gameid":1}},"serverIp":"当前服务器id","userIp":"127.0.0.1","userId":null,"createTime":"2020-8-8 2:51:00 ├F10: PM┤","executionTime":0}
*************** log end ***************

[2020-08-08T14:52:05.078] [INFO] resLogger - 
*************** log start ***************
日志记录：{"resourceUrl":"/api/user/token","resourceDesc":"根据id查找数据","requestType":"GET","requestParams":"{}","responseCode":200,"responseMessage":"","responseDate":{"code":200,"message":"查找成功","data":{"username":"admin","avatar":"http://wework.qpic.cn/bizmail/tBzSXZ7noicaWNIO15XKp1pU9m0ibZvPFbTHrjahY6Sp5iaEJdgq6h6ww/100","nickname":"管理员"}},"serverIp":"当前服务器id","userIp":"127.0.0.1","userId":null,"createTime":"2020-8-8 2:52:05 ├F10: PM┤","executionTime":0}
*************** log end ***************

[2020-08-08T14:52:05.161] [INFO] resLogger - 
*************** log start ***************
日志记录：{"resourceUrl":"/api/user/permission?username=admin","resourceDesc":"根据id查找数据","requestType":"GET","requestParams":"{\"username\":\"admin\"}","responseCode":200,"responseMessage":"","responseDate":{"code":200,"message":"查找成功","data":{"routes":[{"name":"区服管理","urlid":1,"children":[{"meta":1,"name":"区服设置","url":"/zoneManagement/zoneSettings","urlid":2,"pid":1}]},{"name":"角色管理","urlid":3,"children":[{"meta":1,"name":"角色查询","url":"/roleManagement/roleQuery","urlid":4,"pid":3},{"meta":1,"name":"聊天查询","url":"/roleManagement/chatQuery","urlid":5,"pid":3},{"meta":1,"name":"背包查询","url":"/roleManagement/rucksackQuery","urlid":6,"pid":3},{"meta":1,"name":"产消查询","url":"/roleManagement/prosumingQuery","urlid":7,"pid":3}]},{"name":"充值管理","urlid":8,"children":[{"meta":1,"name":"充值明细","url":"/rechargeManagement/rechargeDetails","urlid":9,"pid":8}]},{"name":"公告管理","urlid":10,"children":[{"meta":1,"name":"公告管理","url":"/announcedManagement/index","urlid":11,"pid":10}]},{"name":"邮件管理","urlid":12,"children":[{"meta":1,"name":"邮件管理","url":"/mailManagement/index","urlid":13,"pid":12}]},{"name":"活动管理","urlid":14,"children":[{"meta":1,"name":"活动管理","url":"/activityManagement/index","urlid":15,"pid":14}]},{"name":"CDK管理","urlid":16,"children":[{"meta":1,"name":"CDK管理","url":"/CDKManagement/index","urlid":17,"pid":16}]},{"name":"白名单管理","urlid":18,"children":[{"meta":1,"name":"白名单管理","url":"/whiteListManagement/index","urlid":19,"pid":18},{"meta":1,"name":"白名单邮件","url":"/whiteListManagement/whiteListMail","urlid":20,"pid":18}]},{"name":"GM管理","urlid":21,"children":[{"meta":1,"name":"GM管理","url":"/GMManagement","urlid":22,"pid":21}]}],"games":["空翼冒险团","刺客契约","无线英雄"],"gamename":"空翼冒险团","gameid":1}},"serverIp":"当前服务器id","userIp":"127.0.0.1","userId":null,"createTime":"2020-8-8 2:52:05 ├F10: PM┤","executionTime":0}
*************** log end ***************

[2020-08-08T14:55:04.964] [INFO] resLogger - 
*************** log start ***************
日志记录：{"resourceUrl":"/api/user/token","resourceDesc":"根据id查找数据","requestType":"GET","requestParams":"{}","responseCode":200,"responseMessage":"","responseDate":{"code":200,"message":"查找成功","data":{"username":"admin","avatar":"http://wework.qpic.cn/bizmail/tBzSXZ7noicaWNIO15XKp1pU9m0ibZvPFbTHrjahY6Sp5iaEJdgq6h6ww/100","nickname":"管理员"}},"serverIp":"当前服务器id","userIp":"127.0.0.1","userId":null,"createTime":"2020-8-8 2:55:04 ├F10: PM┤","executionTime":0}
*************** log end ***************

[2020-08-08T14:55:05.140] [INFO] resLogger - 
*************** log start ***************
日志记录：{"resourceUrl":"/api/user/permission?username=admin","resourceDesc":"根据id查找数据","requestType":"GET","requestParams":"{\"username\":\"admin\"}","responseCode":200,"responseMessage":"","responseDate":{"code":200,"message":"查找成功","data":{"routes":[{"name":"区服管理","urlid":1,"children":[{"meta":1,"name":"区服设置","url":"/zoneManagement/zoneSettings","urlid":2,"pid":1}]},{"name":"角色管理","urlid":3,"children":[{"meta":1,"name":"角色查询","url":"/roleManagement/roleQuery","urlid":4,"pid":3},{"meta":1,"name":"聊天查询","url":"/roleManagement/chatQuery","urlid":5,"pid":3},{"meta":1,"name":"背包查询","url":"/roleManagement/rucksackQuery","urlid":6,"pid":3},{"meta":1,"name":"产消查询","url":"/roleManagement/prosumingQuery","urlid":7,"pid":3}]},{"name":"充值管理","urlid":8,"children":[{"meta":1,"name":"充值明细","url":"/rechargeManagement/rechargeDetails","urlid":9,"pid":8}]},{"name":"公告管理","urlid":10,"children":[{"meta":1,"name":"公告管理","url":"/announcedManagement/index","urlid":11,"pid":10}]},{"name":"邮件管理","urlid":12,"children":[{"meta":1,"name":"邮件管理","url":"/mailManagement/index","urlid":13,"pid":12}]},{"name":"活动管理","urlid":14,"children":[{"meta":1,"name":"活动管理","url":"/activityManagement/index","urlid":15,"pid":14}]},{"name":"CDK管理","urlid":16,"children":[{"meta":1,"name":"CDK管理","url":"/CDKManagement/index","urlid":17,"pid":16}]},{"name":"白名单管理","urlid":18,"children":[{"meta":1,"name":"白名单管理","url":"/whiteListManagement/index","urlid":19,"pid":18},{"meta":1,"name":"白名单邮件","url":"/whiteListManagement/whiteListMail","urlid":20,"pid":18}]},{"name":"GM管理","urlid":21,"children":[{"meta":1,"name":"GM管理","url":"/GMManagement","urlid":22,"pid":21}]}],"games":["空翼冒险团","刺客契约","无线英雄"],"gamename":"空翼冒险团","gameid":1}},"serverIp":"当前服务器id","userIp":"127.0.0.1","userId":null,"createTime":"2020-8-8 2:55:05 ├F10: PM┤","executionTime":0}
*************** log end ***************

[2020-08-08T17:13:20.799] [INFO] resLogger - 
*************** log start ***************
日志记录：{"resourceUrl":"/api/user/token","resourceDesc":"根据id查找数据","requestType":"GET","requestParams":"{}","responseCode":200,"responseMessage":"","responseDate":{"code":200,"message":"查找成功","data":{"username":"admin","avatar":"http://wework.qpic.cn/bizmail/tBzSXZ7noicaWNIO15XKp1pU9m0ibZvPFbTHrjahY6Sp5iaEJdgq6h6ww/100","nickname":"管理员"}},"serverIp":"当前服务器id","userIp":"127.0.0.1","userId":null,"createTime":"2020-8-8 5:13:20 ├F10: PM┤","executionTime":0}
*************** log end ***************

[2020-08-08T17:13:20.948] [INFO] resLogger - 
*************** log start ***************
日志记录：{"resourceUrl":"/api/user/permission?username=admin","resourceDesc":"根据id查找数据","requestType":"GET","requestParams":"{\"username\":\"admin\"}","responseCode":200,"responseMessage":"","responseDate":{"code":200,"message":"查找成功","data":{"routes":[{"name":"区服管理","urlid":1,"children":[{"meta":1,"name":"区服设置","url":"/zoneManagement/zoneSettings","urlid":2,"pid":1}]},{"name":"角色管理","urlid":3,"children":[{"meta":1,"name":"角色查询","url":"/roleManagement/roleQuery","urlid":4,"pid":3},{"meta":1,"name":"聊天查询","url":"/roleManagement/chatQuery","urlid":5,"pid":3},{"meta":1,"name":"背包查询","url":"/roleManagement/rucksackQuery","urlid":6,"pid":3},{"meta":1,"name":"产消查询","url":"/roleManagement/prosumingQuery","urlid":7,"pid":3}]},{"name":"充值管理","urlid":8,"children":[{"meta":1,"name":"充值明细","url":"/rechargeManagement/rechargeDetails","urlid":9,"pid":8}]},{"name":"公告管理","urlid":10,"children":[{"meta":1,"name":"公告管理","url":"/announcedManagement/index","urlid":11,"pid":10}]},{"name":"邮件管理","urlid":12,"children":[{"meta":1,"name":"邮件管理","url":"/mailManagement/index","urlid":13,"pid":12}]},{"name":"活动管理","urlid":14,"children":[{"meta":1,"name":"活动管理","url":"/activityManagement/index","urlid":15,"pid":14}]},{"name":"CDK管理","urlid":16,"children":[{"meta":1,"name":"CDK管理","url":"/CDKManagement/index","urlid":17,"pid":16}]},{"name":"白名单管理","urlid":18,"children":[{"meta":1,"name":"白名单管理","url":"/whiteListManagement/index","urlid":19,"pid":18},{"meta":1,"name":"白名单邮件","url":"/whiteListManagement/whiteListMail","urlid":20,"pid":18}]},{"name":"GM管理","urlid":21,"children":[{"meta":1,"name":"GM管理","url":"/GMManagement","urlid":22,"pid":21}]}],"games":["空翼冒险团","刺客契约","无线英雄"],"gamename":"空翼冒险团","gameid":1}},"serverIp":"当前服务器id","userIp":"127.0.0.1","userId":null,"createTime":"2020-8-8 5:13:20 ├F10: PM┤","executionTime":0}
*************** log end ***************

[2020-08-08T17:13:28.003] [INFO] resLogger - 
*************** log start ***************
日志记录：{"resourceUrl":"/api/user/token","resourceDesc":"根据id查找数据","requestType":"GET","requestParams":"{}","responseCode":200,"responseMessage":"","responseDate":{"code":200,"message":"查找成功","data":{"username":"admin","avatar":"http://wework.qpic.cn/bizmail/tBzSXZ7noicaWNIO15XKp1pU9m0ibZvPFbTHrjahY6Sp5iaEJdgq6h6ww/100","nickname":"管理员"}},"serverIp":"当前服务器id","userIp":"127.0.0.1","userId":null,"createTime":"2020-8-8 5:13:28 ├F10: PM┤","executionTime":0}
*************** log end ***************

[2020-08-08T17:13:28.042] [INFO] resLogger - 
*************** log start ***************
日志记录：{"resourceUrl":"/api/user/permission?username=admin","resourceDesc":"根据id查找数据","requestType":"GET","requestParams":"{\"username\":\"admin\"}","responseCode":200,"responseMessage":"","responseDate":{"code":200,"message":"查找成功","data":{"routes":[{"name":"区服管理","urlid":1,"children":[{"meta":1,"name":"区服设置","url":"/zoneManagement/zoneSettings","urlid":2,"pid":1}]},{"name":"角色管理","urlid":3,"children":[{"meta":1,"name":"角色查询","url":"/roleManagement/roleQuery","urlid":4,"pid":3},{"meta":1,"name":"聊天查询","url":"/roleManagement/chatQuery","urlid":5,"pid":3},{"meta":1,"name":"背包查询","url":"/roleManagement/rucksackQuery","urlid":6,"pid":3},{"meta":1,"name":"产消查询","url":"/roleManagement/prosumingQuery","urlid":7,"pid":3}]},{"name":"充值管理","urlid":8,"children":[{"meta":1,"name":"充值明细","url":"/rechargeManagement/rechargeDetails","urlid":9,"pid":8}]},{"name":"公告管理","urlid":10,"children":[{"meta":1,"name":"公告管理","url":"/announcedManagement/index","urlid":11,"pid":10}]},{"name":"邮件管理","urlid":12,"children":[{"meta":1,"name":"邮件管理","url":"/mailManagement/index","urlid":13,"pid":12}]},{"name":"活动管理","urlid":14,"children":[{"meta":1,"name":"活动管理","url":"/activityManagement/index","urlid":15,"pid":14}]},{"name":"CDK管理","urlid":16,"children":[{"meta":1,"name":"CDK管理","url":"/CDKManagement/index","urlid":17,"pid":16}]},{"name":"白名单管理","urlid":18,"children":[{"meta":1,"name":"白名单管理","url":"/whiteListManagement/index","urlid":19,"pid":18},{"meta":1,"name":"白名单邮件","url":"/whiteListManagement/whiteListMail","urlid":20,"pid":18}]},{"name":"GM管理","urlid":21,"children":[{"meta":1,"name":"GM管理","url":"/GMManagement","urlid":22,"pid":21}]}],"games":["空翼冒险团","刺客契约","无线英雄"],"gamename":"空翼冒险团","gameid":1}},"serverIp":"当前服务器id","userIp":"127.0.0.1","userId":null,"createTime":"2020-8-8 5:13:28 ├F10: PM┤","executionTime":0}
*************** log end ***************

[2020-08-08T17:20:07.978] [INFO] resLogger - 
*************** log start ***************
日志记录：{"resourceUrl":"/api/user/token","resourceDesc":"根据id查找数据","requestType":"GET","requestParams":"{}","responseCode":200,"responseMessage":"","responseDate":{"code":200,"message":"查找成功","data":{"username":"admin","avatar":"http://wework.qpic.cn/bizmail/tBzSXZ7noicaWNIO15XKp1pU9m0ibZvPFbTHrjahY6Sp5iaEJdgq6h6ww/100","nickname":"管理员"}},"serverIp":"当前服务器id","userIp":"127.0.0.1","userId":null,"createTime":"2020-8-8 5:20:07 ├F10: PM┤","executionTime":0}
*************** log end ***************

[2020-08-08T17:20:08.046] [INFO] resLogger - 
*************** log start ***************
日志记录：{"resourceUrl":"/api/user/permission?username=admin","resourceDesc":"根据id查找数据","requestType":"GET","requestParams":"{\"username\":\"admin\"}","responseCode":200,"responseMessage":"","responseDate":{"code":200,"message":"查找成功","data":{"routes":[{"name":"区服管理","urlid":1,"children":[{"meta":1,"name":"区服设置","url":"/zoneManagement/zoneSettings","urlid":2,"pid":1}]},{"name":"角色管理","urlid":3,"children":[{"meta":1,"name":"角色查询","url":"/roleManagement/roleQuery","urlid":4,"pid":3},{"meta":1,"name":"聊天查询","url":"/roleManagement/chatQuery","urlid":5,"pid":3},{"meta":1,"name":"背包查询","url":"/roleManagement/rucksackQuery","urlid":6,"pid":3},{"meta":1,"name":"产消查询","url":"/roleManagement/prosumingQuery","urlid":7,"pid":3}]},{"name":"充值管理","urlid":8,"children":[{"meta":1,"name":"充值明细","url":"/rechargeManagement/rechargeDetails","urlid":9,"pid":8}]},{"name":"公告管理","urlid":10,"children":[{"meta":1,"name":"公告管理","url":"/announcedManagement/index","urlid":11,"pid":10}]},{"name":"邮件管理","urlid":12,"children":[{"meta":1,"name":"邮件管理","url":"/mailManagement/index","urlid":13,"pid":12}]},{"name":"活动管理","urlid":14,"children":[{"meta":1,"name":"活动管理","url":"/activityManagement/index","urlid":15,"pid":14}]},{"name":"CDK管理","urlid":16,"children":[{"meta":1,"name":"CDK管理","url":"/CDKManagement/index","urlid":17,"pid":16}]},{"name":"白名单管理","urlid":18,"children":[{"meta":1,"name":"白名单管理","url":"/whiteListManagement/index","urlid":19,"pid":18},{"meta":1,"name":"白名单邮件","url":"/whiteListManagement/whiteListMail","urlid":20,"pid":18}]},{"name":"GM管理","urlid":21,"children":[{"meta":1,"name":"GM管理","url":"/GMManagement","urlid":22,"pid":21}]}],"games":["空翼冒险团","刺客契约","无线英雄"],"gamename":"空翼冒险团","gameid":1}},"serverIp":"当前服务器id","userIp":"127.0.0.1","userId":null,"createTime":"2020-8-8 5:20:07 ├F10: PM┤","executionTime":0}
*************** log end ***************

