[2020-07-29T15:08:11.390] [DEBUG] debugLogger - Executing (default): SELECT gm_game.game_name,gm_game.id from (gm_user LEFT JOIN gm_purview on gm_purview.uid=gm_user.id) LEFT JOIN gm_game on gm_game.id = gm_purview.gid where gm_user.id=1
[2020-07-29T15:08:11.399] [DEBUG] debugLogger - Executing (default): select gm_url_purview.grede AS meta,gm_url.name,gm_url.url,gm_url.id AS urlid,gm_url.pid  from (((gm_user LEFT JOIN gm_purview ON gm_purview.uid=gm_user.id) LEFT JOIN gm_game on gm_game.id= gm_purview.gid)LEFT JOIN gm_url_purview on gm_url_purview.purview_id = gm_purview.id )left join gm_url on gm_url.id = gm_url_purview.url_id where gm_user.id=1 and gm_game.game_name = '空翼冒险团'
[2020-07-29T15:08:11.404] [DEBUG] debugLogger - Executing (default): select id from gm_game where game_name='空翼冒险团'
[2020-07-29T15:08:14.684] [DEBUG] debugLogger - Executing (default): select values from gm_dict where code = 'areaclothing' and gameid='1'
[2020-07-29T15:08:14.763] [DEBUG] debugLogger - Executing (default): select servername from gm_server where gameid='1'
[2020-07-29T15:08:18.841] [DEBUG] debugLogger - Executing (default): select token,tablename from gm_game_token where gameid = '1' and type='user'
[2020-07-29T15:09:11.705] [DEBUG] debugLogger - Executing (default): select values from gm_dict where code = 'areaclothing' and gameid='1'
[2020-07-29T15:09:11.707] [DEBUG] debugLogger - Executing (default): select servername from gm_server where gameid='1'
[2020-07-29T15:10:08.286] [DEBUG] debugLogger - Executing (default): select token,tablename from gm_game_token where gameid = '1' and type='user'
[2020-07-29T15:10:18.249] [DEBUG] debugLogger - Executing (default): insert into  gm_character 
			("banned_area","banned_type","gameid","account_id","distinct_id","roleid","role_name","plaform","channel","machine","serverid","level","vip_level","sum_recharge","ip","regtime","update_time","servername","banned_time","banned_reason")values('1','1','1','1','1','1','牛逼克拉斯','','久游','IOS','2007161142507735','180','15','10000','10.1.1.124','2020-02-02 12:00:00','2020-02-02 12:00:00','黑暗森林','1','1')
[2020-07-29T15:10:18.600] [DEBUG] debugLogger - Executing (default): select token,tablename from gm_game_token where gameid = '1' and type='user'
[2020-07-29T15:10:19.180] [DEBUG] debugLogger - Executing (default): select * from gm_character  where gameid='1' and roleid in ('1') offset 0 limit 10
[2020-07-29T15:11:24.031] [DEBUG] debugLogger - Executing (default): CREATE TABLE IF NOT EXISTS "gm_announcement" ("id" INTEGER NOT NULL , "status" INTEGER DEFAULT 1, "create_user_id" INTEGER, "update_user_id" INTEGER, "create_time" TIMESTAMP WITH TIME ZONE DEFAULT CURRENT_TIMESTAMP, "update_time" TIMESTAMP WITH TIME ZONE DEFAULT CURRENT_TIMESTAMP, "type" VARCHAR(255), "end_time" TIMESTAMP WITH TIME ZONE, "start_time" TIMESTAMP WITH TIME ZONE, "anno_status" VARCHAR(255), "title" VARCHAR(255), "area_server_id" VARCHAR(255), "client" VARCHAR(255), "platform" INTEGER, "game_id" INTEGER, "text" VARCHAR(255), "time_interval " VARCHAR(255), "img_url" VARCHAR(255), "weights" INTEGER, "link" VARCHAR(255), PRIMARY KEY ("id"));
[2020-07-29T15:11:24.035] [DEBUG] debugLogger - Executing (default): CREATE TABLE IF NOT EXISTS "gm_area_server" ("id" INTEGER NOT NULL , "status" INTEGER DEFAULT 1, "create_user_id" INTEGER, "update_user_id" INTEGER, "create_time" TIMESTAMP WITH TIME ZONE DEFAULT CURRENT_TIMESTAMP, "update_time" TIMESTAMP WITH TIME ZONE DEFAULT CURRENT_TIMESTAMP, "server_id" INTEGER, "parent_server_id" INTEGER, "name" VARCHAR(255), "platform" INTEGER, "code_show" INTEGER, "code_load" INTEGER, "is_new_server" VARCHAR(255), "open_time" TIMESTAMP WITH TIME ZONE, "resource_adde" VARCHAR(255), "ip_port" VARCHAR(255), "game_id" INTEGER, "client" VARCHAR(255)[], PRIMARY KEY ("id"));
[2020-07-29T15:11:24.036] [DEBUG] debugLogger - Executing (default): CREATE TABLE IF NOT EXISTS "gm_cdk_depot" ("id" INTEGER NOT NULL , "status" INTEGER DEFAULT 1, "create_user_id" INTEGER, "update_user_id" INTEGER, "create_time" TIMESTAMP WITH TIME ZONE DEFAULT CURRENT_TIMESTAMP, "update_time" TIMESTAMP WITH TIME ZONE DEFAULT CURRENT_TIMESTAMP, "cdkid" INTEGER, "value" VARCHAR(255), PRIMARY KEY ("id"));
[2020-07-29T15:11:24.037] [DEBUG] debugLogger - Executing (default): CREATE TABLE IF NOT EXISTS "gm_cdk" ("id" INTEGER NOT NULL , "status" INTEGER DEFAULT 1, "create_user_id" INTEGER, "update_user_id" INTEGER, "create_time" TIMESTAMP WITH TIME ZONE DEFAULT CURRENT_TIMESTAMP, "update_time" TIMESTAMP WITH TIME ZONE DEFAULT CURRENT_TIMESTAMP, "cdkid" INTEGER, "name " VARCHAR(255), "platform" VARCHAR(255), "client" VARCHAR(255), "type" VARCHAR(255), "num" INTEGER, "start_time" TIMESTAMP WITH TIME ZONE, "end_time " TIMESTAMP WITH TIME ZONE, "content" VARCHAR(255), "game_id" INTEGER, PRIMARY KEY ("id"));
[2020-07-29T15:11:24.038] [DEBUG] debugLogger - Executing (default): CREATE TABLE IF NOT EXISTS "gm_dict" ("id" INTEGER NOT NULL , "status" INTEGER DEFAULT 1, "create_user_id" INTEGER, "update_user_id" INTEGER, "create_time" TIMESTAMP WITH TIME ZONE DEFAULT CURRENT_TIMESTAMP, "update_time" TIMESTAMP WITH TIME ZONE DEFAULT CURRENT_TIMESTAMP, "code" VARCHAR(255), "desc" VARCHAR(255), "priority" VARCHAR(255), "values" VARCHAR(255)[], "gameid" INTEGER, PRIMARY KEY ("id"));
[2020-07-29T15:11:24.039] [DEBUG] debugLogger - Executing (default): CREATE TABLE IF NOT EXISTS "gm_game" ("id" INTEGER NOT NULL , "status" INTEGER DEFAULT 1, "create_user_id" INTEGER, "update_user_id" INTEGER, "create_time" TIMESTAMP WITH TIME ZONE DEFAULT CURRENT_TIMESTAMP, "update_time" TIMESTAMP WITH TIME ZONE DEFAULT CURRENT_TIMESTAMP, "game_name" VARCHAR(255), "code" VARCHAR(255), PRIMARY KEY ("id"));
[2020-07-29T15:11:24.039] [DEBUG] debugLogger - Executing (default): CREATE TABLE IF NOT EXISTS "gm_purview" ("id" INTEGER NOT NULL , "status" INTEGER DEFAULT 1, "create_user_id" INTEGER, "update_user_id" INTEGER, "create_time" TIMESTAMP WITH TIME ZONE DEFAULT CURRENT_TIMESTAMP, "update_time" TIMESTAMP WITH TIME ZONE DEFAULT CURRENT_TIMESTAMP, "uid" INTEGER, "gid" INTEGER, PRIMARY KEY ("id"));
[2020-07-29T15:11:24.041] [DEBUG] debugLogger - Executing (default): CREATE TABLE IF NOT EXISTS "gm_server" ("id"  SERIAL , "status" INTEGER DEFAULT 1, "create_user_id" INTEGER, "update_user_id" INTEGER, "create_time" TIMESTAMP WITH TIME ZONE DEFAULT CURRENT_TIMESTAMP, "update_time" TIMESTAMP WITH TIME ZONE DEFAULT CURRENT_TIMESTAMP, "servername" VARCHAR(255), "ip" VARCHAR(255), "address" VARCHAR(255), "plaform" VARCHAR(255), "display" VARCHAR(255), "srttime" TIMESTAMP WITH TIME ZONE, "channel" VARCHAR(255)[], "gamename" VARCHAR(255), "pid" VARCHAR(255), "serverid" VARCHAR(255), "test" VARCHAR(255), "load" VARCHAR(255), "gameid" INTEGER, PRIMARY KEY ("id"));
[2020-07-29T15:11:24.041] [DEBUG] debugLogger - Executing (default): CREATE TABLE IF NOT EXISTS "gm_smtp" ("id" INTEGER NOT NULL , "status" INTEGER DEFAULT 1, "create_user_id" INTEGER, "update_user_id" INTEGER, "create_time" TIMESTAMP WITH TIME ZONE DEFAULT CURRENT_TIMESTAMP, "update_time" TIMESTAMP WITH TIME ZONE DEFAULT CURRENT_TIMESTAMP, "smtp_id" VARCHAR(255), "title" VARCHAR(255), "platform" VARCHAR(255), "client" VARCHAR(255), "player" VARCHAR(255), "content" VARCHAR(255), "sendtime" TIMESTAMP WITH TIME ZONE, "annex" VARCHAR(255)[], "game_id" INTEGER, PRIMARY KEY ("id"));
[2020-07-29T15:11:24.042] [DEBUG] debugLogger - Executing (default): CREATE TABLE IF NOT EXISTS "gm_url_purview" ("id" INTEGER NOT NULL , "status" INTEGER DEFAULT 1, "create_user_id" INTEGER, "update_user_id" INTEGER, "create_time" TIMESTAMP WITH TIME ZONE DEFAULT CURRENT_TIMESTAMP, "update_time" TIMESTAMP WITH TIME ZONE DEFAULT CURRENT_TIMESTAMP, "purview_id" INTEGER, "url_id" INTEGER, "grede" INTEGER, PRIMARY KEY ("id"));
[2020-07-29T15:11:24.043] [DEBUG] debugLogger - Executing (default): CREATE TABLE IF NOT EXISTS "gm_url" ("id" INTEGER NOT NULL , "status" INTEGER DEFAULT 1, "create_user_id" INTEGER, "update_user_id" INTEGER, "create_time" TIMESTAMP WITH TIME ZONE DEFAULT CURRENT_TIMESTAMP, "update_time" TIMESTAMP WITH TIME ZONE DEFAULT CURRENT_TIMESTAMP, "purview" VARCHAR(255), "url" VARCHAR(255), "pid" INTEGER, "name" VARCHAR(255), "priority" INTEGER, PRIMARY KEY ("id"));
[2020-07-29T15:11:24.044] [DEBUG] debugLogger - Executing (default): CREATE TABLE IF NOT EXISTS "gm_user" ("status" INTEGER NOT NULL DEFAULT 1 , "create_user_id" INTEGER, "update_user_id" INTEGER, "create_time" TIMESTAMP WITH TIME ZONE DEFAULT CURRENT_TIMESTAMP, "update_time" TIMESTAMP WITH TIME ZONE DEFAULT CURRENT_TIMESTAMP, "username" VARCHAR(255), "password" VARCHAR(255), "nick_name" VARCHAR(255), "avatar" VARCHAR(255), "email" VARCHAR(255), "source" INTEGER NOT NULL DEFAULT 1, "alias" VARCHAR(255), "phone" VARCHAR(255), "wechat_user_id" VARCHAR(255), "id" INTEGER NOT NULL, PRIMARY KEY ("status"));
[2020-07-29T15:11:24.045] [DEBUG] debugLogger - Executing (default): CREATE TABLE IF NOT EXISTS "auth_user" ("id"   SERIAL , "username" VARCHAR(255) NOT NULL, "password" VARCHAR(255) NOT NULL, "source" VARCHAR(255), "nick_name" VARCHAR(255), "status" VARCHAR(255), "version" VARCHAR(255), "create_time" TIMESTAMP WITH TIME ZONE DEFAULT CURRENT_TIMESTAMP, "update_time" TIMESTAMP WITH TIME ZONE DEFAULT CURRENT_TIMESTAMP, PRIMARY KEY ("id"));
[2020-07-29T15:11:24.046] [DEBUG] debugLogger - Executing (default): SELECT i.relname AS name, ix.indisprimary AS primary, ix.indisunique AS unique, ix.indkey AS indkey, array_agg(a.attnum) as column_indexes, array_agg(a.attname) AS column_names, pg_get_indexdef(ix.indexrelid) AS definition FROM pg_class t, pg_class i, pg_index ix, pg_attribute a WHERE t.oid = ix.indrelid AND i.oid = ix.indexrelid AND a.attrelid = t.oid AND t.relkind = 'r' and t.relname = 'gm_announcement' GROUP BY i.relname, ix.indexrelid, ix.indisprimary, ix.indisunique, ix.indkey ORDER BY i.relname;
[2020-07-29T15:11:24.046] [DEBUG] debugLogger - Executing (default): SELECT i.relname AS name, ix.indisprimary AS primary, ix.indisunique AS unique, ix.indkey AS indkey, array_agg(a.attnum) as column_indexes, array_agg(a.attname) AS column_names, pg_get_indexdef(ix.indexrelid) AS definition FROM pg_class t, pg_class i, pg_index ix, pg_attribute a WHERE t.oid = ix.indrelid AND i.oid = ix.indexrelid AND a.attrelid = t.oid AND t.relkind = 'r' and t.relname = 'gm_area_server' GROUP BY i.relname, ix.indexrelid, ix.indisprimary, ix.indisunique, ix.indkey ORDER BY i.relname;
[2020-07-29T15:11:24.046] [DEBUG] debugLogger - Executing (default): SELECT i.relname AS name, ix.indisprimary AS primary, ix.indisunique AS unique, ix.indkey AS indkey, array_agg(a.attnum) as column_indexes, array_agg(a.attname) AS column_names, pg_get_indexdef(ix.indexrelid) AS definition FROM pg_class t, pg_class i, pg_index ix, pg_attribute a WHERE t.oid = ix.indrelid AND i.oid = ix.indexrelid AND a.attrelid = t.oid AND t.relkind = 'r' and t.relname = 'gm_cdk_depot' GROUP BY i.relname, ix.indexrelid, ix.indisprimary, ix.indisunique, ix.indkey ORDER BY i.relname;
[2020-07-29T15:11:24.047] [DEBUG] debugLogger - Executing (default): SELECT i.relname AS name, ix.indisprimary AS primary, ix.indisunique AS unique, ix.indkey AS indkey, array_agg(a.attnum) as column_indexes, array_agg(a.attname) AS column_names, pg_get_indexdef(ix.indexrelid) AS definition FROM pg_class t, pg_class i, pg_index ix, pg_attribute a WHERE t.oid = ix.indrelid AND i.oid = ix.indexrelid AND a.attrelid = t.oid AND t.relkind = 'r' and t.relname = 'gm_cdk' GROUP BY i.relname, ix.indexrelid, ix.indisprimary, ix.indisunique, ix.indkey ORDER BY i.relname;
[2020-07-29T15:11:24.048] [DEBUG] debugLogger - Executing (default): SELECT i.relname AS name, ix.indisprimary AS primary, ix.indisunique AS unique, ix.indkey AS indkey, array_agg(a.attnum) as column_indexes, array_agg(a.attname) AS column_names, pg_get_indexdef(ix.indexrelid) AS definition FROM pg_class t, pg_class i, pg_index ix, pg_attribute a WHERE t.oid = ix.indrelid AND i.oid = ix.indexrelid AND a.attrelid = t.oid AND t.relkind = 'r' and t.relname = 'gm_dict' GROUP BY i.relname, ix.indexrelid, ix.indisprimary, ix.indisunique, ix.indkey ORDER BY i.relname;
[2020-07-29T15:11:24.054] [DEBUG] debugLogger - Executing (default): SELECT i.relname AS name, ix.indisprimary AS primary, ix.indisunique AS unique, ix.indkey AS indkey, array_agg(a.attnum) as column_indexes, array_agg(a.attname) AS column_names, pg_get_indexdef(ix.indexrelid) AS definition FROM pg_class t, pg_class i, pg_index ix, pg_attribute a WHERE t.oid = ix.indrelid AND i.oid = ix.indexrelid AND a.attrelid = t.oid AND t.relkind = 'r' and t.relname = 'gm_game' GROUP BY i.relname, ix.indexrelid, ix.indisprimary, ix.indisunique, ix.indkey ORDER BY i.relname;
[2020-07-29T15:11:24.054] [DEBUG] debugLogger - Executing (default): SELECT i.relname AS name, ix.indisprimary AS primary, ix.indisunique AS unique, ix.indkey AS indkey, array_agg(a.attnum) as column_indexes, array_agg(a.attname) AS column_names, pg_get_indexdef(ix.indexrelid) AS definition FROM pg_class t, pg_class i, pg_index ix, pg_attribute a WHERE t.oid = ix.indrelid AND i.oid = ix.indexrelid AND a.attrelid = t.oid AND t.relkind = 'r' and t.relname = 'gm_purview' GROUP BY i.relname, ix.indexrelid, ix.indisprimary, ix.indisunique, ix.indkey ORDER BY i.relname;
[2020-07-29T15:11:24.056] [DEBUG] debugLogger - Executing (default): SELECT i.relname AS name, ix.indisprimary AS primary, ix.indisunique AS unique, ix.indkey AS indkey, array_agg(a.attnum) as column_indexes, array_agg(a.attname) AS column_names, pg_get_indexdef(ix.indexrelid) AS definition FROM pg_class t, pg_class i, pg_index ix, pg_attribute a WHERE t.oid = ix.indrelid AND i.oid = ix.indexrelid AND a.attrelid = t.oid AND t.relkind = 'r' and t.relname = 'gm_smtp' GROUP BY i.relname, ix.indexrelid, ix.indisprimary, ix.indisunique, ix.indkey ORDER BY i.relname;
[2020-07-29T15:11:24.056] [DEBUG] debugLogger - Executing (default): SELECT i.relname AS name, ix.indisprimary AS primary, ix.indisunique AS unique, ix.indkey AS indkey, array_agg(a.attnum) as column_indexes, array_agg(a.attname) AS column_names, pg_get_indexdef(ix.indexrelid) AS definition FROM pg_class t, pg_class i, pg_index ix, pg_attribute a WHERE t.oid = ix.indrelid AND i.oid = ix.indexrelid AND a.attrelid = t.oid AND t.relkind = 'r' and t.relname = 'gm_server' GROUP BY i.relname, ix.indexrelid, ix.indisprimary, ix.indisunique, ix.indkey ORDER BY i.relname;
[2020-07-29T15:11:24.056] [DEBUG] debugLogger - Executing (default): SELECT i.relname AS name, ix.indisprimary AS primary, ix.indisunique AS unique, ix.indkey AS indkey, array_agg(a.attnum) as column_indexes, array_agg(a.attname) AS column_names, pg_get_indexdef(ix.indexrelid) AS definition FROM pg_class t, pg_class i, pg_index ix, pg_attribute a WHERE t.oid = ix.indrelid AND i.oid = ix.indexrelid AND a.attrelid = t.oid AND t.relkind = 'r' and t.relname = 'gm_url_purview' GROUP BY i.relname, ix.indexrelid, ix.indisprimary, ix.indisunique, ix.indkey ORDER BY i.relname;
[2020-07-29T15:11:24.058] [DEBUG] debugLogger - Executing (default): SELECT i.relname AS name, ix.indisprimary AS primary, ix.indisunique AS unique, ix.indkey AS indkey, array_agg(a.attnum) as column_indexes, array_agg(a.attname) AS column_names, pg_get_indexdef(ix.indexrelid) AS definition FROM pg_class t, pg_class i, pg_index ix, pg_attribute a WHERE t.oid = ix.indrelid AND i.oid = ix.indexrelid AND a.attrelid = t.oid AND t.relkind = 'r' and t.relname = 'gm_url' GROUP BY i.relname, ix.indexrelid, ix.indisprimary, ix.indisunique, ix.indkey ORDER BY i.relname;
[2020-07-29T15:11:24.058] [DEBUG] debugLogger - Executing (default): SELECT i.relname AS name, ix.indisprimary AS primary, ix.indisunique AS unique, ix.indkey AS indkey, array_agg(a.attnum) as column_indexes, array_agg(a.attname) AS column_names, pg_get_indexdef(ix.indexrelid) AS definition FROM pg_class t, pg_class i, pg_index ix, pg_attribute a WHERE t.oid = ix.indrelid AND i.oid = ix.indexrelid AND a.attrelid = t.oid AND t.relkind = 'r' and t.relname = 'gm_user' GROUP BY i.relname, ix.indexrelid, ix.indisprimary, ix.indisunique, ix.indkey ORDER BY i.relname;
[2020-07-29T15:11:24.060] [DEBUG] debugLogger - Executing (default): SELECT i.relname AS name, ix.indisprimary AS primary, ix.indisunique AS unique, ix.indkey AS indkey, array_agg(a.attnum) as column_indexes, array_agg(a.attname) AS column_names, pg_get_indexdef(ix.indexrelid) AS definition FROM pg_class t, pg_class i, pg_index ix, pg_attribute a WHERE t.oid = ix.indrelid AND i.oid = ix.indexrelid AND a.attrelid = t.oid AND t.relkind = 'r' and t.relname = 'auth_user' GROUP BY i.relname, ix.indexrelid, ix.indisprimary, ix.indisunique, ix.indkey ORDER BY i.relname;
[2020-07-29T15:11:27.588] [DEBUG] debugLogger - Executing (default): insert into  gm_character 
			("banned_area","banned_type","gameid","account_id","distinct_id","roleid","role_name","plaform","channel","machine","serverid","level","vip_level","sum_recharge","ip","regtime","update_time","servername","banned_time","banned_reason")values('1','1','1','1','1','1','牛逼克拉斯','','久游','IOS','2007161142507735','180','15','10000','10.1.1.124','2020-02-02 12:00:00','2020-02-02 12:00:00','黑暗森林','111','1111')
[2020-07-29T15:11:27.655] [DEBUG] debugLogger - Executing (default): select token,tablename from gm_game_token where gameid = '1' and type='user'
[2020-07-29T15:11:28.211] [DEBUG] debugLogger - Executing (default): select * from gm_character  where gameid='1' and roleid in ('1') offset 0 limit 10
[2020-07-29T18:06:49.569] [DEBUG] debugLogger - Executing (default): SELECT gm_game.game_name,gm_game.id from (gm_user LEFT JOIN gm_purview on gm_purview.uid=gm_user.id) LEFT JOIN gm_game on gm_game.id = gm_purview.gid where gm_user.id=1
[2020-07-29T18:06:49.579] [DEBUG] debugLogger - Executing (default): select gm_url_purview.grede AS meta,gm_url.name,gm_url.url,gm_url.id AS urlid,gm_url.pid  from (((gm_user LEFT JOIN gm_purview ON gm_purview.uid=gm_user.id) LEFT JOIN gm_game on gm_game.id= gm_purview.gid)LEFT JOIN gm_url_purview on gm_url_purview.purview_id = gm_purview.id )left join gm_url on gm_url.id = gm_url_purview.url_id where gm_user.id=1 and gm_game.game_name = '空翼冒险团'
[2020-07-29T18:06:49.601] [DEBUG] debugLogger - Executing (default): select id from gm_game where game_name='空翼冒险团'
[2020-07-29T18:06:51.758] [DEBUG] debugLogger - Executing (default): select values from gm_dict where code = 'areaclothing' and gameid='1'
[2020-07-29T18:06:51.763] [DEBUG] debugLogger - Executing (default): select * from gm_server  where gameid='1' and (pid is null or  trim(pid) ='') order by id limit 10 offset (10*0)
[2020-07-29T18:06:51.773] [DEBUG] debugLogger - Executing (default): select count(*) as total from gm_server where gameid='1' and (pid is null or  trim(pid) ='')
[2020-07-29T18:06:51.787] [DEBUG] debugLogger - Executing (default): SELECT count(display) as num,display  from gm_server where id in ( SELECT id from gm_server where gameid='1' and (pid is null or  trim(pid) ='')  ORDER BY id limit 10 offset (10*0) ) GROUP BY display
[2020-07-29T18:06:56.571] [DEBUG] debugLogger - Executing (default): select values from gm_dict where code = 'areaclothing' and gameid='1'
[2020-07-29T18:06:56.571] [DEBUG] debugLogger - Executing (default): select servername from gm_server where gameid='1'
[2020-07-29T18:06:58.162] [DEBUG] debugLogger - Executing (default): select values from gm_dict where code = 'areaclothing' and gameid='1'
[2020-07-29T18:06:58.166] [DEBUG] debugLogger - Executing (default): select * from gm_server  where gameid='1' and (pid is null or  trim(pid) ='') order by id limit 10 offset (10*0)
[2020-07-29T18:06:58.173] [DEBUG] debugLogger - Executing (default): select count(*) as total from gm_server where gameid='1' and (pid is null or  trim(pid) ='')
[2020-07-29T18:06:58.180] [DEBUG] debugLogger - Executing (default): SELECT count(display) as num,display  from gm_server where id in ( SELECT id from gm_server where gameid='1' and (pid is null or  trim(pid) ='')  ORDER BY id limit 10 offset (10*0) ) GROUP BY display
[2020-07-29T18:08:33.283] [DEBUG] debugLogger - Executing (default): select * from gm_server  where gameid='1' and (pid is null or  trim(pid) ='') order by id limit 10 offset (10*0)
[2020-07-29T18:08:33.288] [DEBUG] debugLogger - Executing (default): select count(*) as total from gm_server where gameid='1' and (pid is null or  trim(pid) ='')
[2020-07-29T18:08:33.292] [DEBUG] debugLogger - Executing (default): SELECT count(display) as num,display  from gm_server where id in ( SELECT id from gm_server where gameid='1' and (pid is null or  trim(pid) ='')  ORDER BY id limit 10 offset (10*0) ) GROUP BY display
[2020-07-29T18:10:07.793] [DEBUG] debugLogger - Executing (default): SELECT gm_game.game_name,gm_game.id from (gm_user LEFT JOIN gm_purview on gm_purview.uid=gm_user.id) LEFT JOIN gm_game on gm_game.id = gm_purview.gid where gm_user.id=1
[2020-07-29T18:10:07.799] [DEBUG] debugLogger - Executing (default): select gm_url_purview.grede AS meta,gm_url.name,gm_url.url,gm_url.id AS urlid,gm_url.pid  from (((gm_user LEFT JOIN gm_purview ON gm_purview.uid=gm_user.id) LEFT JOIN gm_game on gm_game.id= gm_purview.gid)LEFT JOIN gm_url_purview on gm_url_purview.purview_id = gm_purview.id )left join gm_url on gm_url.id = gm_url_purview.url_id where gm_user.id=1 and gm_game.game_name = '空翼冒险团'
[2020-07-29T18:10:07.808] [DEBUG] debugLogger - Executing (default): select id from gm_game where game_name='空翼冒险团'
[2020-07-29T18:10:52.748] [DEBUG] debugLogger - Executing (default): SELECT gm_game.game_name,gm_game.id from (gm_user LEFT JOIN gm_purview on gm_purview.uid=gm_user.id) LEFT JOIN gm_game on gm_game.id = gm_purview.gid where gm_user.id=1
[2020-07-29T18:10:52.752] [DEBUG] debugLogger - Executing (default): select gm_url_purview.grede AS meta,gm_url.name,gm_url.url,gm_url.id AS urlid,gm_url.pid  from (((gm_user LEFT JOIN gm_purview ON gm_purview.uid=gm_user.id) LEFT JOIN gm_game on gm_game.id= gm_purview.gid)LEFT JOIN gm_url_purview on gm_url_purview.purview_id = gm_purview.id )left join gm_url on gm_url.id = gm_url_purview.url_id where gm_user.id=1 and gm_game.game_name = '空翼冒险团'
[2020-07-29T18:10:52.757] [DEBUG] debugLogger - Executing (default): select id from gm_game where game_name='空翼冒险团'
[2020-07-29T18:10:57.127] [DEBUG] debugLogger - Executing (default): select values from gm_dict where code = 'areaclothing' and gameid='1'
[2020-07-29T18:10:57.134] [DEBUG] debugLogger - Executing (default): select * from gm_server  where gameid='1' and (pid is null or  trim(pid) ='') order by id limit 10 offset (10*0)
[2020-07-29T18:10:57.144] [DEBUG] debugLogger - Executing (default): select count(*) as total from gm_server where gameid='1' and (pid is null or  trim(pid) ='')
[2020-07-29T18:10:57.146] [DEBUG] debugLogger - Executing (default): SELECT count(display) as num,display  from gm_server where id in ( SELECT id from gm_server where gameid='1' and (pid is null or  trim(pid) ='')  ORDER BY id limit 10 offset (10*0) ) GROUP BY display
[2020-07-29T18:11:24.858] [DEBUG] debugLogger - Executing (default): SELECT gm_game.game_name,gm_game.id from (gm_user LEFT JOIN gm_purview on gm_purview.uid=gm_user.id) LEFT JOIN gm_game on gm_game.id = gm_purview.gid where gm_user.id=1
[2020-07-29T18:11:24.862] [DEBUG] debugLogger - Executing (default): select gm_url_purview.grede AS meta,gm_url.name,gm_url.url,gm_url.id AS urlid,gm_url.pid  from (((gm_user LEFT JOIN gm_purview ON gm_purview.uid=gm_user.id) LEFT JOIN gm_game on gm_game.id= gm_purview.gid)LEFT JOIN gm_url_purview on gm_url_purview.purview_id = gm_purview.id )left join gm_url on gm_url.id = gm_url_purview.url_id where gm_user.id=1 and gm_game.game_name = '空翼冒险团'
[2020-07-29T18:11:24.867] [DEBUG] debugLogger - Executing (default): select id from gm_game where game_name='空翼冒险团'
[2020-07-29T18:11:27.134] [DEBUG] debugLogger - Executing (default): select values from gm_dict where code = 'areaclothing' and gameid='1'
[2020-07-29T18:11:27.138] [DEBUG] debugLogger - Executing (default): select * from gm_server  where gameid='1' and (pid is null or  trim(pid) ='') order by id limit 10 offset (10*0)
[2020-07-29T18:11:27.143] [DEBUG] debugLogger - Executing (default): select count(*) as total from gm_server where gameid='1' and (pid is null or  trim(pid) ='')
[2020-07-29T18:11:27.146] [DEBUG] debugLogger - Executing (default): SELECT count(display) as num,display  from gm_server where id in ( SELECT id from gm_server where gameid='1' and (pid is null or  trim(pid) ='')  ORDER BY id limit 10 offset (10*0) ) GROUP BY display
[2020-07-29T18:11:35.878] [DEBUG] debugLogger - Executing (default): select values from gm_dict where code = 'areaclothing' and gameid='1'
[2020-07-29T18:11:35.880] [DEBUG] debugLogger - Executing (default): select servername from gm_server where gameid='1'
[2020-07-29T18:11:53.420] [DEBUG] debugLogger - Executing (default): SELECT gm_game.game_name,gm_game.id from (gm_user LEFT JOIN gm_purview on gm_purview.uid=gm_user.id) LEFT JOIN gm_game on gm_game.id = gm_purview.gid where gm_user.id=1
[2020-07-29T18:11:53.426] [DEBUG] debugLogger - Executing (default): select gm_url_purview.grede AS meta,gm_url.name,gm_url.url,gm_url.id AS urlid,gm_url.pid  from (((gm_user LEFT JOIN gm_purview ON gm_purview.uid=gm_user.id) LEFT JOIN gm_game on gm_game.id= gm_purview.gid)LEFT JOIN gm_url_purview on gm_url_purview.purview_id = gm_purview.id )left join gm_url on gm_url.id = gm_url_purview.url_id where gm_user.id=1 and gm_game.game_name = '空翼冒险团'
[2020-07-29T18:11:53.433] [DEBUG] debugLogger - Executing (default): select id from gm_game where game_name='空翼冒险团'
[2020-07-29T18:11:55.097] [DEBUG] debugLogger - Executing (default): select values from gm_dict where code = 'areaclothing' and gameid='1'
[2020-07-29T18:11:55.102] [DEBUG] debugLogger - Executing (default): select * from gm_server  where gameid='1' and (pid is null or  trim(pid) ='') order by id limit 10 offset (10*0)
[2020-07-29T18:11:55.107] [DEBUG] debugLogger - Executing (default): select count(*) as total from gm_server where gameid='1' and (pid is null or  trim(pid) ='')
[2020-07-29T18:11:55.111] [DEBUG] debugLogger - Executing (default): SELECT count(display) as num,display  from gm_server where id in ( SELECT id from gm_server where gameid='1' and (pid is null or  trim(pid) ='')  ORDER BY id limit 10 offset (10*0) ) GROUP BY display
[2020-07-29T18:13:06.745] [DEBUG] debugLogger - Executing (default): select values from gm_dict where code = 'areaclothing' and gameid='1'
[2020-07-29T18:13:06.746] [DEBUG] debugLogger - Executing (default): select servername from gm_server where gameid='1'
[2020-07-29T18:14:17.877] [DEBUG] debugLogger - Executing (default): select values from gm_dict where code = 'areaclothing' and gameid='1'
[2020-07-29T18:14:17.878] [DEBUG] debugLogger - Executing (default): select servername from gm_server where gameid='1'
[2020-07-29T18:14:30.808] [DEBUG] debugLogger - Executing (default): select values from gm_dict where code = 'areaclothing' and gameid='1'
[2020-07-29T18:14:30.813] [DEBUG] debugLogger - Executing (default): select * from gm_server  where gameid='1' and (pid is null or  trim(pid) ='') order by id limit 10 offset (10*0)
[2020-07-29T18:14:30.818] [DEBUG] debugLogger - Executing (default): select count(*) as total from gm_server where gameid='1' and (pid is null or  trim(pid) ='')
[2020-07-29T18:14:30.821] [DEBUG] debugLogger - Executing (default): SELECT count(display) as num,display  from gm_server where id in ( SELECT id from gm_server where gameid='1' and (pid is null or  trim(pid) ='')  ORDER BY id limit 10 offset (10*0) ) GROUP BY display
[2020-07-29T18:15:34.086] [DEBUG] debugLogger - Executing (default): select values from gm_dict where code = 'areaclothing' and gameid='1'
[2020-07-29T18:15:34.090] [DEBUG] debugLogger - Executing (default): select servername from gm_server where gameid='1'
[2020-07-29T19:52:17.006] [DEBUG] debugLogger - Executing (default): SELECT gm_game.game_name,gm_game.id from (gm_user LEFT JOIN gm_purview on gm_purview.uid=gm_user.id) LEFT JOIN gm_game on gm_game.id = gm_purview.gid where gm_user.id=1
[2020-07-29T19:52:17.013] [DEBUG] debugLogger - Executing (default): select gm_url_purview.grede AS meta,gm_url.name,gm_url.url,gm_url.id AS urlid,gm_url.pid  from (((gm_user LEFT JOIN gm_purview ON gm_purview.uid=gm_user.id) LEFT JOIN gm_game on gm_game.id= gm_purview.gid)LEFT JOIN gm_url_purview on gm_url_purview.purview_id = gm_purview.id )left join gm_url on gm_url.id = gm_url_purview.url_id where gm_user.id=1 and gm_game.game_name = '空翼冒险团'
[2020-07-29T19:52:17.029] [DEBUG] debugLogger - Executing (default): select id from gm_game where game_name='空翼冒险团'
[2020-07-29T19:52:20.273] [DEBUG] debugLogger - Executing (default): select values from gm_dict where code = 'areaclothing' and gameid='1'
[2020-07-29T19:52:20.277] [DEBUG] debugLogger - Executing (default): select servername from gm_server where gameid='1'
[2020-07-29T19:52:22.953] [DEBUG] debugLogger - Executing (default): select token,tablename from gm_game_token where gameid = '1' and type='user'
[2020-07-29T19:52:34.559] [DEBUG] debugLogger - Executing (default): insert into  gm_character 
			("banned_area","banned_type","gameid","account_id","distinct_id","roleid","role_name","plaform","channel","machine","serverid","level","vip_level","sum_recharge","ip","regtime","update_time","servername","banned_time","banned_reason")values('1','1','1','1','1','1','牛逼克拉斯','','久游','IOS','2007161142507735','180','15','10000','10.1.1.124','2020-02-02 12:00:00','2020-02-02 12:00:00','黑暗森林','222','222')
[2020-07-29T19:52:34.797] [DEBUG] debugLogger - Executing (default): select token,tablename from gm_game_token where gameid = '1' and type='user'
[2020-07-29T19:52:35.353] [DEBUG] debugLogger - Executing (default): select * from gm_character  where gameid='1' and roleid in ('1') offset 0 limit 10
[2020-07-29T19:53:12.166] [DEBUG] debugLogger - Executing (default): insert into  gm_character 
			("banned_area","banned_type","gameid","account_id","distinct_id","roleid","role_name","plaform","channel","machine","serverid","level","vip_level","sum_recharge","ip","regtime","update_time","servername","banned_time","banned_reason")values('1','1','1','1','1','1','牛逼克拉斯','','久游','IOS','2007161142507735','180','15','10000','10.1.1.124','2020-02-02 12:00:00','2020-02-02 12:00:00','黑暗森林','2221','222')
[2020-07-29T19:53:12.334] [DEBUG] debugLogger - Executing (default): select token,tablename from gm_game_token where gameid = '1' and type='user'
[2020-07-29T19:53:12.899] [DEBUG] debugLogger - Executing (default): select * from gm_character  where gameid='1' and roleid in ('1') offset 0 limit 10
[2020-07-29T19:54:33.539] [DEBUG] debugLogger - Executing (default): insert into  gm_character 
			("banned_area","banned_type","gameid","account_id","distinct_id","roleid","role_name","plaform","channel","machine","serverid","level","vip_level","sum_recharge","ip","regtime","update_time","servername","banned_time","banned_reason")values('1','1','1','1','1','1','牛逼克拉斯','','久游','IOS','2007161142507735','180','15','10000','10.1.1.124','2020-02-02 12:00:00','2020-02-02 12:00:00','黑暗森林','22211111','222')
[2020-07-29T19:54:33.705] [DEBUG] debugLogger - Executing (default): select token,tablename from gm_game_token where gameid = '1' and type='user'
[2020-07-29T19:54:34.289] [DEBUG] debugLogger - Executing (default): select * from gm_character  where gameid='1' and roleid in ('1') offset 0 limit 10
[2020-07-29T19:54:50.938] [DEBUG] debugLogger - Executing (default): insert into  gm_character 
			("banned_area","banned_type","gameid","account_id","distinct_id","roleid","role_name","plaform","channel","machine","serverid","level","vip_level","sum_recharge","ip","regtime","update_time","servername","banned_time","banned_reason")values('1','1','1','1','1','1','牛逼克拉斯','','久游','IOS','2007161142507735','180','15','10000','10.1.1.124','2020-02-02 12:00:00','2020-02-02 12:00:00','黑暗森林','24','222')
[2020-07-29T19:54:50.999] [DEBUG] debugLogger - Executing (default): select token,tablename from gm_game_token where gameid = '1' and type='user'
[2020-07-29T19:54:51.985] [DEBUG] debugLogger - Executing (default): select * from gm_character  where gameid='1' and roleid in ('1') offset 0 limit 10
[2020-07-29T19:55:05.747] [DEBUG] debugLogger - Executing (default): insert into  gm_character 
			("banned_area","banned_type","gameid","account_id","distinct_id","roleid","role_name","plaform","channel","machine","serverid","level","vip_level","sum_recharge","ip","regtime","update_time","servername","banned_time","banned_reason")values('2','1','1','1','1','1','牛逼克拉斯','','久游','IOS','2007161142507735','180','15','10000','10.1.1.124','2020-02-02 12:00:00','2020-02-02 12:00:00','黑暗森林','24','222')
[2020-07-29T19:55:05.953] [DEBUG] debugLogger - Executing (default): select token,tablename from gm_game_token where gameid = '1' and type='user'
[2020-07-29T19:55:06.504] [DEBUG] debugLogger - Executing (default): select * from gm_character  where gameid='1' and roleid in ('1') offset 0 limit 10
[2020-07-29T19:55:21.267] [DEBUG] debugLogger - Executing (default): insert into  gm_character 
			("banned_area","banned_type","gameid","account_id","distinct_id","roleid","role_name","plaform","channel","machine","serverid","level","vip_level","sum_recharge","ip","regtime","update_time","servername","banned_time","banned_reason")values('3','1','1','1','1','1','牛逼克拉斯','','久游','IOS','2007161142507735','180','15','10000','10.1.1.124','2020-02-02 12:00:00','2020-02-02 12:00:00','黑暗森林','24','222')
[2020-07-29T19:55:21.463] [DEBUG] debugLogger - Executing (default): select token,tablename from gm_game_token where gameid = '1' and type='user'
[2020-07-29T19:55:21.995] [DEBUG] debugLogger - Executing (default): select * from gm_character  where gameid='1' and roleid in ('1') offset 0 limit 10
[2020-07-29T19:56:00.849] [DEBUG] debugLogger - Executing (default): insert into  gm_character 
			("banned_area","banned_type","gameid","account_id","distinct_id","roleid","role_name","plaform","channel","machine","serverid","level","vip_level","sum_recharge","ip","regtime","update_time","servername","banned_time","banned_reason")values('3','2','1','1','1','1','牛逼克拉斯','','久游','IOS','2007161142507735','180','15','10000','10.1.1.124','2020-02-02 12:00:00','2020-02-02 12:00:00','黑暗森林','24','222')
[2020-07-29T19:56:01.065] [DEBUG] debugLogger - Executing (default): select token,tablename from gm_game_token where gameid = '1' and type='user'
[2020-07-29T19:56:01.612] [DEBUG] debugLogger - Executing (default): select * from gm_character  where gameid='1' and roleid in ('1') offset 0 limit 10
