[2020-07-16T11:14:52.392] [DEBUG] debugLogger - Executing (default): CREATE TABLE IF NOT EXISTS "gm_announcement" ("id" INTEGER NOT NULL , "status" INTEGER DEFAULT 1, "create_user_id" INTEGER, "update_user_id" INTEGER, "create_time" TIMESTAMP WITH TIME ZONE DEFAULT CURRENT_TIMESTAMP, "update_time" TIMESTAMP WITH TIME ZONE DEFAULT CURRENT_TIMESTAMP, "type" VARCHAR(255), "end_time" TIMESTAMP WITH TIME ZONE, "start_time" TIMESTAMP WITH TIME ZONE, "anno_status" VARCHAR(255), "title" VARCHAR(255), "area_server_id" VARCHAR(255), "client" VARCHAR(255), "platform" INTEGER, "game_id" INTEGER, "text" VARCHAR(255), "time_interval " VARCHAR(255), "img_url" VARCHAR(255), "weights" INTEGER, "link" VARCHAR(255), PRIMARY KEY ("id"));
[2020-07-16T11:14:52.393] [DEBUG] debugLogger - Executing (default): CREATE TABLE IF NOT EXISTS "gm_area_server" ("id" INTEGER NOT NULL , "status" INTEGER DEFAULT 1, "create_user_id" INTEGER, "update_user_id" INTEGER, "create_time" TIMESTAMP WITH TIME ZONE DEFAULT CURRENT_TIMESTAMP, "update_time" TIMESTAMP WITH TIME ZONE DEFAULT CURRENT_TIMESTAMP, "server_id" INTEGER, "parent_server_id" INTEGER, "name" VARCHAR(255), "platform" INTEGER, "code_show" INTEGER, "code_load" INTEGER, "is_new_server" VARCHAR(255), "open_time" TIMESTAMP WITH TIME ZONE, "resource_adde" VARCHAR(255), "ip_port" VARCHAR(255), "game_id" INTEGER, "client" VARCHAR(255)[], PRIMARY KEY ("id"));
[2020-07-16T11:14:52.394] [DEBUG] debugLogger - Executing (default): CREATE TABLE IF NOT EXISTS "gm_cdk_depot" ("id" INTEGER NOT NULL , "status" INTEGER DEFAULT 1, "create_user_id" INTEGER, "update_user_id" INTEGER, "create_time" TIMESTAMP WITH TIME ZONE DEFAULT CURRENT_TIMESTAMP, "update_time" TIMESTAMP WITH TIME ZONE DEFAULT CURRENT_TIMESTAMP, "cdkid" INTEGER, "value" VARCHAR(255), PRIMARY KEY ("id"));
[2020-07-16T11:14:52.395] [DEBUG] debugLogger - Executing (default): CREATE TABLE IF NOT EXISTS "gm_cdk" ("id" INTEGER NOT NULL , "status" INTEGER DEFAULT 1, "create_user_id" INTEGER, "update_user_id" INTEGER, "create_time" TIMESTAMP WITH TIME ZONE DEFAULT CURRENT_TIMESTAMP, "update_time" TIMESTAMP WITH TIME ZONE DEFAULT CURRENT_TIMESTAMP, "cdkid" INTEGER, "name " VARCHAR(255), "platform" VARCHAR(255), "client" VARCHAR(255), "type" VARCHAR(255), "num" INTEGER, "start_time" TIMESTAMP WITH TIME ZONE, "end_time " TIMESTAMP WITH TIME ZONE, "content" VARCHAR(255), "game_id" INTEGER, PRIMARY KEY ("id"));
[2020-07-16T11:14:52.396] [DEBUG] debugLogger - Executing (default): CREATE TABLE IF NOT EXISTS "gm_dict" ("id" INTEGER NOT NULL , "status" INTEGER DEFAULT 1, "create_user_id" INTEGER, "update_user_id" INTEGER, "create_time" TIMESTAMP WITH TIME ZONE DEFAULT CURRENT_TIMESTAMP, "update_time" TIMESTAMP WITH TIME ZONE DEFAULT CURRENT_TIMESTAMP, "code" VARCHAR(255), "desc" VARCHAR(255), "priority" VARCHAR(255), "values" VARCHAR(255)[], "gameid" INTEGER, PRIMARY KEY ("id"));
[2020-07-16T11:14:52.397] [DEBUG] debugLogger - Executing (default): CREATE TABLE IF NOT EXISTS "gm_game" ("id" INTEGER NOT NULL , "status" INTEGER DEFAULT 1, "create_user_id" INTEGER, "update_user_id" INTEGER, "create_time" TIMESTAMP WITH TIME ZONE DEFAULT CURRENT_TIMESTAMP, "update_time" TIMESTAMP WITH TIME ZONE DEFAULT CURRENT_TIMESTAMP, "game_name" VARCHAR(255), "code" VARCHAR(255), PRIMARY KEY ("id"));
[2020-07-16T11:14:52.398] [DEBUG] debugLogger - Executing (default): CREATE TABLE IF NOT EXISTS "gm_purview" ("id" INTEGER NOT NULL , "status" INTEGER DEFAULT 1, "create_user_id" INTEGER, "update_user_id" INTEGER, "create_time" TIMESTAMP WITH TIME ZONE DEFAULT CURRENT_TIMESTAMP, "update_time" TIMESTAMP WITH TIME ZONE DEFAULT CURRENT_TIMESTAMP, "uid" INTEGER, "gid" INTEGER, PRIMARY KEY ("id"));
[2020-07-16T11:14:52.398] [DEBUG] debugLogger - Executing (default): CREATE TABLE IF NOT EXISTS "gm_server" ("id"  SERIAL , "status" INTEGER DEFAULT 1, "create_user_id" INTEGER, "update_user_id" INTEGER, "create_time" TIMESTAMP WITH TIME ZONE DEFAULT CURRENT_TIMESTAMP, "update_time" TIMESTAMP WITH TIME ZONE DEFAULT CURRENT_TIMESTAMP, "servername" VARCHAR(255), "ip" VARCHAR(255), "address" VARCHAR(255), "plaform" VARCHAR(255), "display" VARCHAR(255), "srttime" TIMESTAMP WITH TIME ZONE, "channel" VARCHAR(255)[], "gamename" VARCHAR(255), "pid" VARCHAR(255), "serverid" VARCHAR(255), "test" VARCHAR(255), "load" VARCHAR(255), "gameid" INTEGER, PRIMARY KEY ("id"));
[2020-07-16T11:14:52.399] [DEBUG] debugLogger - Executing (default): CREATE TABLE IF NOT EXISTS "gm_smtp" ("id" INTEGER NOT NULL , "status" INTEGER DEFAULT 1, "create_user_id" INTEGER, "update_user_id" INTEGER, "create_time" TIMESTAMP WITH TIME ZONE DEFAULT CURRENT_TIMESTAMP, "update_time" TIMESTAMP WITH TIME ZONE DEFAULT CURRENT_TIMESTAMP, "smtp_id" VARCHAR(255), "title" VARCHAR(255), "platform" VARCHAR(255), "client" VARCHAR(255), "player" VARCHAR(255), "content" VARCHAR(255), "sendtime" TIMESTAMP WITH TIME ZONE, "annex" VARCHAR(255)[], "game_id" INTEGER, PRIMARY KEY ("id"));
[2020-07-16T11:14:52.400] [DEBUG] debugLogger - Executing (default): CREATE TABLE IF NOT EXISTS "gm_url_purview" ("id" INTEGER NOT NULL , "status" INTEGER DEFAULT 1, "create_user_id" INTEGER, "update_user_id" INTEGER, "create_time" TIMESTAMP WITH TIME ZONE DEFAULT CURRENT_TIMESTAMP, "update_time" TIMESTAMP WITH TIME ZONE DEFAULT CURRENT_TIMESTAMP, "purview_id" INTEGER, "url_id" INTEGER, "grede" INTEGER, PRIMARY KEY ("id"));
[2020-07-16T11:14:52.400] [DEBUG] debugLogger - Executing (default): CREATE TABLE IF NOT EXISTS "gm_url" ("id" INTEGER NOT NULL , "status" INTEGER DEFAULT 1, "create_user_id" INTEGER, "update_user_id" INTEGER, "create_time" TIMESTAMP WITH TIME ZONE DEFAULT CURRENT_TIMESTAMP, "update_time" TIMESTAMP WITH TIME ZONE DEFAULT CURRENT_TIMESTAMP, "purview" VARCHAR(255), "url" VARCHAR(255), "pid" INTEGER, "name" VARCHAR(255), "priority" INTEGER, PRIMARY KEY ("id"));
[2020-07-16T11:14:52.401] [DEBUG] debugLogger - Executing (default): CREATE TABLE IF NOT EXISTS "gm_user" ("status" INTEGER NOT NULL DEFAULT 1 , "create_user_id" INTEGER, "update_user_id" INTEGER, "create_time" TIMESTAMP WITH TIME ZONE DEFAULT CURRENT_TIMESTAMP, "update_time" TIMESTAMP WITH TIME ZONE DEFAULT CURRENT_TIMESTAMP, "username" VARCHAR(255), "password" VARCHAR(255), "nick_name" VARCHAR(255), "avatar" VARCHAR(255), "email" VARCHAR(255), "source" INTEGER NOT NULL DEFAULT 1, "alias" VARCHAR(255), "phone" VARCHAR(255), "wechat_user_id" VARCHAR(255), "id" INTEGER NOT NULL, PRIMARY KEY ("status"));
[2020-07-16T11:14:52.402] [DEBUG] debugLogger - Executing (default): CREATE TABLE IF NOT EXISTS "auth_user" ("id"   SERIAL , "username" VARCHAR(255) NOT NULL, "password" VARCHAR(255) NOT NULL, "source" VARCHAR(255), "nick_name" VARCHAR(255), "status" VARCHAR(255), "version" VARCHAR(255), "create_time" TIMESTAMP WITH TIME ZONE DEFAULT CURRENT_TIMESTAMP, "update_time" TIMESTAMP WITH TIME ZONE DEFAULT CURRENT_TIMESTAMP, PRIMARY KEY ("id"));
[2020-07-16T11:14:52.404] [DEBUG] debugLogger - Executing (default): SELECT i.relname AS name, ix.indisprimary AS primary, ix.indisunique AS unique, ix.indkey AS indkey, array_agg(a.attnum) as column_indexes, array_agg(a.attname) AS column_names, pg_get_indexdef(ix.indexrelid) AS definition FROM pg_class t, pg_class i, pg_index ix, pg_attribute a WHERE t.oid = ix.indrelid AND i.oid = ix.indexrelid AND a.attrelid = t.oid AND t.relkind = 'r' and t.relname = 'gm_announcement' GROUP BY i.relname, ix.indexrelid, ix.indisprimary, ix.indisunique, ix.indkey ORDER BY i.relname;
[2020-07-16T11:14:52.405] [DEBUG] debugLogger - Executing (default): SELECT i.relname AS name, ix.indisprimary AS primary, ix.indisunique AS unique, ix.indkey AS indkey, array_agg(a.attnum) as column_indexes, array_agg(a.attname) AS column_names, pg_get_indexdef(ix.indexrelid) AS definition FROM pg_class t, pg_class i, pg_index ix, pg_attribute a WHERE t.oid = ix.indrelid AND i.oid = ix.indexrelid AND a.attrelid = t.oid AND t.relkind = 'r' and t.relname = 'gm_area_server' GROUP BY i.relname, ix.indexrelid, ix.indisprimary, ix.indisunique, ix.indkey ORDER BY i.relname;
[2020-07-16T11:14:52.406] [DEBUG] debugLogger - Executing (default): SELECT i.relname AS name, ix.indisprimary AS primary, ix.indisunique AS unique, ix.indkey AS indkey, array_agg(a.attnum) as column_indexes, array_agg(a.attname) AS column_names, pg_get_indexdef(ix.indexrelid) AS definition FROM pg_class t, pg_class i, pg_index ix, pg_attribute a WHERE t.oid = ix.indrelid AND i.oid = ix.indexrelid AND a.attrelid = t.oid AND t.relkind = 'r' and t.relname = 'gm_cdk_depot' GROUP BY i.relname, ix.indexrelid, ix.indisprimary, ix.indisunique, ix.indkey ORDER BY i.relname;
[2020-07-16T11:14:52.406] [DEBUG] debugLogger - Executing (default): SELECT i.relname AS name, ix.indisprimary AS primary, ix.indisunique AS unique, ix.indkey AS indkey, array_agg(a.attnum) as column_indexes, array_agg(a.attname) AS column_names, pg_get_indexdef(ix.indexrelid) AS definition FROM pg_class t, pg_class i, pg_index ix, pg_attribute a WHERE t.oid = ix.indrelid AND i.oid = ix.indexrelid AND a.attrelid = t.oid AND t.relkind = 'r' and t.relname = 'gm_cdk' GROUP BY i.relname, ix.indexrelid, ix.indisprimary, ix.indisunique, ix.indkey ORDER BY i.relname;
[2020-07-16T11:14:52.406] [DEBUG] debugLogger - Executing (default): SELECT i.relname AS name, ix.indisprimary AS primary, ix.indisunique AS unique, ix.indkey AS indkey, array_agg(a.attnum) as column_indexes, array_agg(a.attname) AS column_names, pg_get_indexdef(ix.indexrelid) AS definition FROM pg_class t, pg_class i, pg_index ix, pg_attribute a WHERE t.oid = ix.indrelid AND i.oid = ix.indexrelid AND a.attrelid = t.oid AND t.relkind = 'r' and t.relname = 'gm_dict' GROUP BY i.relname, ix.indexrelid, ix.indisprimary, ix.indisunique, ix.indkey ORDER BY i.relname;
[2020-07-16T11:14:52.413] [DEBUG] debugLogger - Executing (default): SELECT i.relname AS name, ix.indisprimary AS primary, ix.indisunique AS unique, ix.indkey AS indkey, array_agg(a.attnum) as column_indexes, array_agg(a.attname) AS column_names, pg_get_indexdef(ix.indexrelid) AS definition FROM pg_class t, pg_class i, pg_index ix, pg_attribute a WHERE t.oid = ix.indrelid AND i.oid = ix.indexrelid AND a.attrelid = t.oid AND t.relkind = 'r' and t.relname = 'gm_game' GROUP BY i.relname, ix.indexrelid, ix.indisprimary, ix.indisunique, ix.indkey ORDER BY i.relname;
[2020-07-16T11:14:52.415] [DEBUG] debugLogger - Executing (default): SELECT i.relname AS name, ix.indisprimary AS primary, ix.indisunique AS unique, ix.indkey AS indkey, array_agg(a.attnum) as column_indexes, array_agg(a.attname) AS column_names, pg_get_indexdef(ix.indexrelid) AS definition FROM pg_class t, pg_class i, pg_index ix, pg_attribute a WHERE t.oid = ix.indrelid AND i.oid = ix.indexrelid AND a.attrelid = t.oid AND t.relkind = 'r' and t.relname = 'gm_purview' GROUP BY i.relname, ix.indexrelid, ix.indisprimary, ix.indisunique, ix.indkey ORDER BY i.relname;
[2020-07-16T11:14:52.415] [DEBUG] debugLogger - Executing (default): SELECT i.relname AS name, ix.indisprimary AS primary, ix.indisunique AS unique, ix.indkey AS indkey, array_agg(a.attnum) as column_indexes, array_agg(a.attname) AS column_names, pg_get_indexdef(ix.indexrelid) AS definition FROM pg_class t, pg_class i, pg_index ix, pg_attribute a WHERE t.oid = ix.indrelid AND i.oid = ix.indexrelid AND a.attrelid = t.oid AND t.relkind = 'r' and t.relname = 'gm_server' GROUP BY i.relname, ix.indexrelid, ix.indisprimary, ix.indisunique, ix.indkey ORDER BY i.relname;
[2020-07-16T11:14:52.415] [DEBUG] debugLogger - Executing (default): SELECT i.relname AS name, ix.indisprimary AS primary, ix.indisunique AS unique, ix.indkey AS indkey, array_agg(a.attnum) as column_indexes, array_agg(a.attname) AS column_names, pg_get_indexdef(ix.indexrelid) AS definition FROM pg_class t, pg_class i, pg_index ix, pg_attribute a WHERE t.oid = ix.indrelid AND i.oid = ix.indexrelid AND a.attrelid = t.oid AND t.relkind = 'r' and t.relname = 'gm_smtp' GROUP BY i.relname, ix.indexrelid, ix.indisprimary, ix.indisunique, ix.indkey ORDER BY i.relname;
[2020-07-16T11:14:52.416] [DEBUG] debugLogger - Executing (default): SELECT i.relname AS name, ix.indisprimary AS primary, ix.indisunique AS unique, ix.indkey AS indkey, array_agg(a.attnum) as column_indexes, array_agg(a.attname) AS column_names, pg_get_indexdef(ix.indexrelid) AS definition FROM pg_class t, pg_class i, pg_index ix, pg_attribute a WHERE t.oid = ix.indrelid AND i.oid = ix.indexrelid AND a.attrelid = t.oid AND t.relkind = 'r' and t.relname = 'gm_url' GROUP BY i.relname, ix.indexrelid, ix.indisprimary, ix.indisunique, ix.indkey ORDER BY i.relname;
[2020-07-16T11:14:52.417] [DEBUG] debugLogger - Executing (default): SELECT i.relname AS name, ix.indisprimary AS primary, ix.indisunique AS unique, ix.indkey AS indkey, array_agg(a.attnum) as column_indexes, array_agg(a.attname) AS column_names, pg_get_indexdef(ix.indexrelid) AS definition FROM pg_class t, pg_class i, pg_index ix, pg_attribute a WHERE t.oid = ix.indrelid AND i.oid = ix.indexrelid AND a.attrelid = t.oid AND t.relkind = 'r' and t.relname = 'gm_url_purview' GROUP BY i.relname, ix.indexrelid, ix.indisprimary, ix.indisunique, ix.indkey ORDER BY i.relname;
[2020-07-16T11:14:52.418] [DEBUG] debugLogger - Executing (default): SELECT i.relname AS name, ix.indisprimary AS primary, ix.indisunique AS unique, ix.indkey AS indkey, array_agg(a.attnum) as column_indexes, array_agg(a.attname) AS column_names, pg_get_indexdef(ix.indexrelid) AS definition FROM pg_class t, pg_class i, pg_index ix, pg_attribute a WHERE t.oid = ix.indrelid AND i.oid = ix.indexrelid AND a.attrelid = t.oid AND t.relkind = 'r' and t.relname = 'gm_user' GROUP BY i.relname, ix.indexrelid, ix.indisprimary, ix.indisunique, ix.indkey ORDER BY i.relname;
[2020-07-16T11:14:52.422] [DEBUG] debugLogger - Executing (default): SELECT i.relname AS name, ix.indisprimary AS primary, ix.indisunique AS unique, ix.indkey AS indkey, array_agg(a.attnum) as column_indexes, array_agg(a.attname) AS column_names, pg_get_indexdef(ix.indexrelid) AS definition FROM pg_class t, pg_class i, pg_index ix, pg_attribute a WHERE t.oid = ix.indrelid AND i.oid = ix.indexrelid AND a.attrelid = t.oid AND t.relkind = 'r' and t.relname = 'auth_user' GROUP BY i.relname, ix.indexrelid, ix.indisprimary, ix.indisunique, ix.indkey ORDER BY i.relname;
[2020-07-16T11:15:50.675] [DEBUG] debugLogger - Executing (default): SELECT gm_game.game_name,gm_game.id from (gm_user LEFT JOIN gm_purview on gm_purview.uid=gm_user.id) LEFT JOIN gm_game on gm_game.id = gm_purview.gid where gm_user.id=1
[2020-07-16T11:15:50.680] [DEBUG] debugLogger - Executing (default): select gm_url_purview.grede AS meta,gm_url.name,gm_url.url,gm_url.id AS urlid,gm_url.pid  from (((gm_user LEFT JOIN gm_purview ON gm_purview.uid=gm_user.id) LEFT JOIN gm_game on gm_game.id= gm_purview.gid)LEFT JOIN gm_url_purview on gm_url_purview.purview_id = gm_purview.id )left join gm_url on gm_url.id = gm_url_purview.url_id where gm_user.id=1 and gm_game.game_name = '空翼冒险团'
[2020-07-16T11:15:50.686] [DEBUG] debugLogger - Executing (default): select id from gm_game where game_name='空翼冒险团'
[2020-07-16T11:15:55.500] [DEBUG] debugLogger - Executing (default): select values from gm_dict where code = 'areaclothing' and gameid='1'
[2020-07-16T11:15:55.532] [DEBUG] debugLogger - Executing (default): select * from gm_server  where gameid='1' and (pid is null or  trim(pid) ='') order by id limit 10 offset (10*0)
[2020-07-16T11:15:55.537] [DEBUG] debugLogger - Executing (default): SELECT count(display) as num,display  from gm_server where gameid='1' and (pid is null or  trim(pid) ='') GROUP BY display ORDER BY display limit 10 offset (10*0)
[2020-07-16T11:15:57.653] [DEBUG] debugLogger - Executing (default): SELECT *   from gm_server where pid='13' and gameid='1'
[2020-07-16T11:16:01.480] [DEBUG] debugLogger - Executing (default): update gm_server set display = '2' where  gameid='1' and serverid='200715162013'
[2020-07-16T11:16:01.698] [DEBUG] debugLogger - Executing (default): SELECT *   from gm_server where pid='13' and gameid='1'
[2020-07-16T11:16:04.531] [DEBUG] debugLogger - Executing (default): SELECT gm_game.game_name,gm_game.id from (gm_user LEFT JOIN gm_purview on gm_purview.uid=gm_user.id) LEFT JOIN gm_game on gm_game.id = gm_purview.gid where gm_user.id=1
[2020-07-16T11:16:04.537] [DEBUG] debugLogger - Executing (default): select gm_url_purview.grede AS meta,gm_url.name,gm_url.url,gm_url.id AS urlid,gm_url.pid  from (((gm_user LEFT JOIN gm_purview ON gm_purview.uid=gm_user.id) LEFT JOIN gm_game on gm_game.id= gm_purview.gid)LEFT JOIN gm_url_purview on gm_url_purview.purview_id = gm_purview.id )left join gm_url on gm_url.id = gm_url_purview.url_id where gm_user.id=1 and gm_game.game_name = '空翼冒险团'
[2020-07-16T11:16:04.542] [DEBUG] debugLogger - Executing (default): select id from gm_game where game_name='空翼冒险团'
[2020-07-16T11:16:06.037] [DEBUG] debugLogger - Executing (default): select values from gm_dict where code = 'areaclothing' and gameid='1'
[2020-07-16T11:16:06.049] [DEBUG] debugLogger - Executing (default): select * from gm_server  where gameid='1' and (pid is null or  trim(pid) ='') order by id limit 10 offset (10*0)
[2020-07-16T11:16:06.053] [DEBUG] debugLogger - Executing (default): SELECT count(display) as num,display  from gm_server where gameid='1' and (pid is null or  trim(pid) ='') GROUP BY display ORDER BY display limit 10 offset (10*0)
[2020-07-16T11:16:08.260] [DEBUG] debugLogger - Executing (default): SELECT *   from gm_server where pid='13' and gameid='1'
[2020-07-16T11:16:18.651] [DEBUG] debugLogger - Executing (default): update gm_server set display = '1' where  gameid='1' and serverid='200715162013'
[2020-07-16T11:16:19.014] [DEBUG] debugLogger - Executing (default): SELECT *   from gm_server where pid='13' and gameid='1'
[2020-07-16T11:16:54.617] [DEBUG] debugLogger - Executing (default): select values from gm_dict where code = 'areaclothing' and gameid='1'
[2020-07-16T11:16:54.617] [DEBUG] debugLogger - Executing (default): select * from gm_server  where gameid='1' and (pid is null or  trim(pid) ='') order by id limit 10 offset (10*0)
[2020-07-16T11:16:54.626] [DEBUG] debugLogger - Executing (default): SELECT count(display) as num,display  from gm_server where gameid='1' and (pid is null or  trim(pid) ='') GROUP BY display ORDER BY display limit 10 offset (10*0)
[2020-07-16T11:16:56.753] [DEBUG] debugLogger - Executing (default): SELECT *   from gm_server where pid='13' and gameid='1'
[2020-07-16T11:18:33.357] [DEBUG] debugLogger - Executing (default): select values from gm_dict where code = 'areaclothing' and gameid='1'
[2020-07-16T11:18:33.533] [DEBUG] debugLogger - Executing (default): select * from gm_server  where gameid='1' and (pid is null or  trim(pid) ='') order by id limit 10 offset (10*0)
[2020-07-16T11:18:33.537] [DEBUG] debugLogger - Executing (default): SELECT count(display) as num,display  from gm_server where gameid='1' and (pid is null or  trim(pid) ='') GROUP BY display ORDER BY display limit 10 offset (10*0)
[2020-07-16T11:18:36.362] [DEBUG] debugLogger - Executing (default): SELECT *   from gm_server where pid='13' and gameid='1'
[2020-07-16T11:18:40.276] [DEBUG] debugLogger - Executing (default): update gm_server set display = '2' where  gameid='1' and serverid='200715162013'
[2020-07-16T11:18:40.531] [DEBUG] debugLogger - Executing (default): SELECT *   from gm_server where pid='13' and gameid='1'
[2020-07-16T11:19:00.103] [DEBUG] debugLogger - Executing (default): SELECT gm_game.game_name,gm_game.id from (gm_user LEFT JOIN gm_purview on gm_purview.uid=gm_user.id) LEFT JOIN gm_game on gm_game.id = gm_purview.gid where gm_user.id=1
[2020-07-16T11:19:00.111] [DEBUG] debugLogger - Executing (default): select gm_url_purview.grede AS meta,gm_url.name,gm_url.url,gm_url.id AS urlid,gm_url.pid  from (((gm_user LEFT JOIN gm_purview ON gm_purview.uid=gm_user.id) LEFT JOIN gm_game on gm_game.id= gm_purview.gid)LEFT JOIN gm_url_purview on gm_url_purview.purview_id = gm_purview.id )left join gm_url on gm_url.id = gm_url_purview.url_id where gm_user.id=1 and gm_game.game_name = '空翼冒险团'
[2020-07-16T11:19:00.118] [DEBUG] debugLogger - Executing (default): select id from gm_game where game_name='空翼冒险团'
[2020-07-16T11:19:02.125] [DEBUG] debugLogger - Executing (default): select values from gm_dict where code = 'areaclothing' and gameid='1'
[2020-07-16T11:19:02.230] [DEBUG] debugLogger - Executing (default): select * from gm_server  where gameid='1' and (pid is null or  trim(pid) ='') order by id limit 10 offset (10*0)
[2020-07-16T11:19:02.237] [DEBUG] debugLogger - Executing (default): SELECT count(display) as num,display  from gm_server where gameid='1' and (pid is null or  trim(pid) ='') GROUP BY display ORDER BY display limit 10 offset (10*0)
[2020-07-16T11:19:03.140] [DEBUG] debugLogger - Executing (default): SELECT *   from gm_server where pid='13' and gameid='1'
[2020-07-16T11:20:03.585] [DEBUG] debugLogger - Executing (default): select values from gm_dict where code = 'areaclothing' and gameid='1'
[2020-07-16T11:20:03.589] [DEBUG] debugLogger - Executing (default): select * from gm_server  where gameid='1' and (pid is null or  trim(pid) ='') order by id limit 10 offset (10*0)
[2020-07-16T11:20:03.595] [DEBUG] debugLogger - Executing (default): SELECT count(display) as num,display  from gm_server where gameid='1' and (pid is null or  trim(pid) ='') GROUP BY display ORDER BY display limit 10 offset (10*0)
[2020-07-16T11:20:05.705] [DEBUG] debugLogger - Executing (default): SELECT *   from gm_server where pid='13' and gameid='1'
[2020-07-16T11:20:09.166] [DEBUG] debugLogger - Executing (default): update gm_server set display = '1' where  gameid='1' and serverid='200715162013'
[2020-07-16T11:20:12.179] [DEBUG] debugLogger - Executing (default): update gm_server set display = '1' where  gameid='1' and serverid='200715162013'
[2020-07-16T11:20:16.831] [DEBUG] debugLogger - Executing (default): SELECT gm_game.game_name,gm_game.id from (gm_user LEFT JOIN gm_purview on gm_purview.uid=gm_user.id) LEFT JOIN gm_game on gm_game.id = gm_purview.gid where gm_user.id=1
[2020-07-16T11:20:16.838] [DEBUG] debugLogger - Executing (default): select gm_url_purview.grede AS meta,gm_url.name,gm_url.url,gm_url.id AS urlid,gm_url.pid  from (((gm_user LEFT JOIN gm_purview ON gm_purview.uid=gm_user.id) LEFT JOIN gm_game on gm_game.id= gm_purview.gid)LEFT JOIN gm_url_purview on gm_url_purview.purview_id = gm_purview.id )left join gm_url on gm_url.id = gm_url_purview.url_id where gm_user.id=1 and gm_game.game_name = '空翼冒险团'
[2020-07-16T11:20:16.846] [DEBUG] debugLogger - Executing (default): select id from gm_game where game_name='空翼冒险团'
[2020-07-16T11:20:18.311] [DEBUG] debugLogger - Executing (default): select values from gm_dict where code = 'areaclothing' and gameid='1'
[2020-07-16T11:20:18.315] [DEBUG] debugLogger - Executing (default): select * from gm_server  where gameid='1' and (pid is null or  trim(pid) ='') order by id limit 10 offset (10*0)
[2020-07-16T11:20:18.319] [DEBUG] debugLogger - Executing (default): SELECT count(display) as num,display  from gm_server where gameid='1' and (pid is null or  trim(pid) ='') GROUP BY display ORDER BY display limit 10 offset (10*0)
[2020-07-16T11:20:20.037] [DEBUG] debugLogger - Executing (default): SELECT *   from gm_server where pid='13' and gameid='1'
[2020-07-16T11:20:25.110] [DEBUG] debugLogger - Executing (default): update gm_server set display = '2' where  gameid='1' and serverid='200715162013'
[2020-07-16T11:20:36.797] [DEBUG] debugLogger - Executing (default): select values from gm_dict where code = 'areaclothing' and gameid='1'
[2020-07-16T11:20:36.803] [DEBUG] debugLogger - Executing (default): select * from gm_server  where gameid='1' and (pid is null or  trim(pid) ='') order by id limit 10 offset (10*0)
[2020-07-16T11:20:36.812] [DEBUG] debugLogger - Executing (default): SELECT count(display) as num,display  from gm_server where gameid='1' and (pid is null or  trim(pid) ='') GROUP BY display ORDER BY display limit 10 offset (10*0)
[2020-07-16T11:20:41.552] [DEBUG] debugLogger - Executing (default): select values from gm_dict where code = 'areaclothing' and gameid='1'
[2020-07-16T11:20:41.619] [DEBUG] debugLogger - Executing (default): select * from gm_server  where gameid='1' and (pid is null or  trim(pid) ='') order by id limit 10 offset (10*0)
[2020-07-16T11:20:41.623] [DEBUG] debugLogger - Executing (default): SELECT count(display) as num,display  from gm_server where gameid='1' and (pid is null or  trim(pid) ='') GROUP BY display ORDER BY display limit 10 offset (10*0)
[2020-07-16T11:20:49.805] [DEBUG] debugLogger - Executing (default): SELECT *   from gm_server where pid='13' and gameid='1'
[2020-07-16T11:20:54.420] [DEBUG] debugLogger - Executing (default): update gm_server set display = '1' where  gameid='1' and serverid='200715162013'
[2020-07-16T11:21:50.851] [DEBUG] debugLogger - Executing (default): select values from gm_dict where code = 'areaclothing' and gameid='1'
[2020-07-16T11:21:50.853] [DEBUG] debugLogger - Executing (default): select * from gm_server  where gameid='1' and (pid is null or  trim(pid) ='') order by id limit 10 offset (10*0)
[2020-07-16T11:21:50.860] [DEBUG] debugLogger - Executing (default): SELECT count(display) as num,display  from gm_server where gameid='1' and (pid is null or  trim(pid) ='') GROUP BY display ORDER BY display limit 10 offset (10*0)
[2020-07-16T11:21:52.516] [DEBUG] debugLogger - Executing (default): SELECT *   from gm_server where pid='13' and gameid='1'
[2020-07-16T11:21:57.552] [DEBUG] debugLogger - Executing (default): update gm_server set display = '2' where  gameid='1' and serverid='200715162013'
[2020-07-16T11:22:53.265] [DEBUG] debugLogger - Executing (default): select values from gm_dict where code = 'areaclothing' and gameid='1'
[2020-07-16T11:22:53.268] [DEBUG] debugLogger - Executing (default): select * from gm_server  where gameid='1' and (pid is null or  trim(pid) ='') order by id limit 10 offset (10*0)
[2020-07-16T11:22:53.273] [DEBUG] debugLogger - Executing (default): SELECT count(display) as num,display  from gm_server where gameid='1' and (pid is null or  trim(pid) ='') GROUP BY display ORDER BY display limit 10 offset (10*0)
[2020-07-16T11:23:06.650] [DEBUG] debugLogger - Executing (default): SELECT *   from gm_server where pid='13' and gameid='1'
[2020-07-16T11:24:13.286] [DEBUG] debugLogger - Executing (default): select values from gm_dict where code = 'areaclothing' and gameid='1'
[2020-07-16T11:24:13.290] [DEBUG] debugLogger - Executing (default): select * from gm_server  where gameid='1' and (pid is null or  trim(pid) ='') order by id limit 10 offset (10*0)
[2020-07-16T11:24:13.295] [DEBUG] debugLogger - Executing (default): SELECT count(display) as num,display  from gm_server where gameid='1' and (pid is null or  trim(pid) ='') GROUP BY display ORDER BY display limit 10 offset (10*0)
[2020-07-16T11:24:57.106] [DEBUG] debugLogger - Executing (default): select values from gm_dict where code = 'areaclothing' and gameid='1'
[2020-07-16T11:24:57.108] [DEBUG] debugLogger - Executing (default): select * from gm_server  where gameid='1' and (pid is null or  trim(pid) ='') order by id limit 10 offset (10*0)
[2020-07-16T11:24:57.113] [DEBUG] debugLogger - Executing (default): SELECT count(display) as num,display  from gm_server where gameid='1' and (pid is null or  trim(pid) ='') GROUP BY display ORDER BY display limit 10 offset (10*0)
[2020-07-16T11:25:06.723] [DEBUG] debugLogger - Executing (default): select values from gm_dict where code = 'areaclothing' and gameid='1'
[2020-07-16T11:25:06.723] [DEBUG] debugLogger - Executing (default): select * from gm_server  where gameid='1' and (pid is null or  trim(pid) ='') order by id limit 10 offset (10*0)
[2020-07-16T11:25:06.728] [DEBUG] debugLogger - Executing (default): SELECT count(display) as num,display  from gm_server where gameid='1' and (pid is null or  trim(pid) ='') GROUP BY display ORDER BY display limit 10 offset (10*0)
[2020-07-16T11:25:42.387] [DEBUG] debugLogger - Executing (default): select values from gm_dict where code = 'areaclothing' and gameid='1'
[2020-07-16T11:25:42.388] [DEBUG] debugLogger - Executing (default): select * from gm_server  where gameid='1' and (pid is null or  trim(pid) ='') order by id limit 10 offset (10*0)
[2020-07-16T11:25:42.402] [DEBUG] debugLogger - Executing (default): SELECT count(display) as num,display  from gm_server where gameid='1' and (pid is null or  trim(pid) ='') GROUP BY display ORDER BY display limit 10 offset (10*0)
[2020-07-16T11:26:38.966] [DEBUG] debugLogger - Executing (default): SELECT *   from gm_server where pid='13' and gameid='1'
[2020-07-16T11:26:43.431] [DEBUG] debugLogger - Executing (default): update gm_server set display = '1' where  gameid='1' and serverid='200715162013'
[2020-07-16T11:32:18.451] [DEBUG] debugLogger - Executing (default): select values from gm_dict where code = 'areaclothing' and gameid='1'
[2020-07-16T11:32:18.452] [DEBUG] debugLogger - Executing (default): select * from gm_server  where gameid='1' and (pid is null or  trim(pid) ='') order by id limit 10 offset (10*0)
[2020-07-16T11:32:18.456] [DEBUG] debugLogger - Executing (default): SELECT count(display) as num,display  from gm_server where gameid='1' and (pid is null or  trim(pid) ='') GROUP BY display ORDER BY display limit 10 offset (10*0)
[2020-07-16T11:32:21.951] [DEBUG] debugLogger - Executing (default): SELECT *   from gm_server where pid='13' and gameid='1'
[2020-07-16T11:32:25.632] [DEBUG] debugLogger - Executing (default): update gm_server set display = '2' where  gameid='1' and serverid='200715162013'
[2020-07-16T11:32:41.052] [DEBUG] debugLogger - Executing (default): select values from gm_dict where code = 'areaclothing' and gameid='1'
[2020-07-16T11:32:41.056] [DEBUG] debugLogger - Executing (default): select * from gm_server  where gameid='1' and (pid is null or  trim(pid) ='') order by id limit 10 offset (10*0)
[2020-07-16T11:32:41.061] [DEBUG] debugLogger - Executing (default): SELECT count(display) as num,display  from gm_server where gameid='1' and (pid is null or  trim(pid) ='') GROUP BY display ORDER BY display limit 10 offset (10*0)
[2020-07-16T11:33:03.107] [DEBUG] debugLogger - Executing (default): SELECT *   from gm_server where pid='13' and gameid='1'
[2020-07-16T11:33:07.572] [DEBUG] debugLogger - Executing (default): update gm_server set display = '1' where  gameid='1' and serverid='200715162013'
[2020-07-16T11:33:37.413] [DEBUG] debugLogger - Executing (default): select values from gm_dict where code = 'areaclothing' and gameid='1'
[2020-07-16T11:33:37.522] [DEBUG] debugLogger - Executing (default): select * from gm_server  where gameid='1' and (pid is null or  trim(pid) ='') order by id limit 10 offset (10*0)
[2020-07-16T11:33:37.527] [DEBUG] debugLogger - Executing (default): SELECT count(display) as num,display  from gm_server where gameid='1' and (pid is null or  trim(pid) ='') GROUP BY display ORDER BY display limit 10 offset (10*0)
[2020-07-16T11:34:44.027] [DEBUG] debugLogger - Executing (default): SELECT *   from gm_server where pid='13' and gameid='1'
[2020-07-16T11:35:28.852] [DEBUG] debugLogger - Executing (default): select * from gm_server  where gameid='1' and (pid is null or  trim(pid) ='') order by id limit 10 offset (10*0)
[2020-07-16T11:35:28.859] [DEBUG] debugLogger - Executing (default): SELECT count(display) as num,display  from gm_server where gameid='1' and (pid is null or  trim(pid) ='') GROUP BY display ORDER BY display limit 10 offset (10*0)
[2020-07-16T11:35:33.854] [DEBUG] debugLogger - Executing (default): select * from gm_server  where load='1' and gameid='1' and (pid is null or  trim(pid) ='') order by id limit 10 offset (10*0)
[2020-07-16T11:35:33.860] [DEBUG] debugLogger - Executing (default): SELECT count(display) as num,display  from gm_server where load='1' and gameid='1' and (pid is null or  trim(pid) ='') GROUP BY display ORDER BY display limit 10 offset (10*0)
[2020-07-16T11:35:36.832] [DEBUG] debugLogger - Executing (default): select * from gm_server  where gameid='1' and (pid is null or  trim(pid) ='') order by id limit 10 offset (10*0)
[2020-07-16T11:35:36.836] [DEBUG] debugLogger - Executing (default): SELECT count(display) as num,display  from gm_server where gameid='1' and (pid is null or  trim(pid) ='') GROUP BY display ORDER BY display limit 10 offset (10*0)
[2020-07-16T11:35:38.463] [DEBUG] debugLogger - Executing (default): SELECT *   from gm_server where pid='13' and gameid='1'
[2020-07-16T11:35:41.428] [DEBUG] debugLogger - Executing (default): select * from gm_server  where display='1' and gameid='1' and (pid is null or  trim(pid) ='') order by id limit 10 offset (10*0)
[2020-07-16T11:35:41.432] [DEBUG] debugLogger - Executing (default): SELECT count(display) as num,display  from gm_server where display='1' and gameid='1' and (pid is null or  trim(pid) ='') GROUP BY display ORDER BY display limit 10 offset (10*0)
[2020-07-16T11:35:44.276] [DEBUG] debugLogger - Executing (default): select * from gm_server  where display='1' and gameid='1' and NOT(childrens is null) and (pid is null or  trim(pid) ='') order by id limit 10 offset (10*0)
[2020-07-16T11:35:44.509] [DEBUG] debugLogger - Executing (default): SELECT count(display) as num,display  from gm_server where display='1' and gameid='1' and NOT(childrens is null) and (pid is null or  trim(pid) ='') GROUP BY display ORDER BY display limit 10 offset (10*0)
[2020-07-16T11:35:50.596] [DEBUG] debugLogger - Executing (default): update gm_server set display = '2' where  gameid='1' and serverid='200715162013'
[2020-07-16T11:35:54.173] [DEBUG] debugLogger - Executing (default): select * from gm_server  where display='1' and gameid='1' and (childrens is null) and (pid is null or  trim(pid) ='') order by id limit 10 offset (10*0)
[2020-07-16T11:35:54.190] [DEBUG] debugLogger - Executing (default): SELECT count(display) as num,display  from gm_server where display='1' and gameid='1' and (childrens is null) and (pid is null or  trim(pid) ='') GROUP BY display ORDER BY display limit 10 offset (10*0)
[2020-07-16T11:35:56.367] [DEBUG] debugLogger - Executing (default): select * from gm_server  where display='1' and gameid='1' and NOT(childrens is null) and (pid is null or  trim(pid) ='') order by id limit 10 offset (10*0)
[2020-07-16T11:35:56.370] [DEBUG] debugLogger - Executing (default): SELECT count(display) as num,display  from gm_server where display='1' and gameid='1' and NOT(childrens is null) and (pid is null or  trim(pid) ='') GROUP BY display ORDER BY display limit 10 offset (10*0)
[2020-07-16T11:35:58.711] [DEBUG] debugLogger - Executing (default): select * from gm_server  where display='1' and gameid='1' and (pid is null or  trim(pid) ='') order by id limit 10 offset (10*0)
[2020-07-16T11:35:58.715] [DEBUG] debugLogger - Executing (default): SELECT count(display) as num,display  from gm_server where display='1' and gameid='1' and (pid is null or  trim(pid) ='') GROUP BY display ORDER BY display limit 10 offset (10*0)
[2020-07-16T11:36:01.747] [DEBUG] debugLogger - Executing (default): select * from gm_server  where gameid='1' and (pid is null or  trim(pid) ='') order by id limit 10 offset (10*0)
[2020-07-16T11:36:01.751] [DEBUG] debugLogger - Executing (default): SELECT count(display) as num,display  from gm_server where gameid='1' and (pid is null or  trim(pid) ='') GROUP BY display ORDER BY display limit 10 offset (10*0)
[2020-07-16T11:36:03.449] [DEBUG] debugLogger - Executing (default): SELECT *   from gm_server where pid='13' and gameid='1'
[2020-07-16T11:36:21.395] [DEBUG] debugLogger - Executing (default): select values from gm_dict where code = 'areaclothing' and gameid='1'
[2020-07-16T11:36:21.398] [DEBUG] debugLogger - Executing (default): select * from gm_server  where gameid='1' and (pid is null or  trim(pid) ='') order by id limit 10 offset (10*0)
[2020-07-16T11:36:21.404] [DEBUG] debugLogger - Executing (default): SELECT count(display) as num,display  from gm_server where gameid='1' and (pid is null or  trim(pid) ='') GROUP BY display ORDER BY display limit 10 offset (10*0)
[2020-07-16T11:36:24.366] [DEBUG] debugLogger - Executing (default): SELECT *   from gm_server where pid='13' and gameid='1'
[2020-07-16T11:36:28.749] [DEBUG] debugLogger - Executing (default): update gm_server set display = '1' where  gameid='1' and serverid='200715162013'
[2020-07-16T11:36:57.172] [DEBUG] debugLogger - Executing (default): select values from gm_dict where code = 'areaclothing' and gameid='1'
[2020-07-16T11:36:57.176] [DEBUG] debugLogger - Executing (default): select * from gm_server  where gameid='1' and (pid is null or  trim(pid) ='') order by id limit 10 offset (10*0)
[2020-07-16T11:36:57.187] [DEBUG] debugLogger - Executing (default): SELECT count(display) as num,display  from gm_server where gameid='1' and (pid is null or  trim(pid) ='') GROUP BY display ORDER BY display limit 10 offset (10*0)
[2020-07-16T11:37:48.671] [DEBUG] debugLogger - Executing (default): select values from gm_dict where code = 'areaclothing' and gameid='1'
[2020-07-16T11:37:48.671] [DEBUG] debugLogger - Executing (default): select * from gm_server  where gameid='1' and (pid is null or  trim(pid) ='') order by id limit 10 offset (10*0)
[2020-07-16T11:37:48.677] [DEBUG] debugLogger - Executing (default): SELECT count(display) as num,display  from gm_server where gameid='1' and (pid is null or  trim(pid) ='') GROUP BY display ORDER BY display limit 10 offset (10*0)
[2020-07-16T11:37:50.113] [DEBUG] debugLogger - Executing (default): SELECT *   from gm_server where pid='13' and gameid='1'
[2020-07-16T11:37:54.565] [DEBUG] debugLogger - Executing (default): update gm_server set display = '3' where  gameid='1' and serverid='200715162013'
[2020-07-16T11:37:54.912] [DEBUG] debugLogger - Executing (default): select * from gm_server  where gameid='1' and (pid is null or  trim(pid) ='') order by id limit 10 offset (10*0)
[2020-07-16T11:37:54.918] [DEBUG] debugLogger - Executing (default): SELECT count(display) as num,display  from gm_server where gameid='1' and (pid is null or  trim(pid) ='') GROUP BY display ORDER BY display limit 10 offset (10*0)
[2020-07-16T11:38:03.675] [DEBUG] debugLogger - Executing (default): update gm_server set display = '2' where  gameid='1' and serverid='200715162013'
[2020-07-16T11:38:04.029] [DEBUG] debugLogger - Executing (default): select * from gm_server  where gameid='1' and (pid is null or  trim(pid) ='') order by id limit 10 offset (10*0)
[2020-07-16T11:38:04.033] [DEBUG] debugLogger - Executing (default): SELECT count(display) as num,display  from gm_server where gameid='1' and (pid is null or  trim(pid) ='') GROUP BY display ORDER BY display limit 10 offset (10*0)
[2020-07-16T11:38:06.248] [DEBUG] debugLogger - Executing (default): select * from gm_server  where gameid='1' and (pid is null or  trim(pid) ='') order by id limit 10 offset (10*0)
[2020-07-16T11:38:06.252] [DEBUG] debugLogger - Executing (default): SELECT count(display) as num,display  from gm_server where gameid='1' and (pid is null or  trim(pid) ='') GROUP BY display ORDER BY display limit 10 offset (10*0)
[2020-07-16T11:40:14.655] [DEBUG] debugLogger - Executing (default): select values from gm_dict where code = 'areaclothing' and gameid='1'
[2020-07-16T11:40:14.658] [DEBUG] debugLogger - Executing (default): select * from gm_server  where gameid='1' and (pid is null or  trim(pid) ='') order by id limit 10 offset (10*0)
[2020-07-16T11:40:14.664] [DEBUG] debugLogger - Executing (default): SELECT count(display) as num,display  from gm_server where gameid='1' and (pid is null or  trim(pid) ='') GROUP BY display ORDER BY display limit 10 offset (10*0)
[2020-07-16T11:40:15.140] [DEBUG] debugLogger - Executing (default): select values from gm_dict where code = 'areaclothing' and gameid='1'
[2020-07-16T11:40:15.457] [DEBUG] debugLogger - Executing (default): select * from gm_server  where gameid='1' and (pid is null or  trim(pid) ='') order by id limit 10 offset (10*0)
[2020-07-16T11:40:15.460] [DEBUG] debugLogger - Executing (default): SELECT count(display) as num,display  from gm_server where gameid='1' and (pid is null or  trim(pid) ='') GROUP BY display ORDER BY display limit 10 offset (10*0)
[2020-07-16T11:40:18.677] [DEBUG] debugLogger - Executing (default): SELECT *   from gm_server where pid='13' and gameid='1'
[2020-07-16T11:40:19.153] [DEBUG] debugLogger - Executing (default): SELECT *   from gm_server where pid='13' and gameid='1'
[2020-07-16T11:40:34.019] [DEBUG] debugLogger - Executing (default): update gm_server set display = '1' where  gameid='1' and serverid='200715162013'
[2020-07-16T11:40:34.261] [DEBUG] debugLogger - Executing (default): select * from gm_server  where gameid='1' and (pid is null or  trim(pid) ='') order by id limit 10 offset (10*0)
[2020-07-16T11:40:34.267] [DEBUG] debugLogger - Executing (default): SELECT count(display) as num,display  from gm_server where gameid='1' and (pid is null or  trim(pid) ='') GROUP BY display ORDER BY display limit 10 offset (10*0)
[2020-07-16T11:40:36.069] [DEBUG] debugLogger - Executing (default): SELECT *   from gm_server where pid='13' and gameid='1'
[2020-07-16T11:42:23.866] [DEBUG] debugLogger - Executing (default): SELECT gm_game.game_name,gm_game.id from (gm_user LEFT JOIN gm_purview on gm_purview.uid=gm_user.id) LEFT JOIN gm_game on gm_game.id = gm_purview.gid where gm_user.id=1
[2020-07-16T11:42:23.872] [DEBUG] debugLogger - Executing (default): select gm_url_purview.grede AS meta,gm_url.name,gm_url.url,gm_url.id AS urlid,gm_url.pid  from (((gm_user LEFT JOIN gm_purview ON gm_purview.uid=gm_user.id) LEFT JOIN gm_game on gm_game.id= gm_purview.gid)LEFT JOIN gm_url_purview on gm_url_purview.purview_id = gm_purview.id )left join gm_url on gm_url.id = gm_url_purview.url_id where gm_user.id=1 and gm_game.game_name = '空翼冒险团'
[2020-07-16T11:42:23.900] [DEBUG] debugLogger - Executing (default): select id from gm_game where game_name='空翼冒险团'
[2020-07-16T11:42:25.007] [DEBUG] debugLogger - Executing (default): select values from gm_dict where code = 'areaclothing' and gameid='1'
[2020-07-16T11:42:25.079] [DEBUG] debugLogger - Executing (default): select * from gm_server  where gameid='1' and (pid is null or  trim(pid) ='') order by id limit 10 offset (10*0)
[2020-07-16T11:42:25.085] [DEBUG] debugLogger - Executing (default): SELECT count(display) as num,display  from gm_server where gameid='1' and (pid is null or  trim(pid) ='') GROUP BY display ORDER BY display limit 10 offset (10*0)
[2020-07-16T11:42:45.494] [DEBUG] debugLogger - Executing (default): SELECT gm_game.game_name,gm_game.id from (gm_user LEFT JOIN gm_purview on gm_purview.uid=gm_user.id) LEFT JOIN gm_game on gm_game.id = gm_purview.gid where gm_user.id=1
[2020-07-16T11:42:45.500] [DEBUG] debugLogger - Executing (default): select gm_url_purview.grede AS meta,gm_url.name,gm_url.url,gm_url.id AS urlid,gm_url.pid  from (((gm_user LEFT JOIN gm_purview ON gm_purview.uid=gm_user.id) LEFT JOIN gm_game on gm_game.id= gm_purview.gid)LEFT JOIN gm_url_purview on gm_url_purview.purview_id = gm_purview.id )left join gm_url on gm_url.id = gm_url_purview.url_id where gm_user.id=1 and gm_game.game_name = '空翼冒险团'
[2020-07-16T11:42:45.506] [DEBUG] debugLogger - Executing (default): select id from gm_game where game_name='空翼冒险团'
[2020-07-16T11:42:46.937] [DEBUG] debugLogger - Executing (default): select values from gm_dict where code = 'areaclothing' and gameid='1'
[2020-07-16T11:42:46.943] [DEBUG] debugLogger - Executing (default): select * from gm_server  where gameid='1' and (pid is null or  trim(pid) ='') order by id limit 10 offset (10*0)
[2020-07-16T11:42:46.953] [DEBUG] debugLogger - Executing (default): SELECT count(display) as num,display  from gm_server where gameid='1' and (pid is null or  trim(pid) ='') GROUP BY display ORDER BY display limit 10 offset (10*0)
[2020-07-16T11:43:10.067] [DEBUG] debugLogger - Executing (default): INSERT INTO "gm_server" ("id","status","create_user_id","create_time","update_time","servername","ip","address","plaform","display","srttime","channel","gamename","serverid","test","gameid") VALUES (DEFAULT,$1,$2,CURRENT_TIMESTAMP,CURRENT_TIMESTAMP,$3,$4,$5,$6,$7,$8,$9,$10,$11,$12,$13) RETURNING *;
[2020-07-16T11:43:13.226] [DEBUG] debugLogger - Executing (default): select * from gm_server  where gameid='1' and (pid is null or  trim(pid) ='') order by id limit 10 offset (10*0)
[2020-07-16T11:43:13.230] [DEBUG] debugLogger - Executing (default): SELECT count(display) as num,display  from gm_server where gameid='1' and (pid is null or  trim(pid) ='') GROUP BY display ORDER BY display limit 10 offset (10*0)
[2020-07-16T11:43:15.107] [DEBUG] debugLogger - Executing (default): select * from gm_server  where gameid='1' and (pid is null or  trim(pid) ='') order by id limit 10 offset (10*0)
[2020-07-16T11:43:15.114] [DEBUG] debugLogger - Executing (default): SELECT count(display) as num,display  from gm_server where gameid='1' and (pid is null or  trim(pid) ='') GROUP BY display ORDER BY display limit 10 offset (10*0)
[2020-07-16T11:43:15.373] [DEBUG] debugLogger - Executing (default): select * from gm_server  where gameid='1' and (pid is null or  trim(pid) ='') order by id limit 10 offset (10*0)
[2020-07-16T11:43:15.378] [DEBUG] debugLogger - Executing (default): SELECT count(display) as num,display  from gm_server where gameid='1' and (pid is null or  trim(pid) ='') GROUP BY display ORDER BY display limit 10 offset (10*0)
[2020-07-16T11:43:15.486] [DEBUG] debugLogger - Executing (default): select * from gm_server  where gameid='1' and (pid is null or  trim(pid) ='') order by id limit 10 offset (10*0)
[2020-07-16T11:43:15.495] [DEBUG] debugLogger - Executing (default): SELECT count(display) as num,display  from gm_server where gameid='1' and (pid is null or  trim(pid) ='') GROUP BY display ORDER BY display limit 10 offset (10*0)
[2020-07-16T11:43:15.705] [DEBUG] debugLogger - Executing (default): select * from gm_server  where gameid='1' and (pid is null or  trim(pid) ='') order by id limit 10 offset (10*0)
[2020-07-16T11:43:15.710] [DEBUG] debugLogger - Executing (default): SELECT count(display) as num,display  from gm_server where gameid='1' and (pid is null or  trim(pid) ='') GROUP BY display ORDER BY display limit 10 offset (10*0)
[2020-07-16T11:44:40.520] [DEBUG] debugLogger - Executing (default): INSERT INTO "gm_server" ("id","status","create_user_id","create_time","update_time","servername","ip","address","plaform","display","srttime","channel","gamename","serverid","test","gameid") VALUES (DEFAULT,$1,$2,CURRENT_TIMESTAMP,CURRENT_TIMESTAMP,$3,$4,$5,$6,$7,$8,$9,$10,$11,$12,$13) RETURNING *;
[2020-07-16T11:44:56.010] [DEBUG] debugLogger - Executing (default): select * from gm_server  where gameid='1' and (pid is null or  trim(pid) ='') order by id limit 10 offset (10*0)
[2020-07-16T11:44:56.015] [DEBUG] debugLogger - Executing (default): SELECT count(display) as num,display  from gm_server where gameid='1' and (pid is null or  trim(pid) ='') GROUP BY display ORDER BY display limit 10 offset (10*0)
[2020-07-16T11:45:56.746] [DEBUG] debugLogger - Executing (default): select values from gm_dict where code = 'areaclothing' and gameid='1'
[2020-07-16T11:45:56.752] [DEBUG] debugLogger - Executing (default): select * from gm_server  where gameid='1' and (pid is null or  trim(pid) ='') order by id limit 10 offset (10*0)
[2020-07-16T11:45:56.760] [DEBUG] debugLogger - Executing (default): SELECT count(display) as num,display  from gm_server where gameid='1' and (pid is null or  trim(pid) ='') GROUP BY display ORDER BY display limit 10 offset (10*0)
[2020-07-16T11:47:53.931] [DEBUG] debugLogger - Executing (default): SELECT gm_game.game_name,gm_game.id from (gm_user LEFT JOIN gm_purview on gm_purview.uid=gm_user.id) LEFT JOIN gm_game on gm_game.id = gm_purview.gid where gm_user.id=1
[2020-07-16T11:47:53.939] [DEBUG] debugLogger - Executing (default): select gm_url_purview.grede AS meta,gm_url.name,gm_url.url,gm_url.id AS urlid,gm_url.pid  from (((gm_user LEFT JOIN gm_purview ON gm_purview.uid=gm_user.id) LEFT JOIN gm_game on gm_game.id= gm_purview.gid)LEFT JOIN gm_url_purview on gm_url_purview.purview_id = gm_purview.id )left join gm_url on gm_url.id = gm_url_purview.url_id where gm_user.id=1 and gm_game.game_name = '空翼冒险团'
[2020-07-16T11:47:53.953] [DEBUG] debugLogger - Executing (default): select id from gm_game where game_name='空翼冒险团'
[2020-07-16T11:47:56.510] [DEBUG] debugLogger - Executing (default): select values from gm_dict where code = 'areaclothing' and gameid='1'
[2020-07-16T11:47:56.595] [DEBUG] debugLogger - Executing (default): select * from gm_server  where gameid='1' and (pid is null or  trim(pid) ='') order by id limit 10 offset (10*0)
[2020-07-16T11:47:56.614] [DEBUG] debugLogger - Executing (default): SELECT count(display) as num,display  from gm_server where gameid='1' and (pid is null or  trim(pid) ='') GROUP BY display ORDER BY display limit 10 offset (10*0)
[2020-07-16T11:48:29.849] [DEBUG] debugLogger - Executing (default): select * from gm_server  where gameid='1' and (pid is null or  trim(pid) ='') order by id limit 10 offset (10*0)
[2020-07-16T11:48:29.850] [DEBUG] debugLogger - Executing (default): INSERT INTO "gm_server" ("id","status","create_user_id","create_time","update_time","servername","ip","address","plaform","display","srttime","channel","gamename","serverid","test","gameid") VALUES (DEFAULT,$1,$2,CURRENT_TIMESTAMP,CURRENT_TIMESTAMP,$3,$4,$5,$6,$7,$8,$9,$10,$11,$12,$13) RETURNING *;
[2020-07-16T11:48:29.854] [DEBUG] debugLogger - Executing (default): SELECT count(display) as num,display  from gm_server where gameid='1' and (pid is null or  trim(pid) ='') GROUP BY display ORDER BY display limit 10 offset (10*0)
[2020-07-16T11:48:43.271] [DEBUG] debugLogger - Executing (default): select * from gm_server  where gameid='1' and (pid is null or  trim(pid) ='') order by id limit 10 offset (10*0)
[2020-07-16T11:48:43.272] [DEBUG] debugLogger - Executing (default): INSERT INTO "gm_server" ("id","status","create_user_id","create_time","update_time","servername","ip","address","plaform","display","srttime","channel","gamename","serverid","test","gameid") VALUES (DEFAULT,$1,$2,CURRENT_TIMESTAMP,CURRENT_TIMESTAMP,$3,$4,$5,$6,$7,$8,$9,$10,$11,$12,$13) RETURNING *;
[2020-07-16T11:48:43.276] [DEBUG] debugLogger - Executing (default): SELECT count(display) as num,display  from gm_server where gameid='1' and (pid is null or  trim(pid) ='') GROUP BY display ORDER BY display limit 10 offset (10*0)
[2020-07-16T11:48:45.201] [DEBUG] debugLogger - Executing (default): select * from gm_server  where gameid='1' and (pid is null or  trim(pid) ='') order by id limit 10 offset (10*0)
[2020-07-16T11:48:45.205] [DEBUG] debugLogger - Executing (default): SELECT count(display) as num,display  from gm_server where gameid='1' and (pid is null or  trim(pid) ='') GROUP BY display ORDER BY display limit 10 offset (10*0)
[2020-07-16T11:48:51.740] [DEBUG] debugLogger - Executing (default): insert into gm_server (serverid ,childrens,gameid,channel,plaform,display,test)VALUES ('200716114851',array['2007161148146459','20071611482987103'],'1',array['久游'],'1','3','0')
[2020-07-16T11:48:54.358] [DEBUG] debugLogger - Executing (default): select * from gm_server  where gameid='1' and (pid is null or  trim(pid) ='') order by id limit 10 offset (10*0)
[2020-07-16T11:48:54.362] [DEBUG] debugLogger - Executing (default): SELECT count(display) as num,display  from gm_server where gameid='1' and (pid is null or  trim(pid) ='') GROUP BY display ORDER BY display limit 10 offset (10*0)
[2020-07-16T11:48:56.535] [DEBUG] debugLogger - Executing (default): SELECT *   from gm_server where pid='25' and gameid='1'
[2020-07-16T11:48:59.632] [DEBUG] debugLogger - Executing (default): update gm_server set display = '5' where  gameid='1' and serverid='200716114851'
[2020-07-16T11:48:59.969] [DEBUG] debugLogger - Executing (default): select * from gm_server  where gameid='1' and (pid is null or  trim(pid) ='') order by id limit 10 offset (10*0)
[2020-07-16T11:48:59.974] [DEBUG] debugLogger - Executing (default): SELECT count(display) as num,display  from gm_server where gameid='1' and (pid is null or  trim(pid) ='') GROUP BY display ORDER BY display limit 10 offset (10*0)
[2020-07-16T11:49:02.138] [DEBUG] debugLogger - Executing (default): select * from gm_server  where gameid='1' and (pid is null or  trim(pid) ='') order by id limit 10 offset (10*0)
[2020-07-16T11:49:02.142] [DEBUG] debugLogger - Executing (default): SELECT count(display) as num,display  from gm_server where gameid='1' and (pid is null or  trim(pid) ='') GROUP BY display ORDER BY display limit 10 offset (10*0)
[2020-07-16T11:49:06.937] [DEBUG] debugLogger - Executing (default): select * from gm_server  where gameid='1' and (pid is null or  trim(pid) ='') order by id limit 10 offset (10*0)
[2020-07-16T11:49:06.942] [DEBUG] debugLogger - Executing (default): SELECT count(display) as num,display  from gm_server where gameid='1' and (pid is null or  trim(pid) ='') GROUP BY display ORDER BY display limit 10 offset (10*0)
[2020-07-16T11:49:07.196] [DEBUG] debugLogger - Executing (default): select * from gm_server  where gameid='1' and (pid is null or  trim(pid) ='') order by id limit 10 offset (10*0)
[2020-07-16T11:49:07.200] [DEBUG] debugLogger - Executing (default): SELECT count(display) as num,display  from gm_server where gameid='1' and (pid is null or  trim(pid) ='') GROUP BY display ORDER BY display limit 10 offset (10*0)
[2020-07-16T11:49:50.963] [DEBUG] debugLogger - Executing (default): update gm_server set display = '5' where  gameid='1' and serverid='2007161144245463'
[2020-07-16T11:49:51.219] [DEBUG] debugLogger - Executing (default): select * from gm_server  where gameid='1' and (pid is null or  trim(pid) ='') order by id limit 10 offset (10*0)
[2020-07-16T11:49:51.224] [DEBUG] debugLogger - Executing (default): SELECT count(display) as num,display  from gm_server where gameid='1' and (pid is null or  trim(pid) ='') GROUP BY display ORDER BY display limit 10 offset (10*0)
[2020-07-16T11:51:02.111] [DEBUG] debugLogger - Executing (default): select values from gm_dict where code = 'areaclothing' and gameid='1'
[2020-07-16T11:51:02.114] [DEBUG] debugLogger - Executing (default): select * from gm_server  where gameid='1' and (pid is null or  trim(pid) ='') order by id limit 10 offset (10*0)
[2020-07-16T11:51:02.120] [DEBUG] debugLogger - Executing (default): SELECT count(display) as num,display  from gm_server where gameid='1' and (pid is null or  trim(pid) ='') GROUP BY display ORDER BY display limit 10 offset (10*0)
[2020-07-16T11:51:12.030] [DEBUG] debugLogger - Executing (default): insert into gm_server (serverid ,childrens,gameid,channel,plaform,display,test)VALUES ('200716115112',array['2007151624152378','2007161141571737'],'1',array['久游','小米'],'2','3','0')
[2020-07-16T11:51:17.823] [DEBUG] debugLogger - Executing (default): select * from gm_server  where gameid='1' and (pid is null or  trim(pid) ='') order by id limit 10 offset (10*0)
[2020-07-16T11:51:17.826] [DEBUG] debugLogger - Executing (default): SELECT count(display) as num,display  from gm_server where gameid='1' and (pid is null or  trim(pid) ='') GROUP BY display ORDER BY display limit 10 offset (10*0)
[2020-07-16T11:59:51.561] [DEBUG] debugLogger - Executing (default): select values from gm_dict where code = 'areaclothing' and gameid='1'
[2020-07-16T11:59:51.562] [DEBUG] debugLogger - Executing (default): select * from gm_server  where gameid='1' and (pid is null or  trim(pid) ='') order by id limit 10 offset (10*0)
[2020-07-16T11:59:51.566] [DEBUG] debugLogger - Executing (default): SELECT count(display) as num,display  from gm_server where gameid='1' and (pid is null or  trim(pid) ='') GROUP BY display ORDER BY display limit 10 offset (10*0)
[2020-07-16T12:00:36.505] [DEBUG] debugLogger - Executing (default): SELECT gm_game.game_name,gm_game.id from (gm_user LEFT JOIN gm_purview on gm_purview.uid=gm_user.id) LEFT JOIN gm_game on gm_game.id = gm_purview.gid where gm_user.id=1
[2020-07-16T12:00:36.517] [DEBUG] debugLogger - Executing (default): select gm_url_purview.grede AS meta,gm_url.name,gm_url.url,gm_url.id AS urlid,gm_url.pid  from (((gm_user LEFT JOIN gm_purview ON gm_purview.uid=gm_user.id) LEFT JOIN gm_game on gm_game.id= gm_purview.gid)LEFT JOIN gm_url_purview on gm_url_purview.purview_id = gm_purview.id )left join gm_url on gm_url.id = gm_url_purview.url_id where gm_user.id=1 and gm_game.game_name = '空翼冒险团'
[2020-07-16T12:00:36.522] [DEBUG] debugLogger - Executing (default): select id from gm_game where game_name='空翼冒险团'
[2020-07-16T12:00:37.988] [DEBUG] debugLogger - Executing (default): select values from gm_dict where code = 'areaclothing' and gameid='1'
[2020-07-16T12:00:37.994] [DEBUG] debugLogger - Executing (default): select * from gm_server  where gameid='1' and (pid is null or  trim(pid) ='') order by id limit 10 offset (10*0)
[2020-07-16T12:00:38.001] [DEBUG] debugLogger - Executing (default): SELECT count(display) as num,display  from gm_server where gameid='1' and (pid is null or  trim(pid) ='') GROUP BY display ORDER BY display limit 10 offset (10*0)
[2020-07-16T12:00:38.777] [DEBUG] debugLogger - Executing (default): select * from gm_server  where gameid='1' and (pid is null or  trim(pid) ='') order by id limit 10 offset (10*0)
[2020-07-16T12:00:38.783] [DEBUG] debugLogger - Executing (default): SELECT count(display) as num,display  from gm_server where gameid='1' and (pid is null or  trim(pid) ='') GROUP BY display ORDER BY display limit 10 offset (10*0)
[2020-07-16T12:00:39.279] [DEBUG] debugLogger - Executing (default): select * from gm_server  where gameid='1' and (pid is null or  trim(pid) ='') order by id limit 10 offset (10*0)
[2020-07-16T12:00:39.283] [DEBUG] debugLogger - Executing (default): SELECT count(display) as num,display  from gm_server where gameid='1' and (pid is null or  trim(pid) ='') GROUP BY display ORDER BY display limit 10 offset (10*0)
[2020-07-16T12:00:39.443] [DEBUG] debugLogger - Executing (default): select * from gm_server  where gameid='1' and (pid is null or  trim(pid) ='') order by id limit 10 offset (10*0)
[2020-07-16T12:00:39.449] [DEBUG] debugLogger - Executing (default): SELECT count(display) as num,display  from gm_server where gameid='1' and (pid is null or  trim(pid) ='') GROUP BY display ORDER BY display limit 10 offset (10*0)
[2020-07-16T12:00:40.129] [DEBUG] debugLogger - Executing (default): select * from gm_server  where gameid='1' and (pid is null or  trim(pid) ='') order by id limit 10 offset (10*0)
[2020-07-16T12:00:40.133] [DEBUG] debugLogger - Executing (default): SELECT count(display) as num,display  from gm_server where gameid='1' and (pid is null or  trim(pid) ='') GROUP BY display ORDER BY display limit 10 offset (10*0)
[2020-07-16T12:00:40.397] [DEBUG] debugLogger - Executing (default): select * from gm_server  where gameid='1' and (pid is null or  trim(pid) ='') order by id limit 10 offset (10*0)
[2020-07-16T12:00:40.402] [DEBUG] debugLogger - Executing (default): SELECT count(display) as num,display  from gm_server where gameid='1' and (pid is null or  trim(pid) ='') GROUP BY display ORDER BY display limit 10 offset (10*0)
[2020-07-16T12:00:40.449] [DEBUG] debugLogger - Executing (default): select * from gm_server  where gameid='1' and (pid is null or  trim(pid) ='') order by id limit 10 offset (10*0)
[2020-07-16T12:00:40.453] [DEBUG] debugLogger - Executing (default): SELECT count(display) as num,display  from gm_server where gameid='1' and (pid is null or  trim(pid) ='') GROUP BY display ORDER BY display limit 10 offset (10*0)
[2020-07-16T12:00:41.035] [DEBUG] debugLogger - Executing (default): select * from gm_server  where gameid='1' and (pid is null or  trim(pid) ='') order by id limit 10 offset (10*0)
[2020-07-16T12:00:41.040] [DEBUG] debugLogger - Executing (default): SELECT count(display) as num,display  from gm_server where gameid='1' and (pid is null or  trim(pid) ='') GROUP BY display ORDER BY display limit 10 offset (10*0)
[2020-07-16T12:00:41.866] [DEBUG] debugLogger - Executing (default): select * from gm_server  where gameid='1' and (pid is null or  trim(pid) ='') order by id limit 10 offset (10*0)
[2020-07-16T12:00:41.876] [DEBUG] debugLogger - Executing (default): SELECT count(display) as num,display  from gm_server where gameid='1' and (pid is null or  trim(pid) ='') GROUP BY display ORDER BY display limit 10 offset (10*0)
[2020-07-16T12:00:42.330] [DEBUG] debugLogger - Executing (default): select * from gm_server  where gameid='1' and (pid is null or  trim(pid) ='') order by id limit 10 offset (10*0)
[2020-07-16T12:00:42.334] [DEBUG] debugLogger - Executing (default): SELECT count(display) as num,display  from gm_server where gameid='1' and (pid is null or  trim(pid) ='') GROUP BY display ORDER BY display limit 10 offset (10*0)
[2020-07-16T12:00:43.142] [DEBUG] debugLogger - Executing (default): select * from gm_server  where gameid='1' and (pid is null or  trim(pid) ='') order by id limit 10 offset (10*0)
[2020-07-16T12:00:43.148] [DEBUG] debugLogger - Executing (default): SELECT count(display) as num,display  from gm_server where gameid='1' and (pid is null or  trim(pid) ='') GROUP BY display ORDER BY display limit 10 offset (10*0)
[2020-07-16T12:03:31.345] [DEBUG] debugLogger - Executing (default): select * from gm_server  where gameid='1' and (pid is null or  trim(pid) ='') order by id limit 10 offset (10*0)
[2020-07-16T12:03:31.347] [DEBUG] debugLogger - Executing (default): INSERT INTO "gm_server" ("id","status","create_user_id","create_time","update_time","servername","ip","address","plaform","display","srttime","channel","gamename","serverid","test","gameid") VALUES (DEFAULT,$1,$2,CURRENT_TIMESTAMP,CURRENT_TIMESTAMP,$3,$4,$5,$6,$7,$8,$9,$10,$11,$12,$13) RETURNING *;
[2020-07-16T12:03:31.350] [DEBUG] debugLogger - Executing (default): SELECT count(display) as num,display  from gm_server where gameid='1' and (pid is null or  trim(pid) ='') GROUP BY display ORDER BY display limit 10 offset (10*0)
[2020-07-16T12:03:38.136] [DEBUG] debugLogger - Executing (default): update gm_server set display = '5' where  gameid='1' and serverid='2007161142507735'
[2020-07-16T12:03:38.465] [DEBUG] debugLogger - Executing (default): select * from gm_server  where gameid='1' and (pid is null or  trim(pid) ='') order by id limit 10 offset (10*0)
[2020-07-16T12:03:38.470] [DEBUG] debugLogger - Executing (default): SELECT count(display) as num,display  from gm_server where gameid='1' and (pid is null or  trim(pid) ='') GROUP BY display ORDER BY display limit 10 offset (10*0)
[2020-07-16T12:03:40.986] [DEBUG] debugLogger - Executing (default): select * from gm_server  where gameid='1' and (pid is null or  trim(pid) ='') order by id limit 10 offset (10*0)
[2020-07-16T12:03:41.028] [DEBUG] debugLogger - Executing (default): SELECT count(display) as num,display  from gm_server where gameid='1' and (pid is null or  trim(pid) ='') GROUP BY display ORDER BY display limit 10 offset (10*0)
[2020-07-16T12:03:42.047] [DEBUG] debugLogger - Executing (default): select * from gm_server  where gameid='1' and (pid is null or  trim(pid) ='') order by id limit 10 offset (10*0)
[2020-07-16T12:03:42.051] [DEBUG] debugLogger - Executing (default): SELECT count(display) as num,display  from gm_server where gameid='1' and (pid is null or  trim(pid) ='') GROUP BY display ORDER BY display limit 10 offset (10*0)
[2020-07-16T12:03:43.145] [DEBUG] debugLogger - Executing (default): update gm_server set display = '5' where  gameid='1' and serverid='200716115112'
[2020-07-16T12:03:43.470] [DEBUG] debugLogger - Executing (default): select * from gm_server  where gameid='1' and (pid is null or  trim(pid) ='') order by id limit 10 offset (10*0)
[2020-07-16T12:03:43.533] [DEBUG] debugLogger - Executing (default): SELECT count(display) as num,display  from gm_server where gameid='1' and (pid is null or  trim(pid) ='') GROUP BY display ORDER BY display limit 10 offset (10*0)
[2020-07-16T12:03:49.081] [DEBUG] debugLogger - Executing (default): update gm_server set display = '5' where  gameid='1' and serverid='20071612031543710'
[2020-07-16T12:03:49.406] [DEBUG] debugLogger - Executing (default): select * from gm_server  where gameid='1' and (pid is null or  trim(pid) ='') order by id limit 10 offset (10*0)
[2020-07-16T12:03:49.410] [DEBUG] debugLogger - Executing (default): SELECT count(display) as num,display  from gm_server where gameid='1' and (pid is null or  trim(pid) ='') GROUP BY display ORDER BY display limit 10 offset (10*0)
[2020-07-16T12:03:56.562] [DEBUG] debugLogger - Executing (default): select * from gm_server  where gameid='1' and (pid is null or  trim(pid) ='') order by id limit 10 offset (10*0)
[2020-07-16T12:03:56.565] [DEBUG] debugLogger - Executing (default): SELECT count(display) as num,display  from gm_server where gameid='1' and (pid is null or  trim(pid) ='') GROUP BY display ORDER BY display limit 10 offset (10*0)
[2020-07-16T12:03:57.445] [DEBUG] debugLogger - Executing (default): select * from gm_server  where gameid='1' and (pid is null or  trim(pid) ='') order by id limit 10 offset (10*0)
[2020-07-16T12:03:57.453] [DEBUG] debugLogger - Executing (default): SELECT count(display) as num,display  from gm_server where gameid='1' and (pid is null or  trim(pid) ='') GROUP BY display ORDER BY display limit 10 offset (10*0)
[2020-07-16T12:03:58.200] [DEBUG] debugLogger - Executing (default): select * from gm_server  where gameid='1' and (pid is null or  trim(pid) ='') order by id limit 10 offset (10*0)
[2020-07-16T12:03:58.204] [DEBUG] debugLogger - Executing (default): SELECT count(display) as num,display  from gm_server where gameid='1' and (pid is null or  trim(pid) ='') GROUP BY display ORDER BY display limit 10 offset (10*0)
[2020-07-16T12:03:59.073] [DEBUG] debugLogger - Executing (default): select * from gm_server  where gameid='1' and (pid is null or  trim(pid) ='') order by id limit 10 offset (10*0)
[2020-07-16T12:03:59.079] [DEBUG] debugLogger - Executing (default): SELECT count(display) as num,display  from gm_server where gameid='1' and (pid is null or  trim(pid) ='') GROUP BY display ORDER BY display limit 10 offset (10*0)
[2020-07-16T12:03:59.503] [DEBUG] debugLogger - Executing (default): select * from gm_server  where gameid='1' and (pid is null or  trim(pid) ='') order by id limit 10 offset (10*0)
[2020-07-16T12:03:59.509] [DEBUG] debugLogger - Executing (default): SELECT count(display) as num,display  from gm_server where gameid='1' and (pid is null or  trim(pid) ='') GROUP BY display ORDER BY display limit 10 offset (10*0)
[2020-07-16T12:04:00.387] [DEBUG] debugLogger - Executing (default): select * from gm_server  where gameid='1' and (pid is null or  trim(pid) ='') order by id limit 10 offset (10*0)
[2020-07-16T12:04:00.394] [DEBUG] debugLogger - Executing (default): SELECT count(display) as num,display  from gm_server where gameid='1' and (pid is null or  trim(pid) ='') GROUP BY display ORDER BY display limit 10 offset (10*0)
[2020-07-16T12:04:00.649] [DEBUG] debugLogger - Executing (default): select * from gm_server  where gameid='1' and (pid is null or  trim(pid) ='') order by id limit 10 offset (10*0)
[2020-07-16T12:04:00.653] [DEBUG] debugLogger - Executing (default): SELECT count(display) as num,display  from gm_server where gameid='1' and (pid is null or  trim(pid) ='') GROUP BY display ORDER BY display limit 10 offset (10*0)
[2020-07-16T12:06:28.517] [DEBUG] debugLogger - Executing (default): select values from gm_dict where code = 'areaclothing' and gameid='1'
[2020-07-16T12:06:28.520] [DEBUG] debugLogger - Executing (default): select * from gm_server  where gameid='1' and (pid is null or  trim(pid) ='') order by id limit 10 offset (10*0)
[2020-07-16T12:06:28.524] [DEBUG] debugLogger - Executing (default): SELECT count(display) as num,display  from gm_server where gameid='1' and (pid is null or  trim(pid) ='') GROUP BY display ORDER BY display limit 10 offset (10*0)
[2020-07-16T12:09:39.944] [DEBUG] debugLogger - Executing (default): select values from gm_dict where code = 'areaclothing' and gameid='1'
[2020-07-16T12:09:39.947] [DEBUG] debugLogger - Executing (default): select * from gm_server  where gameid='1' and (pid is null or  trim(pid) ='') order by id limit 10 offset (10*0)
[2020-07-16T12:09:39.962] [DEBUG] debugLogger - Executing (default): SELECT count(display) as num,display  from gm_server where gameid='1' and (pid is null or  trim(pid) ='') GROUP BY display ORDER BY display limit 10 offset (10*0)
[2020-07-16T12:09:51.490] [DEBUG] debugLogger - Executing (default): select * from gm_server  where gameid='1' and (pid is null or  trim(pid) ='') order by id limit 10 offset (10*0)
[2020-07-16T12:09:51.491] [DEBUG] debugLogger - Executing (default): INSERT INTO "gm_server" ("id","status","create_user_id","create_time","update_time","servername","ip","address","plaform","display","srttime","channel","gamename","serverid","test","gameid") VALUES (DEFAULT,$1,$2,CURRENT_TIMESTAMP,CURRENT_TIMESTAMP,$3,$4,$5,$6,$7,$8,$9,$10,$11,$12,$13) RETURNING *;
[2020-07-16T12:09:51.501] [DEBUG] debugLogger - Executing (default): SELECT count(display) as num,display  from gm_server where gameid='1' and (pid is null or  trim(pid) ='') GROUP BY display ORDER BY display limit 10 offset (10*0)
[2020-07-16T12:09:57.024] [DEBUG] debugLogger - Executing (default): select * from gm_server  where gameid='1' and (pid is null or  trim(pid) ='') order by id limit 10 offset (10*0)
[2020-07-16T12:09:57.028] [DEBUG] debugLogger - Executing (default): SELECT count(display) as num,display  from gm_server where gameid='1' and (pid is null or  trim(pid) ='') GROUP BY display ORDER BY display limit 10 offset (10*0)
[2020-07-16T12:10:58.279] [DEBUG] debugLogger - Executing (default): select values from gm_dict where code = 'areaclothing' and gameid='1'
[2020-07-16T12:10:58.282] [DEBUG] debugLogger - Executing (default): select * from gm_server  where gameid='1' and (pid is null or  trim(pid) ='') order by id limit 10 offset (10*0)
[2020-07-16T12:10:58.289] [DEBUG] debugLogger - Executing (default): SELECT count(display) as num,display  from gm_server where gameid='1' and (pid is null or  trim(pid) ='') GROUP BY display ORDER BY display limit 10 offset (10*0)
[2020-07-16T12:12:39.209] [DEBUG] debugLogger - Executing (default): SELECT gm_game.game_name,gm_game.id from (gm_user LEFT JOIN gm_purview on gm_purview.uid=gm_user.id) LEFT JOIN gm_game on gm_game.id = gm_purview.gid where gm_user.id=1
[2020-07-16T12:12:39.220] [DEBUG] debugLogger - Executing (default): select gm_url_purview.grede AS meta,gm_url.name,gm_url.url,gm_url.id AS urlid,gm_url.pid  from (((gm_user LEFT JOIN gm_purview ON gm_purview.uid=gm_user.id) LEFT JOIN gm_game on gm_game.id= gm_purview.gid)LEFT JOIN gm_url_purview on gm_url_purview.purview_id = gm_purview.id )left join gm_url on gm_url.id = gm_url_purview.url_id where gm_user.id=1 and gm_game.game_name = '空翼冒险团'
[2020-07-16T12:12:39.228] [DEBUG] debugLogger - Executing (default): select id from gm_game where game_name='空翼冒险团'
[2020-07-16T12:12:40.995] [DEBUG] debugLogger - Executing (default): select values from gm_dict where code = 'areaclothing' and gameid='1'
[2020-07-16T12:12:41.001] [DEBUG] debugLogger - Executing (default): select * from gm_server  where gameid='1' and (pid is null or  trim(pid) ='') order by id limit 10 offset (10*0)
[2020-07-16T12:12:41.005] [DEBUG] debugLogger - Executing (default): SELECT count(display) as num,display  from gm_server where gameid='1' and (pid is null or  trim(pid) ='') GROUP BY display ORDER BY display limit 10 offset (10*0)
[2020-07-16T12:15:02.656] [DEBUG] debugLogger - Executing (default): SELECT gm_game.game_name,gm_game.id from (gm_user LEFT JOIN gm_purview on gm_purview.uid=gm_user.id) LEFT JOIN gm_game on gm_game.id = gm_purview.gid where gm_user.id=1
[2020-07-16T12:15:02.659] [DEBUG] debugLogger - Executing (default): select gm_url_purview.grede AS meta,gm_url.name,gm_url.url,gm_url.id AS urlid,gm_url.pid  from (((gm_user LEFT JOIN gm_purview ON gm_purview.uid=gm_user.id) LEFT JOIN gm_game on gm_game.id= gm_purview.gid)LEFT JOIN gm_url_purview on gm_url_purview.purview_id = gm_purview.id )left join gm_url on gm_url.id = gm_url_purview.url_id where gm_user.id=1 and gm_game.game_name = '空翼冒险团'
[2020-07-16T12:15:02.664] [DEBUG] debugLogger - Executing (default): select id from gm_game where game_name='空翼冒险团'
[2020-07-16T12:15:04.224] [DEBUG] debugLogger - Executing (default): select values from gm_dict where code = 'areaclothing' and gameid='1'
[2020-07-16T12:15:04.230] [DEBUG] debugLogger - Executing (default): select * from gm_server  where gameid='1' and (pid is null or  trim(pid) ='') order by id limit 10 offset (10*0)
[2020-07-16T12:15:04.236] [DEBUG] debugLogger - Executing (default): SELECT count(display) as num,display  from gm_server where gameid='1' and (pid is null or  trim(pid) ='') GROUP BY display ORDER BY display limit 10 offset (10*0)
[2020-07-16T12:16:47.068] [DEBUG] debugLogger - Executing (default): SELECT gm_game.game_name,gm_game.id from (gm_user LEFT JOIN gm_purview on gm_purview.uid=gm_user.id) LEFT JOIN gm_game on gm_game.id = gm_purview.gid where gm_user.id=1
[2020-07-16T12:16:47.083] [DEBUG] debugLogger - Executing (default): select gm_url_purview.grede AS meta,gm_url.name,gm_url.url,gm_url.id AS urlid,gm_url.pid  from (((gm_user LEFT JOIN gm_purview ON gm_purview.uid=gm_user.id) LEFT JOIN gm_game on gm_game.id= gm_purview.gid)LEFT JOIN gm_url_purview on gm_url_purview.purview_id = gm_purview.id )left join gm_url on gm_url.id = gm_url_purview.url_id where gm_user.id=1 and gm_game.game_name = '空翼冒险团'
[2020-07-16T12:16:47.089] [DEBUG] debugLogger - Executing (default): select id from gm_game where game_name='空翼冒险团'
[2020-07-16T12:16:48.564] [DEBUG] debugLogger - Executing (default): select values from gm_dict where code = 'areaclothing' and gameid='1'
[2020-07-16T12:16:48.569] [DEBUG] debugLogger - Executing (default): select * from gm_server  where gameid='1' and (pid is null or  trim(pid) ='') order by id limit 10 offset (10*0)
[2020-07-16T12:16:48.574] [DEBUG] debugLogger - Executing (default): SELECT count(display) as num,display  from gm_server where gameid='1' and (pid is null or  trim(pid) ='') GROUP BY display ORDER BY display limit 10 offset (10*0)
[2020-07-16T12:18:07.121] [DEBUG] debugLogger - Executing (default): SELECT gm_game.game_name,gm_game.id from (gm_user LEFT JOIN gm_purview on gm_purview.uid=gm_user.id) LEFT JOIN gm_game on gm_game.id = gm_purview.gid where gm_user.id=1
[2020-07-16T12:18:07.151] [DEBUG] debugLogger - Executing (default): select gm_url_purview.grede AS meta,gm_url.name,gm_url.url,gm_url.id AS urlid,gm_url.pid  from (((gm_user LEFT JOIN gm_purview ON gm_purview.uid=gm_user.id) LEFT JOIN gm_game on gm_game.id= gm_purview.gid)LEFT JOIN gm_url_purview on gm_url_purview.purview_id = gm_purview.id )left join gm_url on gm_url.id = gm_url_purview.url_id where gm_user.id=1 and gm_game.game_name = '空翼冒险团'
[2020-07-16T12:18:07.159] [DEBUG] debugLogger - Executing (default): select id from gm_game where game_name='空翼冒险团'
[2020-07-16T12:18:08.991] [DEBUG] debugLogger - Executing (default): select values from gm_dict where code = 'areaclothing' and gameid='1'
[2020-07-16T12:18:09.000] [DEBUG] debugLogger - Executing (default): select * from gm_server  where gameid='1' and (pid is null or  trim(pid) ='') order by id limit 10 offset (10*0)
[2020-07-16T12:18:09.006] [DEBUG] debugLogger - Executing (default): SELECT count(display) as num,display  from gm_server where gameid='1' and (pid is null or  trim(pid) ='') GROUP BY display ORDER BY display limit 10 offset (10*0)
[2020-07-16T12:19:09.059] [DEBUG] debugLogger - Executing (default): SELECT gm_game.game_name,gm_game.id from (gm_user LEFT JOIN gm_purview on gm_purview.uid=gm_user.id) LEFT JOIN gm_game on gm_game.id = gm_purview.gid where gm_user.id=1
[2020-07-16T12:19:09.062] [DEBUG] debugLogger - Executing (default): select gm_url_purview.grede AS meta,gm_url.name,gm_url.url,gm_url.id AS urlid,gm_url.pid  from (((gm_user LEFT JOIN gm_purview ON gm_purview.uid=gm_user.id) LEFT JOIN gm_game on gm_game.id= gm_purview.gid)LEFT JOIN gm_url_purview on gm_url_purview.purview_id = gm_purview.id )left join gm_url on gm_url.id = gm_url_purview.url_id where gm_user.id=1 and gm_game.game_name = '空翼冒险团'
[2020-07-16T12:19:09.072] [DEBUG] debugLogger - Executing (default): select id from gm_game where game_name='空翼冒险团'
[2020-07-16T12:19:10.675] [DEBUG] debugLogger - Executing (default): select values from gm_dict where code = 'areaclothing' and gameid='1'
[2020-07-16T12:19:10.681] [DEBUG] debugLogger - Executing (default): select * from gm_server  where gameid='1' and (pid is null or  trim(pid) ='') order by id limit 10 offset (10*0)
[2020-07-16T12:19:10.686] [DEBUG] debugLogger - Executing (default): SELECT count(display) as num,display  from gm_server where gameid='1' and (pid is null or  trim(pid) ='') GROUP BY display ORDER BY display limit 10 offset (10*0)
[2020-07-16T12:19:45.104] [DEBUG] debugLogger - Executing (default): SELECT gm_game.game_name,gm_game.id from (gm_user LEFT JOIN gm_purview on gm_purview.uid=gm_user.id) LEFT JOIN gm_game on gm_game.id = gm_purview.gid where gm_user.id=1
[2020-07-16T12:19:45.108] [DEBUG] debugLogger - Executing (default): select gm_url_purview.grede AS meta,gm_url.name,gm_url.url,gm_url.id AS urlid,gm_url.pid  from (((gm_user LEFT JOIN gm_purview ON gm_purview.uid=gm_user.id) LEFT JOIN gm_game on gm_game.id= gm_purview.gid)LEFT JOIN gm_url_purview on gm_url_purview.purview_id = gm_purview.id )left join gm_url on gm_url.id = gm_url_purview.url_id where gm_user.id=1 and gm_game.game_name = '空翼冒险团'
[2020-07-16T12:19:45.124] [DEBUG] debugLogger - Executing (default): select id from gm_game where game_name='空翼冒险团'
[2020-07-16T12:19:47.021] [DEBUG] debugLogger - Executing (default): select values from gm_dict where code = 'areaclothing' and gameid='1'
[2020-07-16T12:19:47.027] [DEBUG] debugLogger - Executing (default): select * from gm_server  where gameid='1' and (pid is null or  trim(pid) ='') order by id limit 10 offset (10*0)
[2020-07-16T12:19:47.036] [DEBUG] debugLogger - Executing (default): SELECT count(display) as num,display  from gm_server where gameid='1' and (pid is null or  trim(pid) ='') GROUP BY display ORDER BY display limit 10 offset (10*0)
[2020-07-16T12:19:48.923] [DEBUG] debugLogger - Executing (default): SELECT *   from gm_server where pid='13' and gameid='1'
[2020-07-16T12:20:11.232] [DEBUG] debugLogger - Executing (default): update gm_server set display = '5' where  gameid='1' and serverid='200715162013'
[2020-07-16T12:20:11.247] [DEBUG] debugLogger - Executing (default): select * from gm_server  where gameid='1' and (pid is null or  trim(pid) ='') order by id limit 10 offset (10*0)
[2020-07-16T12:20:11.472] [DEBUG] debugLogger - Executing (default): SELECT count(display) as num,display  from gm_server where gameid='1' and (pid is null or  trim(pid) ='') GROUP BY display ORDER BY display limit 10 offset (10*0)
[2020-07-16T12:20:18.463] [DEBUG] debugLogger - Executing (default): SELECT gm_game.game_name,gm_game.id from (gm_user LEFT JOIN gm_purview on gm_purview.uid=gm_user.id) LEFT JOIN gm_game on gm_game.id = gm_purview.gid where gm_user.id=1
[2020-07-16T12:20:18.471] [DEBUG] debugLogger - Executing (default): select gm_url_purview.grede AS meta,gm_url.name,gm_url.url,gm_url.id AS urlid,gm_url.pid  from (((gm_user LEFT JOIN gm_purview ON gm_purview.uid=gm_user.id) LEFT JOIN gm_game on gm_game.id= gm_purview.gid)LEFT JOIN gm_url_purview on gm_url_purview.purview_id = gm_purview.id )left join gm_url on gm_url.id = gm_url_purview.url_id where gm_user.id=1 and gm_game.game_name = '空翼冒险团'
[2020-07-16T12:20:18.476] [DEBUG] debugLogger - Executing (default): select id from gm_game where game_name='空翼冒险团'
[2020-07-16T12:20:19.995] [DEBUG] debugLogger - Executing (default): select values from gm_dict where code = 'areaclothing' and gameid='1'
[2020-07-16T12:20:19.999] [DEBUG] debugLogger - Executing (default): select * from gm_server  where gameid='1' and (pid is null or  trim(pid) ='') order by id limit 10 offset (10*0)
[2020-07-16T12:20:20.025] [DEBUG] debugLogger - Executing (default): SELECT count(display) as num,display  from gm_server where gameid='1' and (pid is null or  trim(pid) ='') GROUP BY display ORDER BY display limit 10 offset (10*0)
[2020-07-16T12:20:21.009] [DEBUG] debugLogger - Executing (default): SELECT *   from gm_server where pid='13' and gameid='1'
[2020-07-16T12:20:29.129] [DEBUG] debugLogger - Executing (default): SELECT gm_game.game_name,gm_game.id from (gm_user LEFT JOIN gm_purview on gm_purview.uid=gm_user.id) LEFT JOIN gm_game on gm_game.id = gm_purview.gid where gm_user.id=1
[2020-07-16T12:20:29.133] [DEBUG] debugLogger - Executing (default): select gm_url_purview.grede AS meta,gm_url.name,gm_url.url,gm_url.id AS urlid,gm_url.pid  from (((gm_user LEFT JOIN gm_purview ON gm_purview.uid=gm_user.id) LEFT JOIN gm_game on gm_game.id= gm_purview.gid)LEFT JOIN gm_url_purview on gm_url_purview.purview_id = gm_purview.id )left join gm_url on gm_url.id = gm_url_purview.url_id where gm_user.id=1 and gm_game.game_name = '空翼冒险团'
[2020-07-16T12:20:29.138] [DEBUG] debugLogger - Executing (default): select id from gm_game where game_name='空翼冒险团'
[2020-07-16T12:20:30.370] [DEBUG] debugLogger - Executing (default): select values from gm_dict where code = 'areaclothing' and gameid='1'
[2020-07-16T12:20:30.374] [DEBUG] debugLogger - Executing (default): select * from gm_server  where gameid='1' and (pid is null or  trim(pid) ='') order by id limit 10 offset (10*0)
[2020-07-16T12:20:30.379] [DEBUG] debugLogger - Executing (default): SELECT count(display) as num,display  from gm_server where gameid='1' and (pid is null or  trim(pid) ='') GROUP BY display ORDER BY display limit 10 offset (10*0)
[2020-07-16T12:20:33.411] [DEBUG] debugLogger - Executing (default): SELECT *   from gm_server where pid='20' and gameid='1'
[2020-07-16T12:20:35.327] [DEBUG] debugLogger - Executing (default): update gm_server set display = '5' where  gameid='1' and serverid='200716114255'
[2020-07-16T12:20:35.648] [DEBUG] debugLogger - Executing (default): select * from gm_server  where gameid='1' and (pid is null or  trim(pid) ='') order by id limit 10 offset (10*0)
[2020-07-16T12:20:35.653] [DEBUG] debugLogger - Executing (default): SELECT count(display) as num,display  from gm_server where gameid='1' and (pid is null or  trim(pid) ='') GROUP BY display ORDER BY display limit 10 offset (10*0)
[2020-07-16T12:20:38.206] [DEBUG] debugLogger - Executing (default): select * from gm_server  where gameid='1' and (pid is null or  trim(pid) ='') order by id limit 10 offset (10*0)
[2020-07-16T12:20:38.211] [DEBUG] debugLogger - Executing (default): SELECT count(display) as num,display  from gm_server where gameid='1' and (pid is null or  trim(pid) ='') GROUP BY display ORDER BY display limit 10 offset (10*0)
[2020-07-16T12:20:39.893] [DEBUG] debugLogger - Executing (default): SELECT *   from gm_server where pid='20' and gameid='1'
[2020-07-16T12:21:22.423] [DEBUG] debugLogger - Executing (default): select values from gm_dict where code = 'areaclothing' and gameid='1'
[2020-07-16T12:21:22.424] [DEBUG] debugLogger - Executing (default): select * from gm_server  where gameid='1' and (pid is null or  trim(pid) ='') order by id limit 10 offset (10*0)
[2020-07-16T12:21:22.430] [DEBUG] debugLogger - Executing (default): SELECT count(display) as num,display  from gm_server where gameid='1' and (pid is null or  trim(pid) ='') GROUP BY display ORDER BY display limit 10 offset (10*0)
[2020-07-16T12:21:24.976] [DEBUG] debugLogger - Executing (default): SELECT *   from gm_server where pid='25' and gameid='1'
[2020-07-16T12:21:27.142] [DEBUG] debugLogger - Executing (default): update gm_server set display = '5' where  gameid='1' and serverid='200716114851'
[2020-07-16T12:21:27.495] [DEBUG] debugLogger - Executing (default): select * from gm_server  where gameid='1' and (pid is null or  trim(pid) ='') order by id limit 10 offset (10*0)
[2020-07-16T12:21:27.499] [DEBUG] debugLogger - Executing (default): SELECT count(display) as num,display  from gm_server where gameid='1' and (pid is null or  trim(pid) ='') GROUP BY display ORDER BY display limit 10 offset (10*0)
[2020-07-16T12:21:27.749] [DEBUG] debugLogger - Executing (default): select * from gm_server  where gameid='1' and (pid is null or  trim(pid) ='') order by id limit 10 offset (10*0)
[2020-07-16T12:21:27.753] [DEBUG] debugLogger - Executing (default): SELECT count(display) as num,display  from gm_server where gameid='1' and (pid is null or  trim(pid) ='') GROUP BY display ORDER BY display limit 10 offset (10*0)
[2020-07-16T12:21:29.127] [DEBUG] debugLogger - Executing (default): SELECT *   from gm_server where pid='25' and gameid='1'
