[2020-08-08T12:08:41.517] [DEBUG] debugLogger - Executing (default): SELECT gm_game.game_name,gm_game.id from (gm_user LEFT JOIN gm_purview on gm_purview.uid=gm_user.id) LEFT JOIN gm_game on gm_game.id = gm_purview.gid where gm_user.id=1
[2020-08-08T12:08:41.531] [DEBUG] debugLogger - Executing (default): select gm_url_purview.grede AS meta,gm_url.name,gm_url.url,gm_url.id AS urlid,gm_url.pid  from (((gm_user LEFT JOIN gm_purview ON gm_purview.uid=gm_user.id) LEFT JOIN gm_game on gm_game.id= gm_purview.gid)LEFT JOIN gm_url_purview on gm_url_purview.purview_id = gm_purview.id )left join gm_url on gm_url.id = gm_url_purview.url_id where gm_user.id=1 and gm_game.game_name = '空翼冒险团'
[2020-08-08T12:08:41.539] [DEBUG] debugLogger - Executing (default): select id from gm_game where game_name='空翼冒险团'
[2020-08-08T12:18:11.018] [DEBUG] debugLogger - Executing (default): select channel  as  values from gm_game_token where type='areaclothing'  and  gameid='1'
[2020-08-08T12:18:11.020] [DEBUG] debugLogger - Executing (default): select servername from gm_server where gameid='1'
[2020-08-08T12:18:12.975] [DEBUG] debugLogger - Executing (default): select channel  as  values from gm_game_token where type='areaclothing'  and  gameid='1'
[2020-08-08T12:18:13.303] [DEBUG] debugLogger - Executing (default): select servername from gm_server where gameid='1'
[2020-08-08T12:18:16.478] [DEBUG] debugLogger - Executing (default): select channel  as  values from gm_game_token where type='areaclothing'  and  gameid='1'
[2020-08-08T12:18:16.478] [DEBUG] debugLogger - Executing (default): select servername from gm_server where gameid='1'
[2020-08-08T12:28:54.578] [DEBUG] debugLogger - Executing (default): SELECT gm_game.game_name,gm_game.id from (gm_user LEFT JOIN gm_purview on gm_purview.uid=gm_user.id) LEFT JOIN gm_game on gm_game.id = gm_purview.gid where gm_user.id=1
[2020-08-08T12:28:54.592] [DEBUG] debugLogger - Executing (default): select gm_url_purview.grede AS meta,gm_url.name,gm_url.url,gm_url.id AS urlid,gm_url.pid  from (((gm_user LEFT JOIN gm_purview ON gm_purview.uid=gm_user.id) LEFT JOIN gm_game on gm_game.id= gm_purview.gid)LEFT JOIN gm_url_purview on gm_url_purview.purview_id = gm_purview.id )left join gm_url on gm_url.id = gm_url_purview.url_id where gm_user.id=1 and gm_game.game_name = '空翼冒险团'
[2020-08-08T12:28:54.603] [DEBUG] debugLogger - Executing (default): select id from gm_game where game_name='空翼冒险团'
[2020-08-08T12:29:18.123] [DEBUG] debugLogger - Executing (default): select channel  as  values from gm_game_token where type='areaclothing'  and  gameid='1'
[2020-08-08T12:30:24.774] [DEBUG] debugLogger - Executing (default): select channel  as  values from gm_game_token where type='areaclothing'  and  gameid='1'
[2020-08-08T12:31:29.534] [DEBUG] debugLogger - Executing (default): select channel  as  values from gm_game_token where type='areaclothing'  and  gameid='1'
[2020-08-08T12:32:21.155] [DEBUG] debugLogger - Executing (default): select channel  as  values from gm_game_token where type='areaclothing'  and  gameid='1'
[2020-08-08T12:33:49.730] [DEBUG] debugLogger - Executing (default): select channel  as  values from gm_game_token where type='areaclothing'  and  gameid='1'
[2020-08-08T12:33:49.788] [DEBUG] debugLogger - Executing (default): select servername from gm_server where gameid='1'
[2020-08-08T12:34:00.910] [DEBUG] debugLogger - Executing (default): select channel  as  values from gm_game_token where type='areaclothing'  and  gameid='1'
[2020-08-08T12:34:00.919] [DEBUG] debugLogger - Executing (default): select servername from gm_server where gameid='1'
[2020-08-08T12:34:04.739] [DEBUG] debugLogger - Executing (default): select channel  as  values from gm_game_token where type='areaclothing'  and  gameid='1'
[2020-08-08T12:34:05.044] [DEBUG] debugLogger - Executing (default): select servername from gm_server where gameid='1'
[2020-08-08T12:34:07.657] [DEBUG] debugLogger - Executing (default): select channel  as  values from gm_game_token where type='areaclothing'  and  gameid='1'
[2020-08-08T12:34:07.657] [DEBUG] debugLogger - Executing (default): select servername from gm_server where gameid='1'
[2020-08-08T12:36:34.707] [DEBUG] debugLogger - Executing (default): select channel  as  values from gm_game_token where type='areaclothing'  and  gameid='1'
[2020-08-08T12:36:34.707] [DEBUG] debugLogger - Executing (default): select servername from gm_server where gameid='1'
[2020-08-08T12:36:35.765] [DEBUG] debugLogger - Executing (default): select channel  as  values from gm_game_token where type='areaclothing'  and  gameid='1'
[2020-08-08T12:36:36.106] [DEBUG] debugLogger - Executing (default): select servername from gm_server where gameid='1'
[2020-08-08T12:36:52.246] [DEBUG] debugLogger - Executing (default): select channel  as  values from gm_game_token where type='areaclothing'  and  gameid='1'
[2020-08-08T12:36:52.283] [DEBUG] debugLogger - Executing (default): select servername from gm_server where gameid='1'
[2020-08-08T12:37:10.151] [DEBUG] debugLogger - Executing (default): select channel  as  values from gm_game_token where type='areaclothing'  and  gameid='1'
[2020-08-08T12:37:10.276] [DEBUG] debugLogger - Executing (default): select servername from gm_server where gameid='1'
[2020-08-08T14:11:00.622] [DEBUG] debugLogger - Executing (default): select channel  as  values from gm_game_token where type='areaclothing'  and  gameid='1'
[2020-08-08T14:11:00.800] [DEBUG] debugLogger - Executing (default): select servername from gm_server where gameid='1'
[2020-08-08T14:11:31.755] [DEBUG] debugLogger - Executing (default): select channel  as  values from gm_game_token where type='areaclothing'  and  gameid='1'
[2020-08-08T14:11:31.804] [DEBUG] debugLogger - Executing (default): select servername from gm_server where gameid='1'
[2020-08-08T14:13:06.576] [DEBUG] debugLogger - Executing (default): select channel  as  values from gm_game_token where type='areaclothing'  and  gameid='1'
[2020-08-08T14:13:06.580] [DEBUG] debugLogger - Executing (default): select servername from gm_server where gameid='1'
[2020-08-08T14:13:44.062] [DEBUG] debugLogger - Executing (default): select channel  as  values from gm_game_token where type='areaclothing'  and  gameid='1'
[2020-08-08T14:13:44.120] [DEBUG] debugLogger - Executing (default): select servername from gm_server where gameid='1'
[2020-08-08T14:16:34.091] [DEBUG] debugLogger - Executing (default): select channel  as  values from gm_game_token where type='areaclothing'  and  gameid='1'
[2020-08-08T14:16:34.167] [DEBUG] debugLogger - Executing (default): select servername from gm_server where gameid='1'
[2020-08-08T14:16:51.109] [DEBUG] debugLogger - Executing (default): select channel  as  values from gm_game_token where type='areaclothing'  and  gameid='1'
[2020-08-08T14:16:51.204] [DEBUG] debugLogger - Executing (default): select servername from gm_server where gameid='1'
[2020-08-08T14:43:07.417] [DEBUG] debugLogger - Executing (default): SELECT gm_game.game_name,gm_game.id from (gm_user LEFT JOIN gm_purview on gm_purview.uid=gm_user.id) LEFT JOIN gm_game on gm_game.id = gm_purview.gid where gm_user.id=1
[2020-08-08T14:43:07.430] [DEBUG] debugLogger - Executing (default): select gm_url_purview.grede AS meta,gm_url.name,gm_url.url,gm_url.id AS urlid,gm_url.pid  from (((gm_user LEFT JOIN gm_purview ON gm_purview.uid=gm_user.id) LEFT JOIN gm_game on gm_game.id= gm_purview.gid)LEFT JOIN gm_url_purview on gm_url_purview.purview_id = gm_purview.id )left join gm_url on gm_url.id = gm_url_purview.url_id where gm_user.id=1 and gm_game.game_name = '空翼冒险团'
[2020-08-08T14:43:07.438] [DEBUG] debugLogger - Executing (default): select id from gm_game where game_name='空翼冒险团'
[2020-08-08T14:51:00.884] [DEBUG] debugLogger - Executing (default): SELECT gm_game.game_name,gm_game.id from (gm_user LEFT JOIN gm_purview on gm_purview.uid=gm_user.id) LEFT JOIN gm_game on gm_game.id = gm_purview.gid where gm_user.id=1
[2020-08-08T14:51:00.901] [DEBUG] debugLogger - Executing (default): select gm_url_purview.grede AS meta,gm_url.name,gm_url.url,gm_url.id AS urlid,gm_url.pid  from (((gm_user LEFT JOIN gm_purview ON gm_purview.uid=gm_user.id) LEFT JOIN gm_game on gm_game.id= gm_purview.gid)LEFT JOIN gm_url_purview on gm_url_purview.purview_id = gm_purview.id )left join gm_url on gm_url.id = gm_url_purview.url_id where gm_user.id=1 and gm_game.game_name = '空翼冒险团'
[2020-08-08T14:51:00.918] [DEBUG] debugLogger - Executing (default): select id from gm_game where game_name='空翼冒险团'
[2020-08-08T14:52:05.142] [DEBUG] debugLogger - Executing (default): SELECT gm_game.game_name,gm_game.id from (gm_user LEFT JOIN gm_purview on gm_purview.uid=gm_user.id) LEFT JOIN gm_game on gm_game.id = gm_purview.gid where gm_user.id=1
[2020-08-08T14:52:05.148] [DEBUG] debugLogger - Executing (default): select gm_url_purview.grede AS meta,gm_url.name,gm_url.url,gm_url.id AS urlid,gm_url.pid  from (((gm_user LEFT JOIN gm_purview ON gm_purview.uid=gm_user.id) LEFT JOIN gm_game on gm_game.id= gm_purview.gid)LEFT JOIN gm_url_purview on gm_url_purview.purview_id = gm_purview.id )left join gm_url on gm_url.id = gm_url_purview.url_id where gm_user.id=1 and gm_game.game_name = '空翼冒险团'
[2020-08-08T14:52:05.157] [DEBUG] debugLogger - Executing (default): select id from gm_game where game_name='空翼冒险团'
[2020-08-08T14:55:05.126] [DEBUG] debugLogger - Executing (default): SELECT gm_game.game_name,gm_game.id from (gm_user LEFT JOIN gm_purview on gm_purview.uid=gm_user.id) LEFT JOIN gm_game on gm_game.id = gm_purview.gid where gm_user.id=1
[2020-08-08T14:55:05.130] [DEBUG] debugLogger - Executing (default): select gm_url_purview.grede AS meta,gm_url.name,gm_url.url,gm_url.id AS urlid,gm_url.pid  from (((gm_user LEFT JOIN gm_purview ON gm_purview.uid=gm_user.id) LEFT JOIN gm_game on gm_game.id= gm_purview.gid)LEFT JOIN gm_url_purview on gm_url_purview.purview_id = gm_purview.id )left join gm_url on gm_url.id = gm_url_purview.url_id where gm_user.id=1 and gm_game.game_name = '空翼冒险团'
[2020-08-08T14:55:05.136] [DEBUG] debugLogger - Executing (default): select id from gm_game where game_name='空翼冒险团'
[2020-08-08T17:13:20.932] [DEBUG] debugLogger - Executing (default): SELECT gm_game.game_name,gm_game.id from (gm_user LEFT JOIN gm_purview on gm_purview.uid=gm_user.id) LEFT JOIN gm_game on gm_game.id = gm_purview.gid where gm_user.id=1
[2020-08-08T17:13:20.939] [DEBUG] debugLogger - Executing (default): select gm_url_purview.grede AS meta,gm_url.name,gm_url.url,gm_url.id AS urlid,gm_url.pid  from (((gm_user LEFT JOIN gm_purview ON gm_purview.uid=gm_user.id) LEFT JOIN gm_game on gm_game.id= gm_purview.gid)LEFT JOIN gm_url_purview on gm_url_purview.purview_id = gm_purview.id )left join gm_url on gm_url.id = gm_url_purview.url_id where gm_user.id=1 and gm_game.game_name = '空翼冒险团'
[2020-08-08T17:13:20.945] [DEBUG] debugLogger - Executing (default): select id from gm_game where game_name='空翼冒险团'
[2020-08-08T17:13:28.010] [DEBUG] debugLogger - Executing (default): SELECT gm_game.game_name,gm_game.id from (gm_user LEFT JOIN gm_purview on gm_purview.uid=gm_user.id) LEFT JOIN gm_game on gm_game.id = gm_purview.gid where gm_user.id=1
[2020-08-08T17:13:28.015] [DEBUG] debugLogger - Executing (default): select gm_url_purview.grede AS meta,gm_url.name,gm_url.url,gm_url.id AS urlid,gm_url.pid  from (((gm_user LEFT JOIN gm_purview ON gm_purview.uid=gm_user.id) LEFT JOIN gm_game on gm_game.id= gm_purview.gid)LEFT JOIN gm_url_purview on gm_url_purview.purview_id = gm_purview.id )left join gm_url on gm_url.id = gm_url_purview.url_id where gm_user.id=1 and gm_game.game_name = '空翼冒险团'
[2020-08-08T17:13:28.024] [DEBUG] debugLogger - Executing (default): select id from gm_game where game_name='空翼冒险团'
[2020-08-08T17:20:08.019] [DEBUG] debugLogger - Executing (default): SELECT gm_game.game_name,gm_game.id from (gm_user LEFT JOIN gm_purview on gm_purview.uid=gm_user.id) LEFT JOIN gm_game on gm_game.id = gm_purview.gid where gm_user.id=1
[2020-08-08T17:20:08.024] [DEBUG] debugLogger - Executing (default): select gm_url_purview.grede AS meta,gm_url.name,gm_url.url,gm_url.id AS urlid,gm_url.pid  from (((gm_user LEFT JOIN gm_purview ON gm_purview.uid=gm_user.id) LEFT JOIN gm_game on gm_game.id= gm_purview.gid)LEFT JOIN gm_url_purview on gm_url_purview.purview_id = gm_purview.id )left join gm_url on gm_url.id = gm_url_purview.url_id where gm_user.id=1 and gm_game.game_name = '空翼冒险团'
[2020-08-08T17:20:08.039] [DEBUG] debugLogger - Executing (default): select id from gm_game where game_name='空翼冒险团'
