[2020-08-06T11:59:57.495] [ERROR] errorLogger - 
*************** error log start ***************
request method: POST
request originalUrl:  /api/announcement/create
request client ip:  ::ffff:127.0.0.1
request body: 
{"bulletinid":"11596686392980","stime":"","etime":"","plaform":"","channel":"","servername":"","interval":"","weights":"","title":"1","images":"","a":"1","text":"1","type":"2","gameid":"1"}
response time: 1596686397494
err name: TypeError
err message: Cannot read property 'path' of undefined
err stack: TypeError: Cannot read property 'path' of undefined
    at filePath (E:\third\project\server\src\app\service\/gm-announcement.js:37:44)
    at new Promise (<anonymous>)
    at _callee3$ (E:\third\project\server\src\app\service\/gm-announcement.js:36:25)
    at tryCatch (E:\third\project\server\node_modules\regenerator-runtime\runtime.js:45:40)
    at Generator.invoke [as _invoke] (E:\third\project\server\node_modules\regenerator-runtime\runtime.js:281:22)
    at Generator.prototype.<computed> [as next] (E:\third\project\server\node_modules\regenerator-runtime\runtime.js:106:21)
    at asyncGeneratorStep (E:\third\project\server\node_modules\@babel\runtime\helpers\asyncToGenerator.js:3:24)
    at _next (E:\third\project\server\node_modules\@babel\runtime\helpers\asyncToGenerator.js:25:9)
    at E:\third\project\server\node_modules\@babel\runtime\helpers\asyncToGenerator.js:32:7
    at new Promise (<anonymous>)
    at GmAnnouncementService.<anonymous> (E:\third\project\server\node_modules\@babel\runtime\helpers\asyncToGenerator.js:21:12)
    at GmAnnouncementService.createBulletin (E:\third\project\server\src\app\service\gm-announcement.js:249:32)
    at _callee$ (E:\third\project\server\src\app\controllers\/gm-announcement.js:15:53)
    at tryCatch (E:\third\project\server\node_modules\regenerator-runtime\runtime.js:45:40)
    at Generator.invoke [as _invoke] (E:\third\project\server\node_modules\regenerator-runtime\runtime.js:281:22)
    at Generator.prototype.<computed> [as next] (E:\third\project\server\node_modules\regenerator-runtime\runtime.js:106:21)
    at asyncGeneratorStep (E:\third\project\server\node_modules\@babel\runtime\helpers\asyncToGenerator.js:3:24)
    at _next (E:\third\project\server\node_modules\@babel\runtime\helpers\asyncToGenerator.js:25:9)
    at E:\third\project\server\node_modules\@babel\runtime\helpers\asyncToGenerator.js:32:7
    at new Promise (<anonymous>)
    at E:\third\project\server\node_modules\@babel\runtime\helpers\asyncToGenerator.js:21:12
    at create (E:\third\project\server\src\app\controllers\gm-announcement.js:97:24)
    at dispatch (E:\third\project\server\node_modules\koa-compose\index.js:44:32)
    at next (E:\third\project\server\node_modules\koa-compose\index.js:45:18)
    at E:\third\project\server\node_modules\koa-router\lib\router.js:346:16
    at dispatch (E:\third\project\server\node_modules\koa-compose\index.js:44:32)
    at E:\third\project\server\node_modules\koa-compose\index.js:36:12
    at dispatch (E:\third\project\server\node_modules\koa-router\lib\router.js:351:31)
*************** error log end ***************

[2020-08-06T12:00:02.581] [ERROR] errorLogger - 
*************** error log start ***************
request method: POST
request originalUrl:  /api/announcement/create
request client ip:  ::ffff:127.0.0.1
request body: 
{"bulletinid":"11596686392980","stime":"","etime":"","plaform":"","channel":"","servername":"","interval":"","weights":"","title":"1","images":"","a":"1","text":"1","type":"2","gameid":"1"}
response time: 1596686402581
err name: TypeError
err message: Cannot read property 'path' of undefined
err stack: TypeError: Cannot read property 'path' of undefined
    at filePath (E:\third\project\server\src\app\service\/gm-announcement.js:37:44)
    at new Promise (<anonymous>)
    at _callee3$ (E:\third\project\server\src\app\service\/gm-announcement.js:36:25)
    at tryCatch (E:\third\project\server\node_modules\regenerator-runtime\runtime.js:45:40)
    at Generator.invoke [as _invoke] (E:\third\project\server\node_modules\regenerator-runtime\runtime.js:281:22)
    at Generator.prototype.<computed> [as next] (E:\third\project\server\node_modules\regenerator-runtime\runtime.js:106:21)
    at asyncGeneratorStep (E:\third\project\server\node_modules\@babel\runtime\helpers\asyncToGenerator.js:3:24)
    at _next (E:\third\project\server\node_modules\@babel\runtime\helpers\asyncToGenerator.js:25:9)
    at E:\third\project\server\node_modules\@babel\runtime\helpers\asyncToGenerator.js:32:7
    at new Promise (<anonymous>)
    at GmAnnouncementService.<anonymous> (E:\third\project\server\node_modules\@babel\runtime\helpers\asyncToGenerator.js:21:12)
    at GmAnnouncementService.createBulletin (E:\third\project\server\src\app\service\gm-announcement.js:249:32)
    at _callee$ (E:\third\project\server\src\app\controllers\/gm-announcement.js:15:53)
    at tryCatch (E:\third\project\server\node_modules\regenerator-runtime\runtime.js:45:40)
    at Generator.invoke [as _invoke] (E:\third\project\server\node_modules\regenerator-runtime\runtime.js:281:22)
    at Generator.prototype.<computed> [as next] (E:\third\project\server\node_modules\regenerator-runtime\runtime.js:106:21)
    at asyncGeneratorStep (E:\third\project\server\node_modules\@babel\runtime\helpers\asyncToGenerator.js:3:24)
    at _next (E:\third\project\server\node_modules\@babel\runtime\helpers\asyncToGenerator.js:25:9)
    at E:\third\project\server\node_modules\@babel\runtime\helpers\asyncToGenerator.js:32:7
    at new Promise (<anonymous>)
    at E:\third\project\server\node_modules\@babel\runtime\helpers\asyncToGenerator.js:21:12
    at create (E:\third\project\server\src\app\controllers\gm-announcement.js:97:24)
    at dispatch (E:\third\project\server\node_modules\koa-compose\index.js:44:32)
    at next (E:\third\project\server\node_modules\koa-compose\index.js:45:18)
    at E:\third\project\server\node_modules\koa-router\lib\router.js:346:16
    at dispatch (E:\third\project\server\node_modules\koa-compose\index.js:44:32)
    at E:\third\project\server\node_modules\koa-compose\index.js:36:12
    at dispatch (E:\third\project\server\node_modules\koa-router\lib\router.js:351:31)
*************** error log end ***************

[2020-08-06T13:13:50.611] [ERROR] errorLogger - 
*************** error log start ***************
request method: GET
request originalUrl:  /api/announcement/query?bulletinid=&setime=&plaform=&servername=11111&type=&page=1&pagesize=10
request client ip:  ::ffff:127.0.0.1
request query:  {"bulletinid":"","setime":"","plaform":"","servername":"11111","type":"","page":"1","pagesize":"10","gameid":"1"}
response time: 1596690830610
err name: SequelizeDatabaseError
err message: malformed array literal: "11111"
err stack: SequelizeDatabaseError: malformed array literal: "11111"
    at Query.formatError (E:\third\project\server\node_modules\sequelize\lib\dialects\postgres\query.js:366:16)
    at E:\third\project\server\node_modules\sequelize\lib\dialects\postgres\query.js:72:18
    at tryCatcher (E:\third\project\server\node_modules\bluebird\js\release\util.js:16:23)
    at Promise._settlePromiseFromHandler (E:\third\project\server\node_modules\bluebird\js\release\promise.js:547:31)
    at Promise._settlePromise (E:\third\project\server\node_modules\bluebird\js\release\promise.js:604:18)
    at Promise._settlePromise0 (E:\third\project\server\node_modules\bluebird\js\release\promise.js:649:10)
    at Promise._settlePromises (E:\third\project\server\node_modules\bluebird\js\release\promise.js:725:18)
    at _drainQueueStep (E:\third\project\server\node_modules\bluebird\js\release\async.js:93:12)
    at _drainQueue (E:\third\project\server\node_modules\bluebird\js\release\async.js:86:9)
    at Async._drainQueues (E:\third\project\server\node_modules\bluebird\js\release\async.js:102:5)
    at Immediate.Async.drainQueues [as _onImmediate] (E:\third\project\server\node_modules\bluebird\js\release\async.js:15:14)
    at processImmediate (internal/timers.js:456:21)
*************** error log end ***************

[2020-08-06T13:13:52.900] [ERROR] errorLogger - 
*************** error log start ***************
request method: GET
request originalUrl:  /api/announcement/query?bulletinid=&setime=&plaform=&servername=123&type=&page=1&pagesize=10
request client ip:  ::ffff:127.0.0.1
request query:  {"bulletinid":"","setime":"","plaform":"","servername":"123","type":"","page":"1","pagesize":"10","gameid":"1"}
response time: 1596690832900
err name: SequelizeDatabaseError
err message: malformed array literal: "123"
err stack: SequelizeDatabaseError: malformed array literal: "123"
    at Query.formatError (E:\third\project\server\node_modules\sequelize\lib\dialects\postgres\query.js:366:16)
    at E:\third\project\server\node_modules\sequelize\lib\dialects\postgres\query.js:72:18
    at tryCatcher (E:\third\project\server\node_modules\bluebird\js\release\util.js:16:23)
    at Promise._settlePromiseFromHandler (E:\third\project\server\node_modules\bluebird\js\release\promise.js:547:31)
    at Promise._settlePromise (E:\third\project\server\node_modules\bluebird\js\release\promise.js:604:18)
    at Promise._settlePromise0 (E:\third\project\server\node_modules\bluebird\js\release\promise.js:649:10)
    at Promise._settlePromises (E:\third\project\server\node_modules\bluebird\js\release\promise.js:725:18)
    at _drainQueueStep (E:\third\project\server\node_modules\bluebird\js\release\async.js:93:12)
    at _drainQueue (E:\third\project\server\node_modules\bluebird\js\release\async.js:86:9)
    at Async._drainQueues (E:\third\project\server\node_modules\bluebird\js\release\async.js:102:5)
    at Immediate.Async.drainQueues [as _onImmediate] (E:\third\project\server\node_modules\bluebird\js\release\async.js:15:14)
    at processImmediate (internal/timers.js:456:21)
*************** error log end ***************

[2020-08-06T13:14:09.601] [ERROR] errorLogger - 
*************** error log start ***************
request method: GET
request originalUrl:  /api/announcement/query?bulletinid=&setime=&plaform=&servername=123&type=1&page=1&pagesize=10
request client ip:  ::ffff:127.0.0.1
request query:  {"bulletinid":"","setime":"","plaform":"","servername":"123","type":"1","page":"1","pagesize":"10","gameid":"1"}
response time: 1596690849600
err name: SequelizeDatabaseError
err message: malformed array literal: "123"
err stack: SequelizeDatabaseError: malformed array literal: "123"
    at Query.formatError (E:\third\project\server\node_modules\sequelize\lib\dialects\postgres\query.js:366:16)
    at E:\third\project\server\node_modules\sequelize\lib\dialects\postgres\query.js:72:18
    at tryCatcher (E:\third\project\server\node_modules\bluebird\js\release\util.js:16:23)
    at Promise._settlePromiseFromHandler (E:\third\project\server\node_modules\bluebird\js\release\promise.js:547:31)
    at Promise._settlePromise (E:\third\project\server\node_modules\bluebird\js\release\promise.js:604:18)
    at Promise._settlePromise0 (E:\third\project\server\node_modules\bluebird\js\release\promise.js:649:10)
    at Promise._settlePromises (E:\third\project\server\node_modules\bluebird\js\release\promise.js:725:18)
    at _drainQueueStep (E:\third\project\server\node_modules\bluebird\js\release\async.js:93:12)
    at _drainQueue (E:\third\project\server\node_modules\bluebird\js\release\async.js:86:9)
    at Async._drainQueues (E:\third\project\server\node_modules\bluebird\js\release\async.js:102:5)
    at Immediate.Async.drainQueues [as _onImmediate] (E:\third\project\server\node_modules\bluebird\js\release\async.js:15:14)
    at processImmediate (internal/timers.js:456:21)
*************** error log end ***************

[2020-08-06T13:15:07.741] [ERROR] errorLogger - 
*************** error log start ***************
request method: GET
request originalUrl:  /api/announcement/query?bulletinid=&setime=&plaform=&servername=11111&type=&page=1&pagesize=10
request client ip:  ::ffff:127.0.0.1
request query:  {"bulletinid":"","setime":"","plaform":"","servername":"11111","type":"","page":"1","pagesize":"10","gameid":"1"}
response time: 1596690907741
err name: SequelizeDatabaseError
err message: malformed array literal: "11111"
err stack: SequelizeDatabaseError: malformed array literal: "11111"
    at Query.formatError (E:\third\project\server\node_modules\sequelize\lib\dialects\postgres\query.js:366:16)
    at E:\third\project\server\node_modules\sequelize\lib\dialects\postgres\query.js:72:18
    at tryCatcher (E:\third\project\server\node_modules\bluebird\js\release\util.js:16:23)
    at Promise._settlePromiseFromHandler (E:\third\project\server\node_modules\bluebird\js\release\promise.js:547:31)
    at Promise._settlePromise (E:\third\project\server\node_modules\bluebird\js\release\promise.js:604:18)
    at Promise._settlePromise0 (E:\third\project\server\node_modules\bluebird\js\release\promise.js:649:10)
    at Promise._settlePromises (E:\third\project\server\node_modules\bluebird\js\release\promise.js:725:18)
    at _drainQueueStep (E:\third\project\server\node_modules\bluebird\js\release\async.js:93:12)
    at _drainQueue (E:\third\project\server\node_modules\bluebird\js\release\async.js:86:9)
    at Async._drainQueues (E:\third\project\server\node_modules\bluebird\js\release\async.js:102:5)
    at Immediate.Async.drainQueues [as _onImmediate] (E:\third\project\server\node_modules\bluebird\js\release\async.js:15:14)
    at processImmediate (internal/timers.js:456:21)
*************** error log end ***************

[2020-08-06T13:15:17.406] [ERROR] errorLogger - 
*************** error log start ***************
request method: GET
request originalUrl:  /api/announcement/query?bulletinid=&setime=&plaform=&servername=11111&type=&page=1&pagesize=10
request client ip:  ::ffff:127.0.0.1
request query:  {"bulletinid":"","setime":"","plaform":"","servername":"11111","type":"","page":"1","pagesize":"10","gameid":"1"}
response time: 1596690917406
err name: SequelizeDatabaseError
err message: malformed array literal: "11111"
err stack: SequelizeDatabaseError: malformed array literal: "11111"
    at Query.formatError (E:\third\project\server\node_modules\sequelize\lib\dialects\postgres\query.js:366:16)
    at E:\third\project\server\node_modules\sequelize\lib\dialects\postgres\query.js:72:18
    at tryCatcher (E:\third\project\server\node_modules\bluebird\js\release\util.js:16:23)
    at Promise._settlePromiseFromHandler (E:\third\project\server\node_modules\bluebird\js\release\promise.js:547:31)
    at Promise._settlePromise (E:\third\project\server\node_modules\bluebird\js\release\promise.js:604:18)
    at Promise._settlePromise0 (E:\third\project\server\node_modules\bluebird\js\release\promise.js:649:10)
    at Promise._settlePromises (E:\third\project\server\node_modules\bluebird\js\release\promise.js:725:18)
    at _drainQueueStep (E:\third\project\server\node_modules\bluebird\js\release\async.js:93:12)
    at _drainQueue (E:\third\project\server\node_modules\bluebird\js\release\async.js:86:9)
    at Async._drainQueues (E:\third\project\server\node_modules\bluebird\js\release\async.js:102:5)
    at Immediate.Async.drainQueues [as _onImmediate] (E:\third\project\server\node_modules\bluebird\js\release\async.js:15:14)
    at processImmediate (internal/timers.js:456:21)
*************** error log end ***************

[2020-08-06T13:15:19.419] [ERROR] errorLogger - 
*************** error log start ***************
request method: GET
request originalUrl:  /api/announcement/query?bulletinid=&setime=&plaform=&servername=123&type=&page=1&pagesize=10
request client ip:  ::ffff:127.0.0.1
request query:  {"bulletinid":"","setime":"","plaform":"","servername":"123","type":"","page":"1","pagesize":"10","gameid":"1"}
response time: 1596690919419
err name: SequelizeDatabaseError
err message: malformed array literal: "123"
err stack: SequelizeDatabaseError: malformed array literal: "123"
    at Query.formatError (E:\third\project\server\node_modules\sequelize\lib\dialects\postgres\query.js:366:16)
    at E:\third\project\server\node_modules\sequelize\lib\dialects\postgres\query.js:72:18
    at tryCatcher (E:\third\project\server\node_modules\bluebird\js\release\util.js:16:23)
    at Promise._settlePromiseFromHandler (E:\third\project\server\node_modules\bluebird\js\release\promise.js:547:31)
    at Promise._settlePromise (E:\third\project\server\node_modules\bluebird\js\release\promise.js:604:18)
    at Promise._settlePromise0 (E:\third\project\server\node_modules\bluebird\js\release\promise.js:649:10)
    at Promise._settlePromises (E:\third\project\server\node_modules\bluebird\js\release\promise.js:725:18)
    at _drainQueueStep (E:\third\project\server\node_modules\bluebird\js\release\async.js:93:12)
    at _drainQueue (E:\third\project\server\node_modules\bluebird\js\release\async.js:86:9)
    at Async._drainQueues (E:\third\project\server\node_modules\bluebird\js\release\async.js:102:5)
    at Immediate.Async.drainQueues [as _onImmediate] (E:\third\project\server\node_modules\bluebird\js\release\async.js:15:14)
    at processImmediate (internal/timers.js:456:21)
*************** error log end ***************

[2020-08-06T13:17:04.322] [ERROR] errorLogger - 
*************** error log start ***************
request method: GET
request originalUrl:  /api/announcement/query?bulletinid=&setime=&plaform=&servername=11111&type=&page=1&pagesize=10
request client ip:  ::ffff:127.0.0.1
request query:  {"bulletinid":"","setime":"","plaform":"","servername":"11111","type":"","page":"1","pagesize":"10","gameid":"1"}
response time: 1596691024322
err name: SequelizeDatabaseError
err message: syntax error at or near "servername"
err stack: SequelizeDatabaseError: syntax error at or near "servername"
    at Query.formatError (E:\third\project\server\node_modules\sequelize\lib\dialects\postgres\query.js:366:16)
    at E:\third\project\server\node_modules\sequelize\lib\dialects\postgres\query.js:72:18
    at tryCatcher (E:\third\project\server\node_modules\bluebird\js\release\util.js:16:23)
    at Promise._settlePromiseFromHandler (E:\third\project\server\node_modules\bluebird\js\release\promise.js:547:31)
    at Promise._settlePromise (E:\third\project\server\node_modules\bluebird\js\release\promise.js:604:18)
    at Promise._settlePromise0 (E:\third\project\server\node_modules\bluebird\js\release\promise.js:649:10)
    at Promise._settlePromises (E:\third\project\server\node_modules\bluebird\js\release\promise.js:725:18)
    at _drainQueueStep (E:\third\project\server\node_modules\bluebird\js\release\async.js:93:12)
    at _drainQueue (E:\third\project\server\node_modules\bluebird\js\release\async.js:86:9)
    at Async._drainQueues (E:\third\project\server\node_modules\bluebird\js\release\async.js:102:5)
    at Immediate.Async.drainQueues [as _onImmediate] (E:\third\project\server\node_modules\bluebird\js\release\async.js:15:14)
    at processImmediate (internal/timers.js:456:21)
*************** error log end ***************

[2020-08-06T14:28:50.388] [ERROR] errorLogger - 
*************** error log start ***************
request method: GET
request originalUrl:  /api/announcement/weights?stime=2020-08-04T16:00:00.000Z&etime=2020-08-05T16:00:00.000Z&plaform=&channel[]=%E4%B9%85%E6%B8%B8&channel[]=%E5%B0%8F%E7%B1%B3
request client ip:  ::ffff:127.0.0.1
request query:  {"stime":"2020-08-04T16:00:00.000Z","etime":"2020-08-05T16:00:00.000Z","plaform":"","channel[]":["久游","小米"],"gameid":"1"}
response time: 1596695330387
err name: TypeError
err message: Cannot set property 'stime' of undefined
err stack: TypeError: Cannot set property 'stime' of undefined
    at _callee7$ (E:\third\project\server\src\app\service\/gm-announcement.js:113:4)
    at tryCatch (E:\third\project\server\node_modules\regenerator-runtime\runtime.js:45:40)
    at Generator.invoke [as _invoke] (E:\third\project\server\node_modules\regenerator-runtime\runtime.js:281:22)
    at Generator.prototype.<computed> [as next] (E:\third\project\server\node_modules\regenerator-runtime\runtime.js:106:21)
    at asyncGeneratorStep (E:\third\project\server\node_modules\@babel\runtime\helpers\asyncToGenerator.js:3:24)
    at _next (E:\third\project\server\node_modules\@babel\runtime\helpers\asyncToGenerator.js:25:9)
    at E:\third\project\server\node_modules\@babel\runtime\helpers\asyncToGenerator.js:32:7
    at new Promise (<anonymous>)
    at GmAnnouncementService.<anonymous> (E:\third\project\server\node_modules\@babel\runtime\helpers\asyncToGenerator.js:21:12)
    at GmAnnouncementService.queryweights (E:\third\project\server\src\app\service\gm-announcement.js:472:30)
    at _callee5$ (E:\third\project\server\src\app\controllers\/gm-announcement.js:42:46)
    at tryCatch (E:\third\project\server\node_modules\regenerator-runtime\runtime.js:45:40)
    at Generator.invoke [as _invoke] (E:\third\project\server\node_modules\regenerator-runtime\runtime.js:281:22)
    at Generator.prototype.<computed> [as next] (E:\third\project\server\node_modules\regenerator-runtime\runtime.js:106:21)
    at asyncGeneratorStep (E:\third\project\server\node_modules\@babel\runtime\helpers\asyncToGenerator.js:3:24)
    at _next (E:\third\project\server\node_modules\@babel\runtime\helpers\asyncToGenerator.js:25:9)
    at E:\third\project\server\node_modules\@babel\runtime\helpers\asyncToGenerator.js:32:7
    at new Promise (<anonymous>)
    at E:\third\project\server\node_modules\@babel\runtime\helpers\asyncToGenerator.js:21:12
    at weights (E:\third\project\server\src\app\controllers\gm-announcement.js:221:25)
    at dispatch (E:\third\project\server\node_modules\koa-compose\index.js:44:32)
    at next (E:\third\project\server\node_modules\koa-compose\index.js:45:18)
    at E:\third\project\server\node_modules\koa-router\lib\router.js:346:16
    at dispatch (E:\third\project\server\node_modules\koa-compose\index.js:44:32)
    at E:\third\project\server\node_modules\koa-compose\index.js:36:12
    at dispatch (E:\third\project\server\node_modules\koa-router\lib\router.js:351:31)
    at dispatch (E:\third\project\server\node_modules\koa\node_modules\koa-compose\index.js:42:32)
    at E:\third\project\server\node_modules\koa-mount\index.js:52:32
*************** error log end ***************

[2020-08-06T14:28:59.681] [ERROR] errorLogger - 
*************** error log start ***************
request method: GET
request originalUrl:  /api/announcement/weights?stime=2020-08-04T16:00:00.000Z&etime=2020-08-05T16:00:00.000Z&plaform=&channel[]=%E4%B9%85%E6%B8%B8
request client ip:  ::ffff:127.0.0.1
request query:  {"stime":"2020-08-04T16:00:00.000Z","etime":"2020-08-05T16:00:00.000Z","plaform":"","channel[]":"久游","gameid":"1"}
response time: 1596695339681
err name: TypeError
err message: Cannot set property 'stime' of undefined
err stack: TypeError: Cannot set property 'stime' of undefined
    at _callee7$ (E:\third\project\server\src\app\service\/gm-announcement.js:113:4)
    at tryCatch (E:\third\project\server\node_modules\regenerator-runtime\runtime.js:45:40)
    at Generator.invoke [as _invoke] (E:\third\project\server\node_modules\regenerator-runtime\runtime.js:281:22)
    at Generator.prototype.<computed> [as next] (E:\third\project\server\node_modules\regenerator-runtime\runtime.js:106:21)
    at asyncGeneratorStep (E:\third\project\server\node_modules\@babel\runtime\helpers\asyncToGenerator.js:3:24)
    at _next (E:\third\project\server\node_modules\@babel\runtime\helpers\asyncToGenerator.js:25:9)
    at E:\third\project\server\node_modules\@babel\runtime\helpers\asyncToGenerator.js:32:7
    at new Promise (<anonymous>)
    at GmAnnouncementService.<anonymous> (E:\third\project\server\node_modules\@babel\runtime\helpers\asyncToGenerator.js:21:12)
    at GmAnnouncementService.queryweights (E:\third\project\server\src\app\service\gm-announcement.js:472:30)
    at _callee5$ (E:\third\project\server\src\app\controllers\/gm-announcement.js:42:46)
    at tryCatch (E:\third\project\server\node_modules\regenerator-runtime\runtime.js:45:40)
    at Generator.invoke [as _invoke] (E:\third\project\server\node_modules\regenerator-runtime\runtime.js:281:22)
    at Generator.prototype.<computed> [as next] (E:\third\project\server\node_modules\regenerator-runtime\runtime.js:106:21)
    at asyncGeneratorStep (E:\third\project\server\node_modules\@babel\runtime\helpers\asyncToGenerator.js:3:24)
    at _next (E:\third\project\server\node_modules\@babel\runtime\helpers\asyncToGenerator.js:25:9)
    at E:\third\project\server\node_modules\@babel\runtime\helpers\asyncToGenerator.js:32:7
    at new Promise (<anonymous>)
    at E:\third\project\server\node_modules\@babel\runtime\helpers\asyncToGenerator.js:21:12
    at weights (E:\third\project\server\src\app\controllers\gm-announcement.js:221:25)
    at dispatch (E:\third\project\server\node_modules\koa-compose\index.js:44:32)
    at next (E:\third\project\server\node_modules\koa-compose\index.js:45:18)
    at E:\third\project\server\node_modules\koa-router\lib\router.js:346:16
    at dispatch (E:\third\project\server\node_modules\koa-compose\index.js:44:32)
    at E:\third\project\server\node_modules\koa-compose\index.js:36:12
    at dispatch (E:\third\project\server\node_modules\koa-router\lib\router.js:351:31)
    at dispatch (E:\third\project\server\node_modules\koa\node_modules\koa-compose\index.js:42:32)
    at E:\third\project\server\node_modules\koa-mount\index.js:52:32
*************** error log end ***************

[2020-08-06T15:15:08.847] [ERROR] errorLogger - 
*************** error log start ***************
request method: GET
request originalUrl:  /api/announcement/weights?stime=2020-08-06T16:00:00.000Z&etime=2020-08-11T16:00:00.000Z&plaform=&channel[]=%E4%B9%85%E6%B8%B8
request client ip:  ::ffff:127.0.0.1
request query:  {"stime":"2020-08-06T16:00:00.000Z","etime":"2020-08-11T16:00:00.000Z","plaform":"","channel[]":"久游","channel":"久游","gameid":"1"}
response time: 1596698108847
err name: TypeError
err message: channel.join is not a function
err stack: TypeError: channel.join is not a function
    at _callee7$ (E:\third\project\server\src\app\service\/gm-announcement.js:113:23)
    at tryCatch (E:\third\project\server\node_modules\regenerator-runtime\runtime.js:45:40)
    at Generator.invoke [as _invoke] (E:\third\project\server\node_modules\regenerator-runtime\runtime.js:281:22)
    at Generator.prototype.<computed> [as next] (E:\third\project\server\node_modules\regenerator-runtime\runtime.js:106:21)
    at asyncGeneratorStep (E:\third\project\server\node_modules\@babel\runtime\helpers\asyncToGenerator.js:3:24)
    at _next (E:\third\project\server\node_modules\@babel\runtime\helpers\asyncToGenerator.js:25:9)
    at E:\third\project\server\node_modules\@babel\runtime\helpers\asyncToGenerator.js:32:7
    at new Promise (<anonymous>)
    at GmAnnouncementService.<anonymous> (E:\third\project\server\node_modules\@babel\runtime\helpers\asyncToGenerator.js:21:12)
    at GmAnnouncementService.queryweights (E:\third\project\server\src\app\service\gm-announcement.js:485:30)
    at _callee5$ (E:\third\project\server\src\app\controllers\/gm-announcement.js:42:46)
    at tryCatch (E:\third\project\server\node_modules\regenerator-runtime\runtime.js:45:40)
    at Generator.invoke [as _invoke] (E:\third\project\server\node_modules\regenerator-runtime\runtime.js:281:22)
    at Generator.prototype.<computed> [as next] (E:\third\project\server\node_modules\regenerator-runtime\runtime.js:106:21)
    at asyncGeneratorStep (E:\third\project\server\node_modules\@babel\runtime\helpers\asyncToGenerator.js:3:24)
    at _next (E:\third\project\server\node_modules\@babel\runtime\helpers\asyncToGenerator.js:25:9)
    at E:\third\project\server\node_modules\@babel\runtime\helpers\asyncToGenerator.js:32:7
    at new Promise (<anonymous>)
    at E:\third\project\server\node_modules\@babel\runtime\helpers\asyncToGenerator.js:21:12
    at weights (E:\third\project\server\src\app\controllers\gm-announcement.js:221:25)
    at dispatch (E:\third\project\server\node_modules\koa-compose\index.js:44:32)
    at next (E:\third\project\server\node_modules\koa-compose\index.js:45:18)
    at E:\third\project\server\node_modules\koa-router\lib\router.js:346:16
    at dispatch (E:\third\project\server\node_modules\koa-compose\index.js:44:32)
    at E:\third\project\server\node_modules\koa-compose\index.js:36:12
    at dispatch (E:\third\project\server\node_modules\koa-router\lib\router.js:351:31)
    at dispatch (E:\third\project\server\node_modules\koa\node_modules\koa-compose\index.js:42:32)
    at E:\third\project\server\node_modules\koa-mount\index.js:52:32
*************** error log end ***************

[2020-08-06T15:16:11.702] [ERROR] errorLogger - 
*************** error log start ***************
request method: GET
request originalUrl:  /api/announcement/weights?stime=2020-08-06T16:00:00.000Z&etime=2020-08-11T16:00:00.000Z&plaform=
request client ip:  ::ffff:127.0.0.1
request query:  {"stime":"2020-08-06T16:00:00.000Z","etime":"2020-08-11T16:00:00.000Z","plaform":"","gameid":"1"}
response time: 1596698171701
err name: TypeError
err message: Cannot read property 'split' of undefined
err stack: TypeError: Cannot read property 'split' of undefined
    at _callee7$ (E:\third\project\server\src\app\service\/gm-announcement.js:116:22)
    at tryCatch (E:\third\project\server\node_modules\regenerator-runtime\runtime.js:45:40)
    at Generator.invoke [as _invoke] (E:\third\project\server\node_modules\regenerator-runtime\runtime.js:281:22)
    at Generator.prototype.<computed> [as next] (E:\third\project\server\node_modules\regenerator-runtime\runtime.js:106:21)
    at asyncGeneratorStep (E:\third\project\server\node_modules\@babel\runtime\helpers\asyncToGenerator.js:3:24)
    at _next (E:\third\project\server\node_modules\@babel\runtime\helpers\asyncToGenerator.js:25:9)
    at E:\third\project\server\node_modules\@babel\runtime\helpers\asyncToGenerator.js:32:7
    at new Promise (<anonymous>)
    at GmAnnouncementService.<anonymous> (E:\third\project\server\node_modules\@babel\runtime\helpers\asyncToGenerator.js:21:12)
    at GmAnnouncementService.queryweights (E:\third\project\server\src\app\service\gm-announcement.js:492:30)
    at _callee5$ (E:\third\project\server\src\app\controllers\/gm-announcement.js:42:46)
    at tryCatch (E:\third\project\server\node_modules\regenerator-runtime\runtime.js:45:40)
    at Generator.invoke [as _invoke] (E:\third\project\server\node_modules\regenerator-runtime\runtime.js:281:22)
    at Generator.prototype.<computed> [as next] (E:\third\project\server\node_modules\regenerator-runtime\runtime.js:106:21)
    at asyncGeneratorStep (E:\third\project\server\node_modules\@babel\runtime\helpers\asyncToGenerator.js:3:24)
    at _next (E:\third\project\server\node_modules\@babel\runtime\helpers\asyncToGenerator.js:25:9)
    at E:\third\project\server\node_modules\@babel\runtime\helpers\asyncToGenerator.js:32:7
    at new Promise (<anonymous>)
    at E:\third\project\server\node_modules\@babel\runtime\helpers\asyncToGenerator.js:21:12
    at weights (E:\third\project\server\src\app\controllers\gm-announcement.js:221:25)
    at dispatch (E:\third\project\server\node_modules\koa-compose\index.js:44:32)
    at next (E:\third\project\server\node_modules\koa-compose\index.js:45:18)
    at E:\third\project\server\node_modules\koa-router\lib\router.js:346:16
    at dispatch (E:\third\project\server\node_modules\koa-compose\index.js:44:32)
    at E:\third\project\server\node_modules\koa-compose\index.js:36:12
    at dispatch (E:\third\project\server\node_modules\koa-router\lib\router.js:351:31)
    at dispatch (E:\third\project\server\node_modules\koa\node_modules\koa-compose\index.js:42:32)
    at E:\third\project\server\node_modules\koa-mount\index.js:52:32
*************** error log end ***************

[2020-08-06T15:20:53.971] [ERROR] errorLogger - 
*************** error log start ***************
request method: GET
request originalUrl:  /api/announcement/weights?stime=2020-07-05T16:00:00.000Z&etime=2020-08-09T16:00:00.000Z&plaform=&channel[]=%E4%B9%85%E6%B8%B8
request client ip:  ::ffff:127.0.0.1
request query:  {"stime":"2020-07-05T16:00:00.000Z","etime":"2020-08-09T16:00:00.000Z","plaform":"","channel[]":"久游","channel":"久游","gameid":"1"}
response time: 1596698453970
err name: SequelizeDatabaseError
err message: argument of AND must be type boolean, not type character varying[]
err stack: SequelizeDatabaseError: argument of AND must be type boolean, not type character varying[]
    at Query.formatError (E:\third\project\server\node_modules\sequelize\lib\dialects\postgres\query.js:366:16)
    at E:\third\project\server\node_modules\sequelize\lib\dialects\postgres\query.js:72:18
    at tryCatcher (E:\third\project\server\node_modules\bluebird\js\release\util.js:16:23)
    at Promise._settlePromiseFromHandler (E:\third\project\server\node_modules\bluebird\js\release\promise.js:547:31)
    at Promise._settlePromise (E:\third\project\server\node_modules\bluebird\js\release\promise.js:604:18)
    at Promise._settlePromise0 (E:\third\project\server\node_modules\bluebird\js\release\promise.js:649:10)
    at Promise._settlePromises (E:\third\project\server\node_modules\bluebird\js\release\promise.js:725:18)
    at _drainQueueStep (E:\third\project\server\node_modules\bluebird\js\release\async.js:93:12)
    at _drainQueue (E:\third\project\server\node_modules\bluebird\js\release\async.js:86:9)
    at Async._drainQueues (E:\third\project\server\node_modules\bluebird\js\release\async.js:102:5)
    at Immediate.Async.drainQueues [as _onImmediate] (E:\third\project\server\node_modules\bluebird\js\release\async.js:15:14)
    at processImmediate (internal/timers.js:456:21)
*************** error log end ***************

[2020-08-06T16:20:38.729] [ERROR] errorLogger - 
*************** error log start ***************
request method: GET
request originalUrl:  /api/announcement/weights?stime=&etime=&plaform=1
request client ip:  ::ffff:127.0.0.1
request query:  {"stime":"","etime":"","plaform":"1","gameid":"1"}
response time: 1596702038729
err name: TypeError
err message: Cannot read property 'map' of undefined
err stack: TypeError: Cannot read property 'map' of undefined
    at _callee7$ (E:\third\project\server\src\app\service\/gm-announcement.js:121:157)
    at tryCatch (E:\third\project\server\node_modules\regenerator-runtime\runtime.js:45:40)
    at Generator.invoke [as _invoke] (E:\third\project\server\node_modules\regenerator-runtime\runtime.js:281:22)
    at Generator.prototype.<computed> [as next] (E:\third\project\server\node_modules\regenerator-runtime\runtime.js:106:21)
    at asyncGeneratorStep (E:\third\project\server\node_modules\@babel\runtime\helpers\asyncToGenerator.js:3:24)
    at _next (E:\third\project\server\node_modules\@babel\runtime\helpers\asyncToGenerator.js:25:9)
    at E:\third\project\server\node_modules\@babel\runtime\helpers\asyncToGenerator.js:32:7
    at new Promise (<anonymous>)
    at GmAnnouncementService.<anonymous> (E:\third\project\server\node_modules\@babel\runtime\helpers\asyncToGenerator.js:21:12)
    at GmAnnouncementService.queryweights (E:\third\project\server\src\app\service\gm-announcement.js:522:30)
    at _callee5$ (E:\third\project\server\src\app\controllers\/gm-announcement.js:42:46)
    at tryCatch (E:\third\project\server\node_modules\regenerator-runtime\runtime.js:45:40)
    at Generator.invoke [as _invoke] (E:\third\project\server\node_modules\regenerator-runtime\runtime.js:281:22)
    at Generator.prototype.<computed> [as next] (E:\third\project\server\node_modules\regenerator-runtime\runtime.js:106:21)
    at asyncGeneratorStep (E:\third\project\server\node_modules\@babel\runtime\helpers\asyncToGenerator.js:3:24)
    at _next (E:\third\project\server\node_modules\@babel\runtime\helpers\asyncToGenerator.js:25:9)
    at E:\third\project\server\node_modules\@babel\runtime\helpers\asyncToGenerator.js:32:7
    at new Promise (<anonymous>)
    at E:\third\project\server\node_modules\@babel\runtime\helpers\asyncToGenerator.js:21:12
    at weights (E:\third\project\server\src\app\controllers\gm-announcement.js:221:25)
    at dispatch (E:\third\project\server\node_modules\koa-compose\index.js:44:32)
    at next (E:\third\project\server\node_modules\koa-compose\index.js:45:18)
    at E:\third\project\server\node_modules\koa-router\lib\router.js:346:16
    at dispatch (E:\third\project\server\node_modules\koa-compose\index.js:44:32)
    at E:\third\project\server\node_modules\koa-compose\index.js:36:12
    at dispatch (E:\third\project\server\node_modules\koa-router\lib\router.js:351:31)
    at dispatch (E:\third\project\server\node_modules\koa\node_modules\koa-compose\index.js:42:32)
    at E:\third\project\server\node_modules\koa-mount\index.js:52:32
*************** error log end ***************

[2020-08-06T16:34:22.914] [ERROR] errorLogger - 
*************** error log start ***************
request method: GET
request originalUrl:  /api/announcement/weights?stime=&etime=&plaform=
request client ip:  ::ffff:127.0.0.1
request query:  {"stime":"","etime":"","plaform":"","gameid":"1"}
response time: 1596702862914
err name: TypeError
err message: Cannot read property '0' of undefined
err stack: TypeError: Cannot read property '0' of undefined
    at _callee7$ (E:\third\project\server\src\app\service\/gm-announcement.js:129:70)
    at tryCatch (E:\third\project\server\node_modules\regenerator-runtime\runtime.js:45:40)
    at Generator.invoke [as _invoke] (E:\third\project\server\node_modules\regenerator-runtime\runtime.js:281:22)
    at Generator.prototype.<computed> [as next] (E:\third\project\server\node_modules\regenerator-runtime\runtime.js:106:21)
    at asyncGeneratorStep (E:\third\project\server\node_modules\@babel\runtime\helpers\asyncToGenerator.js:3:24)
    at _next (E:\third\project\server\node_modules\@babel\runtime\helpers\asyncToGenerator.js:25:9)
    at E:\third\project\server\node_modules\@babel\runtime\helpers\asyncToGenerator.js:32:7
    at new Promise (<anonymous>)
    at GmAnnouncementService.<anonymous> (E:\third\project\server\node_modules\@babel\runtime\helpers\asyncToGenerator.js:21:12)
    at GmAnnouncementService.queryweights (E:\third\project\server\src\app\service\gm-announcement.js:525:30)
    at _callee5$ (E:\third\project\server\src\app\controllers\/gm-announcement.js:42:46)
    at tryCatch (E:\third\project\server\node_modules\regenerator-runtime\runtime.js:45:40)
    at Generator.invoke [as _invoke] (E:\third\project\server\node_modules\regenerator-runtime\runtime.js:281:22)
    at Generator.prototype.<computed> [as next] (E:\third\project\server\node_modules\regenerator-runtime\runtime.js:106:21)
    at asyncGeneratorStep (E:\third\project\server\node_modules\@babel\runtime\helpers\asyncToGenerator.js:3:24)
    at _next (E:\third\project\server\node_modules\@babel\runtime\helpers\asyncToGenerator.js:25:9)
    at E:\third\project\server\node_modules\@babel\runtime\helpers\asyncToGenerator.js:32:7
    at new Promise (<anonymous>)
    at E:\third\project\server\node_modules\@babel\runtime\helpers\asyncToGenerator.js:21:12
    at weights (E:\third\project\server\src\app\controllers\gm-announcement.js:221:25)
    at dispatch (E:\third\project\server\node_modules\koa-compose\index.js:44:32)
    at next (E:\third\project\server\node_modules\koa-compose\index.js:45:18)
    at E:\third\project\server\node_modules\koa-router\lib\router.js:346:16
    at dispatch (E:\third\project\server\node_modules\koa-compose\index.js:44:32)
    at E:\third\project\server\node_modules\koa-compose\index.js:36:12
    at dispatch (E:\third\project\server\node_modules\koa-router\lib\router.js:351:31)
    at dispatch (E:\third\project\server\node_modules\koa\node_modules\koa-compose\index.js:42:32)
    at E:\third\project\server\node_modules\koa-mount\index.js:52:32
*************** error log end ***************

[2020-08-06T16:34:42.917] [ERROR] errorLogger - 
*************** error log start ***************
request method: GET
request originalUrl:  /api/announcement/weights?stime=&etime=&plaform=
request client ip:  ::ffff:127.0.0.1
request query:  {"stime":"","etime":"","plaform":"","gameid":"1"}
response time: 1596702882917
err name: TypeError
err message: Cannot read property '0' of undefined
err stack: TypeError: Cannot read property '0' of undefined
    at _callee7$ (E:\third\project\server\src\app\service\/gm-announcement.js:129:70)
    at tryCatch (E:\third\project\server\node_modules\regenerator-runtime\runtime.js:45:40)
    at Generator.invoke [as _invoke] (E:\third\project\server\node_modules\regenerator-runtime\runtime.js:281:22)
    at Generator.prototype.<computed> [as next] (E:\third\project\server\node_modules\regenerator-runtime\runtime.js:106:21)
    at asyncGeneratorStep (E:\third\project\server\node_modules\@babel\runtime\helpers\asyncToGenerator.js:3:24)
    at _next (E:\third\project\server\node_modules\@babel\runtime\helpers\asyncToGenerator.js:25:9)
    at E:\third\project\server\node_modules\@babel\runtime\helpers\asyncToGenerator.js:32:7
    at new Promise (<anonymous>)
    at GmAnnouncementService.<anonymous> (E:\third\project\server\node_modules\@babel\runtime\helpers\asyncToGenerator.js:21:12)
    at GmAnnouncementService.queryweights (E:\third\project\server\src\app\service\gm-announcement.js:525:30)
    at _callee5$ (E:\third\project\server\src\app\controllers\/gm-announcement.js:42:46)
    at tryCatch (E:\third\project\server\node_modules\regenerator-runtime\runtime.js:45:40)
    at Generator.invoke [as _invoke] (E:\third\project\server\node_modules\regenerator-runtime\runtime.js:281:22)
    at Generator.prototype.<computed> [as next] (E:\third\project\server\node_modules\regenerator-runtime\runtime.js:106:21)
    at asyncGeneratorStep (E:\third\project\server\node_modules\@babel\runtime\helpers\asyncToGenerator.js:3:24)
    at _next (E:\third\project\server\node_modules\@babel\runtime\helpers\asyncToGenerator.js:25:9)
    at E:\third\project\server\node_modules\@babel\runtime\helpers\asyncToGenerator.js:32:7
    at new Promise (<anonymous>)
    at E:\third\project\server\node_modules\@babel\runtime\helpers\asyncToGenerator.js:21:12
    at weights (E:\third\project\server\src\app\controllers\gm-announcement.js:221:25)
    at dispatch (E:\third\project\server\node_modules\koa-compose\index.js:44:32)
    at next (E:\third\project\server\node_modules\koa-compose\index.js:45:18)
    at E:\third\project\server\node_modules\koa-router\lib\router.js:346:16
    at dispatch (E:\third\project\server\node_modules\koa-compose\index.js:44:32)
    at E:\third\project\server\node_modules\koa-compose\index.js:36:12
    at dispatch (E:\third\project\server\node_modules\koa-router\lib\router.js:351:31)
    at dispatch (E:\third\project\server\node_modules\koa\node_modules\koa-compose\index.js:42:32)
    at E:\third\project\server\node_modules\koa-mount\index.js:52:32
*************** error log end ***************

[2020-08-06T16:55:45.216] [ERROR] errorLogger - 
*************** error log start ***************
request method: GET
request originalUrl:  /api/announcement/queryservernames?channel[]=%E5%B0%8F%E7%B1%B3&plaform=1
request client ip:  ::ffff:127.0.0.1
request query:  {"channel[]":"小米","plaform":"1","channel":"小米","gameid":"1"}
response time: 1596704145215
err name: TypeError
err message: channel.map is not a function
err stack: TypeError: channel.map is not a function
    at _callee8$ (E:\third\project\server\src\app\service\/gm-announcement.js:142:35)
    at tryCatch (E:\third\project\server\node_modules\regenerator-runtime\runtime.js:45:40)
    at Generator.invoke [as _invoke] (E:\third\project\server\node_modules\regenerator-runtime\runtime.js:281:22)
    at Generator.prototype.<computed> [as next] (E:\third\project\server\node_modules\regenerator-runtime\runtime.js:106:21)
    at asyncGeneratorStep (E:\third\project\server\node_modules\@babel\runtime\helpers\asyncToGenerator.js:3:24)
    at _next (E:\third\project\server\node_modules\@babel\runtime\helpers\asyncToGenerator.js:25:9)
    at E:\third\project\server\node_modules\@babel\runtime\helpers\asyncToGenerator.js:32:7
    at new Promise (<anonymous>)
    at GmAnnouncementService.<anonymous> (E:\third\project\server\node_modules\@babel\runtime\helpers\asyncToGenerator.js:21:12)
    at GmAnnouncementService.queryservernames (E:\third\project\server\src\app\service\gm-announcement.js:547:34)
    at _callee6$ (E:\third\project\server\src\app\controllers\/gm-announcement.js:48:46)
    at tryCatch (E:\third\project\server\node_modules\regenerator-runtime\runtime.js:45:40)
    at Generator.invoke [as _invoke] (E:\third\project\server\node_modules\regenerator-runtime\runtime.js:281:22)
    at Generator.prototype.<computed> [as next] (E:\third\project\server\node_modules\regenerator-runtime\runtime.js:106:21)
    at asyncGeneratorStep (E:\third\project\server\node_modules\@babel\runtime\helpers\asyncToGenerator.js:3:24)
    at _next (E:\third\project\server\node_modules\@babel\runtime\helpers\asyncToGenerator.js:25:9)
    at E:\third\project\server\node_modules\@babel\runtime\helpers\asyncToGenerator.js:32:7
    at new Promise (<anonymous>)
    at E:\third\project\server\node_modules\@babel\runtime\helpers\asyncToGenerator.js:21:12
    at queryservernames (E:\third\project\server\src\app\controllers\gm-announcement.js:252:34)
    at dispatch (E:\third\project\server\node_modules\koa-compose\index.js:44:32)
    at next (E:\third\project\server\node_modules\koa-compose\index.js:45:18)
    at E:\third\project\server\node_modules\koa-router\lib\router.js:346:16
    at dispatch (E:\third\project\server\node_modules\koa-compose\index.js:44:32)
    at E:\third\project\server\node_modules\koa-compose\index.js:36:12
    at dispatch (E:\third\project\server\node_modules\koa-router\lib\router.js:351:31)
    at dispatch (E:\third\project\server\node_modules\koa\node_modules\koa-compose\index.js:42:32)
    at E:\third\project\server\node_modules\koa-mount\index.js:52:32
*************** error log end ***************

[2020-08-06T17:41:36.201] [ERROR] errorLogger - 
*************** error log start ***************
request method: PUT
request originalUrl:  /api/announcement/putchangeoneannounced
request client ip:  ::ffff:127.0.0.1
request body: 
{"id":34,"status":1,"create_user_id":1,"update_user_id":null,"create_time":"2020-08-05T16:00:00.000Z","update_time":"2020-08-05T16:00:00.000Z","type":"跑马灯","end_time":"2020-08-20 00:00:00","start_time":"2020-07-16 00:00:00","anno_status":"待用","title":null,"area_server_id":null,"client":[],"plaform":"不限制","game_id":1,"text":"1","time_interval":"1","img_url":null,"weights":"6","link":null,"job_id":null,"bulletinid":"11596690619960","servername":[],"sendtime":null,"changeshow":true,"stopshow":true,"gameid":"1"}
response time: 1596706896200
err name: SequelizeDatabaseError
err message: syntax error at or near "where"
err stack: SequelizeDatabaseError: syntax error at or near "where"
    at Query.formatError (E:\third\project\server\node_modules\sequelize\lib\dialects\postgres\query.js:366:16)
    at E:\third\project\server\node_modules\sequelize\lib\dialects\postgres\query.js:72:18
    at tryCatcher (E:\third\project\server\node_modules\bluebird\js\release\util.js:16:23)
    at Promise._settlePromiseFromHandler (E:\third\project\server\node_modules\bluebird\js\release\promise.js:547:31)
    at Promise._settlePromise (E:\third\project\server\node_modules\bluebird\js\release\promise.js:604:18)
    at Promise._settlePromise0 (E:\third\project\server\node_modules\bluebird\js\release\promise.js:649:10)
    at Promise._settlePromises (E:\third\project\server\node_modules\bluebird\js\release\promise.js:725:18)
    at _drainQueueStep (E:\third\project\server\node_modules\bluebird\js\release\async.js:93:12)
    at _drainQueue (E:\third\project\server\node_modules\bluebird\js\release\async.js:86:9)
    at Async._drainQueues (E:\third\project\server\node_modules\bluebird\js\release\async.js:102:5)
    at Immediate.Async.drainQueues [as _onImmediate] (E:\third\project\server\node_modules\bluebird\js\release\async.js:15:14)
    at processImmediate (internal/timers.js:456:21)
*************** error log end ***************

[2020-08-06T18:09:33.838] [ERROR] errorLogger - 
*************** error log start ***************
request method: PUT
request originalUrl:  /api/announcement/putchangeoneannounced
request client ip:  ::ffff:127.0.0.1
request body: 
{"id":32,"status":1,"create_user_id":1,"update_user_id":null,"create_time":"2020-08-05T16:00:00.000Z","update_time":"2020-08-05T16:00:00.000Z","type":"公告板","end_time":"","start_time":"","anno_status":"待用","title":"1111","area_server_id":null,"client":null,"plaform":"不限制","game_id":1,"text":"123","time_interval":null,"img_url":"E:\\third\\project\\server\\src\\images\\11596685836437+README.txt","weights":null,"link":"123","job_id":null,"bulletinid":"11596685836437","servername":null,"sendtime":null,"changeshow":true,"stopshow":true,"gameid":"1"}
response time: 1596708573837
err name: SequelizeDatabaseError
err message: invalid input syntax for type timestamp: ""
err stack: SequelizeDatabaseError: invalid input syntax for type timestamp: ""
    at Query.formatError (E:\third\project\server\node_modules\sequelize\lib\dialects\postgres\query.js:366:16)
    at E:\third\project\server\node_modules\sequelize\lib\dialects\postgres\query.js:72:18
    at tryCatcher (E:\third\project\server\node_modules\bluebird\js\release\util.js:16:23)
    at Promise._settlePromiseFromHandler (E:\third\project\server\node_modules\bluebird\js\release\promise.js:547:31)
    at Promise._settlePromise (E:\third\project\server\node_modules\bluebird\js\release\promise.js:604:18)
    at Promise._settlePromise0 (E:\third\project\server\node_modules\bluebird\js\release\promise.js:649:10)
    at Promise._settlePromises (E:\third\project\server\node_modules\bluebird\js\release\promise.js:725:18)
    at _drainQueueStep (E:\third\project\server\node_modules\bluebird\js\release\async.js:93:12)
    at _drainQueue (E:\third\project\server\node_modules\bluebird\js\release\async.js:86:9)
    at Async._drainQueues (E:\third\project\server\node_modules\bluebird\js\release\async.js:102:5)
    at Immediate.Async.drainQueues [as _onImmediate] (E:\third\project\server\node_modules\bluebird\js\release\async.js:15:14)
    at processImmediate (internal/timers.js:456:21)
*************** error log end ***************

[2020-08-06T18:13:32.950] [ERROR] errorLogger - 
*************** error log start ***************
request method: PUT
request originalUrl:  /api/announcement/putchangeoneannounced
request client ip:  ::ffff:127.0.0.1
request body: 
{"id":19,"status":1,"create_user_id":1,"update_user_id":null,"create_time":"2020-08-02T16:00:00.000Z","update_time":"2020-08-02T16:00:00.000Z","type":"跑马灯","end_time":"","start_time":"","anno_status":"待用","title":"1","area_server_id":null,"client":["久游","小米","腾讯"],"plaform":"不限制","game_id":1,"text":"1231231311231232222","time_interval":123,"img_url":"E:\\third\\project\\server\\src\\images\\11596455908720+backimage.png","weights":null,"link":"123","job_id":null,"bulletinid":"11596455908720","servername":["0"],"sendtime":"2020-08-05T09:14:28.000Z","changeshow":true,"stopshow":true,"gameid":"1"}
response time: 1596708812950
err name: SequelizeDatabaseError
err message: invalid input syntax for type timestamp: ""
err stack: SequelizeDatabaseError: invalid input syntax for type timestamp: ""
    at Query.formatError (E:\third\project\server\node_modules\sequelize\lib\dialects\postgres\query.js:366:16)
    at E:\third\project\server\node_modules\sequelize\lib\dialects\postgres\query.js:72:18
    at tryCatcher (E:\third\project\server\node_modules\bluebird\js\release\util.js:16:23)
    at Promise._settlePromiseFromHandler (E:\third\project\server\node_modules\bluebird\js\release\promise.js:547:31)
    at Promise._settlePromise (E:\third\project\server\node_modules\bluebird\js\release\promise.js:604:18)
    at Promise._settlePromise0 (E:\third\project\server\node_modules\bluebird\js\release\promise.js:649:10)
    at Promise._settlePromises (E:\third\project\server\node_modules\bluebird\js\release\promise.js:725:18)
    at _drainQueueStep (E:\third\project\server\node_modules\bluebird\js\release\async.js:93:12)
    at _drainQueue (E:\third\project\server\node_modules\bluebird\js\release\async.js:86:9)
    at Async._drainQueues (E:\third\project\server\node_modules\bluebird\js\release\async.js:102:5)
    at Immediate.Async.drainQueues [as _onImmediate] (E:\third\project\server\node_modules\bluebird\js\release\async.js:15:14)
    at processImmediate (internal/timers.js:456:21)
*************** error log end ***************

[2020-08-06T18:14:22.055] [ERROR] errorLogger - 
*************** error log start ***************
request method: PUT
request originalUrl:  /api/announcement/putchangeoneannounced
request client ip:  ::ffff:127.0.0.1
request body: 
{"id":19,"status":1,"create_user_id":1,"update_user_id":null,"create_time":"2020-08-02T16:00:00.000Z","update_time":"2020-08-02T16:00:00.000Z","type":"跑马灯","end_time":"","start_time":"","anno_status":"待用","title":"1","area_server_id":null,"client":["久游","小米","腾讯"],"plaform":"不限制","game_id":1,"text":"1231231311231232222","time_interval":123,"img_url":"E:\\third\\project\\server\\src\\images\\11596455908720+backimage.png","weights":null,"link":"123","job_id":null,"bulletinid":"11596455908720","servername":["0"],"sendtime":"2020-08-05T09:14:28.000Z","changeshow":true,"stopshow":true,"gameid":"1"}
response time: 1596708862054
err name: SequelizeDatabaseError
err message: invalid input syntax for type timestamp: ""
err stack: SequelizeDatabaseError: invalid input syntax for type timestamp: ""
    at Query.formatError (E:\third\project\server\node_modules\sequelize\lib\dialects\postgres\query.js:366:16)
    at E:\third\project\server\node_modules\sequelize\lib\dialects\postgres\query.js:72:18
    at tryCatcher (E:\third\project\server\node_modules\bluebird\js\release\util.js:16:23)
    at Promise._settlePromiseFromHandler (E:\third\project\server\node_modules\bluebird\js\release\promise.js:547:31)
    at Promise._settlePromise (E:\third\project\server\node_modules\bluebird\js\release\promise.js:604:18)
    at Promise._settlePromise0 (E:\third\project\server\node_modules\bluebird\js\release\promise.js:649:10)
    at Promise._settlePromises (E:\third\project\server\node_modules\bluebird\js\release\promise.js:725:18)
    at _drainQueueStep (E:\third\project\server\node_modules\bluebird\js\release\async.js:93:12)
    at _drainQueue (E:\third\project\server\node_modules\bluebird\js\release\async.js:86:9)
    at Async._drainQueues (E:\third\project\server\node_modules\bluebird\js\release\async.js:102:5)
    at Immediate.Async.drainQueues [as _onImmediate] (E:\third\project\server\node_modules\bluebird\js\release\async.js:15:14)
    at processImmediate (internal/timers.js:456:21)
*************** error log end ***************

[2020-08-06T18:15:20.734] [ERROR] errorLogger - 
*************** error log start ***************
request method: PUT
request originalUrl:  /api/announcement/putchangeoneannounced
request client ip:  ::ffff:127.0.0.1
request body: 
{"id":19,"status":1,"create_user_id":1,"update_user_id":null,"create_time":"2020-08-02T16:00:00.000Z","update_time":"2020-08-02T16:00:00.000Z","type":"跑马灯","end_time":"","start_time":"","anno_status":"待用","title":"1","area_server_id":null,"client":["久游","小米","腾讯"],"plaform":"不限制","game_id":1,"text":"1231231311231232222","time_interval":123,"img_url":"E:\\third\\project\\server\\src\\images\\11596455908720+backimage.png","weights":null,"link":"123","job_id":null,"bulletinid":"11596455908720","servername":["0"],"sendtime":"2020-08-05T09:14:28.000Z","changeshow":true,"stopshow":true,"gameid":"1"}
response time: 1596708920734
err name: SequelizeDatabaseError
err message: invalid input syntax for type timestamp: ""
err stack: SequelizeDatabaseError: invalid input syntax for type timestamp: ""
    at Query.formatError (E:\third\project\server\node_modules\sequelize\lib\dialects\postgres\query.js:366:16)
    at E:\third\project\server\node_modules\sequelize\lib\dialects\postgres\query.js:72:18
    at tryCatcher (E:\third\project\server\node_modules\bluebird\js\release\util.js:16:23)
    at Promise._settlePromiseFromHandler (E:\third\project\server\node_modules\bluebird\js\release\promise.js:547:31)
    at Promise._settlePromise (E:\third\project\server\node_modules\bluebird\js\release\promise.js:604:18)
    at Promise._settlePromise0 (E:\third\project\server\node_modules\bluebird\js\release\promise.js:649:10)
    at Promise._settlePromises (E:\third\project\server\node_modules\bluebird\js\release\promise.js:725:18)
    at _drainQueueStep (E:\third\project\server\node_modules\bluebird\js\release\async.js:93:12)
    at _drainQueue (E:\third\project\server\node_modules\bluebird\js\release\async.js:86:9)
    at Async._drainQueues (E:\third\project\server\node_modules\bluebird\js\release\async.js:102:5)
    at Immediate.Async.drainQueues [as _onImmediate] (E:\third\project\server\node_modules\bluebird\js\release\async.js:15:14)
    at processImmediate (internal/timers.js:456:21)
*************** error log end ***************

[2020-08-06T18:15:27.796] [ERROR] errorLogger - 
*************** error log start ***************
request method: PUT
request originalUrl:  /api/announcement/putchangeoneannounced
request client ip:  ::ffff:127.0.0.1
request body: 
{"id":19,"status":1,"create_user_id":1,"update_user_id":null,"create_time":"2020-08-02T16:00:00.000Z","update_time":"2020-08-02T16:00:00.000Z","type":"跑马灯","end_time":"","start_time":"","anno_status":"待用","title":"1","area_server_id":null,"client":["久游","小米","腾讯"],"plaform":"不限制","game_id":1,"text":"1231231311231232222","time_interval":123,"img_url":"E:\\third\\project\\server\\src\\images\\11596455908720+backimage.png","weights":null,"link":"123","job_id":null,"bulletinid":"11596455908720","servername":["0"],"sendtime":"2020-08-05T09:14:28.000Z","changeshow":true,"stopshow":true,"gameid":"1"}
response time: 1596708927796
err name: SequelizeDatabaseError
err message: invalid input syntax for type timestamp: ""
err stack: SequelizeDatabaseError: invalid input syntax for type timestamp: ""
    at Query.formatError (E:\third\project\server\node_modules\sequelize\lib\dialects\postgres\query.js:366:16)
    at E:\third\project\server\node_modules\sequelize\lib\dialects\postgres\query.js:72:18
    at tryCatcher (E:\third\project\server\node_modules\bluebird\js\release\util.js:16:23)
    at Promise._settlePromiseFromHandler (E:\third\project\server\node_modules\bluebird\js\release\promise.js:547:31)
    at Promise._settlePromise (E:\third\project\server\node_modules\bluebird\js\release\promise.js:604:18)
    at Promise._settlePromise0 (E:\third\project\server\node_modules\bluebird\js\release\promise.js:649:10)
    at Promise._settlePromises (E:\third\project\server\node_modules\bluebird\js\release\promise.js:725:18)
    at _drainQueueStep (E:\third\project\server\node_modules\bluebird\js\release\async.js:93:12)
    at _drainQueue (E:\third\project\server\node_modules\bluebird\js\release\async.js:86:9)
    at Async._drainQueues (E:\third\project\server\node_modules\bluebird\js\release\async.js:102:5)
    at Immediate.Async.drainQueues [as _onImmediate] (E:\third\project\server\node_modules\bluebird\js\release\async.js:15:14)
    at processImmediate (internal/timers.js:456:21)
*************** error log end ***************

