[2020-07-08T16:23:14.346] [ERROR] errorLogger - 
*************** error log start ***************
request method: PUT
request originalUrl:  /api/server/allupdate
request client ip:  ::ffff:10.1.35.78
request body: 
{"server":[{"pid":null,"serverid":"1594191245921","servername":"1111111","plaform":"不限制","client":["小米","腾讯"],"showstatus":"空闲","load":null,"srttime":"2020-08-18T08:00:00.000Z","ip":"111111111111111","address":"123","test":null,"status":1},{"pid":null,"serverid":"1594192149542","servername":"12312","plaform":"IOS","client":["小米","久游"],"showstatus":"空闲","load":null,"srttime":"2020-07-07T08:00:00.000Z","ip":"123","address":"12312","test":null,"status":1},{"pid":null,"serverid":"1594193533543","servername":"123","plaform":"不限制","client":["久游","小米","腾讯"],"showstatus":"空闲","load":null,"srttime":"2020-07-01T08:00:00.000Z","ip":"123","address":"12312","test":null,"status":1},{"pid":null,"serverid":null,"servername":"1231321","plaform":"IOS","client":["小米","久游"],"showstatus":"aasdasd","load":null,"srttime":"2020-07-24T08:10:04.000Z","ip":"132131","address":"254654","test":null,"status":1}],"merge":true,"showstatus":"空闲","gameid":1}
response time: 1594196594345
err name: TypeError
err message: The "data" argument must be of type string or an instance of Buffer, TypedArray, or DataView. Received type number (1594196594336)
err stack: TypeError [ERR_INVALID_ARG_TYPE]: The "data" argument must be of type string or an instance of Buffer, TypedArray, or DataView. Received type number (1594196594336)
    at Hash.update (internal/crypto/hash.js:82:11)
    at _callee6$ (E:\third\fancy-game-master\server\src\app\service\/Components.js:100:8)
    at tryCatch (E:\third\fancy-game-master\server\node_modules\regenerator-runtime\runtime.js:45:40)
    at Generator.invoke [as _invoke] (E:\third\fancy-game-master\server\node_modules\regenerator-runtime\runtime.js:274:22)
    at Generator.prototype.<computed> [as next] (E:\third\fancy-game-master\server\node_modules\regenerator-runtime\runtime.js:97:21)
    at asyncGeneratorStep (E:\third\fancy-game-master\server\node_modules\@babel\runtime\helpers\asyncToGenerator.js:3:24)
    at _next (E:\third\fancy-game-master\server\node_modules\@babel\runtime\helpers\asyncToGenerator.js:25:9)
*************** error log end ***************

[2020-07-08T16:24:23.625] [ERROR] errorLogger - 
*************** error log start ***************
request method: PUT
request originalUrl:  /api/server/allupdate
request client ip:  ::ffff:10.1.35.78
request body: 
{"server":[{"pid":null,"serverid":"1594191245921","servername":"1111111","plaform":"不限制","client":["小米","腾讯"],"showstatus":"空闲","load":null,"srttime":"2020-08-18T08:00:00.000Z","ip":"111111111111111","address":"123","test":null,"status":1},{"pid":null,"serverid":"1594192149542","servername":"12312","plaform":"IOS","client":["小米","久游"],"showstatus":"空闲","load":null,"srttime":"2020-07-07T08:00:00.000Z","ip":"123","address":"12312","test":null,"status":1},{"pid":null,"serverid":"1594193533543","servername":"123","plaform":"不限制","client":["久游","小米","腾讯"],"showstatus":"空闲","load":null,"srttime":"2020-07-01T08:00:00.000Z","ip":"123","address":"12312","test":null,"status":1},{"pid":null,"serverid":null,"servername":"1231321","plaform":"IOS","client":["小米","久游"],"showstatus":"aasdasd","load":null,"srttime":"2020-07-24T08:10:04.000Z","ip":"132131","address":"254654","test":null,"status":1}],"merge":true,"showstatus":"空闲","gameid":1}
response time: 1594196663625
err name: ReferenceError
err message: pid is not defined
err stack: ReferenceError: pid is not defined
    at _callee6$ (E:\third\fancy-game-master\server\src\app\service\/Components.js:106:10)
    at tryCatch (E:\third\fancy-game-master\server\node_modules\regenerator-runtime\runtime.js:45:40)
    at Generator.invoke [as _invoke] (E:\third\fancy-game-master\server\node_modules\regenerator-runtime\runtime.js:274:22)
    at Generator.prototype.<computed> [as next] (E:\third\fancy-game-master\server\node_modules\regenerator-runtime\runtime.js:97:21)
    at asyncGeneratorStep (E:\third\fancy-game-master\server\node_modules\@babel\runtime\helpers\asyncToGenerator.js:3:24)
    at _next (E:\third\fancy-game-master\server\node_modules\@babel\runtime\helpers\asyncToGenerator.js:25:9)
*************** error log end ***************

[2020-07-08T17:36:30.720] [ERROR] errorLogger - 
*************** error log start ***************
request method: GET
request originalUrl:  /api/server/select/all?gameid=1
request client ip:  ::ffff:10.1.35.78
request query:  {"gameid":"1"}
response time: 1594200990719
err name: TypeError
err message: Cannot read property 'children' of undefined
err stack: TypeError: Cannot read property 'children' of undefined
    at filter (E:\third\fancy-game-master\server\src\app\service\/Components.js:96:15)
    at Array.filter (<anonymous>)
    at _callee4$ (E:\third\fancy-game-master\server\src\app\service\/Components.js:89:26)
    at tryCatch (E:\third\fancy-game-master\server\node_modules\regenerator-runtime\runtime.js:45:40)
    at Generator.invoke [as _invoke] (E:\third\fancy-game-master\server\node_modules\regenerator-runtime\runtime.js:274:22)
    at Generator.prototype.<computed> [as next] (E:\third\fancy-game-master\server\node_modules\regenerator-runtime\runtime.js:97:21)
    at asyncGeneratorStep (E:\third\fancy-game-master\server\node_modules\@babel\runtime\helpers\asyncToGenerator.js:3:24)
    at _next (E:\third\fancy-game-master\server\node_modules\@babel\runtime\helpers\asyncToGenerator.js:25:9)
*************** error log end ***************

