[2020-07-09T16:40:20.289] [ERROR] errorLogger - 
*************** error log start ***************
request method: POST
request originalUrl:  /api/server/serverCreate
request client ip:  ::ffff:127.0.0.1
request body: 
{}
response time: 1594284020289
err name: SequelizeValidationError
err message: notNull Violation: gm_server.id cannot be null
err stack: SequelizeValidationError: notNull Violation: gm_server.id cannot be null
    at E:\third\fancy-game-master\server\node_modules\sequelize\lib\instance-validator.js:74:15
    at tryCatcher (E:\third\fancy-game-master\server\node_modules\bluebird\js\release\util.js:16:23)
    at Promise._settlePromiseFromHandler (E:\third\fancy-game-master\server\node_modules\bluebird\js\release\promise.js:547:31)
    at Promise._settlePromise (E:\third\fancy-game-master\server\node_modules\bluebird\js\release\promise.js:604:18)
    at Promise._settlePromise0 (E:\third\fancy-game-master\server\node_modules\bluebird\js\release\promise.js:649:10)
    at Promise._settlePromises (E:\third\fancy-game-master\server\node_modules\bluebird\js\release\promise.js:729:18)
    at Promise._fulfill (E:\third\fancy-game-master\server\node_modules\bluebird\js\release\promise.js:673:18)
    at PromiseArray._resolve (E:\third\fancy-game-master\server\node_modules\bluebird\js\release\promise_array.js:127:19)
    at PromiseArray._promiseFulfilled (E:\third\fancy-game-master\server\node_modules\bluebird\js\release\promise_array.js:145:14)
    at Promise._settlePromise (E:\third\fancy-game-master\server\node_modules\bluebird\js\release\promise.js:609:26)
    at Promise._settlePromise0 (E:\third\fancy-game-master\server\node_modules\bluebird\js\release\promise.js:649:10)
    at Promise._settlePromises (E:\third\fancy-game-master\server\node_modules\bluebird\js\release\promise.js:729:18)
    at _drainQueueStep (E:\third\fancy-game-master\server\node_modules\bluebird\js\release\async.js:93:12)
    at _drainQueue (E:\third\fancy-game-master\server\node_modules\bluebird\js\release\async.js:86:9)
    at Async._drainQueues (E:\third\fancy-game-master\server\node_modules\bluebird\js\release\async.js:102:5)
    at Immediate.Async.drainQueues [as _onImmediate] (E:\third\fancy-game-master\server\node_modules\bluebird\js\release\async.js:15:14)
    at processImmediate (internal/timers.js:456:21)
*************** error log end ***************

[2020-07-09T16:42:11.808] [ERROR] errorLogger - 
*************** error log start ***************
request method: POST
request originalUrl:  /api/server/serverCreate
request client ip:  ::ffff:127.0.0.1
request body: 
{}
response time: 1594284131808
err name: SequelizeValidationError
err message: notNull Violation: gm_server.id cannot be null
err stack: SequelizeValidationError: notNull Violation: gm_server.id cannot be null
    at E:\third\fancy-game-master\server\node_modules\sequelize\lib\instance-validator.js:74:15
    at tryCatcher (E:\third\fancy-game-master\server\node_modules\bluebird\js\release\util.js:16:23)
    at Promise._settlePromiseFromHandler (E:\third\fancy-game-master\server\node_modules\bluebird\js\release\promise.js:547:31)
    at Promise._settlePromise (E:\third\fancy-game-master\server\node_modules\bluebird\js\release\promise.js:604:18)
    at Promise._settlePromise0 (E:\third\fancy-game-master\server\node_modules\bluebird\js\release\promise.js:649:10)
    at Promise._settlePromises (E:\third\fancy-game-master\server\node_modules\bluebird\js\release\promise.js:729:18)
    at Promise._fulfill (E:\third\fancy-game-master\server\node_modules\bluebird\js\release\promise.js:673:18)
    at PromiseArray._resolve (E:\third\fancy-game-master\server\node_modules\bluebird\js\release\promise_array.js:127:19)
    at PromiseArray._promiseFulfilled (E:\third\fancy-game-master\server\node_modules\bluebird\js\release\promise_array.js:145:14)
    at Promise._settlePromise (E:\third\fancy-game-master\server\node_modules\bluebird\js\release\promise.js:609:26)
    at Promise._settlePromise0 (E:\third\fancy-game-master\server\node_modules\bluebird\js\release\promise.js:649:10)
    at Promise._settlePromises (E:\third\fancy-game-master\server\node_modules\bluebird\js\release\promise.js:729:18)
    at _drainQueueStep (E:\third\fancy-game-master\server\node_modules\bluebird\js\release\async.js:93:12)
    at _drainQueue (E:\third\fancy-game-master\server\node_modules\bluebird\js\release\async.js:86:9)
    at Async._drainQueues (E:\third\fancy-game-master\server\node_modules\bluebird\js\release\async.js:102:5)
    at Immediate.Async.drainQueues [as _onImmediate] (E:\third\fancy-game-master\server\node_modules\bluebird\js\release\async.js:15:14)
    at processImmediate (internal/timers.js:456:21)
*************** error log end ***************

[2020-07-09T16:44:21.856] [ERROR] errorLogger - 
*************** error log start ***************
request method: POST
request originalUrl:  /api/server/serverCreate
request client ip:  ::ffff:127.0.0.1
request body: 
{}
response time: 1594284261856
err name: SequelizeValidationError
err message: notNull Violation: gm_server.id cannot be null
err stack: SequelizeValidationError: notNull Violation: gm_server.id cannot be null
    at E:\third\fancy-game-master\server\node_modules\sequelize\lib\instance-validator.js:74:15
    at tryCatcher (E:\third\fancy-game-master\server\node_modules\bluebird\js\release\util.js:16:23)
    at Promise._settlePromiseFromHandler (E:\third\fancy-game-master\server\node_modules\bluebird\js\release\promise.js:547:31)
    at Promise._settlePromise (E:\third\fancy-game-master\server\node_modules\bluebird\js\release\promise.js:604:18)
    at Promise._settlePromise0 (E:\third\fancy-game-master\server\node_modules\bluebird\js\release\promise.js:649:10)
    at Promise._settlePromises (E:\third\fancy-game-master\server\node_modules\bluebird\js\release\promise.js:729:18)
    at Promise._fulfill (E:\third\fancy-game-master\server\node_modules\bluebird\js\release\promise.js:673:18)
    at PromiseArray._resolve (E:\third\fancy-game-master\server\node_modules\bluebird\js\release\promise_array.js:127:19)
    at PromiseArray._promiseFulfilled (E:\third\fancy-game-master\server\node_modules\bluebird\js\release\promise_array.js:145:14)
    at Promise._settlePromise (E:\third\fancy-game-master\server\node_modules\bluebird\js\release\promise.js:609:26)
    at Promise._settlePromise0 (E:\third\fancy-game-master\server\node_modules\bluebird\js\release\promise.js:649:10)
    at Promise._settlePromises (E:\third\fancy-game-master\server\node_modules\bluebird\js\release\promise.js:729:18)
    at _drainQueueStep (E:\third\fancy-game-master\server\node_modules\bluebird\js\release\async.js:93:12)
    at _drainQueue (E:\third\fancy-game-master\server\node_modules\bluebird\js\release\async.js:86:9)
    at Async._drainQueues (E:\third\fancy-game-master\server\node_modules\bluebird\js\release\async.js:102:5)
    at Immediate.Async.drainQueues [as _onImmediate] (E:\third\fancy-game-master\server\node_modules\bluebird\js\release\async.js:15:14)
    at processImmediate (internal/timers.js:456:21)
*************** error log end ***************

[2020-07-09T16:45:25.062] [ERROR] errorLogger - 
*************** error log start ***************
request method: POST
request originalUrl:  /api/server/serverCreate
request client ip:  ::ffff:127.0.0.1
request body: 
{}
response time: 1594284325062
err name: SequelizeDatabaseError
err message: cannot insert into column "id"
err stack: SequelizeDatabaseError: cannot insert into column "id"
    at Query.formatError (E:\third\fancy-game-master\server\node_modules\sequelize\lib\dialects\postgres\query.js:366:16)
    at E:\third\fancy-game-master\server\node_modules\sequelize\lib\dialects\postgres\query.js:72:18
    at tryCatcher (E:\third\fancy-game-master\server\node_modules\bluebird\js\release\util.js:16:23)
    at Promise._settlePromiseFromHandler (E:\third\fancy-game-master\server\node_modules\bluebird\js\release\promise.js:547:31)
    at Promise._settlePromise (E:\third\fancy-game-master\server\node_modules\bluebird\js\release\promise.js:604:18)
    at Promise._settlePromise0 (E:\third\fancy-game-master\server\node_modules\bluebird\js\release\promise.js:649:10)
    at Promise._settlePromises (E:\third\fancy-game-master\server\node_modules\bluebird\js\release\promise.js:725:18)
    at _drainQueueStep (E:\third\fancy-game-master\server\node_modules\bluebird\js\release\async.js:93:12)
    at _drainQueue (E:\third\fancy-game-master\server\node_modules\bluebird\js\release\async.js:86:9)
    at Async._drainQueues (E:\third\fancy-game-master\server\node_modules\bluebird\js\release\async.js:102:5)
    at Immediate.Async.drainQueues [as _onImmediate] (E:\third\fancy-game-master\server\node_modules\bluebird\js\release\async.js:15:14)
    at processImmediate (internal/timers.js:456:21)
*************** error log end ***************

[2020-07-09T19:58:43.836] [ERROR] errorLogger - 
*************** error log start ***************
request method: POST
request originalUrl:  /api/server/create
request client ip:  ::ffff:10.1.35.78
request body: 
{"gamename":"空翼冒险团","gameid":1}
response time: 1594295923836
err name: TypeError
err message: Cannot read property 'map' of undefined
err stack: TypeError: Cannot read property 'map' of undefined
    at _callee3$ (E:\third\fancy-game-master\server\src\app\service\/Components.js:80:23)
    at tryCatch (E:\third\fancy-game-master\server\node_modules\regenerator-runtime\runtime.js:45:40)
    at Generator.invoke [as _invoke] (E:\third\fancy-game-master\server\node_modules\regenerator-runtime\runtime.js:274:22)
    at Generator.prototype.<computed> [as next] (E:\third\fancy-game-master\server\node_modules\regenerator-runtime\runtime.js:97:21)
    at asyncGeneratorStep (E:\third\fancy-game-master\server\node_modules\@babel\runtime\helpers\asyncToGenerator.js:3:24)
    at _next (E:\third\fancy-game-master\server\node_modules\@babel\runtime\helpers\asyncToGenerator.js:25:9)
    at E:\third\fancy-game-master\server\node_modules\@babel\runtime\helpers\asyncToGenerator.js:32:7
    at new Promise (<anonymous>)
    at components.<anonymous> (E:\third\fancy-game-master\server\node_modules\@babel\runtime\helpers\asyncToGenerator.js:21:12)
    at components.createserver (E:\third\fancy-game-master\server\src\app\service\Components.js:175:30)
    at _callee$ (E:\third\fancy-game-master\server\src\app\controllers\/server.js:16:33)
    at tryCatch (E:\third\fancy-game-master\server\node_modules\regenerator-runtime\runtime.js:45:40)
    at Generator.invoke [as _invoke] (E:\third\fancy-game-master\server\node_modules\regenerator-runtime\runtime.js:274:22)
    at Generator.prototype.<computed> [as next] (E:\third\fancy-game-master\server\node_modules\regenerator-runtime\runtime.js:97:21)
    at asyncGeneratorStep (E:\third\fancy-game-master\server\node_modules\@babel\runtime\helpers\asyncToGenerator.js:3:24)
    at _next (E:\third\fancy-game-master\server\node_modules\@babel\runtime\helpers\asyncToGenerator.js:25:9)
    at E:\third\fancy-game-master\server\node_modules\@babel\runtime\helpers\asyncToGenerator.js:32:7
    at new Promise (<anonymous>)
    at E:\third\fancy-game-master\server\node_modules\@babel\runtime\helpers\asyncToGenerator.js:21:12
    at createserver (E:\third\fancy-game-master\server\src\app\controllers\server.js:88:30)
    at dispatch (E:\third\fancy-game-master\server\node_modules\koa-router\node_modules\koa-compose\index.js:44:32)
    at next (E:\third\fancy-game-master\server\node_modules\koa-router\node_modules\koa-compose\index.js:45:18)
    at E:\third\fancy-game-master\server\node_modules\koa-router\lib\router.js:346:16
    at dispatch (E:\third\fancy-game-master\server\node_modules\koa-router\node_modules\koa-compose\index.js:44:32)
    at E:\third\fancy-game-master\server\node_modules\koa-router\node_modules\koa-compose\index.js:36:12
    at dispatch (E:\third\fancy-game-master\server\node_modules\koa-router\lib\router.js:351:31)
    at next (E:\third\fancy-game-master\server\node_modules\koa-compose\index.js:42:32)
    at _callee$ (E:\third\fancy-game-master\server\src\middleware\/auth.js:19:9)
*************** error log end ***************

[2020-07-09T20:25:01.837] [ERROR] errorLogger - 
*************** error log start ***************
request method: POST
request originalUrl:  /api/server/create
request client ip:  ::ffff:10.1.35.78
request body: 
{"gamename":"空翼冒险团","gameid":1}
response time: 1594297501836
err name: TypeError
err message: Cannot read property 'map' of undefined
err stack: TypeError: Cannot read property 'map' of undefined
    at _callee3$ (E:\third\fancy-game-master\server\src\app\service\/Components.js:80:23)
    at tryCatch (E:\third\fancy-game-master\server\node_modules\regenerator-runtime\runtime.js:45:40)
    at Generator.invoke [as _invoke] (E:\third\fancy-game-master\server\node_modules\regenerator-runtime\runtime.js:274:22)
    at Generator.prototype.<computed> [as next] (E:\third\fancy-game-master\server\node_modules\regenerator-runtime\runtime.js:97:21)
    at asyncGeneratorStep (E:\third\fancy-game-master\server\node_modules\@babel\runtime\helpers\asyncToGenerator.js:3:24)
    at _next (E:\third\fancy-game-master\server\node_modules\@babel\runtime\helpers\asyncToGenerator.js:25:9)
    at E:\third\fancy-game-master\server\node_modules\@babel\runtime\helpers\asyncToGenerator.js:32:7
    at new Promise (<anonymous>)
    at components.<anonymous> (E:\third\fancy-game-master\server\node_modules\@babel\runtime\helpers\asyncToGenerator.js:21:12)
    at components.createserver (E:\third\fancy-game-master\server\src\app\service\Components.js:175:30)
    at _callee$ (E:\third\fancy-game-master\server\src\app\controllers\/server.js:16:33)
    at tryCatch (E:\third\fancy-game-master\server\node_modules\regenerator-runtime\runtime.js:45:40)
    at Generator.invoke [as _invoke] (E:\third\fancy-game-master\server\node_modules\regenerator-runtime\runtime.js:274:22)
    at Generator.prototype.<computed> [as next] (E:\third\fancy-game-master\server\node_modules\regenerator-runtime\runtime.js:97:21)
    at asyncGeneratorStep (E:\third\fancy-game-master\server\node_modules\@babel\runtime\helpers\asyncToGenerator.js:3:24)
    at _next (E:\third\fancy-game-master\server\node_modules\@babel\runtime\helpers\asyncToGenerator.js:25:9)
    at E:\third\fancy-game-master\server\node_modules\@babel\runtime\helpers\asyncToGenerator.js:32:7
    at new Promise (<anonymous>)
    at E:\third\fancy-game-master\server\node_modules\@babel\runtime\helpers\asyncToGenerator.js:21:12
    at createserver (E:\third\fancy-game-master\server\src\app\controllers\server.js:88:30)
    at dispatch (E:\third\fancy-game-master\server\node_modules\koa-router\node_modules\koa-compose\index.js:44:32)
    at next (E:\third\fancy-game-master\server\node_modules\koa-router\node_modules\koa-compose\index.js:45:18)
    at E:\third\fancy-game-master\server\node_modules\koa-router\lib\router.js:346:16
    at dispatch (E:\third\fancy-game-master\server\node_modules\koa-router\node_modules\koa-compose\index.js:44:32)
    at E:\third\fancy-game-master\server\node_modules\koa-router\node_modules\koa-compose\index.js:36:12
    at dispatch (E:\third\fancy-game-master\server\node_modules\koa-router\lib\router.js:351:31)
    at next (E:\third\fancy-game-master\server\node_modules\koa-compose\index.js:42:32)
    at _callee$ (E:\third\fancy-game-master\server\src\middleware\/auth.js:19:9)
*************** error log end ***************

[2020-07-09T20:28:46.370] [ERROR] errorLogger - 
*************** error log start ***************
request method: POST
request originalUrl:  /api/server/serverCreate
request client ip:  ::ffff:10.1.35.78
request body: 
{"servername":"123123123123123123123112312312323","plaform":1,"channel":["小米","久游"],"ip":"22222222222","display":2,"srttime":"2020-07-09T16:00:00.000Z","address":"11122222222","test":"0","gamename":"空翼冒险团","gameid":1}
response time: 1594297726369
err name: SequelizeDatabaseError
err message: column "chennel" of relation "gm_server" does not exist
err stack: SequelizeDatabaseError: column "chennel" of relation "gm_server" does not exist
    at Query.formatError (E:\third\fancy-game-master\server\node_modules\sequelize\lib\dialects\postgres\query.js:366:16)
    at E:\third\fancy-game-master\server\node_modules\sequelize\lib\dialects\postgres\query.js:72:18
    at tryCatcher (E:\third\fancy-game-master\server\node_modules\bluebird\js\release\util.js:16:23)
    at Promise._settlePromiseFromHandler (E:\third\fancy-game-master\server\node_modules\bluebird\js\release\promise.js:547:31)
    at Promise._settlePromise (E:\third\fancy-game-master\server\node_modules\bluebird\js\release\promise.js:604:18)
    at Promise._settlePromise0 (E:\third\fancy-game-master\server\node_modules\bluebird\js\release\promise.js:649:10)
    at Promise._settlePromises (E:\third\fancy-game-master\server\node_modules\bluebird\js\release\promise.js:725:18)
    at _drainQueueStep (E:\third\fancy-game-master\server\node_modules\bluebird\js\release\async.js:93:12)
    at _drainQueue (E:\third\fancy-game-master\server\node_modules\bluebird\js\release\async.js:86:9)
    at Async._drainQueues (E:\third\fancy-game-master\server\node_modules\bluebird\js\release\async.js:102:5)
    at Immediate.Async.drainQueues [as _onImmediate] (E:\third\fancy-game-master\server\node_modules\bluebird\js\release\async.js:15:14)
    at processImmediate (internal/timers.js:456:21)
*************** error log end ***************

