[2020-07-25T10:38:40.855] [ERROR] errorLogger - 
*************** error log start ***************
request method: GET
request originalUrl:  /api/character/outputConsume?roleid=499799997&object_id=&object_method=&object_name=&object_type=&object_number=&object_class=&page=1&pagesize=500
request client ip:  ::ffff:127.0.0.1
request query:  {"roleid":"499799997","object_id":"","object_method":"","object_name":"","object_type":"","object_number":"","object_class":"","page":"1","pagesize":"500"}
response time: 1595644720855
err name: SequelizeDatabaseError
err message: invalid input syntax for type integer: "undefined"
err stack: SequelizeDatabaseError: invalid input syntax for type integer: "undefined"
    at Query.formatError (E:\third\project\server\node_modules\sequelize\lib\dialects\postgres\query.js:366:16)
    at E:\third\project\server\node_modules\sequelize\lib\dialects\postgres\query.js:72:18
    at tryCatcher (E:\third\project\server\node_modules\bluebird\js\release\util.js:16:23)
    at Promise._settlePromiseFromHandler (E:\third\project\server\node_modules\bluebird\js\release\promise.js:547:31)
    at Promise._settlePromise (E:\third\project\server\node_modules\bluebird\js\release\promise.js:604:18)
    at Promise._settlePromise0 (E:\third\project\server\node_modules\bluebird\js\release\promise.js:649:10)
    at Promise._settlePromises (E:\third\project\server\node_modules\bluebird\js\release\promise.js:725:18)
    at _drainQueueStep (E:\third\project\server\node_modules\bluebird\js\release\async.js:93:12)
    at _drainQueue (E:\third\project\server\node_modules\bluebird\js\release\async.js:86:9)
    at Async._drainQueues (E:\third\project\server\node_modules\bluebird\js\release\async.js:102:5)
    at Immediate.Async.drainQueues [as _onImmediate] (E:\third\project\server\node_modules\bluebird\js\release\async.js:15:14)
    at processImmediate (internal/timers.js:456:21)
*************** error log end ***************

[2020-07-25T10:38:53.346] [ERROR] errorLogger - 
*************** error log start ***************
request method: GET
request originalUrl:  /api/character/outputConsume?roleid=499799997&object_id=&object_method=&object_name=&object_type=&object_number=&object_class=&page=1&pagesize=500
request client ip:  ::1
request query:  {"roleid":"499799997","object_id":"","object_method":"","object_name":"","object_type":"","object_number":"","object_class":"","page":"1","pagesize":"500"}
response time: 1595644733346
err name: SequelizeDatabaseError
err message: invalid input syntax for type integer: "undefined"
err stack: SequelizeDatabaseError: invalid input syntax for type integer: "undefined"
    at Query.formatError (E:\third\project\server\node_modules\sequelize\lib\dialects\postgres\query.js:366:16)
    at E:\third\project\server\node_modules\sequelize\lib\dialects\postgres\query.js:72:18
    at tryCatcher (E:\third\project\server\node_modules\bluebird\js\release\util.js:16:23)
    at Promise._settlePromiseFromHandler (E:\third\project\server\node_modules\bluebird\js\release\promise.js:547:31)
    at Promise._settlePromise (E:\third\project\server\node_modules\bluebird\js\release\promise.js:604:18)
    at Promise._settlePromise0 (E:\third\project\server\node_modules\bluebird\js\release\promise.js:649:10)
    at Promise._settlePromises (E:\third\project\server\node_modules\bluebird\js\release\promise.js:725:18)
    at _drainQueueStep (E:\third\project\server\node_modules\bluebird\js\release\async.js:93:12)
    at _drainQueue (E:\third\project\server\node_modules\bluebird\js\release\async.js:86:9)
    at Async._drainQueues (E:\third\project\server\node_modules\bluebird\js\release\async.js:102:5)
    at Immediate.Async.drainQueues [as _onImmediate] (E:\third\project\server\node_modules\bluebird\js\release\async.js:15:14)
    at processImmediate (internal/timers.js:456:21)
*************** error log end ***************

[2020-07-25T15:03:46.959] [ERROR] errorLogger - 
*************** error log start ***************
request method: POST
request originalUrl:  /api/character/uploadFile
request client ip:  ::ffff:127.0.0.1
request body: 
{"gameid":"1"}
response time: 1595660626958
err name: TypeError
err message: Cannot read property 'file' of undefined
err stack: TypeError: Cannot read property 'file' of undefined
    at CharacterService._callee4$ (E:\third\project\server\src\app\service\/Character.js:229:21)
    at tryCatch (E:\third\project\server\node_modules\regenerator-runtime\runtime.js:45:40)
    at Generator.invoke [as _invoke] (E:\third\project\server\node_modules\regenerator-runtime\runtime.js:281:22)
    at Generator.prototype.<computed> [as next] (E:\third\project\server\node_modules\regenerator-runtime\runtime.js:106:21)
    at asyncGeneratorStep (E:\third\project\server\node_modules\@babel\runtime\helpers\asyncToGenerator.js:3:24)
    at _next (E:\third\project\server\node_modules\@babel\runtime\helpers\asyncToGenerator.js:25:9)
    at E:\third\project\server\node_modules\@babel\runtime\helpers\asyncToGenerator.js:32:7
    at new Promise (<anonymous>)
    at CharacterService.<anonymous> (E:\third\project\server\node_modules\@babel\runtime\helpers\asyncToGenerator.js:21:12)
    at CharacterService.uploadFile (E:\third\project\server\src\app\service\Character.js:327:28)
    at _callee3$ (E:\third\project\server\src\app\controllers\/Character.js:35:39)
    at tryCatch (E:\third\project\server\node_modules\regenerator-runtime\runtime.js:45:40)
    at Generator.invoke [as _invoke] (E:\third\project\server\node_modules\regenerator-runtime\runtime.js:281:22)
    at Generator.prototype.<computed> [as next] (E:\third\project\server\node_modules\regenerator-runtime\runtime.js:106:21)
    at asyncGeneratorStep (E:\third\project\server\node_modules\@babel\runtime\helpers\asyncToGenerator.js:3:24)
    at _next (E:\third\project\server\node_modules\@babel\runtime\helpers\asyncToGenerator.js:25:9)
    at E:\third\project\server\node_modules\@babel\runtime\helpers\asyncToGenerator.js:32:7
    at new Promise (<anonymous>)
    at E:\third\project\server\node_modules\@babel\runtime\helpers\asyncToGenerator.js:21:12
    at uploadFile (E:\third\project\server\src\app\controllers\Character.js:173:28)
    at dispatch (E:\third\project\server\node_modules\koa-compose\index.js:44:32)
    at next (E:\third\project\server\node_modules\koa-compose\index.js:45:18)
    at E:\third\project\server\node_modules\koa-router\lib\router.js:346:16
    at dispatch (E:\third\project\server\node_modules\koa-compose\index.js:44:32)
    at E:\third\project\server\node_modules\koa-compose\index.js:36:12
    at dispatch (E:\third\project\server\node_modules\koa-router\lib\router.js:351:31)
    at dispatch (E:\third\project\server\node_modules\koa\node_modules\koa-compose\index.js:42:32)
    at E:\third\project\server\node_modules\koa-mount\index.js:52:32
*************** error log end ***************

[2020-07-25T15:04:24.101] [ERROR] errorLogger - 
*************** error log start ***************
request method: POST
request originalUrl:  /api/character/uploadFile
request client ip:  ::ffff:127.0.0.1
request body: 
{"gameid":"1"}
response time: 1595660664101
err name: TypeError
err message: Cannot read property 'file' of undefined
err stack: TypeError: Cannot read property 'file' of undefined
    at CharacterService._callee4$ (E:\third\project\server\src\app\service\/Character.js:229:21)
    at tryCatch (E:\third\project\server\node_modules\regenerator-runtime\runtime.js:45:40)
    at Generator.invoke [as _invoke] (E:\third\project\server\node_modules\regenerator-runtime\runtime.js:281:22)
    at Generator.prototype.<computed> [as next] (E:\third\project\server\node_modules\regenerator-runtime\runtime.js:106:21)
    at asyncGeneratorStep (E:\third\project\server\node_modules\@babel\runtime\helpers\asyncToGenerator.js:3:24)
    at _next (E:\third\project\server\node_modules\@babel\runtime\helpers\asyncToGenerator.js:25:9)
    at E:\third\project\server\node_modules\@babel\runtime\helpers\asyncToGenerator.js:32:7
    at new Promise (<anonymous>)
    at CharacterService.<anonymous> (E:\third\project\server\node_modules\@babel\runtime\helpers\asyncToGenerator.js:21:12)
    at CharacterService.uploadFile (E:\third\project\server\src\app\service\Character.js:327:28)
    at _callee3$ (E:\third\project\server\src\app\controllers\/Character.js:35:39)
    at tryCatch (E:\third\project\server\node_modules\regenerator-runtime\runtime.js:45:40)
    at Generator.invoke [as _invoke] (E:\third\project\server\node_modules\regenerator-runtime\runtime.js:281:22)
    at Generator.prototype.<computed> [as next] (E:\third\project\server\node_modules\regenerator-runtime\runtime.js:106:21)
    at asyncGeneratorStep (E:\third\project\server\node_modules\@babel\runtime\helpers\asyncToGenerator.js:3:24)
    at _next (E:\third\project\server\node_modules\@babel\runtime\helpers\asyncToGenerator.js:25:9)
    at E:\third\project\server\node_modules\@babel\runtime\helpers\asyncToGenerator.js:32:7
    at new Promise (<anonymous>)
    at E:\third\project\server\node_modules\@babel\runtime\helpers\asyncToGenerator.js:21:12
    at uploadFile (E:\third\project\server\src\app\controllers\Character.js:173:28)
    at dispatch (E:\third\project\server\node_modules\koa-compose\index.js:44:32)
    at next (E:\third\project\server\node_modules\koa-compose\index.js:45:18)
    at E:\third\project\server\node_modules\koa-router\lib\router.js:346:16
    at dispatch (E:\third\project\server\node_modules\koa-compose\index.js:44:32)
    at E:\third\project\server\node_modules\koa-compose\index.js:36:12
    at dispatch (E:\third\project\server\node_modules\koa-router\lib\router.js:351:31)
    at dispatch (E:\third\project\server\node_modules\koa\node_modules\koa-compose\index.js:42:32)
    at E:\third\project\server\node_modules\koa-mount\index.js:52:32
*************** error log end ***************

[2020-07-25T15:05:01.897] [ERROR] errorLogger - 
*************** error log start ***************
request method: POST
request originalUrl:  /api/character/uploadFile
request client ip:  ::ffff:127.0.0.1
request body: 
{"gameid":"1"}
response time: 1595660701896
err name: TypeError
err message: Cannot read property 'file' of undefined
err stack: TypeError: Cannot read property 'file' of undefined
    at CharacterService._callee4$ (E:\third\project\server\src\app\service\/Character.js:229:21)
    at tryCatch (E:\third\project\server\node_modules\regenerator-runtime\runtime.js:45:40)
    at Generator.invoke [as _invoke] (E:\third\project\server\node_modules\regenerator-runtime\runtime.js:281:22)
    at Generator.prototype.<computed> [as next] (E:\third\project\server\node_modules\regenerator-runtime\runtime.js:106:21)
    at asyncGeneratorStep (E:\third\project\server\node_modules\@babel\runtime\helpers\asyncToGenerator.js:3:24)
    at _next (E:\third\project\server\node_modules\@babel\runtime\helpers\asyncToGenerator.js:25:9)
    at E:\third\project\server\node_modules\@babel\runtime\helpers\asyncToGenerator.js:32:7
    at new Promise (<anonymous>)
    at CharacterService.<anonymous> (E:\third\project\server\node_modules\@babel\runtime\helpers\asyncToGenerator.js:21:12)
    at CharacterService.uploadFile (E:\third\project\server\src\app\service\Character.js:327:28)
    at _callee3$ (E:\third\project\server\src\app\controllers\/Character.js:35:39)
    at tryCatch (E:\third\project\server\node_modules\regenerator-runtime\runtime.js:45:40)
    at Generator.invoke [as _invoke] (E:\third\project\server\node_modules\regenerator-runtime\runtime.js:281:22)
    at Generator.prototype.<computed> [as next] (E:\third\project\server\node_modules\regenerator-runtime\runtime.js:106:21)
    at asyncGeneratorStep (E:\third\project\server\node_modules\@babel\runtime\helpers\asyncToGenerator.js:3:24)
    at _next (E:\third\project\server\node_modules\@babel\runtime\helpers\asyncToGenerator.js:25:9)
    at E:\third\project\server\node_modules\@babel\runtime\helpers\asyncToGenerator.js:32:7
    at new Promise (<anonymous>)
    at E:\third\project\server\node_modules\@babel\runtime\helpers\asyncToGenerator.js:21:12
    at uploadFile (E:\third\project\server\src\app\controllers\Character.js:173:28)
    at dispatch (E:\third\project\server\node_modules\koa-compose\index.js:44:32)
    at next (E:\third\project\server\node_modules\koa-compose\index.js:45:18)
    at E:\third\project\server\node_modules\koa-router\lib\router.js:346:16
    at dispatch (E:\third\project\server\node_modules\koa-compose\index.js:44:32)
    at E:\third\project\server\node_modules\koa-compose\index.js:36:12
    at dispatch (E:\third\project\server\node_modules\koa-router\lib\router.js:351:31)
    at dispatch (E:\third\project\server\node_modules\koa\node_modules\koa-compose\index.js:42:32)
    at E:\third\project\server\node_modules\koa-mount\index.js:52:32
*************** error log end ***************

[2020-07-25T15:05:38.378] [ERROR] errorLogger - 
*************** error log start ***************
request method: POST
request originalUrl:  /api/character/uploadFile
request client ip:  ::ffff:127.0.0.1
request body: 
{"gameid":"1"}
response time: 1595660738377
err name: TypeError
err message: Cannot read property 'file' of undefined
err stack: TypeError: Cannot read property 'file' of undefined
    at CharacterService._callee4$ (E:\third\project\server\src\app\service\/Character.js:229:21)
    at tryCatch (E:\third\project\server\node_modules\regenerator-runtime\runtime.js:45:40)
    at Generator.invoke [as _invoke] (E:\third\project\server\node_modules\regenerator-runtime\runtime.js:281:22)
    at Generator.prototype.<computed> [as next] (E:\third\project\server\node_modules\regenerator-runtime\runtime.js:106:21)
    at asyncGeneratorStep (E:\third\project\server\node_modules\@babel\runtime\helpers\asyncToGenerator.js:3:24)
    at _next (E:\third\project\server\node_modules\@babel\runtime\helpers\asyncToGenerator.js:25:9)
    at E:\third\project\server\node_modules\@babel\runtime\helpers\asyncToGenerator.js:32:7
    at new Promise (<anonymous>)
    at CharacterService.<anonymous> (E:\third\project\server\node_modules\@babel\runtime\helpers\asyncToGenerator.js:21:12)
    at CharacterService.uploadFile (E:\third\project\server\src\app\service\Character.js:327:28)
    at _callee3$ (E:\third\project\server\src\app\controllers\/Character.js:35:39)
    at tryCatch (E:\third\project\server\node_modules\regenerator-runtime\runtime.js:45:40)
    at Generator.invoke [as _invoke] (E:\third\project\server\node_modules\regenerator-runtime\runtime.js:281:22)
    at Generator.prototype.<computed> [as next] (E:\third\project\server\node_modules\regenerator-runtime\runtime.js:106:21)
    at asyncGeneratorStep (E:\third\project\server\node_modules\@babel\runtime\helpers\asyncToGenerator.js:3:24)
    at _next (E:\third\project\server\node_modules\@babel\runtime\helpers\asyncToGenerator.js:25:9)
    at E:\third\project\server\node_modules\@babel\runtime\helpers\asyncToGenerator.js:32:7
    at new Promise (<anonymous>)
    at E:\third\project\server\node_modules\@babel\runtime\helpers\asyncToGenerator.js:21:12
    at uploadFile (E:\third\project\server\src\app\controllers\Character.js:173:28)
    at dispatch (E:\third\project\server\node_modules\koa-compose\index.js:44:32)
    at next (E:\third\project\server\node_modules\koa-compose\index.js:45:18)
    at E:\third\project\server\node_modules\koa-router\lib\router.js:346:16
    at dispatch (E:\third\project\server\node_modules\koa-compose\index.js:44:32)
    at E:\third\project\server\node_modules\koa-compose\index.js:36:12
    at dispatch (E:\third\project\server\node_modules\koa-router\lib\router.js:351:31)
    at dispatch (E:\third\project\server\node_modules\koa\node_modules\koa-compose\index.js:42:32)
    at E:\third\project\server\node_modules\koa-mount\index.js:52:32
*************** error log end ***************

[2020-07-25T15:06:09.538] [ERROR] errorLogger - 
*************** error log start ***************
request method: POST
request originalUrl:  /api/character/uploadFile
request client ip:  ::ffff:127.0.0.1
request body: 
{"gameid":"1"}
response time: 1595660769538
err name: TypeError
err message: Cannot read property 'file' of undefined
err stack: TypeError: Cannot read property 'file' of undefined
    at CharacterService._callee4$ (E:\third\project\server\src\app\service\/Character.js:229:21)
    at tryCatch (E:\third\project\server\node_modules\regenerator-runtime\runtime.js:45:40)
    at Generator.invoke [as _invoke] (E:\third\project\server\node_modules\regenerator-runtime\runtime.js:281:22)
    at Generator.prototype.<computed> [as next] (E:\third\project\server\node_modules\regenerator-runtime\runtime.js:106:21)
    at asyncGeneratorStep (E:\third\project\server\node_modules\@babel\runtime\helpers\asyncToGenerator.js:3:24)
    at _next (E:\third\project\server\node_modules\@babel\runtime\helpers\asyncToGenerator.js:25:9)
    at E:\third\project\server\node_modules\@babel\runtime\helpers\asyncToGenerator.js:32:7
    at new Promise (<anonymous>)
    at CharacterService.<anonymous> (E:\third\project\server\node_modules\@babel\runtime\helpers\asyncToGenerator.js:21:12)
    at CharacterService.uploadFile (E:\third\project\server\src\app\service\Character.js:327:28)
    at _callee3$ (E:\third\project\server\src\app\controllers\/Character.js:35:39)
    at tryCatch (E:\third\project\server\node_modules\regenerator-runtime\runtime.js:45:40)
    at Generator.invoke [as _invoke] (E:\third\project\server\node_modules\regenerator-runtime\runtime.js:281:22)
    at Generator.prototype.<computed> [as next] (E:\third\project\server\node_modules\regenerator-runtime\runtime.js:106:21)
    at asyncGeneratorStep (E:\third\project\server\node_modules\@babel\runtime\helpers\asyncToGenerator.js:3:24)
    at _next (E:\third\project\server\node_modules\@babel\runtime\helpers\asyncToGenerator.js:25:9)
    at E:\third\project\server\node_modules\@babel\runtime\helpers\asyncToGenerator.js:32:7
    at new Promise (<anonymous>)
    at E:\third\project\server\node_modules\@babel\runtime\helpers\asyncToGenerator.js:21:12
    at uploadFile (E:\third\project\server\src\app\controllers\Character.js:173:28)
    at dispatch (E:\third\project\server\node_modules\koa-compose\index.js:44:32)
    at next (E:\third\project\server\node_modules\koa-compose\index.js:45:18)
    at E:\third\project\server\node_modules\koa-router\lib\router.js:346:16
    at dispatch (E:\third\project\server\node_modules\koa-compose\index.js:44:32)
    at E:\third\project\server\node_modules\koa-compose\index.js:36:12
    at dispatch (E:\third\project\server\node_modules\koa-router\lib\router.js:351:31)
    at dispatch (E:\third\project\server\node_modules\koa\node_modules\koa-compose\index.js:42:32)
    at E:\third\project\server\node_modules\koa-mount\index.js:52:32
*************** error log end ***************

[2020-07-25T15:07:11.401] [ERROR] errorLogger - 
*************** error log start ***************
request method: POST
request originalUrl:  /api/character/uploadFile
request client ip:  ::ffff:127.0.0.1
request body: 
{"gameid":"1"}
response time: 1595660831400
err name: TypeError
err message: Cannot read property 'file' of undefined
err stack: TypeError: Cannot read property 'file' of undefined
    at CharacterService._callee4$ (E:\third\project\server\src\app\service\/Character.js:229:20)
    at tryCatch (E:\third\project\server\node_modules\regenerator-runtime\runtime.js:45:40)
    at Generator.invoke [as _invoke] (E:\third\project\server\node_modules\regenerator-runtime\runtime.js:281:22)
    at Generator.prototype.<computed> [as next] (E:\third\project\server\node_modules\regenerator-runtime\runtime.js:106:21)
    at asyncGeneratorStep (E:\third\project\server\node_modules\@babel\runtime\helpers\asyncToGenerator.js:3:24)
    at _next (E:\third\project\server\node_modules\@babel\runtime\helpers\asyncToGenerator.js:25:9)
    at E:\third\project\server\node_modules\@babel\runtime\helpers\asyncToGenerator.js:32:7
    at new Promise (<anonymous>)
    at CharacterService.<anonymous> (E:\third\project\server\node_modules\@babel\runtime\helpers\asyncToGenerator.js:21:12)
    at CharacterService.uploadFile (E:\third\project\server\src\app\service\Character.js:328:28)
    at _callee3$ (E:\third\project\server\src\app\controllers\/Character.js:35:39)
    at tryCatch (E:\third\project\server\node_modules\regenerator-runtime\runtime.js:45:40)
    at Generator.invoke [as _invoke] (E:\third\project\server\node_modules\regenerator-runtime\runtime.js:281:22)
    at Generator.prototype.<computed> [as next] (E:\third\project\server\node_modules\regenerator-runtime\runtime.js:106:21)
    at asyncGeneratorStep (E:\third\project\server\node_modules\@babel\runtime\helpers\asyncToGenerator.js:3:24)
    at _next (E:\third\project\server\node_modules\@babel\runtime\helpers\asyncToGenerator.js:25:9)
    at E:\third\project\server\node_modules\@babel\runtime\helpers\asyncToGenerator.js:32:7
    at new Promise (<anonymous>)
    at E:\third\project\server\node_modules\@babel\runtime\helpers\asyncToGenerator.js:21:12
    at uploadFile (E:\third\project\server\src\app\controllers\Character.js:173:28)
    at dispatch (E:\third\project\server\node_modules\koa-compose\index.js:44:32)
    at next (E:\third\project\server\node_modules\koa-compose\index.js:45:18)
    at E:\third\project\server\node_modules\koa-router\lib\router.js:346:16
    at dispatch (E:\third\project\server\node_modules\koa-compose\index.js:44:32)
    at E:\third\project\server\node_modules\koa-compose\index.js:36:12
    at dispatch (E:\third\project\server\node_modules\koa-router\lib\router.js:351:31)
    at dispatch (E:\third\project\server\node_modules\koa\node_modules\koa-compose\index.js:42:32)
    at E:\third\project\server\node_modules\koa-mount\index.js:52:32
*************** error log end ***************

[2020-07-25T15:07:33.136] [ERROR] errorLogger - 
*************** error log start ***************
request method: POST
request originalUrl:  /api/character/uploadFile
request client ip:  ::ffff:127.0.0.1
request body: 
{"gameid":"1"}
response time: 1595660853136
err name: TypeError
err message: Cannot read property 'file' of undefined
err stack: TypeError: Cannot read property 'file' of undefined
    at CharacterService._callee4$ (E:\third\project\server\src\app\service\/Character.js:230:21)
    at tryCatch (E:\third\project\server\node_modules\regenerator-runtime\runtime.js:45:40)
    at Generator.invoke [as _invoke] (E:\third\project\server\node_modules\regenerator-runtime\runtime.js:281:22)
    at Generator.prototype.<computed> [as next] (E:\third\project\server\node_modules\regenerator-runtime\runtime.js:106:21)
    at asyncGeneratorStep (E:\third\project\server\node_modules\@babel\runtime\helpers\asyncToGenerator.js:3:24)
    at _next (E:\third\project\server\node_modules\@babel\runtime\helpers\asyncToGenerator.js:25:9)
    at E:\third\project\server\node_modules\@babel\runtime\helpers\asyncToGenerator.js:32:7
    at new Promise (<anonymous>)
    at CharacterService.<anonymous> (E:\third\project\server\node_modules\@babel\runtime\helpers\asyncToGenerator.js:21:12)
    at CharacterService.uploadFile (E:\third\project\server\src\app\service\Character.js:328:28)
    at _callee3$ (E:\third\project\server\src\app\controllers\/Character.js:35:39)
    at tryCatch (E:\third\project\server\node_modules\regenerator-runtime\runtime.js:45:40)
    at Generator.invoke [as _invoke] (E:\third\project\server\node_modules\regenerator-runtime\runtime.js:281:22)
    at Generator.prototype.<computed> [as next] (E:\third\project\server\node_modules\regenerator-runtime\runtime.js:106:21)
    at asyncGeneratorStep (E:\third\project\server\node_modules\@babel\runtime\helpers\asyncToGenerator.js:3:24)
    at _next (E:\third\project\server\node_modules\@babel\runtime\helpers\asyncToGenerator.js:25:9)
    at E:\third\project\server\node_modules\@babel\runtime\helpers\asyncToGenerator.js:32:7
    at new Promise (<anonymous>)
    at E:\third\project\server\node_modules\@babel\runtime\helpers\asyncToGenerator.js:21:12
    at uploadFile (E:\third\project\server\src\app\controllers\Character.js:173:28)
    at dispatch (E:\third\project\server\node_modules\koa-compose\index.js:44:32)
    at next (E:\third\project\server\node_modules\koa-compose\index.js:45:18)
    at E:\third\project\server\node_modules\koa-router\lib\router.js:346:16
    at dispatch (E:\third\project\server\node_modules\koa-compose\index.js:44:32)
    at E:\third\project\server\node_modules\koa-compose\index.js:36:12
    at dispatch (E:\third\project\server\node_modules\koa-router\lib\router.js:351:31)
    at dispatch (E:\third\project\server\node_modules\koa\node_modules\koa-compose\index.js:42:32)
    at E:\third\project\server\node_modules\koa-mount\index.js:52:32
*************** error log end ***************

