[2020-07-15T11:42:19.527] [ERROR] errorLogger - 
*************** error log start ***************
request method: GET
request originalUrl:  /api/server/findServer?0=&1=&2=&3=&4=&5=&6=0&7=10
request client ip:  ::ffff:127.0.0.1
request query:  {"0":"","1":"","2":"","3":"","4":"","5":"","6":"0","7":"10","gameid":"1"}
response time: 1594784539526
err name: ReferenceError
err message: plaform is not defined
err stack: ReferenceError: plaform is not defined
    at GmServerService._callee$ (E:\third\project\server\src\app\service\/gm-server.js:24:11)
    at tryCatch (E:\third\project\server\node_modules\regenerator-runtime\runtime.js:45:40)
    at Generator.invoke [as _invoke] (E:\third\project\server\node_modules\regenerator-runtime\runtime.js:274:22)
    at Generator.prototype.<computed> [as next] (E:\third\project\server\node_modules\regenerator-runtime\runtime.js:97:21)
    at asyncGeneratorStep (E:\third\project\server\node_modules\@babel\runtime\helpers\asyncToGenerator.js:3:24)
    at _next (E:\third\project\server\node_modules\@babel\runtime\helpers\asyncToGenerator.js:25:9)
    at E:\third\project\server\node_modules\@babel\runtime\helpers\asyncToGenerator.js:32:7
    at new Promise (<anonymous>)
    at GmServerService.<anonymous> (E:\third\project\server\node_modules\@babel\runtime\helpers\asyncToGenerator.js:21:12)
    at GmServerService.serverFindByParam (E:\third\project\server\src\app\service\gm-server.js:193:35)
    at _callee10$ (E:\third\project\server\src\app\controllers\/server.js:107:38)
    at tryCatch (E:\third\project\server\node_modules\regenerator-runtime\runtime.js:45:40)
    at Generator.invoke [as _invoke] (E:\third\project\server\node_modules\regenerator-runtime\runtime.js:274:22)
    at Generator.prototype.<computed> [as next] (E:\third\project\server\node_modules\regenerator-runtime\runtime.js:97:21)
    at asyncGeneratorStep (E:\third\project\server\node_modules\@babel\runtime\helpers\asyncToGenerator.js:3:24)
    at _next (E:\third\project\server\node_modules\@babel\runtime\helpers\asyncToGenerator.js:25:9)
    at E:\third\project\server\node_modules\@babel\runtime\helpers\asyncToGenerator.js:32:7
    at new Promise (<anonymous>)
    at E:\third\project\server\node_modules\@babel\runtime\helpers\asyncToGenerator.js:21:12
    at findServer (E:\third\project\server\src\app\controllers\server.js:406:28)
    at dispatch (E:\third\project\server\node_modules\koa-router\node_modules\koa-compose\index.js:44:32)
    at next (E:\third\project\server\node_modules\koa-router\node_modules\koa-compose\index.js:45:18)
    at E:\third\project\server\node_modules\koa-router\lib\router.js:346:16
    at dispatch (E:\third\project\server\node_modules\koa-router\node_modules\koa-compose\index.js:44:32)
    at E:\third\project\server\node_modules\koa-router\node_modules\koa-compose\index.js:36:12
    at dispatch (E:\third\project\server\node_modules\koa-router\lib\router.js:351:31)
    at dispatch (E:\third\project\server\node_modules\koa-compose\index.js:42:32)
    at E:\third\project\server\node_modules\koa-mount\index.js:52:32
*************** error log end ***************

[2020-07-15T11:42:22.508] [ERROR] errorLogger - 
*************** error log start ***************
request method: GET
request originalUrl:  /api/server/findServer?0=&1=&2=&3=&4=&5=&6=0&7=10
request client ip:  ::ffff:127.0.0.1
request query:  {"0":"","1":"","2":"","3":"","4":"","5":"","6":"0","7":"10","gameid":"1"}
response time: 1594784542508
err name: ReferenceError
err message: plaform is not defined
err stack: ReferenceError: plaform is not defined
    at GmServerService._callee$ (E:\third\project\server\src\app\service\/gm-server.js:24:11)
    at tryCatch (E:\third\project\server\node_modules\regenerator-runtime\runtime.js:45:40)
    at Generator.invoke [as _invoke] (E:\third\project\server\node_modules\regenerator-runtime\runtime.js:274:22)
    at Generator.prototype.<computed> [as next] (E:\third\project\server\node_modules\regenerator-runtime\runtime.js:97:21)
    at asyncGeneratorStep (E:\third\project\server\node_modules\@babel\runtime\helpers\asyncToGenerator.js:3:24)
    at _next (E:\third\project\server\node_modules\@babel\runtime\helpers\asyncToGenerator.js:25:9)
    at E:\third\project\server\node_modules\@babel\runtime\helpers\asyncToGenerator.js:32:7
    at new Promise (<anonymous>)
    at GmServerService.<anonymous> (E:\third\project\server\node_modules\@babel\runtime\helpers\asyncToGenerator.js:21:12)
    at GmServerService.serverFindByParam (E:\third\project\server\src\app\service\gm-server.js:193:35)
    at _callee10$ (E:\third\project\server\src\app\controllers\/server.js:107:38)
    at tryCatch (E:\third\project\server\node_modules\regenerator-runtime\runtime.js:45:40)
    at Generator.invoke [as _invoke] (E:\third\project\server\node_modules\regenerator-runtime\runtime.js:274:22)
    at Generator.prototype.<computed> [as next] (E:\third\project\server\node_modules\regenerator-runtime\runtime.js:97:21)
    at asyncGeneratorStep (E:\third\project\server\node_modules\@babel\runtime\helpers\asyncToGenerator.js:3:24)
    at _next (E:\third\project\server\node_modules\@babel\runtime\helpers\asyncToGenerator.js:25:9)
    at E:\third\project\server\node_modules\@babel\runtime\helpers\asyncToGenerator.js:32:7
    at new Promise (<anonymous>)
    at E:\third\project\server\node_modules\@babel\runtime\helpers\asyncToGenerator.js:21:12
    at findServer (E:\third\project\server\src\app\controllers\server.js:406:28)
    at dispatch (E:\third\project\server\node_modules\koa-router\node_modules\koa-compose\index.js:44:32)
    at next (E:\third\project\server\node_modules\koa-router\node_modules\koa-compose\index.js:45:18)
    at E:\third\project\server\node_modules\koa-router\lib\router.js:346:16
    at dispatch (E:\third\project\server\node_modules\koa-router\node_modules\koa-compose\index.js:44:32)
    at E:\third\project\server\node_modules\koa-router\node_modules\koa-compose\index.js:36:12
    at dispatch (E:\third\project\server\node_modules\koa-router\lib\router.js:351:31)
    at dispatch (E:\third\project\server\node_modules\koa-compose\index.js:42:32)
    at E:\third\project\server\node_modules\koa-mount\index.js:52:32
*************** error log end ***************

[2020-07-15T11:43:10.523] [ERROR] errorLogger - 
*************** error log start ***************
request method: GET
request originalUrl:  /api/server/findServer?plaform=&display=&load=&channel=&srttime=&key=serverid&value=&test=&mergeserver=&page=
request client ip:  ::ffff:127.0.0.1
request query:  {"plaform":"","display":"","load":"","channel":"","srttime":"","key":"serverid","value":"","test":"","mergeserver":"","page":"","gameid":"1"}
response time: 1594784590523
err name: ReferenceError
err message: plaform is not defined
err stack: ReferenceError: plaform is not defined
    at GmServerService._callee$ (E:\third\project\server\src\app\service\/gm-server.js:25:11)
    at tryCatch (E:\third\project\server\node_modules\regenerator-runtime\runtime.js:45:40)
    at Generator.invoke [as _invoke] (E:\third\project\server\node_modules\regenerator-runtime\runtime.js:274:22)
    at Generator.prototype.<computed> [as next] (E:\third\project\server\node_modules\regenerator-runtime\runtime.js:97:21)
    at asyncGeneratorStep (E:\third\project\server\node_modules\@babel\runtime\helpers\asyncToGenerator.js:3:24)
    at _next (E:\third\project\server\node_modules\@babel\runtime\helpers\asyncToGenerator.js:25:9)
    at E:\third\project\server\node_modules\@babel\runtime\helpers\asyncToGenerator.js:32:7
    at new Promise (<anonymous>)
    at GmServerService.<anonymous> (E:\third\project\server\node_modules\@babel\runtime\helpers\asyncToGenerator.js:21:12)
    at GmServerService.serverFindByParam (E:\third\project\server\src\app\service\gm-server.js:195:35)
    at _callee10$ (E:\third\project\server\src\app\controllers\/server.js:107:38)
    at tryCatch (E:\third\project\server\node_modules\regenerator-runtime\runtime.js:45:40)
    at Generator.invoke [as _invoke] (E:\third\project\server\node_modules\regenerator-runtime\runtime.js:274:22)
    at Generator.prototype.<computed> [as next] (E:\third\project\server\node_modules\regenerator-runtime\runtime.js:97:21)
    at asyncGeneratorStep (E:\third\project\server\node_modules\@babel\runtime\helpers\asyncToGenerator.js:3:24)
    at _next (E:\third\project\server\node_modules\@babel\runtime\helpers\asyncToGenerator.js:25:9)
    at E:\third\project\server\node_modules\@babel\runtime\helpers\asyncToGenerator.js:32:7
    at new Promise (<anonymous>)
    at E:\third\project\server\node_modules\@babel\runtime\helpers\asyncToGenerator.js:21:12
    at findServer (E:\third\project\server\src\app\controllers\server.js:406:28)
    at dispatch (E:\third\project\server\node_modules\koa-router\node_modules\koa-compose\index.js:44:32)
    at next (E:\third\project\server\node_modules\koa-router\node_modules\koa-compose\index.js:45:18)
    at E:\third\project\server\node_modules\koa-router\lib\router.js:346:16
    at dispatch (E:\third\project\server\node_modules\koa-router\node_modules\koa-compose\index.js:44:32)
    at E:\third\project\server\node_modules\koa-router\node_modules\koa-compose\index.js:36:12
    at dispatch (E:\third\project\server\node_modules\koa-router\lib\router.js:351:31)
    at dispatch (E:\third\project\server\node_modules\koa-compose\index.js:42:32)
    at E:\third\project\server\node_modules\koa-mount\index.js:52:32
*************** error log end ***************

[2020-07-15T11:45:03.648] [ERROR] errorLogger - 
*************** error log start ***************
request method: GET
request originalUrl:  /api/server/findServer?plaform=&display=&load=&channel=&srttime=&key=serverid&value=&test=&mergeserver=&page=
request client ip:  ::ffff:127.0.0.1
request query:  {"plaform":"","display":"","load":"","channel":"","srttime":"","key":"serverid","value":"","test":"","mergeserver":"","page":"","gameid":"1"}
response time: 1594784703647
err name: SequelizeDatabaseError
err message: column "undefined" does not exist
err stack: SequelizeDatabaseError: column "undefined" does not exist
    at Query.formatError (E:\third\project\server\node_modules\sequelize\lib\dialects\postgres\query.js:366:16)
    at E:\third\project\server\node_modules\sequelize\lib\dialects\postgres\query.js:72:18
    at tryCatcher (E:\third\project\server\node_modules\bluebird\js\release\util.js:16:23)
    at Promise._settlePromiseFromHandler (E:\third\project\server\node_modules\bluebird\js\release\promise.js:547:31)
    at Promise._settlePromise (E:\third\project\server\node_modules\bluebird\js\release\promise.js:604:18)
    at Promise._settlePromise0 (E:\third\project\server\node_modules\bluebird\js\release\promise.js:649:10)
    at Promise._settlePromises (E:\third\project\server\node_modules\bluebird\js\release\promise.js:725:18)
    at _drainQueueStep (E:\third\project\server\node_modules\bluebird\js\release\async.js:93:12)
    at _drainQueue (E:\third\project\server\node_modules\bluebird\js\release\async.js:86:9)
    at Async._drainQueues (E:\third\project\server\node_modules\bluebird\js\release\async.js:102:5)
    at Immediate.Async.drainQueues [as _onImmediate] (E:\third\project\server\node_modules\bluebird\js\release\async.js:15:14)
    at processImmediate (internal/timers.js:456:21)
*************** error log end ***************

[2020-07-15T11:46:04.210] [ERROR] errorLogger - 
*************** error log start ***************
request method: GET
request originalUrl:  /api/server/findServer?0=&1=&2=&3=&4=&5=&6=0&7=10
request client ip:  ::ffff:127.0.0.1
request query:  {"0":"","1":"","2":"","3":"","4":"","5":"","6":"0","7":"10","gameid":"1"}
response time: 1594784764210
err name: SequelizeDatabaseError
err message: column "undefined" does not exist
err stack: SequelizeDatabaseError: column "undefined" does not exist
    at Query.formatError (E:\third\project\server\node_modules\sequelize\lib\dialects\postgres\query.js:366:16)
    at E:\third\project\server\node_modules\sequelize\lib\dialects\postgres\query.js:72:18
    at tryCatcher (E:\third\project\server\node_modules\bluebird\js\release\util.js:16:23)
    at Promise._settlePromiseFromHandler (E:\third\project\server\node_modules\bluebird\js\release\promise.js:547:31)
    at Promise._settlePromise (E:\third\project\server\node_modules\bluebird\js\release\promise.js:604:18)
    at Promise._settlePromise0 (E:\third\project\server\node_modules\bluebird\js\release\promise.js:649:10)
    at Promise._settlePromises (E:\third\project\server\node_modules\bluebird\js\release\promise.js:725:18)
    at _drainQueueStep (E:\third\project\server\node_modules\bluebird\js\release\async.js:93:12)
    at _drainQueue (E:\third\project\server\node_modules\bluebird\js\release\async.js:86:9)
    at Async._drainQueues (E:\third\project\server\node_modules\bluebird\js\release\async.js:102:5)
    at Immediate.Async.drainQueues [as _onImmediate] (E:\third\project\server\node_modules\bluebird\js\release\async.js:15:14)
    at processImmediate (internal/timers.js:456:21)
*************** error log end ***************

[2020-07-15T11:46:36.912] [ERROR] errorLogger - 
*************** error log start ***************
request method: GET
request originalUrl:  /api/server/findServer?plaform=&display=&load=&channel=&srttime=&key=serverid&value=&test=&mergeserver=&page=1
request client ip:  ::ffff:127.0.0.1
request query:  {"plaform":"","display":"","load":"","channel":"","srttime":"","key":"serverid","value":"","test":"","mergeserver":"","page":"1","gameid":"1"}
response time: 1594784796912
err name: SequelizeDatabaseError
err message: column "undefined" does not exist
err stack: SequelizeDatabaseError: column "undefined" does not exist
    at Query.formatError (E:\third\project\server\node_modules\sequelize\lib\dialects\postgres\query.js:366:16)
    at E:\third\project\server\node_modules\sequelize\lib\dialects\postgres\query.js:72:18
    at tryCatcher (E:\third\project\server\node_modules\bluebird\js\release\util.js:16:23)
    at Promise._settlePromiseFromHandler (E:\third\project\server\node_modules\bluebird\js\release\promise.js:547:31)
    at Promise._settlePromise (E:\third\project\server\node_modules\bluebird\js\release\promise.js:604:18)
    at Promise._settlePromise0 (E:\third\project\server\node_modules\bluebird\js\release\promise.js:649:10)
    at Promise._settlePromises (E:\third\project\server\node_modules\bluebird\js\release\promise.js:725:18)
    at _drainQueueStep (E:\third\project\server\node_modules\bluebird\js\release\async.js:93:12)
    at _drainQueue (E:\third\project\server\node_modules\bluebird\js\release\async.js:86:9)
    at Async._drainQueues (E:\third\project\server\node_modules\bluebird\js\release\async.js:102:5)
    at Immediate.Async.drainQueues [as _onImmediate] (E:\third\project\server\node_modules\bluebird\js\release\async.js:15:14)
    at processImmediate (internal/timers.js:456:21)
*************** error log end ***************

[2020-07-15T11:47:03.974] [ERROR] errorLogger - 
*************** error log start ***************
request method: GET
request originalUrl:  /api/server/findServer?0=&1=&2=&3=&4=&5=&6=0&7=10
request client ip:  ::ffff:127.0.0.1
request query:  {"0":"","1":"","2":"","3":"","4":"","5":"","6":"0","7":"10","gameid":"1"}
response time: 1594784823974
err name: SequelizeDatabaseError
err message: column "undefined" does not exist
err stack: SequelizeDatabaseError: column "undefined" does not exist
    at Query.formatError (E:\third\project\server\node_modules\sequelize\lib\dialects\postgres\query.js:366:16)
    at E:\third\project\server\node_modules\sequelize\lib\dialects\postgres\query.js:72:18
    at tryCatcher (E:\third\project\server\node_modules\bluebird\js\release\util.js:16:23)
    at Promise._settlePromiseFromHandler (E:\third\project\server\node_modules\bluebird\js\release\promise.js:547:31)
    at Promise._settlePromise (E:\third\project\server\node_modules\bluebird\js\release\promise.js:604:18)
    at Promise._settlePromise0 (E:\third\project\server\node_modules\bluebird\js\release\promise.js:649:10)
    at Promise._settlePromises (E:\third\project\server\node_modules\bluebird\js\release\promise.js:725:18)
    at _drainQueueStep (E:\third\project\server\node_modules\bluebird\js\release\async.js:93:12)
    at _drainQueue (E:\third\project\server\node_modules\bluebird\js\release\async.js:86:9)
    at Async._drainQueues (E:\third\project\server\node_modules\bluebird\js\release\async.js:102:5)
    at Immediate.Async.drainQueues [as _onImmediate] (E:\third\project\server\node_modules\bluebird\js\release\async.js:15:14)
    at processImmediate (internal/timers.js:456:21)
*************** error log end ***************

[2020-07-15T11:47:20.994] [ERROR] errorLogger - 
*************** error log start ***************
request method: GET
request originalUrl:  /api/server/findServer?plaform=&display=&load=&channel=&srttime=&key=serverid&value=&test=&mergeserver=&page=1
request client ip:  ::ffff:127.0.0.1
request query:  {"plaform":"","display":"","load":"","channel":"","srttime":"","key":"serverid","value":"","test":"","mergeserver":"","page":"1","gameid":"1"}
response time: 1594784840994
err name: SequelizeDatabaseError
err message: column "undefined" does not exist
err stack: SequelizeDatabaseError: column "undefined" does not exist
    at Query.formatError (E:\third\project\server\node_modules\sequelize\lib\dialects\postgres\query.js:366:16)
    at E:\third\project\server\node_modules\sequelize\lib\dialects\postgres\query.js:72:18
    at tryCatcher (E:\third\project\server\node_modules\bluebird\js\release\util.js:16:23)
    at Promise._settlePromiseFromHandler (E:\third\project\server\node_modules\bluebird\js\release\promise.js:547:31)
    at Promise._settlePromise (E:\third\project\server\node_modules\bluebird\js\release\promise.js:604:18)
    at Promise._settlePromise0 (E:\third\project\server\node_modules\bluebird\js\release\promise.js:649:10)
    at Promise._settlePromises (E:\third\project\server\node_modules\bluebird\js\release\promise.js:725:18)
    at _drainQueueStep (E:\third\project\server\node_modules\bluebird\js\release\async.js:93:12)
    at _drainQueue (E:\third\project\server\node_modules\bluebird\js\release\async.js:86:9)
    at Async._drainQueues (E:\third\project\server\node_modules\bluebird\js\release\async.js:102:5)
    at Immediate.Async.drainQueues [as _onImmediate] (E:\third\project\server\node_modules\bluebird\js\release\async.js:15:14)
    at processImmediate (internal/timers.js:456:21)
*************** error log end ***************

[2020-07-15T11:47:59.305] [ERROR] errorLogger - 
*************** error log start ***************
request method: GET
request originalUrl:  /api/server/findServer?0=&1=&2=&3=&4=&5=&6=0&7=10
request client ip:  ::ffff:127.0.0.1
request query:  {"0":"","1":"","2":"","3":"","4":"","5":"","6":"0","7":"10","gameid":"1"}
response time: 1594784879305
err name: SequelizeDatabaseError
err message: column "undefined" does not exist
err stack: SequelizeDatabaseError: column "undefined" does not exist
    at Query.formatError (E:\third\project\server\node_modules\sequelize\lib\dialects\postgres\query.js:366:16)
    at E:\third\project\server\node_modules\sequelize\lib\dialects\postgres\query.js:72:18
    at tryCatcher (E:\third\project\server\node_modules\bluebird\js\release\util.js:16:23)
    at Promise._settlePromiseFromHandler (E:\third\project\server\node_modules\bluebird\js\release\promise.js:547:31)
    at Promise._settlePromise (E:\third\project\server\node_modules\bluebird\js\release\promise.js:604:18)
    at Promise._settlePromise0 (E:\third\project\server\node_modules\bluebird\js\release\promise.js:649:10)
    at Promise._settlePromises (E:\third\project\server\node_modules\bluebird\js\release\promise.js:725:18)
    at _drainQueueStep (E:\third\project\server\node_modules\bluebird\js\release\async.js:93:12)
    at _drainQueue (E:\third\project\server\node_modules\bluebird\js\release\async.js:86:9)
    at Async._drainQueues (E:\third\project\server\node_modules\bluebird\js\release\async.js:102:5)
    at Immediate.Async.drainQueues [as _onImmediate] (E:\third\project\server\node_modules\bluebird\js\release\async.js:15:14)
    at processImmediate (internal/timers.js:456:21)
*************** error log end ***************

[2020-07-15T11:48:34.456] [ERROR] errorLogger - 
*************** error log start ***************
request method: GET
request originalUrl:  /api/server/findServer?0=&1=&2=&3=&4=&5=&6=0&7=10
request client ip:  ::ffff:127.0.0.1
request query:  {"0":"","1":"","2":"","3":"","4":"","5":"","6":"0","7":"10","gameid":"1"}
response time: 1594784914456
err name: SequelizeDatabaseError
err message: column "undefined" does not exist
err stack: SequelizeDatabaseError: column "undefined" does not exist
    at Query.formatError (E:\third\project\server\node_modules\sequelize\lib\dialects\postgres\query.js:366:16)
    at E:\third\project\server\node_modules\sequelize\lib\dialects\postgres\query.js:72:18
    at tryCatcher (E:\third\project\server\node_modules\bluebird\js\release\util.js:16:23)
    at Promise._settlePromiseFromHandler (E:\third\project\server\node_modules\bluebird\js\release\promise.js:547:31)
    at Promise._settlePromise (E:\third\project\server\node_modules\bluebird\js\release\promise.js:604:18)
    at Promise._settlePromise0 (E:\third\project\server\node_modules\bluebird\js\release\promise.js:649:10)
    at Promise._settlePromises (E:\third\project\server\node_modules\bluebird\js\release\promise.js:725:18)
    at _drainQueueStep (E:\third\project\server\node_modules\bluebird\js\release\async.js:93:12)
    at _drainQueue (E:\third\project\server\node_modules\bluebird\js\release\async.js:86:9)
    at Async._drainQueues (E:\third\project\server\node_modules\bluebird\js\release\async.js:102:5)
    at Immediate.Async.drainQueues [as _onImmediate] (E:\third\project\server\node_modules\bluebird\js\release\async.js:15:14)
    at processImmediate (internal/timers.js:456:21)
*************** error log end ***************

[2020-07-15T11:49:20.141] [ERROR] errorLogger - 
*************** error log start ***************
request method: GET
request originalUrl:  /api/server/findServer?0=&1=&2=&3=&4=&5=&6=0&7=10
request client ip:  ::ffff:127.0.0.1
request query:  {"0":"","1":"","2":"","3":"","4":"","5":"","6":"0","7":"10","gameid":"1"}
response time: 1594784960141
err name: SequelizeDatabaseError
err message: column "undefined" does not exist
err stack: SequelizeDatabaseError: column "undefined" does not exist
    at Query.formatError (E:\third\project\server\node_modules\sequelize\lib\dialects\postgres\query.js:366:16)
    at E:\third\project\server\node_modules\sequelize\lib\dialects\postgres\query.js:72:18
    at tryCatcher (E:\third\project\server\node_modules\bluebird\js\release\util.js:16:23)
    at Promise._settlePromiseFromHandler (E:\third\project\server\node_modules\bluebird\js\release\promise.js:547:31)
    at Promise._settlePromise (E:\third\project\server\node_modules\bluebird\js\release\promise.js:604:18)
    at Promise._settlePromise0 (E:\third\project\server\node_modules\bluebird\js\release\promise.js:649:10)
    at Promise._settlePromises (E:\third\project\server\node_modules\bluebird\js\release\promise.js:725:18)
    at _drainQueueStep (E:\third\project\server\node_modules\bluebird\js\release\async.js:93:12)
    at _drainQueue (E:\third\project\server\node_modules\bluebird\js\release\async.js:86:9)
    at Async._drainQueues (E:\third\project\server\node_modules\bluebird\js\release\async.js:102:5)
    at Immediate.Async.drainQueues [as _onImmediate] (E:\third\project\server\node_modules\bluebird\js\release\async.js:15:14)
    at processImmediate (internal/timers.js:456:21)
*************** error log end ***************

[2020-07-15T12:08:40.465] [ERROR] errorLogger - 
*************** error log start ***************
request method: GET
request originalUrl:  /api/server/findServer?plaform=&display=&load=&srttime[]=2020-06-29T16:00:00.000Z&srttime[]=2020-08-19T16:00:00.000Z&key=serverid&value=&test=&mergeserver=&page=1&pagesize=10
request client ip:  ::ffff:127.0.0.1
request query:  {"plaform":"","display":"","load":"","srttime[]":["2020-06-29T16:00:00.000Z","2020-08-19T16:00:00.000Z"],"key":"serverid","value":"","test":"","mergeserver":"","page":"1","pagesize":"10","gameid":"1"}
response time: 1594786120464
err name: SequelizeDatabaseError
err message: invalid input syntax for type timestamp: "undefined"
err stack: SequelizeDatabaseError: invalid input syntax for type timestamp: "undefined"
    at Query.formatError (E:\third\project\server\node_modules\sequelize\lib\dialects\postgres\query.js:366:16)
    at E:\third\project\server\node_modules\sequelize\lib\dialects\postgres\query.js:72:18
    at tryCatcher (E:\third\project\server\node_modules\bluebird\js\release\util.js:16:23)
    at Promise._settlePromiseFromHandler (E:\third\project\server\node_modules\bluebird\js\release\promise.js:547:31)
    at Promise._settlePromise (E:\third\project\server\node_modules\bluebird\js\release\promise.js:604:18)
    at Promise._settlePromise0 (E:\third\project\server\node_modules\bluebird\js\release\promise.js:649:10)
    at Promise._settlePromises (E:\third\project\server\node_modules\bluebird\js\release\promise.js:725:18)
    at _drainQueueStep (E:\third\project\server\node_modules\bluebird\js\release\async.js:93:12)
    at _drainQueue (E:\third\project\server\node_modules\bluebird\js\release\async.js:86:9)
    at Async._drainQueues (E:\third\project\server\node_modules\bluebird\js\release\async.js:102:5)
    at Immediate.Async.drainQueues [as _onImmediate] (E:\third\project\server\node_modules\bluebird\js\release\async.js:15:14)
    at processImmediate (internal/timers.js:456:21)
*************** error log end ***************

[2020-07-15T12:08:54.031] [ERROR] errorLogger - 
*************** error log start ***************
request method: GET
request originalUrl:  /api/server/findServer?plaform=&display=&load=&srttime[]=2020-07-07T16:00:00.000Z&srttime[]=2020-08-18T16:00:00.000Z&key=serverid&value=&test=&mergeserver=&page=1&pagesize=10
request client ip:  ::ffff:127.0.0.1
request query:  {"plaform":"","display":"","load":"","srttime[]":["2020-07-07T16:00:00.000Z","2020-08-18T16:00:00.000Z"],"key":"serverid","value":"","test":"","mergeserver":"","page":"1","pagesize":"10","gameid":"1"}
response time: 1594786134031
err name: SequelizeDatabaseError
err message: invalid input syntax for type timestamp: "undefined"
err stack: SequelizeDatabaseError: invalid input syntax for type timestamp: "undefined"
    at Query.formatError (E:\third\project\server\node_modules\sequelize\lib\dialects\postgres\query.js:366:16)
    at E:\third\project\server\node_modules\sequelize\lib\dialects\postgres\query.js:72:18
    at tryCatcher (E:\third\project\server\node_modules\bluebird\js\release\util.js:16:23)
    at Promise._settlePromiseFromHandler (E:\third\project\server\node_modules\bluebird\js\release\promise.js:547:31)
    at Promise._settlePromise (E:\third\project\server\node_modules\bluebird\js\release\promise.js:604:18)
    at Promise._settlePromise0 (E:\third\project\server\node_modules\bluebird\js\release\promise.js:649:10)
    at Promise._settlePromises (E:\third\project\server\node_modules\bluebird\js\release\promise.js:725:18)
    at _drainQueueStep (E:\third\project\server\node_modules\bluebird\js\release\async.js:93:12)
    at _drainQueue (E:\third\project\server\node_modules\bluebird\js\release\async.js:86:9)
    at Async._drainQueues (E:\third\project\server\node_modules\bluebird\js\release\async.js:102:5)
    at Immediate.Async.drainQueues [as _onImmediate] (E:\third\project\server\node_modules\bluebird\js\release\async.js:15:14)
    at processImmediate (internal/timers.js:456:21)
*************** error log end ***************

[2020-07-15T15:47:15.799] [ERROR] errorLogger - 
*************** error log start ***************
request method: POST
request originalUrl:  /api/server/mergeServer
request client ip:  ::ffff:127.0.0.1
request body: 
[{"id":7,"status":1,"create_user_id":1,"update_user_id":null,"create_time":"2020-07-15T03:37:23.525Z","update_time":"2020-07-15T03:37:23.525Z","servername":"测试服1","ip":"10.1.1.224:7589","address":"1","plaform":"1","display":"3","srttime":"2020-07-15T16:00:00.000Z","channel":["久游","小米"],"gamename":"空翼冒险团","pid":null,"serverid":"20071511365210344","test":"0","load":null,"gameid":1},{"id":9,"status":1,"create_user_id":1,"update_user_id":null,"create_time":"2020-07-15T03:38:30.231Z","update_time":"2020-07-15T03:38:30.231Z","servername":"测试服3","ip":"啊","address":"测试服3","plaform":"1","display":"3","srttime":"2020-07-22T16:00:00.000Z","channel":["久游","小米"],"gamename":"空翼冒险团","pid":null,"serverid":"2007151137479219","test":"0","load":null,"gameid":1}]
response time: 1594799235798
err name: SequelizeDatabaseError
err message: column "childrens" of relation "gm_server" does not exist
err stack: SequelizeDatabaseError: column "childrens" of relation "gm_server" does not exist
    at Query.formatError (E:\third\project\server\node_modules\sequelize\lib\dialects\postgres\query.js:366:16)
    at E:\third\project\server\node_modules\sequelize\lib\dialects\postgres\query.js:72:18
    at tryCatcher (E:\third\project\server\node_modules\bluebird\js\release\util.js:16:23)
    at Promise._settlePromiseFromHandler (E:\third\project\server\node_modules\bluebird\js\release\promise.js:547:31)
    at Promise._settlePromise (E:\third\project\server\node_modules\bluebird\js\release\promise.js:604:18)
    at Promise._settlePromise0 (E:\third\project\server\node_modules\bluebird\js\release\promise.js:649:10)
    at Promise._settlePromises (E:\third\project\server\node_modules\bluebird\js\release\promise.js:725:18)
    at _drainQueueStep (E:\third\project\server\node_modules\bluebird\js\release\async.js:93:12)
    at _drainQueue (E:\third\project\server\node_modules\bluebird\js\release\async.js:86:9)
    at Async._drainQueues (E:\third\project\server\node_modules\bluebird\js\release\async.js:102:5)
    at Immediate.Async.drainQueues [as _onImmediate] (E:\third\project\server\node_modules\bluebird\js\release\async.js:15:14)
    at processImmediate (internal/timers.js:456:21)
*************** error log end ***************

[2020-07-15T15:48:33.239] [ERROR] errorLogger - 
*************** error log start ***************
request method: POST
request originalUrl:  /api/server/mergeServer
request client ip:  ::ffff:127.0.0.1
request body: 
[{"id":7,"status":1,"create_user_id":1,"update_user_id":null,"create_time":"2020-07-15T03:37:23.525Z","update_time":"2020-07-15T03:37:23.525Z","servername":"测试服1","ip":"10.1.1.224:7589","address":"1","plaform":"1","display":"3","srttime":"2020-07-15T16:00:00.000Z","channel":["久游","小米"],"gamename":"空翼冒险团","pid":null,"serverid":"20071511365210344","test":"0","load":null,"gameid":1},{"id":9,"status":1,"create_user_id":1,"update_user_id":null,"create_time":"2020-07-15T03:38:30.231Z","update_time":"2020-07-15T03:38:30.231Z","servername":"测试服3","ip":"啊","address":"测试服3","plaform":"1","display":"3","srttime":"2020-07-22T16:00:00.000Z","channel":["久游","小米"],"gamename":"空翼冒险团","pid":null,"serverid":"2007151137479219","test":"0","load":null,"gameid":1}]
response time: 1594799313238
err name: SequelizeConnectionError
err message: connect ETIMEDOUT 117.50.38.74:5432
err stack: SequelizeConnectionError: connect ETIMEDOUT 117.50.38.74:5432
    at E:\third\project\server\node_modules\sequelize\lib\dialects\postgres\connection-manager.js:182:24
    at Connection.connectingErrorHandler (E:\third\project\server\node_modules\pg\lib\client.js:194:14)
    at Connection.emit (events.js:315:20)
    at Socket.reportStreamError (E:\third\project\server\node_modules\pg\lib\connection.js:73:10)
    at Socket.emit (events.js:315:20)
    at emitErrorNT (internal/streams/destroy.js:92:8)
    at emitErrorAndCloseNT (internal/streams/destroy.js:60:3)
    at processTicksAndRejections (internal/process/task_queues.js:84:21)
*************** error log end ***************

[2020-07-15T15:49:20.037] [ERROR] errorLogger - 
*************** error log start ***************
request method: POST
request originalUrl:  /api/server/mergeServer
request client ip:  ::ffff:127.0.0.1
request body: 
[{"id":7,"status":1,"create_user_id":1,"update_user_id":null,"create_time":"2020-07-15T03:37:23.525Z","update_time":"2020-07-15T03:37:23.525Z","servername":"测试服1","ip":"10.1.1.224:7589","address":"1","plaform":"1","display":"3","srttime":"2020-07-15T16:00:00.000Z","channel":["久游","小米"],"gamename":"空翼冒险团","pid":null,"serverid":"20071511365210344","test":"0","load":null,"gameid":1},{"id":9,"status":1,"create_user_id":1,"update_user_id":null,"create_time":"2020-07-15T03:38:30.231Z","update_time":"2020-07-15T03:38:30.231Z","servername":"测试服3","ip":"啊","address":"测试服3","plaform":"1","display":"3","srttime":"2020-07-22T16:00:00.000Z","channel":["久游","小米"],"gamename":"空翼冒险团","pid":null,"serverid":"2007151137479219","test":"0","load":null,"gameid":1}]
response time: 1594799360037
err name: SequelizeConnectionError
err message: connect ETIMEDOUT 117.50.38.74:5432
err stack: SequelizeConnectionError: connect ETIMEDOUT 117.50.38.74:5432
    at E:\third\project\server\node_modules\sequelize\lib\dialects\postgres\connection-manager.js:182:24
    at Connection.connectingErrorHandler (E:\third\project\server\node_modules\pg\lib\client.js:194:14)
    at Connection.emit (events.js:315:20)
    at Socket.reportStreamError (E:\third\project\server\node_modules\pg\lib\connection.js:73:10)
    at Socket.emit (events.js:315:20)
    at emitErrorNT (internal/streams/destroy.js:92:8)
    at emitErrorAndCloseNT (internal/streams/destroy.js:60:3)
    at processTicksAndRejections (internal/process/task_queues.js:84:21)
*************** error log end ***************

[2020-07-15T16:11:46.479] [ERROR] errorLogger - 
*************** error log start ***************
request method: POST
request originalUrl:  /api/server/mergeServer
request client ip:  ::ffff:127.0.0.1
request body: 
[{"id":7,"status":1,"create_user_id":1,"update_user_id":null,"create_time":"2020-07-15T03:37:23.525Z","update_time":"2020-07-15T03:37:23.525Z","servername":"测试服1","ip":"10.1.1.224:7589","address":"1","plaform":"1","display":"3","srttime":"2020-07-15T16:00:00.000Z","channel":["久游","小米"],"gamename":"空翼冒险团","pid":"2","serverid":"20071511365210344","test":"0","load":null,"gameid":1,"childrens":null,"hasChildren":true},{"id":9,"status":1,"create_user_id":1,"update_user_id":null,"create_time":"2020-07-15T03:38:30.231Z","update_time":"2020-07-15T03:38:30.231Z","servername":"测试服3","ip":"啊","address":"测试服3","plaform":"1","display":"3","srttime":"2020-07-22T16:00:00.000Z","channel":["久游","小米"],"gamename":"空翼冒险团","pid":"1","serverid":"2007151137479218","test":"0","load":null,"gameid":1,"childrens":null,"hasChildren":true}]
response time: 1594800706479
err name: SequelizeDatabaseError
err message: column "gameid，channel" of relation "gm_server" does not exist
err stack: SequelizeDatabaseError: column "gameid，channel" of relation "gm_server" does not exist
    at Query.formatError (E:\third\project\server\node_modules\sequelize\lib\dialects\postgres\query.js:366:16)
    at E:\third\project\server\node_modules\sequelize\lib\dialects\postgres\query.js:72:18
    at tryCatcher (E:\third\project\server\node_modules\bluebird\js\release\util.js:16:23)
    at Promise._settlePromiseFromHandler (E:\third\project\server\node_modules\bluebird\js\release\promise.js:547:31)
    at Promise._settlePromise (E:\third\project\server\node_modules\bluebird\js\release\promise.js:604:18)
    at Promise._settlePromise0 (E:\third\project\server\node_modules\bluebird\js\release\promise.js:649:10)
    at Promise._settlePromises (E:\third\project\server\node_modules\bluebird\js\release\promise.js:725:18)
    at _drainQueueStep (E:\third\project\server\node_modules\bluebird\js\release\async.js:93:12)
    at _drainQueue (E:\third\project\server\node_modules\bluebird\js\release\async.js:86:9)
    at Async._drainQueues (E:\third\project\server\node_modules\bluebird\js\release\async.js:102:5)
    at Immediate.Async.drainQueues [as _onImmediate] (E:\third\project\server\node_modules\bluebird\js\release\async.js:15:14)
    at processImmediate (internal/timers.js:456:21)
*************** error log end ***************

[2020-07-15T16:12:28.942] [ERROR] errorLogger - 
*************** error log start ***************
request method: POST
request originalUrl:  /api/server/mergeServer
request client ip:  ::ffff:127.0.0.1
request body: 
[{"id":7,"status":1,"create_user_id":1,"update_user_id":null,"create_time":"2020-07-15T03:37:23.525Z","update_time":"2020-07-15T03:37:23.525Z","servername":"测试服1","ip":"10.1.1.224:7589","address":"1","plaform":"1","display":"3","srttime":"2020-07-15T16:00:00.000Z","channel":["久游","小米"],"gamename":"空翼冒险团","pid":"2","serverid":"20071511365210344","test":"0","load":null,"gameid":1,"childrens":null,"hasChildren":true},{"id":9,"status":1,"create_user_id":1,"update_user_id":null,"create_time":"2020-07-15T03:38:30.231Z","update_time":"2020-07-15T03:38:30.231Z","servername":"测试服3","ip":"啊","address":"测试服3","plaform":"1","display":"3","srttime":"2020-07-22T16:00:00.000Z","channel":["久游","小米"],"gamename":"空翼冒险团","pid":"1","serverid":"2007151137479218","test":"0","load":null,"gameid":1,"childrens":null,"hasChildren":true}]
response time: 1594800748942
err name: SequelizeDatabaseError
err message: column "gameid，channel" of relation "gm_server" does not exist
err stack: SequelizeDatabaseError: column "gameid，channel" of relation "gm_server" does not exist
    at Query.formatError (E:\third\project\server\node_modules\sequelize\lib\dialects\postgres\query.js:366:16)
    at E:\third\project\server\node_modules\sequelize\lib\dialects\postgres\query.js:72:18
    at tryCatcher (E:\third\project\server\node_modules\bluebird\js\release\util.js:16:23)
    at Promise._settlePromiseFromHandler (E:\third\project\server\node_modules\bluebird\js\release\promise.js:547:31)
    at Promise._settlePromise (E:\third\project\server\node_modules\bluebird\js\release\promise.js:604:18)
    at Promise._settlePromise0 (E:\third\project\server\node_modules\bluebird\js\release\promise.js:649:10)
    at Promise._settlePromises (E:\third\project\server\node_modules\bluebird\js\release\promise.js:725:18)
    at _drainQueueStep (E:\third\project\server\node_modules\bluebird\js\release\async.js:93:12)
    at _drainQueue (E:\third\project\server\node_modules\bluebird\js\release\async.js:86:9)
    at Async._drainQueues (E:\third\project\server\node_modules\bluebird\js\release\async.js:102:5)
    at Immediate.Async.drainQueues [as _onImmediate] (E:\third\project\server\node_modules\bluebird\js\release\async.js:15:14)
    at processImmediate (internal/timers.js:456:21)
*************** error log end ***************

[2020-07-15T16:16:18.945] [ERROR] errorLogger - 
*************** error log start ***************
request method: POST
request originalUrl:  /api/server/mergeServer
request client ip:  ::ffff:127.0.0.1
request body: 
[{"id":7,"status":1,"create_user_id":1,"update_user_id":null,"create_time":"2020-07-15T03:37:23.525Z","update_time":"2020-07-15T03:37:23.525Z","servername":"测试服1","ip":"10.1.1.224:7589","address":"1","plaform":"1","display":"3","srttime":"2020-07-15T16:00:00.000Z","channel":["久游","小米"],"gamename":"空翼冒险团","pid":"2","serverid":"20071511365210344","test":"0","load":null,"gameid":1,"childrens":null,"hasChildren":true},{"id":9,"status":1,"create_user_id":1,"update_user_id":null,"create_time":"2020-07-15T03:38:30.231Z","update_time":"2020-07-15T03:38:30.231Z","servername":"测试服3","ip":"啊","address":"测试服3","plaform":"1","display":"3","srttime":"2020-07-22T16:00:00.000Z","channel":["久游","小米"],"gamename":"空翼冒险团","pid":"1","serverid":"2007151137479218","test":"0","load":null,"gameid":1,"childrens":null,"hasChildren":true}]
response time: 1594800978945
err name: SequelizeUniqueConstraintError
err message: Validation error
err stack: SequelizeUniqueConstraintError: Validation error
    at Query.formatError (E:\third\project\server\node_modules\sequelize\lib\dialects\postgres\query.js:324:18)
    at E:\third\project\server\node_modules\sequelize\lib\dialects\postgres\query.js:72:18
    at tryCatcher (E:\third\project\server\node_modules\bluebird\js\release\util.js:16:23)
    at Promise._settlePromiseFromHandler (E:\third\project\server\node_modules\bluebird\js\release\promise.js:547:31)
    at Promise._settlePromise (E:\third\project\server\node_modules\bluebird\js\release\promise.js:604:18)
    at Promise._settlePromise0 (E:\third\project\server\node_modules\bluebird\js\release\promise.js:649:10)
    at Promise._settlePromises (E:\third\project\server\node_modules\bluebird\js\release\promise.js:725:18)
    at _drainQueueStep (E:\third\project\server\node_modules\bluebird\js\release\async.js:93:12)
    at _drainQueue (E:\third\project\server\node_modules\bluebird\js\release\async.js:86:9)
    at Async._drainQueues (E:\third\project\server\node_modules\bluebird\js\release\async.js:102:5)
    at Immediate.Async.drainQueues [as _onImmediate] (E:\third\project\server\node_modules\bluebird\js\release\async.js:15:14)
    at processImmediate (internal/timers.js:456:21)
*************** error log end ***************

[2020-07-15T16:18:11.544] [ERROR] errorLogger - 
*************** error log start ***************
request method: POST
request originalUrl:  /api/server/mergeServer
request client ip:  ::ffff:127.0.0.1
request body: 
[{"id":7,"status":1,"create_user_id":1,"update_user_id":null,"create_time":"2020-07-15T03:37:23.525Z","update_time":"2020-07-15T03:37:23.525Z","servername":"测试服1","ip":"10.1.1.224:7589","address":"1","plaform":"1","display":"3","srttime":"2020-07-15T16:00:00.000Z","channel":["久游","小米"],"gamename":"空翼冒险团","pid":"2","serverid":"20071511365210344","test":"0","load":null,"gameid":1,"childrens":null,"hasChildren":true},{"id":9,"status":1,"create_user_id":1,"update_user_id":null,"create_time":"2020-07-15T03:38:30.231Z","update_time":"2020-07-15T03:38:30.231Z","servername":"测试服3","ip":"啊","address":"测试服3","plaform":"1","display":"3","srttime":"2020-07-22T16:00:00.000Z","channel":["久游","小米"],"gamename":"空翼冒险团","pid":"1","serverid":"2007151137479218","test":"0","load":null,"gameid":1,"childrens":null,"hasChildren":true}]
response time: 1594801091544
err name: SequelizeUniqueConstraintError
err message: Validation error
err stack: SequelizeUniqueConstraintError: Validation error
    at Query.formatError (E:\third\project\server\node_modules\sequelize\lib\dialects\postgres\query.js:324:18)
    at E:\third\project\server\node_modules\sequelize\lib\dialects\postgres\query.js:72:18
    at tryCatcher (E:\third\project\server\node_modules\bluebird\js\release\util.js:16:23)
    at Promise._settlePromiseFromHandler (E:\third\project\server\node_modules\bluebird\js\release\promise.js:547:31)
    at Promise._settlePromise (E:\third\project\server\node_modules\bluebird\js\release\promise.js:604:18)
    at Promise._settlePromise0 (E:\third\project\server\node_modules\bluebird\js\release\promise.js:649:10)
    at Promise._settlePromises (E:\third\project\server\node_modules\bluebird\js\release\promise.js:725:18)
    at _drainQueueStep (E:\third\project\server\node_modules\bluebird\js\release\async.js:93:12)
    at _drainQueue (E:\third\project\server\node_modules\bluebird\js\release\async.js:86:9)
    at Async._drainQueues (E:\third\project\server\node_modules\bluebird\js\release\async.js:102:5)
    at Immediate.Async.drainQueues [as _onImmediate] (E:\third\project\server\node_modules\bluebird\js\release\async.js:15:14)
    at processImmediate (internal/timers.js:456:21)
*************** error log end ***************

[2020-07-15T16:18:24.071] [ERROR] errorLogger - 
*************** error log start ***************
request method: POST
request originalUrl:  /api/server/mergeServer
request client ip:  ::ffff:127.0.0.1
request body: 
[{"id":7,"status":1,"create_user_id":1,"update_user_id":null,"create_time":"2020-07-15T03:37:23.525Z","update_time":"2020-07-15T03:37:23.525Z","servername":"测试服1","ip":"10.1.1.224:7589","address":"1","plaform":"1","display":"3","srttime":"2020-07-15T16:00:00.000Z","channel":["久游","小米"],"gamename":"空翼冒险团","pid":null,"serverid":"20071511365210344","test":"0","load":null,"gameid":1,"childrens":null},{"id":9,"status":1,"create_user_id":1,"update_user_id":null,"create_time":"2020-07-15T03:38:30.231Z","update_time":"2020-07-15T03:38:30.231Z","servername":"测试服3","ip":"啊","address":"测试服3","plaform":"1","display":"3","srttime":"2020-07-22T16:00:00.000Z","channel":["久游","小米"],"gamename":"空翼冒险团","pid":null,"serverid":"2007151137479218","test":"0","load":null,"gameid":1,"childrens":null}]
response time: 1594801104071
err name: SequelizeUniqueConstraintError
err message: Validation error
err stack: SequelizeUniqueConstraintError: Validation error
    at Query.formatError (E:\third\project\server\node_modules\sequelize\lib\dialects\postgres\query.js:324:18)
    at E:\third\project\server\node_modules\sequelize\lib\dialects\postgres\query.js:72:18
    at tryCatcher (E:\third\project\server\node_modules\bluebird\js\release\util.js:16:23)
    at Promise._settlePromiseFromHandler (E:\third\project\server\node_modules\bluebird\js\release\promise.js:547:31)
    at Promise._settlePromise (E:\third\project\server\node_modules\bluebird\js\release\promise.js:604:18)
    at Promise._settlePromise0 (E:\third\project\server\node_modules\bluebird\js\release\promise.js:649:10)
    at Promise._settlePromises (E:\third\project\server\node_modules\bluebird\js\release\promise.js:725:18)
    at _drainQueueStep (E:\third\project\server\node_modules\bluebird\js\release\async.js:93:12)
    at _drainQueue (E:\third\project\server\node_modules\bluebird\js\release\async.js:86:9)
    at Async._drainQueues (E:\third\project\server\node_modules\bluebird\js\release\async.js:102:5)
    at Immediate.Async.drainQueues [as _onImmediate] (E:\third\project\server\node_modules\bluebird\js\release\async.js:15:14)
    at processImmediate (internal/timers.js:456:21)
*************** error log end ***************

[2020-07-15T17:21:10.728] [ERROR] errorLogger - 
*************** error log start ***************
request method: GET
request originalUrl:  /api/server/findServer?plaform=&display=&load=&srttime=&key=serverid&value=&test=&mergeserver=&page=1&pagesize=10
request client ip:  ::ffff:127.0.0.1
request query:  {"plaform":"","display":"","load":"","srttime":"","key":"serverid","value":"","test":"","mergeserver":"","page":"1","pagesize":"10","gameid":"1"}
response time: 1594804870727
err name: SequelizeDatabaseError
err message: column "gm_server.id" must appear in the GROUP BY clause or be used in an aggregate function
err stack: SequelizeDatabaseError: column "gm_server.id" must appear in the GROUP BY clause or be used in an aggregate function
    at Query.formatError (E:\third\project\server\node_modules\sequelize\lib\dialects\postgres\query.js:366:16)
    at E:\third\project\server\node_modules\sequelize\lib\dialects\postgres\query.js:72:18
    at tryCatcher (E:\third\project\server\node_modules\bluebird\js\release\util.js:16:23)
    at Promise._settlePromiseFromHandler (E:\third\project\server\node_modules\bluebird\js\release\promise.js:547:31)
    at Promise._settlePromise (E:\third\project\server\node_modules\bluebird\js\release\promise.js:604:18)
    at Promise._settlePromise0 (E:\third\project\server\node_modules\bluebird\js\release\promise.js:649:10)
    at Promise._settlePromises (E:\third\project\server\node_modules\bluebird\js\release\promise.js:725:18)
    at _drainQueueStep (E:\third\project\server\node_modules\bluebird\js\release\async.js:93:12)
    at _drainQueue (E:\third\project\server\node_modules\bluebird\js\release\async.js:86:9)
    at Async._drainQueues (E:\third\project\server\node_modules\bluebird\js\release\async.js:102:5)
    at Immediate.Async.drainQueues [as _onImmediate] (E:\third\project\server\node_modules\bluebird\js\release\async.js:15:14)
    at processImmediate (internal/timers.js:456:21)
*************** error log end ***************

[2020-07-15T17:23:13.285] [ERROR] errorLogger - 
*************** error log start ***************
request method: GET
request originalUrl:  /api/server/findServer?plaform=&display=&load=&srttime=&key=serverid&value=&test=&mergeserver=&page=1&pagesize=10
request client ip:  ::ffff:127.0.0.1
request query:  {"plaform":"","display":"","load":"","srttime":"","key":"serverid","value":"","test":"","mergeserver":"","page":"1","pagesize":"10","gameid":"1"}
response time: 1594804993284
err name: TypeError
err message: Cannot read property '0' of undefined
err stack: TypeError: Cannot read property '0' of undefined
    at GmServerService._callee$ (E:\third\project\server\src\app\service\/gm-server.js:69:7)
    at tryCatch (E:\third\project\server\node_modules\regenerator-runtime\runtime.js:45:40)
    at Generator.invoke [as _invoke] (E:\third\project\server\node_modules\regenerator-runtime\runtime.js:274:22)
    at Generator.prototype.<computed> [as next] (E:\third\project\server\node_modules\regenerator-runtime\runtime.js:97:21)
    at asyncGeneratorStep (E:\third\project\server\node_modules\@babel\runtime\helpers\asyncToGenerator.js:3:24)
    at _next (E:\third\project\server\node_modules\@babel\runtime\helpers\asyncToGenerator.js:25:9)
*************** error log end ***************

[2020-07-15T17:41:20.272] [ERROR] errorLogger - 
*************** error log start ***************
request method: GET
request originalUrl:  /api/server/findServer?plaform=&display=&load=&channel=&srttime=&key=id&value=200715162013&test=&mergeserver=&page=1&pagesize=10
request client ip:  ::ffff:127.0.0.1
request query:  {"plaform":"","display":"","load":"","channel":"","srttime":"","key":"id","value":"200715162013","test":"","mergeserver":"","page":"1","pagesize":"10","gameid":"1"}
response time: 1594806080271
err name: SequelizeDatabaseError
err message: value "200715162013" is out of range for type integer
err stack: SequelizeDatabaseError: value "200715162013" is out of range for type integer
    at Query.formatError (E:\third\project\server\node_modules\sequelize\lib\dialects\postgres\query.js:366:16)
    at E:\third\project\server\node_modules\sequelize\lib\dialects\postgres\query.js:72:18
    at tryCatcher (E:\third\project\server\node_modules\bluebird\js\release\util.js:16:23)
    at Promise._settlePromiseFromHandler (E:\third\project\server\node_modules\bluebird\js\release\promise.js:547:31)
    at Promise._settlePromise (E:\third\project\server\node_modules\bluebird\js\release\promise.js:604:18)
    at Promise._settlePromise0 (E:\third\project\server\node_modules\bluebird\js\release\promise.js:649:10)
    at Promise._settlePromises (E:\third\project\server\node_modules\bluebird\js\release\promise.js:725:18)
    at _drainQueueStep (E:\third\project\server\node_modules\bluebird\js\release\async.js:93:12)
    at _drainQueue (E:\third\project\server\node_modules\bluebird\js\release\async.js:86:9)
    at Async._drainQueues (E:\third\project\server\node_modules\bluebird\js\release\async.js:102:5)
    at Immediate.Async.drainQueues [as _onImmediate] (E:\third\project\server\node_modules\bluebird\js\release\async.js:15:14)
    at processImmediate (internal/timers.js:456:21)
*************** error log end ***************

[2020-07-15T17:48:18.975] [ERROR] errorLogger - 
*************** error log start ***************
request method: GET
request originalUrl:  /api/server/findServerByID?id=13&status=1&create_time=2020-07-14T16:00:00.000Z&update_time=2020-07-14T16:00:00.000Z&plaform=1&display=2&channel[]=%E4%B9%85%E6%B8%B8&channel[]=%E5%B0%8F%E7%B1%B3&gamename=&serverid=200715162013&test=0&gameid=1&childrens[]=20071516184210273&childrens[]=20071516184210273&hasChildren=true
request client ip:  ::ffff:127.0.0.1
request query:  {"id":"13","status":"1","create_time":"2020-07-14T16:00:00.000Z","update_time":"2020-07-14T16:00:00.000Z","plaform":"1","display":"2","channel[]":["久游","小米"],"gamename":"","serverid":"200715162013","test":"0","gameid":"1","childrens[]":["20071516184210273","20071516184210273"],"hasChildren":"true"}
response time: 1594806498974
err name: SequelizeDatabaseError
err message: column "undefined" does not exist
err stack: SequelizeDatabaseError: column "undefined" does not exist
    at Query.formatError (E:\third\project\server\node_modules\sequelize\lib\dialects\postgres\query.js:366:16)
    at E:\third\project\server\node_modules\sequelize\lib\dialects\postgres\query.js:72:18
    at tryCatcher (E:\third\project\server\node_modules\bluebird\js\release\util.js:16:23)
    at Promise._settlePromiseFromHandler (E:\third\project\server\node_modules\bluebird\js\release\promise.js:547:31)
    at Promise._settlePromise (E:\third\project\server\node_modules\bluebird\js\release\promise.js:604:18)
    at Promise._settlePromise0 (E:\third\project\server\node_modules\bluebird\js\release\promise.js:649:10)
    at Promise._settlePromises (E:\third\project\server\node_modules\bluebird\js\release\promise.js:725:18)
    at _drainQueueStep (E:\third\project\server\node_modules\bluebird\js\release\async.js:93:12)
    at _drainQueue (E:\third\project\server\node_modules\bluebird\js\release\async.js:86:9)
    at Async._drainQueues (E:\third\project\server\node_modules\bluebird\js\release\async.js:102:5)
    at Immediate.Async.drainQueues [as _onImmediate] (E:\third\project\server\node_modules\bluebird\js\release\async.js:15:14)
    at processImmediate (internal/timers.js:456:21)
*************** error log end ***************

[2020-07-15T17:49:13.937] [ERROR] errorLogger - 
*************** error log start ***************
request method: GET
request originalUrl:  /api/server/findServerByID?id=13&status=1&create_time=2020-07-14T16:00:00.000Z&update_time=2020-07-14T16:00:00.000Z&plaform=1&display=2&channel[]=%E4%B9%85%E6%B8%B8&channel[]=%E5%B0%8F%E7%B1%B3&gamename=&serverid=200715162013&test=0&gameid=1&childrens[]=20071516184210273&childrens[]=20071516184210273&hasChildren=true
request client ip:  ::ffff:127.0.0.1
request query:  {"id":"13","status":"1","create_time":"2020-07-14T16:00:00.000Z","update_time":"2020-07-14T16:00:00.000Z","plaform":"1","display":"2","channel[]":["久游","小米"],"gamename":"","serverid":"200715162013","test":"0","gameid":"1","childrens[]":["20071516184210273","20071516184210273"],"hasChildren":"true"}
response time: 1594806553936
err name: SequelizeDatabaseError
err message: column "undefined" does not exist
err stack: SequelizeDatabaseError: column "undefined" does not exist
    at Query.formatError (E:\third\project\server\node_modules\sequelize\lib\dialects\postgres\query.js:366:16)
    at E:\third\project\server\node_modules\sequelize\lib\dialects\postgres\query.js:72:18
    at tryCatcher (E:\third\project\server\node_modules\bluebird\js\release\util.js:16:23)
    at Promise._settlePromiseFromHandler (E:\third\project\server\node_modules\bluebird\js\release\promise.js:547:31)
    at Promise._settlePromise (E:\third\project\server\node_modules\bluebird\js\release\promise.js:604:18)
    at Promise._settlePromise0 (E:\third\project\server\node_modules\bluebird\js\release\promise.js:649:10)
    at Promise._settlePromises (E:\third\project\server\node_modules\bluebird\js\release\promise.js:725:18)
    at _drainQueueStep (E:\third\project\server\node_modules\bluebird\js\release\async.js:93:12)
    at _drainQueue (E:\third\project\server\node_modules\bluebird\js\release\async.js:86:9)
    at Async._drainQueues (E:\third\project\server\node_modules\bluebird\js\release\async.js:102:5)
    at Immediate.Async.drainQueues [as _onImmediate] (E:\third\project\server\node_modules\bluebird\js\release\async.js:15:14)
    at processImmediate (internal/timers.js:456:21)
*************** error log end ***************

