[2020-08-18T10:21:28.600] [ERROR] errorLogger - 
*************** error log start ***************
request method: POST
request originalUrl:  /api/mail/postMailToCreate
request client ip:  ::ffff:127.0.0.1
request body: 
{"title":"1","text":"1","allServerTrue":false,"roleId":"1","mailLink":"1","plaform":"","channel":[],"serverName":[],"carryAnnex":false,"gameid":"1"}
response time: 1597717288599
err name: SequelizeDatabaseError
err message: invalid input syntax for type json
err stack: SequelizeDatabaseError: invalid input syntax for type json
    at Query.formatError (H:\project\server\node_modules\sequelize\lib\dialects\postgres\query.js:366:16)
    at H:\project\server\node_modules\sequelize\lib\dialects\postgres\query.js:72:18
    at tryCatcher (H:\project\server\node_modules\bluebird\js\release\util.js:16:23)
    at Promise._settlePromiseFromHandler (H:\project\server\node_modules\bluebird\js\release\promise.js:547:31)
    at Promise._settlePromise (H:\project\server\node_modules\bluebird\js\release\promise.js:604:18)
    at Promise._settlePromise0 (H:\project\server\node_modules\bluebird\js\release\promise.js:649:10)
    at Promise._settlePromises (H:\project\server\node_modules\bluebird\js\release\promise.js:725:18)
    at _drainQueueStep (H:\project\server\node_modules\bluebird\js\release\async.js:93:12)
    at _drainQueue (H:\project\server\node_modules\bluebird\js\release\async.js:86:9)
    at Async._drainQueues (H:\project\server\node_modules\bluebird\js\release\async.js:102:5)
    at Immediate.Async.drainQueues [as _onImmediate] (H:\project\server\node_modules\bluebird\js\release\async.js:15:14)
    at processImmediate (internal/timers.js:456:21)
*************** error log end ***************

[2020-08-18T10:21:30.939] [ERROR] errorLogger - 
*************** error log start ***************
request method: POST
request originalUrl:  /api/mail/postMailToCreate
request client ip:  ::ffff:127.0.0.1
request body: 
{"title":"1","text":"1","allServerTrue":false,"roleId":"1","mailLink":"1","plaform":"","channel":[],"serverName":[],"carryAnnex":false,"gameid":"1"}
response time: 1597717290939
err name: SequelizeDatabaseError
err message: invalid input syntax for type json
err stack: SequelizeDatabaseError: invalid input syntax for type json
    at Query.formatError (H:\project\server\node_modules\sequelize\lib\dialects\postgres\query.js:366:16)
    at H:\project\server\node_modules\sequelize\lib\dialects\postgres\query.js:72:18
    at tryCatcher (H:\project\server\node_modules\bluebird\js\release\util.js:16:23)
    at Promise._settlePromiseFromHandler (H:\project\server\node_modules\bluebird\js\release\promise.js:547:31)
    at Promise._settlePromise (H:\project\server\node_modules\bluebird\js\release\promise.js:604:18)
    at Promise._settlePromise0 (H:\project\server\node_modules\bluebird\js\release\promise.js:649:10)
    at Promise._settlePromises (H:\project\server\node_modules\bluebird\js\release\promise.js:725:18)
    at _drainQueueStep (H:\project\server\node_modules\bluebird\js\release\async.js:93:12)
    at _drainQueue (H:\project\server\node_modules\bluebird\js\release\async.js:86:9)
    at Async._drainQueues (H:\project\server\node_modules\bluebird\js\release\async.js:102:5)
    at Immediate.Async.drainQueues [as _onImmediate] (H:\project\server\node_modules\bluebird\js\release\async.js:15:14)
    at processImmediate (internal/timers.js:456:21)
*************** error log end ***************

[2020-08-18T10:23:46.703] [ERROR] errorLogger - 
*************** error log start ***************
request method: POST
request originalUrl:  /api/mail/postMailToCreate
request client ip:  ::ffff:127.0.0.1
request body: 
{"title":"1","text":"1","allServerTrue":false,"roleId":"1","mailLink":"1","plaform":"","channel":[],"serverName":[],"carryAnnex":false,"gameid":"1"}
response time: 1597717426703
err name: SequelizeDatabaseError
err message: invalid input syntax for type json
err stack: SequelizeDatabaseError: invalid input syntax for type json
    at Query.formatError (H:\project\server\node_modules\sequelize\lib\dialects\postgres\query.js:366:16)
    at H:\project\server\node_modules\sequelize\lib\dialects\postgres\query.js:72:18
    at tryCatcher (H:\project\server\node_modules\bluebird\js\release\util.js:16:23)
    at Promise._settlePromiseFromHandler (H:\project\server\node_modules\bluebird\js\release\promise.js:547:31)
    at Promise._settlePromise (H:\project\server\node_modules\bluebird\js\release\promise.js:604:18)
    at Promise._settlePromise0 (H:\project\server\node_modules\bluebird\js\release\promise.js:649:10)
    at Promise._settlePromises (H:\project\server\node_modules\bluebird\js\release\promise.js:725:18)
    at _drainQueueStep (H:\project\server\node_modules\bluebird\js\release\async.js:93:12)
    at _drainQueue (H:\project\server\node_modules\bluebird\js\release\async.js:86:9)
    at Async._drainQueues (H:\project\server\node_modules\bluebird\js\release\async.js:102:5)
    at Immediate.Async.drainQueues [as _onImmediate] (H:\project\server\node_modules\bluebird\js\release\async.js:15:14)
    at processImmediate (internal/timers.js:456:21)
*************** error log end ***************

[2020-08-18T10:24:36.035] [ERROR] errorLogger - 
*************** error log start ***************
request method: POST
request originalUrl:  /api/mail/postMailToCreate
request client ip:  ::ffff:127.0.0.1
request body: 
{"title":"1","text":"1","allServerTrue":false,"roleId":"1","mailLink":"1","plaform":"","channel":[],"serverName":[],"carryAnnex":false,"gameid":"1"}
response time: 1597717476035
err name: SequelizeDatabaseError
err message: invalid input syntax for type json
err stack: SequelizeDatabaseError: invalid input syntax for type json
    at Query.formatError (H:\project\server\node_modules\sequelize\lib\dialects\postgres\query.js:366:16)
    at H:\project\server\node_modules\sequelize\lib\dialects\postgres\query.js:72:18
    at tryCatcher (H:\project\server\node_modules\bluebird\js\release\util.js:16:23)
    at Promise._settlePromiseFromHandler (H:\project\server\node_modules\bluebird\js\release\promise.js:547:31)
    at Promise._settlePromise (H:\project\server\node_modules\bluebird\js\release\promise.js:604:18)
    at Promise._settlePromise0 (H:\project\server\node_modules\bluebird\js\release\promise.js:649:10)
    at Promise._settlePromises (H:\project\server\node_modules\bluebird\js\release\promise.js:725:18)
    at _drainQueueStep (H:\project\server\node_modules\bluebird\js\release\async.js:93:12)
    at _drainQueue (H:\project\server\node_modules\bluebird\js\release\async.js:86:9)
    at Async._drainQueues (H:\project\server\node_modules\bluebird\js\release\async.js:102:5)
    at Immediate.Async.drainQueues [as _onImmediate] (H:\project\server\node_modules\bluebird\js\release\async.js:15:14)
    at processImmediate (internal/timers.js:456:21)
*************** error log end ***************

[2020-08-18T10:28:05.231] [ERROR] errorLogger - 
*************** error log start ***************
request method: POST
request originalUrl:  /api/mail/postMailToCreate
request client ip:  ::ffff:127.0.0.1
request body: 
{"title":"1","text":"1","allServerTrue":false,"roleId":"1","mailLink":"1","plaform":"","channel":[],"serverName":[],"carryAnnex":false,"gameid":"1"}
response time: 1597717685230
err name: SequelizeDatabaseError
err message: invalid input syntax for type json
err stack: SequelizeDatabaseError: invalid input syntax for type json
    at Query.formatError (H:\project\server\node_modules\sequelize\lib\dialects\postgres\query.js:366:16)
    at H:\project\server\node_modules\sequelize\lib\dialects\postgres\query.js:72:18
    at tryCatcher (H:\project\server\node_modules\bluebird\js\release\util.js:16:23)
    at Promise._settlePromiseFromHandler (H:\project\server\node_modules\bluebird\js\release\promise.js:547:31)
    at Promise._settlePromise (H:\project\server\node_modules\bluebird\js\release\promise.js:604:18)
    at Promise._settlePromise0 (H:\project\server\node_modules\bluebird\js\release\promise.js:649:10)
    at Promise._settlePromises (H:\project\server\node_modules\bluebird\js\release\promise.js:725:18)
    at _drainQueueStep (H:\project\server\node_modules\bluebird\js\release\async.js:93:12)
    at _drainQueue (H:\project\server\node_modules\bluebird\js\release\async.js:86:9)
    at Async._drainQueues (H:\project\server\node_modules\bluebird\js\release\async.js:102:5)
    at Immediate.Async.drainQueues [as _onImmediate] (H:\project\server\node_modules\bluebird\js\release\async.js:15:14)
    at processImmediate (internal/timers.js:456:21)
*************** error log end ***************

[2020-08-18T10:32:28.807] [ERROR] errorLogger - 
*************** error log start ***************
request method: POST
request originalUrl:  /api/mail/postMailToCreate
request client ip:  ::ffff:127.0.0.1
request body: 
{"title":"1","text":"1","allServerTrue":"","roleId":"1","mailLink":"1","plaform":"","channel":"","serverName":"","carryAnnex":false,"gameid":"1"}
response time: 1597717948806
err name: SequelizeDatabaseError
err message: invalid input syntax for type json
err stack: SequelizeDatabaseError: invalid input syntax for type json
    at Query.formatError (H:\project\server\node_modules\sequelize\lib\dialects\postgres\query.js:366:16)
    at H:\project\server\node_modules\sequelize\lib\dialects\postgres\query.js:72:18
    at tryCatcher (H:\project\server\node_modules\bluebird\js\release\util.js:16:23)
    at Promise._settlePromiseFromHandler (H:\project\server\node_modules\bluebird\js\release\promise.js:547:31)
    at Promise._settlePromise (H:\project\server\node_modules\bluebird\js\release\promise.js:604:18)
    at Promise._settlePromise0 (H:\project\server\node_modules\bluebird\js\release\promise.js:649:10)
    at Promise._settlePromises (H:\project\server\node_modules\bluebird\js\release\promise.js:725:18)
    at _drainQueueStep (H:\project\server\node_modules\bluebird\js\release\async.js:93:12)
    at _drainQueue (H:\project\server\node_modules\bluebird\js\release\async.js:86:9)
    at Async._drainQueues (H:\project\server\node_modules\bluebird\js\release\async.js:102:5)
    at Immediate.Async.drainQueues [as _onImmediate] (H:\project\server\node_modules\bluebird\js\release\async.js:15:14)
    at processImmediate (internal/timers.js:456:21)
*************** error log end ***************

[2020-08-18T10:34:22.109] [ERROR] errorLogger - 
*************** error log start ***************
request method: POST
request originalUrl:  /api/mail/postMailToCreate
request client ip:  ::ffff:127.0.0.1
request body: 
{"title":"1","text":"1","allServerTrue":false,"roleId":"1","mailLink":"1","plaform":"","channel":"","serverName":"","carryAnnex":false,"gameid":"1"}
response time: 1597718062108
err name: SequelizeDatabaseError
err message: invalid input syntax for type json
err stack: SequelizeDatabaseError: invalid input syntax for type json
    at Query.formatError (H:\project\server\node_modules\sequelize\lib\dialects\postgres\query.js:366:16)
    at H:\project\server\node_modules\sequelize\lib\dialects\postgres\query.js:72:18
    at tryCatcher (H:\project\server\node_modules\bluebird\js\release\util.js:16:23)
    at Promise._settlePromiseFromHandler (H:\project\server\node_modules\bluebird\js\release\promise.js:547:31)
    at Promise._settlePromise (H:\project\server\node_modules\bluebird\js\release\promise.js:604:18)
    at Promise._settlePromise0 (H:\project\server\node_modules\bluebird\js\release\promise.js:649:10)
    at Promise._settlePromises (H:\project\server\node_modules\bluebird\js\release\promise.js:725:18)
    at _drainQueueStep (H:\project\server\node_modules\bluebird\js\release\async.js:93:12)
    at _drainQueue (H:\project\server\node_modules\bluebird\js\release\async.js:86:9)
    at Async._drainQueues (H:\project\server\node_modules\bluebird\js\release\async.js:102:5)
    at Immediate.Async.drainQueues [as _onImmediate] (H:\project\server\node_modules\bluebird\js\release\async.js:15:14)
    at processImmediate (internal/timers.js:456:21)
*************** error log end ***************

[2020-08-18T10:35:25.796] [ERROR] errorLogger - 
*************** error log start ***************
request method: POST
request originalUrl:  /api/mail/postMailToCreate
request client ip:  ::ffff:127.0.0.1
request body: 
{"title":"1","text":"1","allServerTrue":false,"roleId":"1","mailLink":"1","plaform":"","channel":"","serverName":"","carryAnnex":false,"gameid":"1"}
response time: 1597718125795
err name: SequelizeDatabaseError
err message: invalid input syntax for type json
err stack: SequelizeDatabaseError: invalid input syntax for type json
    at Query.formatError (H:\project\server\node_modules\sequelize\lib\dialects\postgres\query.js:366:16)
    at H:\project\server\node_modules\sequelize\lib\dialects\postgres\query.js:72:18
    at tryCatcher (H:\project\server\node_modules\bluebird\js\release\util.js:16:23)
    at Promise._settlePromiseFromHandler (H:\project\server\node_modules\bluebird\js\release\promise.js:547:31)
    at Promise._settlePromise (H:\project\server\node_modules\bluebird\js\release\promise.js:604:18)
    at Promise._settlePromise0 (H:\project\server\node_modules\bluebird\js\release\promise.js:649:10)
    at Promise._settlePromises (H:\project\server\node_modules\bluebird\js\release\promise.js:725:18)
    at _drainQueueStep (H:\project\server\node_modules\bluebird\js\release\async.js:93:12)
    at _drainQueue (H:\project\server\node_modules\bluebird\js\release\async.js:86:9)
    at Async._drainQueues (H:\project\server\node_modules\bluebird\js\release\async.js:102:5)
    at Immediate.Async.drainQueues [as _onImmediate] (H:\project\server\node_modules\bluebird\js\release\async.js:15:14)
    at processImmediate (internal/timers.js:456:21)
*************** error log end ***************

[2020-08-18T10:36:18.984] [ERROR] errorLogger - 
*************** error log start ***************
request method: POST
request originalUrl:  /api/mail/postMailToCreate
request client ip:  ::ffff:127.0.0.1
request body: 
{"title":"1","text":"1","allServerTrue":false,"roleId":"1","mailLink":"1","plaform":"","channel":"","serverName":"","carryAnnex":false,"gameid":"1"}
response time: 1597718178983
err name: TypeError
err message: Cannot read property 'length' of null
err stack: TypeError: Cannot read property 'length' of null
    at _callee6$ (H:\project\server\src\app\service\/mail.js:96:190)
    at tryCatch (H:\project\server\node_modules\regenerator-runtime\runtime.js:45:40)
    at Generator.invoke [as _invoke] (H:\project\server\node_modules\regenerator-runtime\runtime.js:274:22)
    at Generator.prototype.<computed> [as next] (H:\project\server\node_modules\regenerator-runtime\runtime.js:97:21)
    at asyncGeneratorStep (H:\project\server\node_modules\@babel\runtime\helpers\asyncToGenerator.js:3:24)
    at _next (H:\project\server\node_modules\@babel\runtime\helpers\asyncToGenerator.js:25:9)
    at H:\project\server\node_modules\@babel\runtime\helpers\asyncToGenerator.js:32:7
    at new Promise (<anonymous>)
    at MailService.<anonymous> (H:\project\server\node_modules\@babel\runtime\helpers\asyncToGenerator.js:21:12)
    at MailService.postMailToCreate (H:\project\server\src\app\service\mail.js:304:34)
    at _callee6$ (H:\project\server\src\app\controllers\/mail.js:45:37)
    at tryCatch (H:\project\server\node_modules\regenerator-runtime\runtime.js:45:40)
    at Generator.invoke [as _invoke] (H:\project\server\node_modules\regenerator-runtime\runtime.js:274:22)
    at Generator.prototype.<computed> [as next] (H:\project\server\node_modules\regenerator-runtime\runtime.js:97:21)
    at asyncGeneratorStep (H:\project\server\node_modules\@babel\runtime\helpers\asyncToGenerator.js:3:24)
    at _next (H:\project\server\node_modules\@babel\runtime\helpers\asyncToGenerator.js:25:9)
    at H:\project\server\node_modules\@babel\runtime\helpers\asyncToGenerator.js:32:7
    at new Promise (<anonymous>)
    at H:\project\server\node_modules\@babel\runtime\helpers\asyncToGenerator.js:21:12
    at postMailToCreate (H:\project\server\src\app\controllers\mail.js:236:34)
    at dispatch (H:\project\server\node_modules\koa-router\node_modules\koa-compose\index.js:44:32)
    at next (H:\project\server\node_modules\koa-router\node_modules\koa-compose\index.js:45:18)
    at H:\project\server\node_modules\koa-router\lib\router.js:346:16
    at dispatch (H:\project\server\node_modules\koa-router\node_modules\koa-compose\index.js:44:32)
    at H:\project\server\node_modules\koa-router\node_modules\koa-compose\index.js:36:12
    at dispatch (H:\project\server\node_modules\koa-router\lib\router.js:351:31)
    at dispatch (H:\project\server\node_modules\koa-compose\index.js:42:32)
    at H:\project\server\node_modules\koa-mount\index.js:52:32
*************** error log end ***************

