[2020-08-01T15:03:14.979] [ERROR] errorLogger - 
*************** error log start ***************
request method: GET
request originalUrl:  /api/recharge/query?roleid=&stime=&plaform=&channel[]=%E4%B9%85%E6%B8%B8&servername=&page=1&pagesize=10
request client ip:  ::ffff:127.0.0.1
request query:  {"roleid":"","stime":"","plaform":"","channel[]":"久游","servername":"","page":"1","pagesize":"10","gameid":"1"}
response time: 1596265394978
err name: TypeError
err message: channel.map is not a function
err stack: TypeError: channel.map is not a function
    at _callee2$ (E:\third\project\server\src\app\service\/recharge.js:32:23)
    at tryCatch (E:\third\project\server\node_modules\regenerator-runtime\runtime.js:45:40)
    at Generator.invoke [as _invoke] (E:\third\project\server\node_modules\regenerator-runtime\runtime.js:281:22)
    at Generator.prototype.<computed> [as next] (E:\third\project\server\node_modules\regenerator-runtime\runtime.js:106:21)
    at asyncGeneratorStep (E:\third\project\server\node_modules\@babel\runtime\helpers\asyncToGenerator.js:3:24)
    at _next (E:\third\project\server\node_modules\@babel\runtime\helpers\asyncToGenerator.js:25:9)
    at E:\third\project\server\node_modules\@babel\runtime\helpers\asyncToGenerator.js:32:7
    at new Promise (<anonymous>)
    at rechargeService.<anonymous> (E:\third\project\server\node_modules\@babel\runtime\helpers\asyncToGenerator.js:21:12)
    at rechargeService.query (E:\third\project\server\src\app\service\recharge.js:138:23)
    at _callee$ (E:\third\project\server\src\app\controllers\/recharge.js:13:38)
    at tryCatch (E:\third\project\server\node_modules\regenerator-runtime\runtime.js:45:40)
    at Generator.invoke [as _invoke] (E:\third\project\server\node_modules\regenerator-runtime\runtime.js:281:22)
    at Generator.prototype.<computed> [as next] (E:\third\project\server\node_modules\regenerator-runtime\runtime.js:106:21)
    at asyncGeneratorStep (E:\third\project\server\node_modules\@babel\runtime\helpers\asyncToGenerator.js:3:24)
    at _next (E:\third\project\server\node_modules\@babel\runtime\helpers\asyncToGenerator.js:25:9)
    at E:\third\project\server\node_modules\@babel\runtime\helpers\asyncToGenerator.js:32:7
    at new Promise (<anonymous>)
    at E:\third\project\server\node_modules\@babel\runtime\helpers\asyncToGenerator.js:21:12
    at queryCharacter (E:\third\project\server\src\app\controllers\recharge.js:76:32)
    at dispatch (E:\third\project\server\node_modules\koa-compose\index.js:44:32)
    at next (E:\third\project\server\node_modules\koa-compose\index.js:45:18)
    at E:\third\project\server\node_modules\koa-router\lib\router.js:346:16
    at dispatch (E:\third\project\server\node_modules\koa-compose\index.js:44:32)
    at E:\third\project\server\node_modules\koa-compose\index.js:36:12
    at dispatch (E:\third\project\server\node_modules\koa-router\lib\router.js:351:31)
    at dispatch (E:\third\project\server\node_modules\koa\node_modules\koa-compose\index.js:42:32)
    at E:\third\project\server\node_modules\koa-mount\index.js:52:32
*************** error log end ***************

[2020-08-01T16:40:49.514] [ERROR] errorLogger - 
*************** error log start ***************
request method: GET
request originalUrl:  /api/server/selectComponent?code=areaclothing&gameid=1
request client ip:  ::ffff:127.0.0.1
request query:  {"code":"areaclothing","gameid":"1"}
response time: 1596271249514
err name: SequelizeDatabaseError
err message: syntax error at or near "gameid"
err stack: SequelizeDatabaseError: syntax error at or near "gameid"
    at Query.formatError (E:\third\project\server\node_modules\sequelize\lib\dialects\postgres\query.js:366:16)
    at E:\third\project\server\node_modules\sequelize\lib\dialects\postgres\query.js:72:18
    at tryCatcher (E:\third\project\server\node_modules\bluebird\js\release\util.js:16:23)
    at Promise._settlePromiseFromHandler (E:\third\project\server\node_modules\bluebird\js\release\promise.js:547:31)
    at Promise._settlePromise (E:\third\project\server\node_modules\bluebird\js\release\promise.js:604:18)
    at Promise._settlePromise0 (E:\third\project\server\node_modules\bluebird\js\release\promise.js:649:10)
    at Promise._settlePromises (E:\third\project\server\node_modules\bluebird\js\release\promise.js:725:18)
    at _drainQueueStep (E:\third\project\server\node_modules\bluebird\js\release\async.js:93:12)
    at _drainQueue (E:\third\project\server\node_modules\bluebird\js\release\async.js:86:9)
    at Async._drainQueues (E:\third\project\server\node_modules\bluebird\js\release\async.js:102:5)
    at Immediate.Async.drainQueues [as _onImmediate] (E:\third\project\server\node_modules\bluebird\js\release\async.js:15:14)
    at processImmediate (internal/timers.js:456:21)
*************** error log end ***************

[2020-08-01T16:41:11.557] [ERROR] errorLogger - 
*************** error log start ***************
request method: GET
request originalUrl:  /api/server/selectComponent?code=areaclothing&gameid=1
request client ip:  ::ffff:127.0.0.1
request query:  {"code":"areaclothing","gameid":"1"}
response time: 1596271271556
err name: SequelizeDatabaseError
err message: relation "gm_gam_token" does not exist
err stack: SequelizeDatabaseError: relation "gm_gam_token" does not exist
    at Query.formatError (E:\third\project\server\node_modules\sequelize\lib\dialects\postgres\query.js:366:16)
    at E:\third\project\server\node_modules\sequelize\lib\dialects\postgres\query.js:72:18
    at tryCatcher (E:\third\project\server\node_modules\bluebird\js\release\util.js:16:23)
    at Promise._settlePromiseFromHandler (E:\third\project\server\node_modules\bluebird\js\release\promise.js:547:31)
    at Promise._settlePromise (E:\third\project\server\node_modules\bluebird\js\release\promise.js:604:18)
    at Promise._settlePromise0 (E:\third\project\server\node_modules\bluebird\js\release\promise.js:649:10)
    at Promise._settlePromises (E:\third\project\server\node_modules\bluebird\js\release\promise.js:725:18)
    at _drainQueueStep (E:\third\project\server\node_modules\bluebird\js\release\async.js:93:12)
    at _drainQueue (E:\third\project\server\node_modules\bluebird\js\release\async.js:86:9)
    at Async._drainQueues (E:\third\project\server\node_modules\bluebird\js\release\async.js:102:5)
    at Immediate.Async.drainQueues [as _onImmediate] (E:\third\project\server\node_modules\bluebird\js\release\async.js:15:14)
    at processImmediate (internal/timers.js:456:21)
*************** error log end ***************

