[2020-07-06T16:48:11.384] [ERROR] errorLogger - 
*************** error log start ***************
request method: GET
request originalUrl:  /api/server/selectserver/if?sid=1&gamename=%E7%A9%BA%E7%BF%BC%E5%86%92%E9%99%A9%E5%9B%A2&page=1&ok=2
request client ip:  ::ffff:10.1.35.78
request query:  {"sid":"1","gamename":"空翼冒险团","page":"1","ok":"2"}
response time: 1594025291384
err name: SyntaxError
err message: Unexpected token o in JSON at position 1
err stack: SyntaxError: Unexpected token o in JSON at position 1
    at JSON.parse (<anonymous>)
    at _callee5$ (E:\third\fancy-game-master\server\src\app\controllers\/server.js:56:23)
    at tryCatch (E:\third\fancy-game-master\server\node_modules\regenerator-runtime\runtime.js:45:40)
    at Generator.invoke [as _invoke] (E:\third\fancy-game-master\server\node_modules\regenerator-runtime\runtime.js:274:22)
    at Generator.prototype.<computed> [as next] (E:\third\fancy-game-master\server\node_modules\regenerator-runtime\runtime.js:97:21)
    at asyncGeneratorStep (E:\third\fancy-game-master\server\node_modules\@babel\runtime\helpers\asyncToGenerator.js:3:24)
    at _next (E:\third\fancy-game-master\server\node_modules\@babel\runtime\helpers\asyncToGenerator.js:25:9)
*************** error log end ***************

[2020-07-06T16:48:50.286] [ERROR] errorLogger - 
*************** error log start ***************
request method: GET
request originalUrl:  /api/server/selectserver/if?sid=1&gamename=%E7%A9%BA%E7%BF%BC%E5%86%92%E9%99%A9%E5%9B%A2&page=1&ok=2
request client ip:  ::ffff:10.1.35.78
request query:  {"sid":"1","gamename":"空翼冒险团","page":"1","ok":"2"}
response time: 1594025330285
err name: SyntaxError
err message: Unexpected token o in JSON at position 1
err stack: SyntaxError: Unexpected token o in JSON at position 1
    at JSON.parse (<anonymous>)
    at _callee5$ (E:\third\fancy-game-master\server\src\app\controllers\/server.js:58:23)
    at tryCatch (E:\third\fancy-game-master\server\node_modules\regenerator-runtime\runtime.js:45:40)
    at Generator.invoke [as _invoke] (E:\third\fancy-game-master\server\node_modules\regenerator-runtime\runtime.js:274:22)
    at Generator.prototype.<computed> [as next] (E:\third\fancy-game-master\server\node_modules\regenerator-runtime\runtime.js:97:21)
    at asyncGeneratorStep (E:\third\fancy-game-master\server\node_modules\@babel\runtime\helpers\asyncToGenerator.js:3:24)
    at _next (E:\third\fancy-game-master\server\node_modules\@babel\runtime\helpers\asyncToGenerator.js:25:9)
*************** error log end ***************

[2020-07-06T16:50:01.802] [ERROR] errorLogger - 
*************** error log start ***************
request method: GET
request originalUrl:  /api/server/selectserver/if?sid=1&gamename=%E7%A9%BA%E7%BF%BC%E5%86%92%E9%99%A9%E5%9B%A2&page=1&ok=2
request client ip:  ::ffff:10.1.35.78
request query:  {"sid":"1","gamename":"空翼冒险团","page":"1","ok":"2"}
response time: 1594025401801
err name: SyntaxError
err message: Unexpected token o in JSON at position 1
err stack: SyntaxError: Unexpected token o in JSON at position 1
    at JSON.parse (<anonymous>)
    at _callee5$ (E:\third\fancy-game-master\server\src\app\controllers\/server.js:58:23)
    at tryCatch (E:\third\fancy-game-master\server\node_modules\regenerator-runtime\runtime.js:45:40)
    at Generator.invoke [as _invoke] (E:\third\fancy-game-master\server\node_modules\regenerator-runtime\runtime.js:274:22)
    at Generator.prototype.<computed> [as next] (E:\third\fancy-game-master\server\node_modules\regenerator-runtime\runtime.js:97:21)
    at asyncGeneratorStep (E:\third\fancy-game-master\server\node_modules\@babel\runtime\helpers\asyncToGenerator.js:3:24)
    at _next (E:\third\fancy-game-master\server\node_modules\@babel\runtime\helpers\asyncToGenerator.js:25:9)
*************** error log end ***************

[2020-07-06T16:50:22.048] [ERROR] errorLogger - 
*************** error log start ***************
request method: GET
request originalUrl:  /api/server/selectserver/if?sid=1&gamename=%E7%A9%BA%E7%BF%BC%E5%86%92%E9%99%A9%E5%9B%A2&page=1&ok=2
request client ip:  ::ffff:10.1.35.78
request query:  {"sid":"1","gamename":"空翼冒险团","page":"1","ok":"2"}
response time: 1594025422047
err name: SyntaxError
err message: Unexpected token t in JSON at position 1
err stack: SyntaxError: Unexpected token t in JSON at position 1
    at JSON.parse (<anonymous>)
    at _callee5$ (E:\third\fancy-game-master\server\src\app\controllers\/server.js:58:23)
    at tryCatch (E:\third\fancy-game-master\server\node_modules\regenerator-runtime\runtime.js:45:40)
    at Generator.invoke [as _invoke] (E:\third\fancy-game-master\server\node_modules\regenerator-runtime\runtime.js:274:22)
    at Generator.prototype.<computed> [as next] (E:\third\fancy-game-master\server\node_modules\regenerator-runtime\runtime.js:97:21)
    at asyncGeneratorStep (E:\third\fancy-game-master\server\node_modules\@babel\runtime\helpers\asyncToGenerator.js:3:24)
    at _next (E:\third\fancy-game-master\server\node_modules\@babel\runtime\helpers\asyncToGenerator.js:25:9)
*************** error log end ***************

[2020-07-06T16:52:53.971] [ERROR] errorLogger - 
*************** error log start ***************
request method: GET
request originalUrl:  /api/server/selectserver/if?ok=1&gamename=%E7%A9%BA%E7%BF%BC%E5%86%92%E9%99%A9%E5%9B%A2&page=1
request client ip:  ::ffff:10.1.35.78
request query:  {"ok":"1","gamename":"空翼冒险团","page":"1"}
response time: 1594025573970
err name: SyntaxError
err message: Unexpected token t in JSON at position 1
err stack: SyntaxError: Unexpected token t in JSON at position 1
    at JSON.parse (<anonymous>)
    at _callee5$ (E:\third\fancy-game-master\server\src\app\controllers\/server.js:58:23)
    at tryCatch (E:\third\fancy-game-master\server\node_modules\regenerator-runtime\runtime.js:45:40)
    at Generator.invoke [as _invoke] (E:\third\fancy-game-master\server\node_modules\regenerator-runtime\runtime.js:274:22)
    at Generator.prototype.<computed> [as next] (E:\third\fancy-game-master\server\node_modules\regenerator-runtime\runtime.js:97:21)
    at asyncGeneratorStep (E:\third\fancy-game-master\server\node_modules\@babel\runtime\helpers\asyncToGenerator.js:3:24)
    at _next (E:\third\fancy-game-master\server\node_modules\@babel\runtime\helpers\asyncToGenerator.js:25:9)
*************** error log end ***************

[2020-07-06T16:52:57.395] [ERROR] errorLogger - 
*************** error log start ***************
request method: GET
request originalUrl:  /api/server/selectserver/if?ok=1&gamename=%E7%A9%BA%E7%BF%BC%E5%86%92%E9%99%A9%E5%9B%A2&page=1
request client ip:  ::ffff:10.1.35.78
request query:  {"ok":"1","gamename":"空翼冒险团","page":"1"}
response time: 1594025577395
err name: SyntaxError
err message: Unexpected token t in JSON at position 1
err stack: SyntaxError: Unexpected token t in JSON at position 1
    at JSON.parse (<anonymous>)
    at _callee5$ (E:\third\fancy-game-master\server\src\app\controllers\/server.js:58:23)
    at tryCatch (E:\third\fancy-game-master\server\node_modules\regenerator-runtime\runtime.js:45:40)
    at Generator.invoke [as _invoke] (E:\third\fancy-game-master\server\node_modules\regenerator-runtime\runtime.js:274:22)
    at Generator.prototype.<computed> [as next] (E:\third\fancy-game-master\server\node_modules\regenerator-runtime\runtime.js:97:21)
    at asyncGeneratorStep (E:\third\fancy-game-master\server\node_modules\@babel\runtime\helpers\asyncToGenerator.js:3:24)
    at _next (E:\third\fancy-game-master\server\node_modules\@babel\runtime\helpers\asyncToGenerator.js:25:9)
*************** error log end ***************

[2020-07-06T17:16:35.021] [ERROR] errorLogger - 
*************** error log start ***************
request method: PUT
request originalUrl:  /api/server/update
request client ip:  ::ffff:10.1.35.78
request body: 
{"0":"sid","1":"roleid","2":"level","3":"channel","4":"force","5":"role_gender","6":"onlinesum","7":"machine","gamename":"空翼冒险团"}
response time: 1594026995021
err name: TypeError
err message: form.map is not a function
err stack: TypeError: form.map is not a function
    at _callee2$ (E:\third\fancy-game-master\server\src\app\controllers\/server.js:26:15)
    at tryCatch (E:\third\fancy-game-master\server\node_modules\regenerator-runtime\runtime.js:45:40)
    at Generator.invoke [as _invoke] (E:\third\fancy-game-master\server\node_modules\regenerator-runtime\runtime.js:274:22)
    at Generator.prototype.<computed> [as next] (E:\third\fancy-game-master\server\node_modules\regenerator-runtime\runtime.js:97:21)
    at asyncGeneratorStep (E:\third\fancy-game-master\server\node_modules\@babel\runtime\helpers\asyncToGenerator.js:3:24)
    at _next (E:\third\fancy-game-master\server\node_modules\@babel\runtime\helpers\asyncToGenerator.js:25:9)
    at E:\third\fancy-game-master\server\node_modules\@babel\runtime\helpers\asyncToGenerator.js:32:7
    at new Promise (<anonymous>)
    at E:\third\fancy-game-master\server\node_modules\@babel\runtime\helpers\asyncToGenerator.js:21:12
    at updateserver (E:\third\fancy-game-master\server\src\app\controllers\server.js:129:30)
    at dispatch (E:\third\fancy-game-master\server\node_modules\koa-router\node_modules\koa-compose\index.js:44:32)
    at next (E:\third\fancy-game-master\server\node_modules\koa-router\node_modules\koa-compose\index.js:45:18)
    at E:\third\fancy-game-master\server\node_modules\koa-router\lib\router.js:346:16
    at dispatch (E:\third\fancy-game-master\server\node_modules\koa-router\node_modules\koa-compose\index.js:44:32)
    at E:\third\fancy-game-master\server\node_modules\koa-router\node_modules\koa-compose\index.js:36:12
    at dispatch (E:\third\fancy-game-master\server\node_modules\koa-router\lib\router.js:351:31)
    at next (E:\third\fancy-game-master\server\node_modules\koa-compose\index.js:42:32)
    at _callee$ (E:\third\fancy-game-master\server\src\middleware\/auth.js:19:9)
    at tryCatch (E:\third\fancy-game-master\server\node_modules\regenerator-runtime\runtime.js:45:40)
    at Generator.invoke [as _invoke] (E:\third\fancy-game-master\server\node_modules\regenerator-runtime\runtime.js:274:22)
    at Generator.prototype.<computed> [as next] (E:\third\fancy-game-master\server\node_modules\regenerator-runtime\runtime.js:97:21)
    at asyncGeneratorStep (E:\third\fancy-game-master\server\node_modules\@babel\runtime\helpers\asyncToGenerator.js:3:24)
    at _next (E:\third\fancy-game-master\server\node_modules\@babel\runtime\helpers\asyncToGenerator.js:25:9)
    at processTicksAndRejections (internal/process/task_queues.js:97:5)
*************** error log end ***************

[2020-07-06T17:18:22.963] [ERROR] errorLogger - 
*************** error log start ***************
request method: PUT
request originalUrl:  /api/server/update
request client ip:  ::ffff:10.1.35.78
request body: 
{"0":"sid","1":"roleid","2":"level","3":"channel","4":"force","5":"role_gender","6":"onlinesum","7":"machine","gamename":"空翼冒险团"}
response time: 1594027102962
err name: Error
err message: options.uri is a required argument
err stack: Error: options.uri is a required argument
    at Request.init (E:\third\fancy-game-master\server\node_modules\request\request.js:231:31)
    at new Request (E:\third\fancy-game-master\server\node_modules\request\request.js:127:8)
    at request (E:\third\fancy-game-master\server\node_modules\request\index.js:53:10)
    at E:\third\fancy-game-master\server\src\utils\/requests.js:100:4
    at new Promise (<anonymous>)
    at _callee4$ (E:\third\fancy-game-master\server\src\utils\/requests.js:99:10)
    at tryCatch (E:\third\fancy-game-master\server\node_modules\regenerator-runtime\runtime.js:45:40)
    at Generator.invoke [as _invoke] (E:\third\fancy-game-master\server\node_modules\regenerator-runtime\runtime.js:274:22)
    at Generator.prototype.<computed> [as next] (E:\third\fancy-game-master\server\node_modules\regenerator-runtime\runtime.js:97:21)
    at asyncGeneratorStep (E:\third\fancy-game-master\server\node_modules\@babel\runtime\helpers\asyncToGenerator.js:3:24)
    at _next (E:\third\fancy-game-master\server\node_modules\@babel\runtime\helpers\asyncToGenerator.js:25:9)
    at E:\third\fancy-game-master\server\node_modules\@babel\runtime\helpers\asyncToGenerator.js:32:7
    at new Promise (<anonymous>)
    at Ta.<anonymous> (E:\third\fancy-game-master\server\node_modules\@babel\runtime\helpers\asyncToGenerator.js:21:12)
    at Ta.update (E:\third\fancy-game-master\server\src\utils\requests.js:223:24)
    at _callee2$ (E:\third\fancy-game-master\server\src\app\controllers\/server.js:37:26)
    at tryCatch (E:\third\fancy-game-master\server\node_modules\regenerator-runtime\runtime.js:45:40)
    at Generator.invoke [as _invoke] (E:\third\fancy-game-master\server\node_modules\regenerator-runtime\runtime.js:274:22)
    at Generator.prototype.<computed> [as next] (E:\third\fancy-game-master\server\node_modules\regenerator-runtime\runtime.js:97:21)
    at asyncGeneratorStep (E:\third\fancy-game-master\server\node_modules\@babel\runtime\helpers\asyncToGenerator.js:3:24)
    at _next (E:\third\fancy-game-master\server\node_modules\@babel\runtime\helpers\asyncToGenerator.js:25:9)
    at E:\third\fancy-game-master\server\node_modules\@babel\runtime\helpers\asyncToGenerator.js:32:7
    at new Promise (<anonymous>)
    at E:\third\fancy-game-master\server\node_modules\@babel\runtime\helpers\asyncToGenerator.js:21:12
    at updateserver (E:\third\fancy-game-master\server\src\app\controllers\server.js:127:30)
    at dispatch (E:\third\fancy-game-master\server\node_modules\koa-router\node_modules\koa-compose\index.js:44:32)
    at next (E:\third\fancy-game-master\server\node_modules\koa-router\node_modules\koa-compose\index.js:45:18)
    at E:\third\fancy-game-master\server\node_modules\koa-router\lib\router.js:346:16
*************** error log end ***************

[2020-07-06T17:18:29.945] [ERROR] errorLogger - 
*************** error log start ***************
request method: PUT
request originalUrl:  /api/server/update
request client ip:  ::ffff:10.1.35.78
request body: 
{"0":"sid","1":"roleid","2":"level","3":"channel","4":"force","5":"role_gender","6":"onlinesum","7":"machine","gamename":"空翼冒险团"}
response time: 1594027109944
err name: Error
err message: options.uri is a required argument
err stack: Error: options.uri is a required argument
    at Request.init (E:\third\fancy-game-master\server\node_modules\request\request.js:231:31)
    at new Request (E:\third\fancy-game-master\server\node_modules\request\request.js:127:8)
    at request (E:\third\fancy-game-master\server\node_modules\request\index.js:53:10)
    at E:\third\fancy-game-master\server\src\utils\/requests.js:100:4
    at new Promise (<anonymous>)
    at _callee4$ (E:\third\fancy-game-master\server\src\utils\/requests.js:99:10)
    at tryCatch (E:\third\fancy-game-master\server\node_modules\regenerator-runtime\runtime.js:45:40)
    at Generator.invoke [as _invoke] (E:\third\fancy-game-master\server\node_modules\regenerator-runtime\runtime.js:274:22)
    at Generator.prototype.<computed> [as next] (E:\third\fancy-game-master\server\node_modules\regenerator-runtime\runtime.js:97:21)
    at asyncGeneratorStep (E:\third\fancy-game-master\server\node_modules\@babel\runtime\helpers\asyncToGenerator.js:3:24)
    at _next (E:\third\fancy-game-master\server\node_modules\@babel\runtime\helpers\asyncToGenerator.js:25:9)
    at E:\third\fancy-game-master\server\node_modules\@babel\runtime\helpers\asyncToGenerator.js:32:7
    at new Promise (<anonymous>)
    at Ta.<anonymous> (E:\third\fancy-game-master\server\node_modules\@babel\runtime\helpers\asyncToGenerator.js:21:12)
    at Ta.update (E:\third\fancy-game-master\server\src\utils\requests.js:223:24)
    at _callee2$ (E:\third\fancy-game-master\server\src\app\controllers\/server.js:37:26)
    at tryCatch (E:\third\fancy-game-master\server\node_modules\regenerator-runtime\runtime.js:45:40)
    at Generator.invoke [as _invoke] (E:\third\fancy-game-master\server\node_modules\regenerator-runtime\runtime.js:274:22)
    at Generator.prototype.<computed> [as next] (E:\third\fancy-game-master\server\node_modules\regenerator-runtime\runtime.js:97:21)
    at asyncGeneratorStep (E:\third\fancy-game-master\server\node_modules\@babel\runtime\helpers\asyncToGenerator.js:3:24)
    at _next (E:\third\fancy-game-master\server\node_modules\@babel\runtime\helpers\asyncToGenerator.js:25:9)
    at E:\third\fancy-game-master\server\node_modules\@babel\runtime\helpers\asyncToGenerator.js:32:7
    at new Promise (<anonymous>)
    at E:\third\fancy-game-master\server\node_modules\@babel\runtime\helpers\asyncToGenerator.js:21:12
    at updateserver (E:\third\fancy-game-master\server\src\app\controllers\server.js:127:30)
    at dispatch (E:\third\fancy-game-master\server\node_modules\koa-router\node_modules\koa-compose\index.js:44:32)
    at next (E:\third\fancy-game-master\server\node_modules\koa-router\node_modules\koa-compose\index.js:45:18)
    at E:\third\fancy-game-master\server\node_modules\koa-router\lib\router.js:346:16
*************** error log end ***************

[2020-07-06T17:19:03.199] [ERROR] errorLogger - 
*************** error log start ***************
request method: PUT
request originalUrl:  /api/server/update
request client ip:  ::ffff:10.1.35.78
request body: 
{"0":"sid","1":"roleid","2":"level","3":"channel","4":"force","5":"role_gender","6":"onlinesum","7":"machine","gamename":"空翼冒险团"}
response time: 1594027143199
err name: Error
err message: options.uri is a required argument
err stack: Error: options.uri is a required argument
    at Request.init (E:\third\fancy-game-master\server\node_modules\request\request.js:231:31)
    at new Request (E:\third\fancy-game-master\server\node_modules\request\request.js:127:8)
    at request (E:\third\fancy-game-master\server\node_modules\request\index.js:53:10)
    at E:\third\fancy-game-master\server\src\utils\/requests.js:100:4
    at new Promise (<anonymous>)
    at _callee4$ (E:\third\fancy-game-master\server\src\utils\/requests.js:99:10)
    at tryCatch (E:\third\fancy-game-master\server\node_modules\regenerator-runtime\runtime.js:45:40)
    at Generator.invoke [as _invoke] (E:\third\fancy-game-master\server\node_modules\regenerator-runtime\runtime.js:274:22)
    at Generator.prototype.<computed> [as next] (E:\third\fancy-game-master\server\node_modules\regenerator-runtime\runtime.js:97:21)
    at asyncGeneratorStep (E:\third\fancy-game-master\server\node_modules\@babel\runtime\helpers\asyncToGenerator.js:3:24)
    at _next (E:\third\fancy-game-master\server\node_modules\@babel\runtime\helpers\asyncToGenerator.js:25:9)
    at E:\third\fancy-game-master\server\node_modules\@babel\runtime\helpers\asyncToGenerator.js:32:7
    at new Promise (<anonymous>)
    at Ta.<anonymous> (E:\third\fancy-game-master\server\node_modules\@babel\runtime\helpers\asyncToGenerator.js:21:12)
    at Ta.update (E:\third\fancy-game-master\server\src\utils\requests.js:223:24)
    at _callee2$ (E:\third\fancy-game-master\server\src\app\controllers\/server.js:38:26)
    at tryCatch (E:\third\fancy-game-master\server\node_modules\regenerator-runtime\runtime.js:45:40)
    at Generator.invoke [as _invoke] (E:\third\fancy-game-master\server\node_modules\regenerator-runtime\runtime.js:274:22)
    at Generator.prototype.<computed> [as next] (E:\third\fancy-game-master\server\node_modules\regenerator-runtime\runtime.js:97:21)
    at asyncGeneratorStep (E:\third\fancy-game-master\server\node_modules\@babel\runtime\helpers\asyncToGenerator.js:3:24)
    at _next (E:\third\fancy-game-master\server\node_modules\@babel\runtime\helpers\asyncToGenerator.js:25:9)
    at E:\third\fancy-game-master\server\node_modules\@babel\runtime\helpers\asyncToGenerator.js:32:7
    at new Promise (<anonymous>)
    at E:\third\fancy-game-master\server\node_modules\@babel\runtime\helpers\asyncToGenerator.js:21:12
    at updateserver (E:\third\fancy-game-master\server\src\app\controllers\server.js:128:30)
    at dispatch (E:\third\fancy-game-master\server\node_modules\koa-router\node_modules\koa-compose\index.js:44:32)
    at next (E:\third\fancy-game-master\server\node_modules\koa-router\node_modules\koa-compose\index.js:45:18)
    at E:\third\fancy-game-master\server\node_modules\koa-router\lib\router.js:346:16
*************** error log end ***************

[2020-07-06T17:20:32.593] [ERROR] errorLogger - 
*************** error log start ***************
request method: PUT
request originalUrl:  /api/server/update
request client ip:  ::ffff:10.1.35.78
request body: 
{"0":"sid","1":"roleid","2":"level","3":"channel","4":"force","5":"role_gender","6":"onlinesum","7":"machine","gamename":"空翼冒险团"}
response time: 1594027232593
err name: ReferenceError
err message: result is not defined
err stack: ReferenceError: result is not defined
    at _callee2$ (E:\third\fancy-game-master\server\src\app\controllers\/server.js:42:45)
    at tryCatch (E:\third\fancy-game-master\server\node_modules\regenerator-runtime\runtime.js:45:40)
    at Generator.invoke [as _invoke] (E:\third\fancy-game-master\server\node_modules\regenerator-runtime\runtime.js:274:22)
    at Generator.prototype.<computed> [as next] (E:\third\fancy-game-master\server\node_modules\regenerator-runtime\runtime.js:97:21)
    at asyncGeneratorStep (E:\third\fancy-game-master\server\node_modules\@babel\runtime\helpers\asyncToGenerator.js:3:24)
    at _next (E:\third\fancy-game-master\server\node_modules\@babel\runtime\helpers\asyncToGenerator.js:25:9)
    at E:\third\fancy-game-master\server\node_modules\@babel\runtime\helpers\asyncToGenerator.js:32:7
    at new Promise (<anonymous>)
    at E:\third\fancy-game-master\server\node_modules\@babel\runtime\helpers\asyncToGenerator.js:21:12
    at updateserver (E:\third\fancy-game-master\server\src\app\controllers\server.js:125:30)
    at dispatch (E:\third\fancy-game-master\server\node_modules\koa-router\node_modules\koa-compose\index.js:44:32)
    at next (E:\third\fancy-game-master\server\node_modules\koa-router\node_modules\koa-compose\index.js:45:18)
    at E:\third\fancy-game-master\server\node_modules\koa-router\lib\router.js:346:16
    at dispatch (E:\third\fancy-game-master\server\node_modules\koa-router\node_modules\koa-compose\index.js:44:32)
    at E:\third\fancy-game-master\server\node_modules\koa-router\node_modules\koa-compose\index.js:36:12
    at dispatch (E:\third\fancy-game-master\server\node_modules\koa-router\lib\router.js:351:31)
    at next (E:\third\fancy-game-master\server\node_modules\koa-compose\index.js:42:32)
    at _callee$ (E:\third\fancy-game-master\server\src\middleware\/auth.js:19:9)
    at tryCatch (E:\third\fancy-game-master\server\node_modules\regenerator-runtime\runtime.js:45:40)
    at Generator.invoke [as _invoke] (E:\third\fancy-game-master\server\node_modules\regenerator-runtime\runtime.js:274:22)
    at Generator.prototype.<computed> [as next] (E:\third\fancy-game-master\server\node_modules\regenerator-runtime\runtime.js:97:21)
    at asyncGeneratorStep (E:\third\fancy-game-master\server\node_modules\@babel\runtime\helpers\asyncToGenerator.js:3:24)
    at _next (E:\third\fancy-game-master\server\node_modules\@babel\runtime\helpers\asyncToGenerator.js:25:9)
    at processTicksAndRejections (internal/process/task_queues.js:97:5)
*************** error log end ***************

[2020-07-06T20:08:13.218] [ERROR] errorLogger - 
*************** error log start ***************
request method: PUT
request originalUrl:  /api/server/update
request client ip:  ::ffff:10.1.35.78
request body: 
{"sid":"499399997","name":1,"plaform":"0","channel":"小米","display":"2","ip_port":"111","srttime":"AndroidMuMu","address":"123123","gamename":"空翼冒险团"}
response time: 1594037293217
err name: Error
err message: options.uri is a required argument
err stack: Error: options.uri is a required argument
    at Request.init (E:\third\fancy-game-master\server\node_modules\request\request.js:231:31)
    at new Request (E:\third\fancy-game-master\server\node_modules\request\request.js:127:8)
    at request (E:\third\fancy-game-master\server\node_modules\request\index.js:53:10)
    at E:\third\fancy-game-master\server\src\utils\/requests.js:100:4
    at new Promise (<anonymous>)
    at _callee4$ (E:\third\fancy-game-master\server\src\utils\/requests.js:99:10)
    at tryCatch (E:\third\fancy-game-master\server\node_modules\regenerator-runtime\runtime.js:45:40)
    at Generator.invoke [as _invoke] (E:\third\fancy-game-master\server\node_modules\regenerator-runtime\runtime.js:274:22)
    at Generator.prototype.<computed> [as next] (E:\third\fancy-game-master\server\node_modules\regenerator-runtime\runtime.js:97:21)
    at asyncGeneratorStep (E:\third\fancy-game-master\server\node_modules\@babel\runtime\helpers\asyncToGenerator.js:3:24)
    at _next (E:\third\fancy-game-master\server\node_modules\@babel\runtime\helpers\asyncToGenerator.js:25:9)
    at E:\third\fancy-game-master\server\node_modules\@babel\runtime\helpers\asyncToGenerator.js:32:7
    at new Promise (<anonymous>)
    at Ta.<anonymous> (E:\third\fancy-game-master\server\node_modules\@babel\runtime\helpers\asyncToGenerator.js:21:12)
    at Ta.update (E:\third\fancy-game-master\server\src\utils\requests.js:223:24)
    at _callee2$ (E:\third\fancy-game-master\server\src\app\controllers\/server.js:39:26)
    at tryCatch (E:\third\fancy-game-master\server\node_modules\regenerator-runtime\runtime.js:45:40)
    at Generator.invoke [as _invoke] (E:\third\fancy-game-master\server\node_modules\regenerator-runtime\runtime.js:274:22)
    at Generator.prototype.<computed> [as next] (E:\third\fancy-game-master\server\node_modules\regenerator-runtime\runtime.js:97:21)
    at asyncGeneratorStep (E:\third\fancy-game-master\server\node_modules\@babel\runtime\helpers\asyncToGenerator.js:3:24)
    at _next (E:\third\fancy-game-master\server\node_modules\@babel\runtime\helpers\asyncToGenerator.js:25:9)
    at E:\third\fancy-game-master\server\node_modules\@babel\runtime\helpers\asyncToGenerator.js:32:7
    at new Promise (<anonymous>)
    at E:\third\fancy-game-master\server\node_modules\@babel\runtime\helpers\asyncToGenerator.js:21:12
    at updateserver (E:\third\fancy-game-master\server\src\app\controllers\server.js:128:30)
    at dispatch (E:\third\fancy-game-master\server\node_modules\koa-router\node_modules\koa-compose\index.js:44:32)
    at next (E:\third\fancy-game-master\server\node_modules\koa-router\node_modules\koa-compose\index.js:45:18)
    at E:\third\fancy-game-master\server\node_modules\koa-router\lib\router.js:346:16
*************** error log end ***************

[2020-07-06T20:20:42.149] [ERROR] errorLogger - 
*************** error log start ***************
request method: POST
request originalUrl:  /api/server/create
request client ip:  ::ffff:10.1.35.78
request body: 
{"name":"1","platform":"不限制","client":"不限制","ip_port":"1","show_status":"空闲","open_time":"2020-07-06T12:20:36.000Z","address":"1","gamename":"空翼冒险团"}
response time: 1594038042148
err name: Error
err message: options.uri is a required argument
err stack: Error: options.uri is a required argument
    at Request.init (E:\third\fancy-game-master\server\node_modules\request\request.js:231:31)
    at new Request (E:\third\fancy-game-master\server\node_modules\request\request.js:127:8)
    at request (E:\third\fancy-game-master\server\node_modules\request\index.js:53:10)
    at E:\third\fancy-game-master\server\src\utils\/requests.js:84:4
    at new Promise (<anonymous>)
    at _callee3$ (E:\third\fancy-game-master\server\src\utils\/requests.js:83:10)
    at tryCatch (E:\third\fancy-game-master\server\node_modules\regenerator-runtime\runtime.js:45:40)
    at Generator.invoke [as _invoke] (E:\third\fancy-game-master\server\node_modules\regenerator-runtime\runtime.js:274:22)
    at Generator.prototype.<computed> [as next] (E:\third\fancy-game-master\server\node_modules\regenerator-runtime\runtime.js:97:21)
    at asyncGeneratorStep (E:\third\fancy-game-master\server\node_modules\@babel\runtime\helpers\asyncToGenerator.js:3:24)
    at _next (E:\third\fancy-game-master\server\node_modules\@babel\runtime\helpers\asyncToGenerator.js:25:9)
    at E:\third\fancy-game-master\server\node_modules\@babel\runtime\helpers\asyncToGenerator.js:32:7
    at new Promise (<anonymous>)
    at Ta.<anonymous> (E:\third\fancy-game-master\server\node_modules\@babel\runtime\helpers\asyncToGenerator.js:21:12)
    at Ta.create (E:\third\fancy-game-master\server\src\utils\requests.js:184:24)
    at _callee$ (E:\third\fancy-game-master\server\src\app\controllers\/server.js:16:26)
    at tryCatch (E:\third\fancy-game-master\server\node_modules\regenerator-runtime\runtime.js:45:40)
    at Generator.invoke [as _invoke] (E:\third\fancy-game-master\server\node_modules\regenerator-runtime\runtime.js:274:22)
    at Generator.prototype.<computed> [as next] (E:\third\fancy-game-master\server\node_modules\regenerator-runtime\runtime.js:97:21)
    at asyncGeneratorStep (E:\third\fancy-game-master\server\node_modules\@babel\runtime\helpers\asyncToGenerator.js:3:24)
    at _next (E:\third\fancy-game-master\server\node_modules\@babel\runtime\helpers\asyncToGenerator.js:25:9)
    at E:\third\fancy-game-master\server\node_modules\@babel\runtime\helpers\asyncToGenerator.js:32:7
    at new Promise (<anonymous>)
    at E:\third\fancy-game-master\server\node_modules\@babel\runtime\helpers\asyncToGenerator.js:21:12
    at createserver (E:\third\fancy-game-master\server\src\app\controllers\server.js:82:30)
    at dispatch (E:\third\fancy-game-master\server\node_modules\koa-router\node_modules\koa-compose\index.js:44:32)
    at next (E:\third\fancy-game-master\server\node_modules\koa-router\node_modules\koa-compose\index.js:45:18)
    at E:\third\fancy-game-master\server\node_modules\koa-router\lib\router.js:346:16
*************** error log end ***************

[2020-07-06T20:22:23.557] [ERROR] errorLogger - 
*************** error log start ***************
request method: POST
request originalUrl:  /api/server/create
request client ip:  ::ffff:10.1.35.78
request body: 
{"name":"1","platform":"不限制","client":"不限制","ip_port":"1","show_status":"空闲","open_time":"2020-07-22T16:00:00.000Z","address":"1","gamename":"空翼冒险团"}
response time: 1594038143557
err name: Error
err message: options.uri is a required argument
err stack: Error: options.uri is a required argument
    at Request.init (E:\third\fancy-game-master\server\node_modules\request\request.js:231:31)
    at new Request (E:\third\fancy-game-master\server\node_modules\request\request.js:127:8)
    at request (E:\third\fancy-game-master\server\node_modules\request\index.js:53:10)
    at E:\third\fancy-game-master\server\src\utils\/requests.js:84:4
    at new Promise (<anonymous>)
    at _callee3$ (E:\third\fancy-game-master\server\src\utils\/requests.js:83:10)
    at tryCatch (E:\third\fancy-game-master\server\node_modules\regenerator-runtime\runtime.js:45:40)
    at Generator.invoke [as _invoke] (E:\third\fancy-game-master\server\node_modules\regenerator-runtime\runtime.js:274:22)
    at Generator.prototype.<computed> [as next] (E:\third\fancy-game-master\server\node_modules\regenerator-runtime\runtime.js:97:21)
    at asyncGeneratorStep (E:\third\fancy-game-master\server\node_modules\@babel\runtime\helpers\asyncToGenerator.js:3:24)
    at _next (E:\third\fancy-game-master\server\node_modules\@babel\runtime\helpers\asyncToGenerator.js:25:9)
    at E:\third\fancy-game-master\server\node_modules\@babel\runtime\helpers\asyncToGenerator.js:32:7
    at new Promise (<anonymous>)
    at Ta.<anonymous> (E:\third\fancy-game-master\server\node_modules\@babel\runtime\helpers\asyncToGenerator.js:21:12)
    at Ta.create (E:\third\fancy-game-master\server\src\utils\requests.js:184:24)
    at _callee$ (E:\third\fancy-game-master\server\src\app\controllers\/server.js:16:26)
    at tryCatch (E:\third\fancy-game-master\server\node_modules\regenerator-runtime\runtime.js:45:40)
    at Generator.invoke [as _invoke] (E:\third\fancy-game-master\server\node_modules\regenerator-runtime\runtime.js:274:22)
    at Generator.prototype.<computed> [as next] (E:\third\fancy-game-master\server\node_modules\regenerator-runtime\runtime.js:97:21)
    at asyncGeneratorStep (E:\third\fancy-game-master\server\node_modules\@babel\runtime\helpers\asyncToGenerator.js:3:24)
    at _next (E:\third\fancy-game-master\server\node_modules\@babel\runtime\helpers\asyncToGenerator.js:25:9)
    at E:\third\fancy-game-master\server\node_modules\@babel\runtime\helpers\asyncToGenerator.js:32:7
    at new Promise (<anonymous>)
    at E:\third\fancy-game-master\server\node_modules\@babel\runtime\helpers\asyncToGenerator.js:21:12
    at createserver (E:\third\fancy-game-master\server\src\app\controllers\server.js:82:30)
    at dispatch (E:\third\fancy-game-master\server\node_modules\koa-router\node_modules\koa-compose\index.js:44:32)
    at next (E:\third\fancy-game-master\server\node_modules\koa-router\node_modules\koa-compose\index.js:45:18)
    at E:\third\fancy-game-master\server\node_modules\koa-router\lib\router.js:346:16
*************** error log end ***************

[2020-07-06T20:25:41.167] [ERROR] errorLogger - 
*************** error log start ***************
request method: PUT
request originalUrl:  /api/server/allupdate
request client ip:  ::ffff:10.1.35.78
request body: 
{"server":[["sid","roleid","level","channel","force","role_gender","onlinesum","machine"],["99997","500099997",2,"0",5035,"2",33,""],["99997","499499997",97,"0",2116726,"2",498,"AndroidMuMu"],["99997","499499997",97,"0",2116726,"2",498,"AndroidMuMu"],["99997","499499997",97,"0",2116726,"2",498,"AndroidMuMu"],["99997","499599997",1,"0",50,"2",10,""],["99997","499699997",96,"0",42399879,"2",110,"AndroidMuMu"],["99997","499499997",98,"0",2185015,"2",510,"AndroidMuMu"],["99997","500099997",2,"0",5035,"2",33,""],["99997","500099997",2,"0",5035,"2",34,""],["99997","499499997",97,"0",2185015,"2",510,"AndroidMuMu"],["99997","499499997",97,"0",2116726,"2",498,"AndroidMuMu"],["99997","499499997",97,"0",2116726,"2",497,"AndroidMuMu"],["99997","499499997",97,"0",2116726,"2",498,"AndroidMuMu"],["99997","500099997",2,"0",5035,"2",27,""],["99997","500099997",2,"0",5035,"2",31,""],["99997","499499997",99,"0",2185612,"2",512,"AndroidMuMu"],["99997","499499997",99,"0",2193255,"2",514,"AndroidMuMu"],["99997","500099997",2,"0",5035,"2",34,""],["99997","500099997",2,"0",5035,"2",33,""],["99997","500099997",2,"0",5035,"2",34,""],["99997","500099997",2,"0",5035,"2",34,""],["99997","500099997",100,"0",76202,"2",40,""],["99997","499699997",96,"0",42399879,"2",109,"AndroidMuMu"],["99997","499699997",96,"0",42399879,"2",109,"AndroidMuMu"],["99997","499699997",96,"0",42399879,"2",109,"AndroidMuMu"],["99997","499699997",96,"0",42399879,"2",109,"AndroidMuMu"],["99997","500099997",2,"0",5035,"2",34,""],["99997","500099997",2,"0",5035,"2",34,""],["99997","500099997",2,"0",5035,"2",34,""],["99997","500099997",2,"0",5035,"2",11,""],["99997","499499997",99,"0",2256537,"2",516,"AndroidMuMu"],["99997","499499997",99,"0",2231700,"2",518,"AndroidMuMu"],["99997","499499997",99,"0",2239447,"2",518,"AndroidMuMu"],["99997","499499997",99,"0",2264686,"2",518,"AndroidMuMu"],["99997","499499997",100,"0",3951204,"2",564,"AndroidMuMu"],["99997","499499997",100,"0",5894190,"2",617,"AndroidMuMu"],["99997","499499997",100,"0",6021183,"2",630,"AndroidMuMu"],["99997","499499997",100,"0",3951204,"2",564,"AndroidMuMu"],["99997","499499997",100,"0",3970854,"2",568,"AndroidMuMu"],["99997","499499997",100,"0",6021183,"2",628,"AndroidMuMu"],["99997","499499997",100,"0",4000802,"2",585,"AndroidMuMu"],["99997","499499997",100,"0",3970854,"2",568,"AndroidMuMu"],["99997","499499997",100,"0",3970854,"2",568,"AndroidMuMu"],["99997","499499997",100,"0",6021183,"2",628,"AndroidMuMu"],["99997","499499997",100,"0",6021183,"2",629,"AndroidMuMu"],["99997","499499997",100,"0",6021183,"2",630,"AndroidMuMu"],["99997","499499997",100,"0",3971245,"2",581,"AndroidMuMu"],["99997","499499997",100,"0",5894190,"2",617,"AndroidMuMu"],["99997","499499997",100,"0",5894190,"2",617,"AndroidMuMu"],["99997","499499997",100,"0",6021183,"2",629,"AndroidMuMu"],["99997","500099997",2,"0",5035,"2",34,""],["99997","500099997",2,"0",5035,"2",34,""],["99997","500099997",100,"0",76202,"2",40,""],["99997","500099997",2,"0",5035,"2",33,""],["99997","500099997",2,"0",5035,"2",11,""],["99997","500099997",2,"0",5035,"2",34,""],["99997","500099997",2,"0",5035,"2",34,""],["99997","500099997",2,"0",5035,"2",34,""],["99997","499699997",96,"0",42739405,"2",111,"AndroidMuMu"],["99997","499699997",96,"0",42804551,"2",113,"AndroidMuMu"],["99997","499699997",96,"0",42804551,"2",113,"AndroidMuMu"],["99997","499699997",96,"0",42893929,"2",115,"AndroidMuMu"],["99997","499699997",96,"0",42399879,"2",108,"AndroidMuMu"],["99997","499699997",96,"0",42399879,"2",108,"AndroidMuMu"],["99997","499699997",96,"0",42399879,"2",108,"AndroidMuMu"],["99997","499499997",100,"0",9957333,"2",644,"AndroidMuMu"],["99997","499699997",96,"0",42399879,"2",108,"AndroidMuMu"],["99997","499499997",99,"0",2291803,"2",519,"AndroidMuMu"],["99997","499499997",99,"0",2301955,"2",519,"AndroidMuMu"],["99997","499499997",99,"0",2547635,"2",520,"AndroidMuMu"],["99997","499499997",99,"0",2830773,"2",522,"AndroidMuMu"],["99997","499499997",97,"0",2174147,"2",508,"AndroidMuMu"],["99997","499499997",99,"0",2270416,"2",516,"AndroidMuMu"],["99997","499499997",99,"0",2227382,"2",518,"AndroidMuMu"],["99997","499499997",99,"0",2259393,"2",518,"AndroidMuMu"],["99997","500099997",1,"0",0,"1",0,""],["99997","499499997",100,"0",10681330,"2",779,"AndroidMuMu"],["99997","499699997",96,"0",104228574,"2",333,"AndroidMuMu"],["99997","499499997",100,"0",10681330,"2",779,"AndroidMuMu"],["99997","499499997",100,"0",10681330,"2",780,"AndroidMuMu"],["99997","499499997",100,"0",10671993,"2",770,"AndroidMuMu"],["99997","499499997",100,"0",4000802,"2",584,"AndroidMuMu"],["99997","499499997",100,"0",4000802,"2",585,"AndroidMuMu"],["99997","499499997",100,"0",3970854,"2",567,"AndroidMuMu"],["99997","500099997",2,"0",5035,"2",34,""],["99997","500099997",100,"0",17714,"2",39,""],["99997","500099997",2,"0",5035,"2",33,""],["99997","500099997",2,"0",5035,"2",34,""],["99997","500099997",2,"0",5035,"2",34,""],["99997","500099997",100,"0",76202,"2",40,""],["99997","500099997",2,"0",5035,"2",11,""],["99997","500099997",2,"0",5035,"2",34,""],["99997","500099997",2,"0",5035,"2",34,""],["99997","500099997",2,"0",5035,"2",34,""],["99997","500099997",2,"0",5035,"2",34,""],["99997","500099997",2,"0",5035,"2",34,""],["99997","500099997",2,"0",5035,"2",34,""],["99997","500099997",2,"0",5035,"2",11,""],["99997","500099997",2,"0",5035,"2",33,""],["99997","500099997",2,"0",5035,"2",33,""],""],"merge":false,"showstatus":"空闲","gamename":"空翼冒险团"}
response time: 1594038341167
err name: Error
err message: options.uri is a required argument
err stack: Error: options.uri is a required argument
    at Request.init (E:\third\fancy-game-master\server\node_modules\request\request.js:231:31)
    at new Request (E:\third\fancy-game-master\server\node_modules\request\request.js:127:8)
    at request (E:\third\fancy-game-master\server\node_modules\request\index.js:53:10)
    at E:\third\fancy-game-master\server\src\utils\/requests.js:116:4
    at new Promise (<anonymous>)
    at _callee5$ (E:\third\fancy-game-master\server\src\utils\/requests.js:115:10)
    at tryCatch (E:\third\fancy-game-master\server\node_modules\regenerator-runtime\runtime.js:45:40)
    at Generator.invoke [as _invoke] (E:\third\fancy-game-master\server\node_modules\regenerator-runtime\runtime.js:274:22)
    at Generator.prototype.<computed> [as next] (E:\third\fancy-game-master\server\node_modules\regenerator-runtime\runtime.js:97:21)
    at asyncGeneratorStep (E:\third\fancy-game-master\server\node_modules\@babel\runtime\helpers\asyncToGenerator.js:3:24)
    at _next (E:\third\fancy-game-master\server\node_modules\@babel\runtime\helpers\asyncToGenerator.js:25:9)
    at E:\third\fancy-game-master\server\node_modules\@babel\runtime\helpers\asyncToGenerator.js:32:7
    at new Promise (<anonymous>)
    at Ta.<anonymous> (E:\third\fancy-game-master\server\node_modules\@babel\runtime\helpers\asyncToGenerator.js:21:12)
    at Ta.operating (E:\third\fancy-game-master\server\src\utils\requests.js:262:27)
    at _callee3$ (E:\third\fancy-game-master\server\src\app\controllers\/server.js:49:26)
    at tryCatch (E:\third\fancy-game-master\server\node_modules\regenerator-runtime\runtime.js:45:40)
    at Generator.invoke [as _invoke] (E:\third\fancy-game-master\server\node_modules\regenerator-runtime\runtime.js:274:22)
    at Generator.prototype.<computed> [as next] (E:\third\fancy-game-master\server\node_modules\regenerator-runtime\runtime.js:97:21)
    at asyncGeneratorStep (E:\third\fancy-game-master\server\node_modules\@babel\runtime\helpers\asyncToGenerator.js:3:24)
    at _next (E:\third\fancy-game-master\server\node_modules\@babel\runtime\helpers\asyncToGenerator.js:25:9)
    at E:\third\fancy-game-master\server\node_modules\@babel\runtime\helpers\asyncToGenerator.js:32:7
    at new Promise (<anonymous>)
    at E:\third\fancy-game-master\server\node_modules\@babel\runtime\helpers\asyncToGenerator.js:21:12
    at allupdateserver (E:\third\fancy-game-master\server\src\app\controllers\server.js:160:33)
    at dispatch (E:\third\fancy-game-master\server\node_modules\koa-router\node_modules\koa-compose\index.js:44:32)
    at next (E:\third\fancy-game-master\server\node_modules\koa-router\node_modules\koa-compose\index.js:45:18)
    at E:\third\fancy-game-master\server\node_modules\koa-router\lib\router.js:346:16
*************** error log end ***************

[2020-07-06T20:25:47.415] [ERROR] errorLogger - 
*************** error log start ***************
request method: PUT
request originalUrl:  /api/server/allupdate
request client ip:  ::ffff:10.1.35.78
request body: 
{"server":[["sid","roleid","level","channel","force","role_gender","onlinesum","machine"],["99997","500099997",2,"0",5035,"2",33,""],["99997","499499997",97,"0",2116726,"2",498,"AndroidMuMu"],["99997","499499997",97,"0",2116726,"2",498,"AndroidMuMu"],["99997","499499997",97,"0",2116726,"2",498,"AndroidMuMu"],["99997","499599997",1,"0",50,"2",10,""],["99997","499699997",96,"0",42399879,"2",110,"AndroidMuMu"],["99997","499499997",98,"0",2185015,"2",510,"AndroidMuMu"],["99997","500099997",2,"0",5035,"2",33,""],["99997","500099997",2,"0",5035,"2",34,""],["99997","499499997",97,"0",2185015,"2",510,"AndroidMuMu"],["99997","499499997",97,"0",2116726,"2",498,"AndroidMuMu"],["99997","499499997",97,"0",2116726,"2",497,"AndroidMuMu"],["99997","499499997",97,"0",2116726,"2",498,"AndroidMuMu"],["99997","500099997",2,"0",5035,"2",27,""],["99997","500099997",2,"0",5035,"2",31,""],["99997","499499997",99,"0",2185612,"2",512,"AndroidMuMu"],["99997","499499997",99,"0",2193255,"2",514,"AndroidMuMu"],["99997","500099997",2,"0",5035,"2",34,""],["99997","500099997",2,"0",5035,"2",33,""],["99997","500099997",2,"0",5035,"2",34,""],["99997","500099997",2,"0",5035,"2",34,""],["99997","500099997",100,"0",76202,"2",40,""],["99997","499699997",96,"0",42399879,"2",109,"AndroidMuMu"],["99997","499699997",96,"0",42399879,"2",109,"AndroidMuMu"],["99997","499699997",96,"0",42399879,"2",109,"AndroidMuMu"],["99997","499699997",96,"0",42399879,"2",109,"AndroidMuMu"],["99997","500099997",2,"0",5035,"2",34,""],["99997","500099997",2,"0",5035,"2",34,""],["99997","500099997",2,"0",5035,"2",34,""],["99997","500099997",2,"0",5035,"2",11,""],["99997","499499997",99,"0",2256537,"2",516,"AndroidMuMu"],["99997","499499997",99,"0",2231700,"2",518,"AndroidMuMu"],["99997","499499997",99,"0",2239447,"2",518,"AndroidMuMu"],["99997","499499997",99,"0",2264686,"2",518,"AndroidMuMu"],["99997","499499997",100,"0",3951204,"2",564,"AndroidMuMu"],["99997","499499997",100,"0",5894190,"2",617,"AndroidMuMu"],["99997","499499997",100,"0",6021183,"2",630,"AndroidMuMu"],["99997","499499997",100,"0",3951204,"2",564,"AndroidMuMu"],["99997","499499997",100,"0",3970854,"2",568,"AndroidMuMu"],["99997","499499997",100,"0",6021183,"2",628,"AndroidMuMu"],["99997","499499997",100,"0",4000802,"2",585,"AndroidMuMu"],["99997","499499997",100,"0",3970854,"2",568,"AndroidMuMu"],["99997","499499997",100,"0",3970854,"2",568,"AndroidMuMu"],["99997","499499997",100,"0",6021183,"2",628,"AndroidMuMu"],["99997","499499997",100,"0",6021183,"2",629,"AndroidMuMu"],["99997","499499997",100,"0",6021183,"2",630,"AndroidMuMu"],["99997","499499997",100,"0",3971245,"2",581,"AndroidMuMu"],["99997","499499997",100,"0",5894190,"2",617,"AndroidMuMu"],["99997","499499997",100,"0",5894190,"2",617,"AndroidMuMu"],["99997","499499997",100,"0",6021183,"2",629,"AndroidMuMu"],["99997","500099997",2,"0",5035,"2",34,""],["99997","500099997",2,"0",5035,"2",34,""],["99997","500099997",100,"0",76202,"2",40,""],["99997","500099997",2,"0",5035,"2",33,""],["99997","500099997",2,"0",5035,"2",11,""],["99997","500099997",2,"0",5035,"2",34,""],["99997","500099997",2,"0",5035,"2",34,""],["99997","500099997",2,"0",5035,"2",34,""],["99997","499699997",96,"0",42739405,"2",111,"AndroidMuMu"],["99997","499699997",96,"0",42804551,"2",113,"AndroidMuMu"],["99997","499699997",96,"0",42804551,"2",113,"AndroidMuMu"],["99997","499699997",96,"0",42893929,"2",115,"AndroidMuMu"],["99997","499699997",96,"0",42399879,"2",108,"AndroidMuMu"],["99997","499699997",96,"0",42399879,"2",108,"AndroidMuMu"],["99997","499699997",96,"0",42399879,"2",108,"AndroidMuMu"],["99997","499499997",100,"0",9957333,"2",644,"AndroidMuMu"],["99997","499699997",96,"0",42399879,"2",108,"AndroidMuMu"],["99997","499499997",99,"0",2291803,"2",519,"AndroidMuMu"],["99997","499499997",99,"0",2301955,"2",519,"AndroidMuMu"],["99997","499499997",99,"0",2547635,"2",520,"AndroidMuMu"],["99997","499499997",99,"0",2830773,"2",522,"AndroidMuMu"],["99997","499499997",97,"0",2174147,"2",508,"AndroidMuMu"],["99997","499499997",99,"0",2270416,"2",516,"AndroidMuMu"],["99997","499499997",99,"0",2227382,"2",518,"AndroidMuMu"],["99997","499499997",99,"0",2259393,"2",518,"AndroidMuMu"],["99997","500099997",1,"0",0,"1",0,""],["99997","499499997",100,"0",10681330,"2",779,"AndroidMuMu"],["99997","499699997",96,"0",104228574,"2",333,"AndroidMuMu"],["99997","499499997",100,"0",10681330,"2",779,"AndroidMuMu"],["99997","499499997",100,"0",10681330,"2",780,"AndroidMuMu"],["99997","499499997",100,"0",10671993,"2",770,"AndroidMuMu"],["99997","499499997",100,"0",4000802,"2",584,"AndroidMuMu"],["99997","499499997",100,"0",4000802,"2",585,"AndroidMuMu"],["99997","499499997",100,"0",3970854,"2",567,"AndroidMuMu"],["99997","500099997",2,"0",5035,"2",34,""],["99997","500099997",100,"0",17714,"2",39,""],["99997","500099997",2,"0",5035,"2",33,""],["99997","500099997",2,"0",5035,"2",34,""],["99997","500099997",2,"0",5035,"2",34,""],["99997","500099997",100,"0",76202,"2",40,""],["99997","500099997",2,"0",5035,"2",11,""],["99997","500099997",2,"0",5035,"2",34,""],["99997","500099997",2,"0",5035,"2",34,""],["99997","500099997",2,"0",5035,"2",34,""],["99997","500099997",2,"0",5035,"2",34,""],["99997","500099997",2,"0",5035,"2",34,""],["99997","500099997",2,"0",5035,"2",34,""],["99997","500099997",2,"0",5035,"2",11,""],["99997","500099997",2,"0",5035,"2",33,""],["99997","500099997",2,"0",5035,"2",33,""],""],"merge":false,"showstatus":"空闲","gamename":"空翼冒险团"}
response time: 1594038347415
err name: Error
err message: options.uri is a required argument
err stack: Error: options.uri is a required argument
    at Request.init (E:\third\fancy-game-master\server\node_modules\request\request.js:231:31)
    at new Request (E:\third\fancy-game-master\server\node_modules\request\request.js:127:8)
    at request (E:\third\fancy-game-master\server\node_modules\request\index.js:53:10)
    at E:\third\fancy-game-master\server\src\utils\/requests.js:116:4
    at new Promise (<anonymous>)
    at _callee5$ (E:\third\fancy-game-master\server\src\utils\/requests.js:115:10)
    at tryCatch (E:\third\fancy-game-master\server\node_modules\regenerator-runtime\runtime.js:45:40)
    at Generator.invoke [as _invoke] (E:\third\fancy-game-master\server\node_modules\regenerator-runtime\runtime.js:274:22)
    at Generator.prototype.<computed> [as next] (E:\third\fancy-game-master\server\node_modules\regenerator-runtime\runtime.js:97:21)
    at asyncGeneratorStep (E:\third\fancy-game-master\server\node_modules\@babel\runtime\helpers\asyncToGenerator.js:3:24)
    at _next (E:\third\fancy-game-master\server\node_modules\@babel\runtime\helpers\asyncToGenerator.js:25:9)
    at E:\third\fancy-game-master\server\node_modules\@babel\runtime\helpers\asyncToGenerator.js:32:7
    at new Promise (<anonymous>)
    at Ta.<anonymous> (E:\third\fancy-game-master\server\node_modules\@babel\runtime\helpers\asyncToGenerator.js:21:12)
    at Ta.operating (E:\third\fancy-game-master\server\src\utils\requests.js:262:27)
    at _callee3$ (E:\third\fancy-game-master\server\src\app\controllers\/server.js:49:26)
    at tryCatch (E:\third\fancy-game-master\server\node_modules\regenerator-runtime\runtime.js:45:40)
    at Generator.invoke [as _invoke] (E:\third\fancy-game-master\server\node_modules\regenerator-runtime\runtime.js:274:22)
    at Generator.prototype.<computed> [as next] (E:\third\fancy-game-master\server\node_modules\regenerator-runtime\runtime.js:97:21)
    at asyncGeneratorStep (E:\third\fancy-game-master\server\node_modules\@babel\runtime\helpers\asyncToGenerator.js:3:24)
    at _next (E:\third\fancy-game-master\server\node_modules\@babel\runtime\helpers\asyncToGenerator.js:25:9)
    at E:\third\fancy-game-master\server\node_modules\@babel\runtime\helpers\asyncToGenerator.js:32:7
    at new Promise (<anonymous>)
    at E:\third\fancy-game-master\server\node_modules\@babel\runtime\helpers\asyncToGenerator.js:21:12
    at allupdateserver (E:\third\fancy-game-master\server\src\app\controllers\server.js:160:33)
    at dispatch (E:\third\fancy-game-master\server\node_modules\koa-router\node_modules\koa-compose\index.js:44:32)
    at next (E:\third\fancy-game-master\server\node_modules\koa-router\node_modules\koa-compose\index.js:45:18)
    at E:\third\fancy-game-master\server\node_modules\koa-router\lib\router.js:346:16
*************** error log end ***************

