[2020-07-14T14:34:08.044] [ERROR] errorLogger - 
*************** error log start ***************
request method: POST
request originalUrl:  /api/server/mergeServer
request client ip:  ::ffff:127.0.0.1
request body: 
[{"id":91,"status":1,"create_user_id":1,"update_user_id":null,"create_time":"2020-07-10T09:31:57.755Z","update_time":"2020-07-10T09:31:57.755Z","servername":"123123","ip":"11","address":"1231231","plaform":"1","display":"3","srttime":"2020-07-16T16:00:00.000Z","channel":["小米","久游"],"gamename":"空翼冒险团","pid":null,"serverid":"15943734670361231244411","test":"1","load":null,"gameid":1},{"id":89,"status":1,"create_user_id":1,"update_user_id":null,"create_time":"2020-07-10T09:31:36.649Z","update_time":"2020-07-10T09:31:36.649Z","servername":"123","ip":"123","address":"123","plaform":"1","display":"3","srttime":"2020-07-22T16:00:00.000Z","channel":["小米","久游"],"gamename":"空翼冒险团","pid":null,"serverid":"1594373467036123","test":"1","load":null,"gameid":1}]
response time: 1594708448044
err name: ReferenceError
err message: idFindSql is not defined
err stack: ReferenceError: idFindSql is not defined
    at _callee3$ (E:\third\project\server\src\app\service\/gm-server.js:84:37)
    at tryCatch (E:\third\project\server\node_modules\regenerator-runtime\runtime.js:45:40)
    at Generator.invoke [as _invoke] (E:\third\project\server\node_modules\regenerator-runtime\runtime.js:274:22)
    at Generator.prototype.<computed> [as next] (E:\third\project\server\node_modules\regenerator-runtime\runtime.js:97:21)
    at asyncGeneratorStep (E:\third\project\server\node_modules\@babel\runtime\helpers\asyncToGenerator.js:3:24)
    at _next (E:\third\project\server\node_modules\@babel\runtime\helpers\asyncToGenerator.js:25:9)
    at E:\third\project\server\node_modules\@babel\runtime\helpers\asyncToGenerator.js:32:7
    at new Promise (<anonymous>)
    at GmServerService.<anonymous> (E:\third\project\server\node_modules\@babel\runtime\helpers\asyncToGenerator.js:21:12)
    at GmServerService.mergeServer (E:\third\project\server\src\app\service\gm-server.js:250:29)
    at _callee12$ (E:\third\project\server\src\app\controllers\/server.js:123:38)
    at tryCatch (E:\third\project\server\node_modules\regenerator-runtime\runtime.js:45:40)
    at Generator.invoke [as _invoke] (E:\third\project\server\node_modules\regenerator-runtime\runtime.js:274:22)
    at Generator.prototype.<computed> [as next] (E:\third\project\server\node_modules\regenerator-runtime\runtime.js:97:21)
    at asyncGeneratorStep (E:\third\project\server\node_modules\@babel\runtime\helpers\asyncToGenerator.js:3:24)
    at _next (E:\third\project\server\node_modules\@babel\runtime\helpers\asyncToGenerator.js:25:9)
    at E:\third\project\server\node_modules\@babel\runtime\helpers\asyncToGenerator.js:32:7
    at new Promise (<anonymous>)
    at E:\third\project\server\node_modules\@babel\runtime\helpers\asyncToGenerator.js:21:12
    at mergeServer (E:\third\project\server\src\app\controllers\server.js:470:29)
    at dispatch (E:\third\project\server\node_modules\koa-router\node_modules\koa-compose\index.js:44:32)
    at next (E:\third\project\server\node_modules\koa-router\node_modules\koa-compose\index.js:45:18)
    at E:\third\project\server\node_modules\koa-router\lib\router.js:346:16
    at dispatch (E:\third\project\server\node_modules\koa-router\node_modules\koa-compose\index.js:44:32)
    at E:\third\project\server\node_modules\koa-router\node_modules\koa-compose\index.js:36:12
    at dispatch (E:\third\project\server\node_modules\koa-router\lib\router.js:351:31)
    at dispatch (E:\third\project\server\node_modules\koa-compose\index.js:42:32)
    at E:\third\project\server\node_modules\koa-mount\index.js:52:32
*************** error log end ***************

[2020-07-14T14:38:39.233] [ERROR] errorLogger - 
*************** error log start ***************
request method: POST
request originalUrl:  /api/server/mergeServer
request client ip:  ::ffff:127.0.0.1
request body: 
[{"id":91,"status":1,"create_user_id":1,"update_user_id":null,"create_time":"2020-07-10T09:31:57.755Z","update_time":"2020-07-10T09:31:57.755Z","servername":"123123","ip":"11","address":"1231231","plaform":"1","display":"3","srttime":"2020-07-16T16:00:00.000Z","channel":["小米","久游"],"gamename":"空翼冒险团","pid":null,"serverid":"15943734670361231244411","test":"1","load":null,"gameid":1},{"id":89,"status":1,"create_user_id":1,"update_user_id":null,"create_time":"2020-07-10T09:31:36.649Z","update_time":"2020-07-10T09:31:36.649Z","servername":"123","ip":"123","address":"123","plaform":"1","display":"3","srttime":"2020-07-22T16:00:00.000Z","channel":["小米","久游"],"gamename":"空翼冒险团","pid":null,"serverid":"1594373467036123","test":"1","load":null,"gameid":1}]
response time: 1594708719232
err name: SequelizeDatabaseError
err message: operator does not exist: character varying = numeric
err stack: SequelizeDatabaseError: operator does not exist: character varying = numeric
    at Query.formatError (E:\third\project\server\node_modules\sequelize\lib\dialects\postgres\query.js:366:16)
    at E:\third\project\server\node_modules\sequelize\lib\dialects\postgres\query.js:72:18
    at tryCatcher (E:\third\project\server\node_modules\bluebird\js\release\util.js:16:23)
    at Promise._settlePromiseFromHandler (E:\third\project\server\node_modules\bluebird\js\release\promise.js:547:31)
    at Promise._settlePromise (E:\third\project\server\node_modules\bluebird\js\release\promise.js:604:18)
    at Promise._settlePromise0 (E:\third\project\server\node_modules\bluebird\js\release\promise.js:649:10)
    at Promise._settlePromises (E:\third\project\server\node_modules\bluebird\js\release\promise.js:725:18)
    at _drainQueueStep (E:\third\project\server\node_modules\bluebird\js\release\async.js:93:12)
    at _drainQueue (E:\third\project\server\node_modules\bluebird\js\release\async.js:86:9)
    at Async._drainQueues (E:\third\project\server\node_modules\bluebird\js\release\async.js:102:5)
    at Immediate.Async.drainQueues [as _onImmediate] (E:\third\project\server\node_modules\bluebird\js\release\async.js:15:14)
    at processImmediate (internal/timers.js:456:21)
*************** error log end ***************

[2020-07-14T14:39:10.504] [ERROR] errorLogger - 
*************** error log start ***************
request method: POST
request originalUrl:  /api/server/mergeServer
request client ip:  ::ffff:127.0.0.1
request body: 
[{"id":91,"status":1,"create_user_id":1,"update_user_id":null,"create_time":"2020-07-10T09:31:57.755Z","update_time":"2020-07-10T09:31:57.755Z","servername":"123123","ip":"11","address":"1231231","plaform":"1","display":"3","srttime":"2020-07-16T16:00:00.000Z","channel":["小米","久游"],"gamename":"空翼冒险团","pid":null,"serverid":"15943734670361231244411","test":"1","load":null,"gameid":1},{"id":89,"status":1,"create_user_id":1,"update_user_id":null,"create_time":"2020-07-10T09:31:36.649Z","update_time":"2020-07-10T09:31:36.649Z","servername":"123","ip":"123","address":"123","plaform":"1","display":"3","srttime":"2020-07-22T16:00:00.000Z","channel":["小米","久游"],"gamename":"空翼冒险团","pid":null,"serverid":"1594373467036123","test":"1","load":null,"gameid":1}]
response time: 1594708750503
err name: SequelizeDatabaseError
err message: operator does not exist: character varying = numeric
err stack: SequelizeDatabaseError: operator does not exist: character varying = numeric
    at Query.formatError (E:\third\project\server\node_modules\sequelize\lib\dialects\postgres\query.js:366:16)
    at E:\third\project\server\node_modules\sequelize\lib\dialects\postgres\query.js:72:18
    at tryCatcher (E:\third\project\server\node_modules\bluebird\js\release\util.js:16:23)
    at Promise._settlePromiseFromHandler (E:\third\project\server\node_modules\bluebird\js\release\promise.js:547:31)
    at Promise._settlePromise (E:\third\project\server\node_modules\bluebird\js\release\promise.js:604:18)
    at Promise._settlePromise0 (E:\third\project\server\node_modules\bluebird\js\release\promise.js:649:10)
    at Promise._settlePromises (E:\third\project\server\node_modules\bluebird\js\release\promise.js:725:18)
    at _drainQueueStep (E:\third\project\server\node_modules\bluebird\js\release\async.js:93:12)
    at _drainQueue (E:\third\project\server\node_modules\bluebird\js\release\async.js:86:9)
    at Async._drainQueues (E:\third\project\server\node_modules\bluebird\js\release\async.js:102:5)
    at Immediate.Async.drainQueues [as _onImmediate] (E:\third\project\server\node_modules\bluebird\js\release\async.js:15:14)
    at processImmediate (internal/timers.js:456:21)
*************** error log end ***************

[2020-07-14T14:39:59.231] [ERROR] errorLogger - 
*************** error log start ***************
request method: POST
request originalUrl:  /api/server/mergeServer
request client ip:  ::ffff:127.0.0.1
request body: 
[{"id":91,"status":1,"create_user_id":1,"update_user_id":null,"create_time":"2020-07-10T09:31:57.755Z","update_time":"2020-07-10T09:31:57.755Z","servername":"123123","ip":"11","address":"1231231","plaform":"1","display":"3","srttime":"2020-07-16T16:00:00.000Z","channel":["小米","久游"],"gamename":"空翼冒险团","pid":null,"serverid":"15943734670361231244411","test":"1","load":null,"gameid":1},{"id":89,"status":1,"create_user_id":1,"update_user_id":null,"create_time":"2020-07-10T09:31:36.649Z","update_time":"2020-07-10T09:31:36.649Z","servername":"123","ip":"123","address":"123","plaform":"1","display":"3","srttime":"2020-07-22T16:00:00.000Z","channel":["小米","久游"],"gamename":"空翼冒险团","pid":null,"serverid":"1594373467036123","test":"1","load":null,"gameid":1}]
response time: 1594708799230
err name: SequelizeDatabaseError
err message: column "15943734670361231244411" does not exist
err stack: SequelizeDatabaseError: column "15943734670361231244411" does not exist
    at Query.formatError (E:\third\project\server\node_modules\sequelize\lib\dialects\postgres\query.js:366:16)
    at E:\third\project\server\node_modules\sequelize\lib\dialects\postgres\query.js:72:18
    at tryCatcher (E:\third\project\server\node_modules\bluebird\js\release\util.js:16:23)
    at Promise._settlePromiseFromHandler (E:\third\project\server\node_modules\bluebird\js\release\promise.js:547:31)
    at Promise._settlePromise (E:\third\project\server\node_modules\bluebird\js\release\promise.js:604:18)
    at Promise._settlePromise0 (E:\third\project\server\node_modules\bluebird\js\release\promise.js:649:10)
    at Promise._settlePromises (E:\third\project\server\node_modules\bluebird\js\release\promise.js:725:18)
    at _drainQueueStep (E:\third\project\server\node_modules\bluebird\js\release\async.js:93:12)
    at _drainQueue (E:\third\project\server\node_modules\bluebird\js\release\async.js:86:9)
    at Async._drainQueues (E:\third\project\server\node_modules\bluebird\js\release\async.js:102:5)
    at Immediate.Async.drainQueues [as _onImmediate] (E:\third\project\server\node_modules\bluebird\js\release\async.js:15:14)
    at processImmediate (internal/timers.js:456:21)
*************** error log end ***************

[2020-07-14T15:24:59.933] [ERROR] errorLogger - 
*************** error log start ***************
request method: GET
request originalUrl:  /api/server/findServerByID?pid=20071415014155105
request client ip:  ::ffff:127.0.0.1
request query:  {"pid":"20071415014155105","gameid":"1"}
response time: 1594711499933
err name: SequelizeDatabaseError
err message: column "undefined" does not exist
err stack: SequelizeDatabaseError: column "undefined" does not exist
    at Query.formatError (E:\third\project\server\node_modules\sequelize\lib\dialects\postgres\query.js:366:16)
    at E:\third\project\server\node_modules\sequelize\lib\dialects\postgres\query.js:72:18
    at tryCatcher (E:\third\project\server\node_modules\bluebird\js\release\util.js:16:23)
    at Promise._settlePromiseFromHandler (E:\third\project\server\node_modules\bluebird\js\release\promise.js:547:31)
    at Promise._settlePromise (E:\third\project\server\node_modules\bluebird\js\release\promise.js:604:18)
    at Promise._settlePromise0 (E:\third\project\server\node_modules\bluebird\js\release\promise.js:649:10)
    at Promise._settlePromises (E:\third\project\server\node_modules\bluebird\js\release\promise.js:725:18)
    at _drainQueueStep (E:\third\project\server\node_modules\bluebird\js\release\async.js:93:12)
    at _drainQueue (E:\third\project\server\node_modules\bluebird\js\release\async.js:86:9)
    at Async._drainQueues (E:\third\project\server\node_modules\bluebird\js\release\async.js:102:5)
    at Immediate.Async.drainQueues [as _onImmediate] (E:\third\project\server\node_modules\bluebird\js\release\async.js:15:14)
    at processImmediate (internal/timers.js:456:21)
*************** error log end ***************

[2020-07-14T15:25:19.493] [ERROR] errorLogger - 
*************** error log start ***************
request method: GET
request originalUrl:  /api/server/findServerByID?pid=20071415014155105
request client ip:  ::ffff:127.0.0.1
request query:  {"pid":"20071415014155105","gameid":"1"}
response time: 1594711519493
err name: SequelizeDatabaseError
err message: column "undefined" does not exist
err stack: SequelizeDatabaseError: column "undefined" does not exist
    at Query.formatError (E:\third\project\server\node_modules\sequelize\lib\dialects\postgres\query.js:366:16)
    at E:\third\project\server\node_modules\sequelize\lib\dialects\postgres\query.js:72:18
    at tryCatcher (E:\third\project\server\node_modules\bluebird\js\release\util.js:16:23)
    at Promise._settlePromiseFromHandler (E:\third\project\server\node_modules\bluebird\js\release\promise.js:547:31)
    at Promise._settlePromise (E:\third\project\server\node_modules\bluebird\js\release\promise.js:604:18)
    at Promise._settlePromise0 (E:\third\project\server\node_modules\bluebird\js\release\promise.js:649:10)
    at Promise._settlePromises (E:\third\project\server\node_modules\bluebird\js\release\promise.js:725:18)
    at _drainQueueStep (E:\third\project\server\node_modules\bluebird\js\release\async.js:93:12)
    at _drainQueue (E:\third\project\server\node_modules\bluebird\js\release\async.js:86:9)
    at Async._drainQueues (E:\third\project\server\node_modules\bluebird\js\release\async.js:102:5)
    at Immediate.Async.drainQueues [as _onImmediate] (E:\third\project\server\node_modules\bluebird\js\release\async.js:15:14)
    at processImmediate (internal/timers.js:456:21)
*************** error log end ***************

[2020-07-14T16:04:25.427] [ERROR] errorLogger - 
*************** error log start ***************
request method: GET
request originalUrl:  /api/server/findServer?5=%7B%22page%22:2,%22pagesize%22:10%7D&gamename=%E7%A9%BA%E7%BF%BC%E5%86%92%E9%99%A9%E5%9B%A2&ok=1
request client ip:  ::ffff:127.0.0.1
request query:  {"5":"{\"page\":2,\"pagesize\":10}","gamename":"空翼冒险团","ok":"1","gameid":"1"}
response time: 1594713865426
err name: SequelizeDatabaseError
err message: column "undefined" does not exist
err stack: SequelizeDatabaseError: column "undefined" does not exist
    at Query.formatError (E:\third\project\server\node_modules\sequelize\lib\dialects\postgres\query.js:366:16)
    at E:\third\project\server\node_modules\sequelize\lib\dialects\postgres\query.js:72:18
    at tryCatcher (E:\third\project\server\node_modules\bluebird\js\release\util.js:16:23)
    at Promise._settlePromiseFromHandler (E:\third\project\server\node_modules\bluebird\js\release\promise.js:547:31)
    at Promise._settlePromise (E:\third\project\server\node_modules\bluebird\js\release\promise.js:604:18)
    at Promise._settlePromise0 (E:\third\project\server\node_modules\bluebird\js\release\promise.js:649:10)
    at Promise._settlePromises (E:\third\project\server\node_modules\bluebird\js\release\promise.js:725:18)
    at _drainQueueStep (E:\third\project\server\node_modules\bluebird\js\release\async.js:93:12)
    at _drainQueue (E:\third\project\server\node_modules\bluebird\js\release\async.js:86:9)
    at Async._drainQueues (E:\third\project\server\node_modules\bluebird\js\release\async.js:102:5)
    at Immediate.Async.drainQueues [as _onImmediate] (E:\third\project\server\node_modules\bluebird\js\release\async.js:15:14)
    at processImmediate (internal/timers.js:456:21)
*************** error log end ***************

