<<<<<<< HEAD
[2020-07-13T10:54:14.313] [ERROR] errorLogger - 
=======
[2020-07-13T10:58:45.320] [ERROR] errorLogger - 
>>>>>>> 40776c7a4c38502723823e6ac94c05a9e36aed0e
*************** error log start ***************
request method: GET
request originalUrl:  /api/server/findServer
request client ip:  ::ffff:127.0.0.1
request query:  {}
<<<<<<< HEAD
response time: 1594608854313
err name: SequelizeDatabaseError
err message: syntax error at or near "order"
err stack: SequelizeDatabaseError: syntax error at or near "order"
    at Query.formatError (E:\third\project\server\node_modules\sequelize\lib\dialects\postgres\query.js:366:16)
    at E:\third\project\server\node_modules\sequelize\lib\dialects\postgres\query.js:72:18
    at tryCatcher (E:\third\project\server\node_modules\bluebird\js\release\util.js:16:23)
    at Promise._settlePromiseFromHandler (E:\third\project\server\node_modules\bluebird\js\release\promise.js:547:31)
    at Promise._settlePromise (E:\third\project\server\node_modules\bluebird\js\release\promise.js:604:18)
    at Promise._settlePromise0 (E:\third\project\server\node_modules\bluebird\js\release\promise.js:649:10)
    at Promise._settlePromises (E:\third\project\server\node_modules\bluebird\js\release\promise.js:725:18)
    at _drainQueueStep (E:\third\project\server\node_modules\bluebird\js\release\async.js:93:12)
    at _drainQueue (E:\third\project\server\node_modules\bluebird\js\release\async.js:86:9)
    at Async._drainQueues (E:\third\project\server\node_modules\bluebird\js\release\async.js:102:5)
    at Immediate.Async.drainQueues [as _onImmediate] (E:\third\project\server\node_modules\bluebird\js\release\async.js:15:14)
=======
response time: 1594609125319
err name: SequelizeDatabaseError
err message: syntax error at or near "and"
err stack: SequelizeDatabaseError: syntax error at or near "and"
    at Query.formatError (H:\project\project\server\node_modules\sequelize\lib\dialects\postgres\query.js:366:16)
    at H:\project\project\server\node_modules\sequelize\lib\dialects\postgres\query.js:72:18
    at tryCatcher (H:\project\project\server\node_modules\bluebird\js\release\util.js:16:23)
    at Promise._settlePromiseFromHandler (H:\project\project\server\node_modules\bluebird\js\release\promise.js:547:31)
    at Promise._settlePromise (H:\project\project\server\node_modules\bluebird\js\release\promise.js:604:18)
    at Promise._settlePromise0 (H:\project\project\server\node_modules\bluebird\js\release\promise.js:649:10)
    at Promise._settlePromises (H:\project\project\server\node_modules\bluebird\js\release\promise.js:725:18)
    at _drainQueueStep (H:\project\project\server\node_modules\bluebird\js\release\async.js:93:12)
    at _drainQueue (H:\project\project\server\node_modules\bluebird\js\release\async.js:86:9)
    at Async._drainQueues (H:\project\project\server\node_modules\bluebird\js\release\async.js:102:5)
    at Immediate.Async.drainQueues [as _onImmediate] (H:\project\project\server\node_modules\bluebird\js\release\async.js:15:14)
    at processImmediate (internal/timers.js:456:21)
*************** error log end ***************

[2020-07-13T10:58:45.394] [ERROR] errorLogger - 
*************** error log start ***************
request method: GET
request originalUrl:  /api/server/findServer?0=0&1=&2=&3=&5=1&6=0
request client ip:  ::ffff:127.0.0.1
request query:  {"0":"0","1":"","2":"","3":"","5":"1","6":"0"}
response time: 1594609125394
err name: SequelizeDatabaseError
err message: syntax error at or near "and"
err stack: SequelizeDatabaseError: syntax error at or near "and"
    at Query.formatError (H:\project\project\server\node_modules\sequelize\lib\dialects\postgres\query.js:366:16)
    at H:\project\project\server\node_modules\sequelize\lib\dialects\postgres\query.js:72:18
    at tryCatcher (H:\project\project\server\node_modules\bluebird\js\release\util.js:16:23)
    at Promise._settlePromiseFromHandler (H:\project\project\server\node_modules\bluebird\js\release\promise.js:547:31)
    at Promise._settlePromise (H:\project\project\server\node_modules\bluebird\js\release\promise.js:604:18)
    at Promise._settlePromise0 (H:\project\project\server\node_modules\bluebird\js\release\promise.js:649:10)
    at Promise._settlePromises (H:\project\project\server\node_modules\bluebird\js\release\promise.js:725:18)
    at _drainQueueStep (H:\project\project\server\node_modules\bluebird\js\release\async.js:93:12)
    at _drainQueue (H:\project\project\server\node_modules\bluebird\js\release\async.js:86:9)
    at Async._drainQueues (H:\project\project\server\node_modules\bluebird\js\release\async.js:102:5)
    at Immediate.Async.drainQueues [as _onImmediate] (H:\project\project\server\node_modules\bluebird\js\release\async.js:15:14)
>>>>>>> 40776c7a4c38502723823e6ac94c05a9e36aed0e
    at processImmediate (internal/timers.js:456:21)
*************** error log end ***************

[2020-07-13T17:07:08.584] [ERROR] errorLogger - 
*************** error log start ***************
request method: GET
request originalUrl:  /api/server/findServer?0=0&1[]=%E4%B9%85%E6%B8%B8&2=&3=&5=1&6=0
request client ip:  ::ffff:127.0.0.1
request query:  {"0":"0","2":"","3":"","5":"1","6":"0","1[]":"久游","gameid":"1"}
response time: 1594631228584
err name: TypeError
err message: channel.forEach is not a function
err stack: TypeError: channel.forEach is not a function
    at GmServerService._callee$ (E:\third\project\server\src\app\service\/gm-server.js:18:11)
    at tryCatch (E:\third\project\server\node_modules\regenerator-runtime\runtime.js:45:40)
    at Generator.invoke [as _invoke] (E:\third\project\server\node_modules\regenerator-runtime\runtime.js:274:22)
    at Generator.prototype.<computed> [as next] (E:\third\project\server\node_modules\regenerator-runtime\runtime.js:97:21)
    at asyncGeneratorStep (E:\third\project\server\node_modules\@babel\runtime\helpers\asyncToGenerator.js:3:24)
    at _next (E:\third\project\server\node_modules\@babel\runtime\helpers\asyncToGenerator.js:25:9)
    at E:\third\project\server\node_modules\@babel\runtime\helpers\asyncToGenerator.js:32:7
    at new Promise (<anonymous>)
    at GmServerService.<anonymous> (E:\third\project\server\node_modules\@babel\runtime\helpers\asyncToGenerator.js:21:12)
    at GmServerService.serverFindByParam (E:\third\project\server\src\app\service\gm-server.js:174:35)
    at _callee10$ (E:\third\project\server\src\app\controllers\/server.js:107:38)
    at tryCatch (E:\third\project\server\node_modules\regenerator-runtime\runtime.js:45:40)
    at Generator.invoke [as _invoke] (E:\third\project\server\node_modules\regenerator-runtime\runtime.js:274:22)
    at Generator.prototype.<computed> [as next] (E:\third\project\server\node_modules\regenerator-runtime\runtime.js:97:21)
    at asyncGeneratorStep (E:\third\project\server\node_modules\@babel\runtime\helpers\asyncToGenerator.js:3:24)
    at _next (E:\third\project\server\node_modules\@babel\runtime\helpers\asyncToGenerator.js:25:9)
    at E:\third\project\server\node_modules\@babel\runtime\helpers\asyncToGenerator.js:32:7
    at new Promise (<anonymous>)
    at E:\third\project\server\node_modules\@babel\runtime\helpers\asyncToGenerator.js:21:12
    at findServer (E:\third\project\server\src\app\controllers\server.js:406:28)
    at dispatch (E:\third\project\server\node_modules\koa-router\node_modules\koa-compose\index.js:44:32)
    at next (E:\third\project\server\node_modules\koa-router\node_modules\koa-compose\index.js:45:18)
    at E:\third\project\server\node_modules\koa-router\lib\router.js:346:16
    at dispatch (E:\third\project\server\node_modules\koa-router\node_modules\koa-compose\index.js:44:32)
    at E:\third\project\server\node_modules\koa-router\node_modules\koa-compose\index.js:36:12
    at dispatch (E:\third\project\server\node_modules\koa-router\lib\router.js:351:31)
    at dispatch (E:\third\project\server\node_modules\koa-compose\index.js:42:32)
    at E:\third\project\server\node_modules\koa-mount\index.js:52:32
*************** error log end ***************

[2020-07-13T17:07:08.837] [ERROR] errorLogger - 
*************** error log start ***************
request method: GET
request originalUrl:  /api/server/findServer?0=0&1[]=%E4%B9%85%E6%B8%B8&2=&3=&5=1&6=0
request client ip:  ::ffff:127.0.0.1
request query:  {"0":"0","2":"","3":"","5":"1","6":"0","1[]":"久游","gameid":"1"}
response time: 1594631228837
err name: TypeError
err message: channel.forEach is not a function
err stack: TypeError: channel.forEach is not a function
    at GmServerService._callee$ (E:\third\project\server\src\app\service\/gm-server.js:18:11)
    at tryCatch (E:\third\project\server\node_modules\regenerator-runtime\runtime.js:45:40)
    at Generator.invoke [as _invoke] (E:\third\project\server\node_modules\regenerator-runtime\runtime.js:274:22)
    at Generator.prototype.<computed> [as next] (E:\third\project\server\node_modules\regenerator-runtime\runtime.js:97:21)
    at asyncGeneratorStep (E:\third\project\server\node_modules\@babel\runtime\helpers\asyncToGenerator.js:3:24)
    at _next (E:\third\project\server\node_modules\@babel\runtime\helpers\asyncToGenerator.js:25:9)
    at E:\third\project\server\node_modules\@babel\runtime\helpers\asyncToGenerator.js:32:7
    at new Promise (<anonymous>)
    at GmServerService.<anonymous> (E:\third\project\server\node_modules\@babel\runtime\helpers\asyncToGenerator.js:21:12)
    at GmServerService.serverFindByParam (E:\third\project\server\src\app\service\gm-server.js:174:35)
    at _callee10$ (E:\third\project\server\src\app\controllers\/server.js:107:38)
    at tryCatch (E:\third\project\server\node_modules\regenerator-runtime\runtime.js:45:40)
    at Generator.invoke [as _invoke] (E:\third\project\server\node_modules\regenerator-runtime\runtime.js:274:22)
    at Generator.prototype.<computed> [as next] (E:\third\project\server\node_modules\regenerator-runtime\runtime.js:97:21)
    at asyncGeneratorStep (E:\third\project\server\node_modules\@babel\runtime\helpers\asyncToGenerator.js:3:24)
    at _next (E:\third\project\server\node_modules\@babel\runtime\helpers\asyncToGenerator.js:25:9)
    at E:\third\project\server\node_modules\@babel\runtime\helpers\asyncToGenerator.js:32:7
    at new Promise (<anonymous>)
    at E:\third\project\server\node_modules\@babel\runtime\helpers\asyncToGenerator.js:21:12
    at findServer (E:\third\project\server\src\app\controllers\server.js:406:28)
    at dispatch (E:\third\project\server\node_modules\koa-router\node_modules\koa-compose\index.js:44:32)
    at next (E:\third\project\server\node_modules\koa-router\node_modules\koa-compose\index.js:45:18)
    at E:\third\project\server\node_modules\koa-router\lib\router.js:346:16
    at dispatch (E:\third\project\server\node_modules\koa-router\node_modules\koa-compose\index.js:44:32)
    at E:\third\project\server\node_modules\koa-router\node_modules\koa-compose\index.js:36:12
    at dispatch (E:\third\project\server\node_modules\koa-router\lib\router.js:351:31)
    at dispatch (E:\third\project\server\node_modules\koa-compose\index.js:42:32)
    at E:\third\project\server\node_modules\koa-mount\index.js:52:32
*************** error log end ***************

[2020-07-13T17:10:51.528] [ERROR] errorLogger - 
*************** error log start ***************
request method: GET
request originalUrl:  /api/server/findServer?0=0&2=&3=&5=1&6=0
request client ip:  ::ffff:127.0.0.1
request query:  {"0":"0","2":"","3":"","5":"1","6":"0","gameid":"1"}
response time: 1594631451527
err name: TypeError
err message: Cannot read property 'length' of undefined
err stack: TypeError: Cannot read property 'length' of undefined
    at GmServerService._callee$ (E:\third\project\server\src\app\service\/gm-server.js:44:20)
    at tryCatch (E:\third\project\server\node_modules\regenerator-runtime\runtime.js:45:40)
    at Generator.invoke [as _invoke] (E:\third\project\server\node_modules\regenerator-runtime\runtime.js:274:22)
    at Generator.prototype.<computed> [as next] (E:\third\project\server\node_modules\regenerator-runtime\runtime.js:97:21)
    at asyncGeneratorStep (E:\third\project\server\node_modules\@babel\runtime\helpers\asyncToGenerator.js:3:24)
    at _next (E:\third\project\server\node_modules\@babel\runtime\helpers\asyncToGenerator.js:25:9)
    at E:\third\project\server\node_modules\@babel\runtime\helpers\asyncToGenerator.js:32:7
    at new Promise (<anonymous>)
    at GmServerService.<anonymous> (E:\third\project\server\node_modules\@babel\runtime\helpers\asyncToGenerator.js:21:12)
    at GmServerService.serverFindByParam (E:\third\project\server\src\app\service\gm-server.js:172:35)
    at _callee10$ (E:\third\project\server\src\app\controllers\/server.js:107:38)
    at tryCatch (E:\third\project\server\node_modules\regenerator-runtime\runtime.js:45:40)
    at Generator.invoke [as _invoke] (E:\third\project\server\node_modules\regenerator-runtime\runtime.js:274:22)
    at Generator.prototype.<computed> [as next] (E:\third\project\server\node_modules\regenerator-runtime\runtime.js:97:21)
    at asyncGeneratorStep (E:\third\project\server\node_modules\@babel\runtime\helpers\asyncToGenerator.js:3:24)
    at _next (E:\third\project\server\node_modules\@babel\runtime\helpers\asyncToGenerator.js:25:9)
    at E:\third\project\server\node_modules\@babel\runtime\helpers\asyncToGenerator.js:32:7
    at new Promise (<anonymous>)
    at E:\third\project\server\node_modules\@babel\runtime\helpers\asyncToGenerator.js:21:12
    at findServer (E:\third\project\server\src\app\controllers\server.js:406:28)
    at dispatch (E:\third\project\server\node_modules\koa-router\node_modules\koa-compose\index.js:44:32)
    at next (E:\third\project\server\node_modules\koa-router\node_modules\koa-compose\index.js:45:18)
    at E:\third\project\server\node_modules\koa-router\lib\router.js:346:16
    at dispatch (E:\third\project\server\node_modules\koa-router\node_modules\koa-compose\index.js:44:32)
    at E:\third\project\server\node_modules\koa-router\node_modules\koa-compose\index.js:36:12
    at dispatch (E:\third\project\server\node_modules\koa-router\lib\router.js:351:31)
    at dispatch (E:\third\project\server\node_modules\koa-compose\index.js:42:32)
    at E:\third\project\server\node_modules\koa-mount\index.js:52:32
*************** error log end ***************

[2020-07-13T17:10:51.810] [ERROR] errorLogger - 
*************** error log start ***************
request method: GET
request originalUrl:  /api/server/findServer?0=0&2=&3=&5=1&6=0
request client ip:  ::ffff:127.0.0.1
request query:  {"0":"0","2":"","3":"","5":"1","6":"0","gameid":"1"}
response time: 1594631451810
err name: TypeError
err message: Cannot read property 'length' of undefined
err stack: TypeError: Cannot read property 'length' of undefined
    at GmServerService._callee$ (E:\third\project\server\src\app\service\/gm-server.js:44:20)
    at tryCatch (E:\third\project\server\node_modules\regenerator-runtime\runtime.js:45:40)
    at Generator.invoke [as _invoke] (E:\third\project\server\node_modules\regenerator-runtime\runtime.js:274:22)
    at Generator.prototype.<computed> [as next] (E:\third\project\server\node_modules\regenerator-runtime\runtime.js:97:21)
    at asyncGeneratorStep (E:\third\project\server\node_modules\@babel\runtime\helpers\asyncToGenerator.js:3:24)
    at _next (E:\third\project\server\node_modules\@babel\runtime\helpers\asyncToGenerator.js:25:9)
    at E:\third\project\server\node_modules\@babel\runtime\helpers\asyncToGenerator.js:32:7
    at new Promise (<anonymous>)
    at GmServerService.<anonymous> (E:\third\project\server\node_modules\@babel\runtime\helpers\asyncToGenerator.js:21:12)
    at GmServerService.serverFindByParam (E:\third\project\server\src\app\service\gm-server.js:172:35)
    at _callee10$ (E:\third\project\server\src\app\controllers\/server.js:107:38)
    at tryCatch (E:\third\project\server\node_modules\regenerator-runtime\runtime.js:45:40)
    at Generator.invoke [as _invoke] (E:\third\project\server\node_modules\regenerator-runtime\runtime.js:274:22)
    at Generator.prototype.<computed> [as next] (E:\third\project\server\node_modules\regenerator-runtime\runtime.js:97:21)
    at asyncGeneratorStep (E:\third\project\server\node_modules\@babel\runtime\helpers\asyncToGenerator.js:3:24)
    at _next (E:\third\project\server\node_modules\@babel\runtime\helpers\asyncToGenerator.js:25:9)
    at E:\third\project\server\node_modules\@babel\runtime\helpers\asyncToGenerator.js:32:7
    at new Promise (<anonymous>)
    at E:\third\project\server\node_modules\@babel\runtime\helpers\asyncToGenerator.js:21:12
    at findServer (E:\third\project\server\src\app\controllers\server.js:406:28)
    at dispatch (E:\third\project\server\node_modules\koa-router\node_modules\koa-compose\index.js:44:32)
    at next (E:\third\project\server\node_modules\koa-router\node_modules\koa-compose\index.js:45:18)
    at E:\third\project\server\node_modules\koa-router\lib\router.js:346:16
    at dispatch (E:\third\project\server\node_modules\koa-router\node_modules\koa-compose\index.js:44:32)
    at E:\third\project\server\node_modules\koa-router\node_modules\koa-compose\index.js:36:12
    at dispatch (E:\third\project\server\node_modules\koa-router\lib\router.js:351:31)
    at dispatch (E:\third\project\server\node_modules\koa-compose\index.js:42:32)
    at E:\third\project\server\node_modules\koa-mount\index.js:52:32
*************** error log end ***************

[2020-07-13T17:11:20.279] [ERROR] errorLogger - 
*************** error log start ***************
request method: GET
request originalUrl:  /api/server/findServer?0=0&2=&3=&5=1&6=0
request client ip:  ::ffff:127.0.0.1
request query:  {"0":"0","2":"","3":"","5":"1","6":"0","gameid":"1"}
response time: 1594631480279
err name: TypeError
err message: Cannot read property 'length' of undefined
err stack: TypeError: Cannot read property 'length' of undefined
    at GmServerService._callee$ (E:\third\project\server\src\app\service\/gm-server.js:44:20)
    at tryCatch (E:\third\project\server\node_modules\regenerator-runtime\runtime.js:45:40)
    at Generator.invoke [as _invoke] (E:\third\project\server\node_modules\regenerator-runtime\runtime.js:274:22)
    at Generator.prototype.<computed> [as next] (E:\third\project\server\node_modules\regenerator-runtime\runtime.js:97:21)
    at asyncGeneratorStep (E:\third\project\server\node_modules\@babel\runtime\helpers\asyncToGenerator.js:3:24)
    at _next (E:\third\project\server\node_modules\@babel\runtime\helpers\asyncToGenerator.js:25:9)
    at E:\third\project\server\node_modules\@babel\runtime\helpers\asyncToGenerator.js:32:7
    at new Promise (<anonymous>)
    at GmServerService.<anonymous> (E:\third\project\server\node_modules\@babel\runtime\helpers\asyncToGenerator.js:21:12)
    at GmServerService.serverFindByParam (E:\third\project\server\src\app\service\gm-server.js:172:35)
    at _callee10$ (E:\third\project\server\src\app\controllers\/server.js:107:38)
    at tryCatch (E:\third\project\server\node_modules\regenerator-runtime\runtime.js:45:40)
    at Generator.invoke [as _invoke] (E:\third\project\server\node_modules\regenerator-runtime\runtime.js:274:22)
    at Generator.prototype.<computed> [as next] (E:\third\project\server\node_modules\regenerator-runtime\runtime.js:97:21)
    at asyncGeneratorStep (E:\third\project\server\node_modules\@babel\runtime\helpers\asyncToGenerator.js:3:24)
    at _next (E:\third\project\server\node_modules\@babel\runtime\helpers\asyncToGenerator.js:25:9)
    at E:\third\project\server\node_modules\@babel\runtime\helpers\asyncToGenerator.js:32:7
    at new Promise (<anonymous>)
    at E:\third\project\server\node_modules\@babel\runtime\helpers\asyncToGenerator.js:21:12
    at findServer (E:\third\project\server\src\app\controllers\server.js:406:28)
    at dispatch (E:\third\project\server\node_modules\koa-router\node_modules\koa-compose\index.js:44:32)
    at next (E:\third\project\server\node_modules\koa-router\node_modules\koa-compose\index.js:45:18)
    at E:\third\project\server\node_modules\koa-router\lib\router.js:346:16
    at dispatch (E:\third\project\server\node_modules\koa-router\node_modules\koa-compose\index.js:44:32)
    at E:\third\project\server\node_modules\koa-router\node_modules\koa-compose\index.js:36:12
    at dispatch (E:\third\project\server\node_modules\koa-router\lib\router.js:351:31)
    at dispatch (E:\third\project\server\node_modules\koa-compose\index.js:42:32)
    at E:\third\project\server\node_modules\koa-mount\index.js:52:32
*************** error log end ***************

[2020-07-13T17:11:20.638] [ERROR] errorLogger - 
*************** error log start ***************
request method: GET
request originalUrl:  /api/server/findServer?0=0&2=&3=&5=1&6=0
request client ip:  ::ffff:127.0.0.1
request query:  {"0":"0","2":"","3":"","5":"1","6":"0","gameid":"1"}
response time: 1594631480638
err name: TypeError
err message: Cannot read property 'length' of undefined
err stack: TypeError: Cannot read property 'length' of undefined
    at GmServerService._callee$ (E:\third\project\server\src\app\service\/gm-server.js:44:20)
    at tryCatch (E:\third\project\server\node_modules\regenerator-runtime\runtime.js:45:40)
    at Generator.invoke [as _invoke] (E:\third\project\server\node_modules\regenerator-runtime\runtime.js:274:22)
    at Generator.prototype.<computed> [as next] (E:\third\project\server\node_modules\regenerator-runtime\runtime.js:97:21)
    at asyncGeneratorStep (E:\third\project\server\node_modules\@babel\runtime\helpers\asyncToGenerator.js:3:24)
    at _next (E:\third\project\server\node_modules\@babel\runtime\helpers\asyncToGenerator.js:25:9)
    at E:\third\project\server\node_modules\@babel\runtime\helpers\asyncToGenerator.js:32:7
    at new Promise (<anonymous>)
    at GmServerService.<anonymous> (E:\third\project\server\node_modules\@babel\runtime\helpers\asyncToGenerator.js:21:12)
    at GmServerService.serverFindByParam (E:\third\project\server\src\app\service\gm-server.js:172:35)
    at _callee10$ (E:\third\project\server\src\app\controllers\/server.js:107:38)
    at tryCatch (E:\third\project\server\node_modules\regenerator-runtime\runtime.js:45:40)
    at Generator.invoke [as _invoke] (E:\third\project\server\node_modules\regenerator-runtime\runtime.js:274:22)
    at Generator.prototype.<computed> [as next] (E:\third\project\server\node_modules\regenerator-runtime\runtime.js:97:21)
    at asyncGeneratorStep (E:\third\project\server\node_modules\@babel\runtime\helpers\asyncToGenerator.js:3:24)
    at _next (E:\third\project\server\node_modules\@babel\runtime\helpers\asyncToGenerator.js:25:9)
    at E:\third\project\server\node_modules\@babel\runtime\helpers\asyncToGenerator.js:32:7
    at new Promise (<anonymous>)
    at E:\third\project\server\node_modules\@babel\runtime\helpers\asyncToGenerator.js:21:12
    at findServer (E:\third\project\server\src\app\controllers\server.js:406:28)
    at dispatch (E:\third\project\server\node_modules\koa-router\node_modules\koa-compose\index.js:44:32)
    at next (E:\third\project\server\node_modules\koa-router\node_modules\koa-compose\index.js:45:18)
    at E:\third\project\server\node_modules\koa-router\lib\router.js:346:16
    at dispatch (E:\third\project\server\node_modules\koa-router\node_modules\koa-compose\index.js:44:32)
    at E:\third\project\server\node_modules\koa-router\node_modules\koa-compose\index.js:36:12
    at dispatch (E:\third\project\server\node_modules\koa-router\lib\router.js:351:31)
    at dispatch (E:\third\project\server\node_modules\koa-compose\index.js:42:32)
    at E:\third\project\server\node_modules\koa-mount\index.js:52:32
*************** error log end ***************

[2020-07-13T17:19:08.166] [ERROR] errorLogger - 
*************** error log start ***************
request method: GET
request originalUrl:  /api/server/findServer
request client ip:  ::ffff:127.0.0.1
request query:  {"gameid":"1"}
response time: 1594631948165
err name: TypeError
err message: Cannot read property 'length' of undefined
err stack: TypeError: Cannot read property 'length' of undefined
    at GmServerService._callee$ (E:\third\project\server\src\app\service\/gm-server.js:44:32)
    at tryCatch (E:\third\project\server\node_modules\regenerator-runtime\runtime.js:45:40)
    at Generator.invoke [as _invoke] (E:\third\project\server\node_modules\regenerator-runtime\runtime.js:274:22)
    at Generator.prototype.<computed> [as next] (E:\third\project\server\node_modules\regenerator-runtime\runtime.js:97:21)
    at asyncGeneratorStep (E:\third\project\server\node_modules\@babel\runtime\helpers\asyncToGenerator.js:3:24)
    at _next (E:\third\project\server\node_modules\@babel\runtime\helpers\asyncToGenerator.js:25:9)
    at E:\third\project\server\node_modules\@babel\runtime\helpers\asyncToGenerator.js:32:7
    at new Promise (<anonymous>)
    at GmServerService.<anonymous> (E:\third\project\server\node_modules\@babel\runtime\helpers\asyncToGenerator.js:21:12)
    at GmServerService.serverFindByParam (E:\third\project\server\src\app\service\gm-server.js:172:35)
    at _callee10$ (E:\third\project\server\src\app\controllers\/server.js:107:38)
    at tryCatch (E:\third\project\server\node_modules\regenerator-runtime\runtime.js:45:40)
    at Generator.invoke [as _invoke] (E:\third\project\server\node_modules\regenerator-runtime\runtime.js:274:22)
    at Generator.prototype.<computed> [as next] (E:\third\project\server\node_modules\regenerator-runtime\runtime.js:97:21)
    at asyncGeneratorStep (E:\third\project\server\node_modules\@babel\runtime\helpers\asyncToGenerator.js:3:24)
    at _next (E:\third\project\server\node_modules\@babel\runtime\helpers\asyncToGenerator.js:25:9)
    at E:\third\project\server\node_modules\@babel\runtime\helpers\asyncToGenerator.js:32:7
    at new Promise (<anonymous>)
    at E:\third\project\server\node_modules\@babel\runtime\helpers\asyncToGenerator.js:21:12
    at findServer (E:\third\project\server\src\app\controllers\server.js:406:28)
    at dispatch (E:\third\project\server\node_modules\koa-router\node_modules\koa-compose\index.js:44:32)
    at next (E:\third\project\server\node_modules\koa-router\node_modules\koa-compose\index.js:45:18)
    at E:\third\project\server\node_modules\koa-router\lib\router.js:346:16
    at dispatch (E:\third\project\server\node_modules\koa-router\node_modules\koa-compose\index.js:44:32)
    at E:\third\project\server\node_modules\koa-router\node_modules\koa-compose\index.js:36:12
    at dispatch (E:\third\project\server\node_modules\koa-router\lib\router.js:351:31)
    at dispatch (E:\third\project\server\node_modules\koa-compose\index.js:42:32)
    at E:\third\project\server\node_modules\koa-mount\index.js:52:32
*************** error log end ***************

[2020-07-13T17:19:17.880] [ERROR] errorLogger - 
*************** error log start ***************
request method: GET
request originalUrl:  /api/server/findServer?0=0&2=&3=&5=1&6=0
request client ip:  ::ffff:127.0.0.1
request query:  {"0":"0","2":"","3":"","5":"1","6":"0","gameid":"1"}
response time: 1594631957880
err name: TypeError
err message: Cannot read property 'length' of undefined
err stack: TypeError: Cannot read property 'length' of undefined
    at GmServerService._callee$ (E:\third\project\server\src\app\service\/gm-server.js:44:32)
    at tryCatch (E:\third\project\server\node_modules\regenerator-runtime\runtime.js:45:40)
    at Generator.invoke [as _invoke] (E:\third\project\server\node_modules\regenerator-runtime\runtime.js:274:22)
    at Generator.prototype.<computed> [as next] (E:\third\project\server\node_modules\regenerator-runtime\runtime.js:97:21)
    at asyncGeneratorStep (E:\third\project\server\node_modules\@babel\runtime\helpers\asyncToGenerator.js:3:24)
    at _next (E:\third\project\server\node_modules\@babel\runtime\helpers\asyncToGenerator.js:25:9)
    at E:\third\project\server\node_modules\@babel\runtime\helpers\asyncToGenerator.js:32:7
    at new Promise (<anonymous>)
    at GmServerService.<anonymous> (E:\third\project\server\node_modules\@babel\runtime\helpers\asyncToGenerator.js:21:12)
    at GmServerService.serverFindByParam (E:\third\project\server\src\app\service\gm-server.js:172:35)
    at _callee10$ (E:\third\project\server\src\app\controllers\/server.js:107:38)
    at tryCatch (E:\third\project\server\node_modules\regenerator-runtime\runtime.js:45:40)
    at Generator.invoke [as _invoke] (E:\third\project\server\node_modules\regenerator-runtime\runtime.js:274:22)
    at Generator.prototype.<computed> [as next] (E:\third\project\server\node_modules\regenerator-runtime\runtime.js:97:21)
    at asyncGeneratorStep (E:\third\project\server\node_modules\@babel\runtime\helpers\asyncToGenerator.js:3:24)
    at _next (E:\third\project\server\node_modules\@babel\runtime\helpers\asyncToGenerator.js:25:9)
    at E:\third\project\server\node_modules\@babel\runtime\helpers\asyncToGenerator.js:32:7
    at new Promise (<anonymous>)
    at E:\third\project\server\node_modules\@babel\runtime\helpers\asyncToGenerator.js:21:12
    at findServer (E:\third\project\server\src\app\controllers\server.js:406:28)
    at dispatch (E:\third\project\server\node_modules\koa-router\node_modules\koa-compose\index.js:44:32)
    at next (E:\third\project\server\node_modules\koa-router\node_modules\koa-compose\index.js:45:18)
    at E:\third\project\server\node_modules\koa-router\lib\router.js:346:16
    at dispatch (E:\third\project\server\node_modules\koa-router\node_modules\koa-compose\index.js:44:32)
    at E:\third\project\server\node_modules\koa-router\node_modules\koa-compose\index.js:36:12
    at dispatch (E:\third\project\server\node_modules\koa-router\lib\router.js:351:31)
    at dispatch (E:\third\project\server\node_modules\koa-compose\index.js:42:32)
    at E:\third\project\server\node_modules\koa-mount\index.js:52:32
*************** error log end ***************

[2020-07-13T17:19:54.996] [ERROR] errorLogger - 
*************** error log start ***************
request method: GET
request originalUrl:  /api/server/findServer?0=0&1[]=%E5%B0%8F%E7%B1%B3&1[]=%E8%85%BE%E8%AE%AF&2=&3=&5=1&6=0
request client ip:  ::ffff:127.0.0.1
request query:  {"0":"0","2":"","3":"","5":"1","6":"0","1[]":["小米","腾讯"],"gameid":"1"}
response time: 1594631994996
err name: SequelizeDatabaseError
err message: syntax error at or near "test"
err stack: SequelizeDatabaseError: syntax error at or near "test"
    at Query.formatError (E:\third\project\server\node_modules\sequelize\lib\dialects\postgres\query.js:366:16)
    at E:\third\project\server\node_modules\sequelize\lib\dialects\postgres\query.js:72:18
    at tryCatcher (E:\third\project\server\node_modules\bluebird\js\release\util.js:16:23)
    at Promise._settlePromiseFromHandler (E:\third\project\server\node_modules\bluebird\js\release\promise.js:547:31)
    at Promise._settlePromise (E:\third\project\server\node_modules\bluebird\js\release\promise.js:604:18)
    at Promise._settlePromise0 (E:\third\project\server\node_modules\bluebird\js\release\promise.js:649:10)
    at Promise._settlePromises (E:\third\project\server\node_modules\bluebird\js\release\promise.js:725:18)
    at _drainQueueStep (E:\third\project\server\node_modules\bluebird\js\release\async.js:93:12)
    at _drainQueue (E:\third\project\server\node_modules\bluebird\js\release\async.js:86:9)
    at Async._drainQueues (E:\third\project\server\node_modules\bluebird\js\release\async.js:102:5)
    at Immediate.Async.drainQueues [as _onImmediate] (E:\third\project\server\node_modules\bluebird\js\release\async.js:15:14)
    at processImmediate (internal/timers.js:456:21)
*************** error log end ***************

[2020-07-13T17:20:20.238] [ERROR] errorLogger - 
*************** error log start ***************
request method: GET
request originalUrl:  /api/server/findServer?0=0&1[]=%E5%B0%8F%E7%B1%B3&1[]=%E8%85%BE%E8%AE%AF&1[]=%E4%B9%85%E6%B8%B8&2=&3=&5=1&6=0
request client ip:  ::ffff:127.0.0.1
request query:  {"0":"0","2":"","3":"","5":"1","6":"0","1[]":["小米","腾讯","久游"],"gameid":"1"}
response time: 1594632020238
err name: SequelizeDatabaseError
err message: syntax error at or near "test"
err stack: SequelizeDatabaseError: syntax error at or near "test"
    at Query.formatError (E:\third\project\server\node_modules\sequelize\lib\dialects\postgres\query.js:366:16)
    at E:\third\project\server\node_modules\sequelize\lib\dialects\postgres\query.js:72:18
    at tryCatcher (E:\third\project\server\node_modules\bluebird\js\release\util.js:16:23)
    at Promise._settlePromiseFromHandler (E:\third\project\server\node_modules\bluebird\js\release\promise.js:547:31)
    at Promise._settlePromise (E:\third\project\server\node_modules\bluebird\js\release\promise.js:604:18)
    at Promise._settlePromise0 (E:\third\project\server\node_modules\bluebird\js\release\promise.js:649:10)
    at Promise._settlePromises (E:\third\project\server\node_modules\bluebird\js\release\promise.js:725:18)
    at _drainQueueStep (E:\third\project\server\node_modules\bluebird\js\release\async.js:93:12)
    at _drainQueue (E:\third\project\server\node_modules\bluebird\js\release\async.js:86:9)
    at Async._drainQueues (E:\third\project\server\node_modules\bluebird\js\release\async.js:102:5)
    at Immediate.Async.drainQueues [as _onImmediate] (E:\third\project\server\node_modules\bluebird\js\release\async.js:15:14)
    at processImmediate (internal/timers.js:456:21)
*************** error log end ***************

[2020-07-13T17:21:26.226] [ERROR] errorLogger - 
*************** error log start ***************
request method: GET
request originalUrl:  /api/server/findServer?0=0&1[]=%E5%B0%8F%E7%B1%B3&1[]=%E4%B9%85%E6%B8%B8&2=&3=&5=1&6=0
request client ip:  ::ffff:127.0.0.1
request query:  {"0":"0","2":"","3":"","5":"1","6":"0","1[]":["小米","久游"],"gameid":"1"}
response time: 1594632086225
err name: SequelizeDatabaseError
err message: syntax error at or near "test"
err stack: SequelizeDatabaseError: syntax error at or near "test"
    at Query.formatError (E:\third\project\server\node_modules\sequelize\lib\dialects\postgres\query.js:366:16)
    at E:\third\project\server\node_modules\sequelize\lib\dialects\postgres\query.js:72:18
    at tryCatcher (E:\third\project\server\node_modules\bluebird\js\release\util.js:16:23)
    at Promise._settlePromiseFromHandler (E:\third\project\server\node_modules\bluebird\js\release\promise.js:547:31)
    at Promise._settlePromise (E:\third\project\server\node_modules\bluebird\js\release\promise.js:604:18)
    at Promise._settlePromise0 (E:\third\project\server\node_modules\bluebird\js\release\promise.js:649:10)
    at Promise._settlePromises (E:\third\project\server\node_modules\bluebird\js\release\promise.js:725:18)
    at _drainQueueStep (E:\third\project\server\node_modules\bluebird\js\release\async.js:93:12)
    at _drainQueue (E:\third\project\server\node_modules\bluebird\js\release\async.js:86:9)
    at Async._drainQueues (E:\third\project\server\node_modules\bluebird\js\release\async.js:102:5)
    at Immediate.Async.drainQueues [as _onImmediate] (E:\third\project\server\node_modules\bluebird\js\release\async.js:15:14)
    at processImmediate (internal/timers.js:456:21)
*************** error log end ***************

[2020-07-13T17:22:40.128] [ERROR] errorLogger - 
*************** error log start ***************
request method: GET
request originalUrl:  /api/server/findServer?0=0&1[]=%E5%B0%8F%E7%B1%B3&2=&3=&5=1&6=0
request client ip:  ::ffff:127.0.0.1
request query:  {"0":"0","2":"","3":"","5":"1","6":"0","1[]":"小米","gameid":"1"}
response time: 1594632160127
err name: SequelizeDatabaseError
err message: syntax error at or near "test"
err stack: SequelizeDatabaseError: syntax error at or near "test"
    at Query.formatError (E:\third\project\server\node_modules\sequelize\lib\dialects\postgres\query.js:366:16)
    at E:\third\project\server\node_modules\sequelize\lib\dialects\postgres\query.js:72:18
    at tryCatcher (E:\third\project\server\node_modules\bluebird\js\release\util.js:16:23)
    at Promise._settlePromiseFromHandler (E:\third\project\server\node_modules\bluebird\js\release\promise.js:547:31)
    at Promise._settlePromise (E:\third\project\server\node_modules\bluebird\js\release\promise.js:604:18)
    at Promise._settlePromise0 (E:\third\project\server\node_modules\bluebird\js\release\promise.js:649:10)
    at Promise._settlePromises (E:\third\project\server\node_modules\bluebird\js\release\promise.js:725:18)
    at _drainQueueStep (E:\third\project\server\node_modules\bluebird\js\release\async.js:93:12)
    at _drainQueue (E:\third\project\server\node_modules\bluebird\js\release\async.js:86:9)
    at Async._drainQueues (E:\third\project\server\node_modules\bluebird\js\release\async.js:102:5)
    at Immediate.Async.drainQueues [as _onImmediate] (E:\third\project\server\node_modules\bluebird\js\release\async.js:15:14)
    at processImmediate (internal/timers.js:456:21)
*************** error log end ***************

[2020-07-13T17:24:49.416] [ERROR] errorLogger - 
*************** error log start ***************
request method: GET
request originalUrl:  /api/server/findServer?0=0&1[]=%E5%B0%8F%E7%B1%B3&2=&3=&5=1&6=0
request client ip:  ::ffff:127.0.0.1
request query:  {"0":"0","2":"","3":"","5":"1","6":"0","1[]":"小米","gameid":"1"}
response time: 1594632289415
err name: TypeError
err message: channel.join is not a function
err stack: TypeError: channel.join is not a function
    at GmServerService._callee$ (E:\third\project\server\src\app\service\/gm-server.js:44:67)
    at tryCatch (E:\third\project\server\node_modules\regenerator-runtime\runtime.js:45:40)
    at Generator.invoke [as _invoke] (E:\third\project\server\node_modules\regenerator-runtime\runtime.js:274:22)
    at Generator.prototype.<computed> [as next] (E:\third\project\server\node_modules\regenerator-runtime\runtime.js:97:21)
    at asyncGeneratorStep (E:\third\project\server\node_modules\@babel\runtime\helpers\asyncToGenerator.js:3:24)
    at _next (E:\third\project\server\node_modules\@babel\runtime\helpers\asyncToGenerator.js:25:9)
    at E:\third\project\server\node_modules\@babel\runtime\helpers\asyncToGenerator.js:32:7
    at new Promise (<anonymous>)
    at GmServerService.<anonymous> (E:\third\project\server\node_modules\@babel\runtime\helpers\asyncToGenerator.js:21:12)
    at GmServerService.serverFindByParam (E:\third\project\server\src\app\service\gm-server.js:172:35)
    at _callee10$ (E:\third\project\server\src\app\controllers\/server.js:107:38)
    at tryCatch (E:\third\project\server\node_modules\regenerator-runtime\runtime.js:45:40)
    at Generator.invoke [as _invoke] (E:\third\project\server\node_modules\regenerator-runtime\runtime.js:274:22)
    at Generator.prototype.<computed> [as next] (E:\third\project\server\node_modules\regenerator-runtime\runtime.js:97:21)
    at asyncGeneratorStep (E:\third\project\server\node_modules\@babel\runtime\helpers\asyncToGenerator.js:3:24)
    at _next (E:\third\project\server\node_modules\@babel\runtime\helpers\asyncToGenerator.js:25:9)
    at E:\third\project\server\node_modules\@babel\runtime\helpers\asyncToGenerator.js:32:7
    at new Promise (<anonymous>)
    at E:\third\project\server\node_modules\@babel\runtime\helpers\asyncToGenerator.js:21:12
    at findServer (E:\third\project\server\src\app\controllers\server.js:406:28)
    at dispatch (E:\third\project\server\node_modules\koa-router\node_modules\koa-compose\index.js:44:32)
    at next (E:\third\project\server\node_modules\koa-router\node_modules\koa-compose\index.js:45:18)
    at E:\third\project\server\node_modules\koa-router\lib\router.js:346:16
    at dispatch (E:\third\project\server\node_modules\koa-router\node_modules\koa-compose\index.js:44:32)
    at E:\third\project\server\node_modules\koa-router\node_modules\koa-compose\index.js:36:12
    at dispatch (E:\third\project\server\node_modules\koa-router\lib\router.js:351:31)
    at dispatch (E:\third\project\server\node_modules\koa-compose\index.js:42:32)
    at E:\third\project\server\node_modules\koa-mount\index.js:52:32
*************** error log end ***************

[2020-07-13T17:27:55.486] [ERROR] errorLogger - 
*************** error log start ***************
request method: GET
request originalUrl:  /api/server/findServer?0=0&2=&3=&5=1&6=0
request client ip:  ::ffff:127.0.0.1
request query:  {"0":"0","2":"","3":"","5":"1","6":"0","gameid":"1"}
response time: 1594632475485
err name: ReferenceError
err message: getType is not defined
err stack: ReferenceError: getType is not defined
    at GmServerService._callee$ (E:\third\project\server\src\app\service\/gm-server.js:44:11)
    at tryCatch (E:\third\project\server\node_modules\regenerator-runtime\runtime.js:45:40)
    at Generator.invoke [as _invoke] (E:\third\project\server\node_modules\regenerator-runtime\runtime.js:274:22)
    at Generator.prototype.<computed> [as next] (E:\third\project\server\node_modules\regenerator-runtime\runtime.js:97:21)
    at asyncGeneratorStep (E:\third\project\server\node_modules\@babel\runtime\helpers\asyncToGenerator.js:3:24)
    at _next (E:\third\project\server\node_modules\@babel\runtime\helpers\asyncToGenerator.js:25:9)
    at E:\third\project\server\node_modules\@babel\runtime\helpers\asyncToGenerator.js:32:7
    at new Promise (<anonymous>)
    at GmServerService.<anonymous> (E:\third\project\server\node_modules\@babel\runtime\helpers\asyncToGenerator.js:21:12)
    at GmServerService.serverFindByParam (E:\third\project\server\src\app\service\gm-server.js:173:35)
    at _callee10$ (E:\third\project\server\src\app\controllers\/server.js:107:38)
    at tryCatch (E:\third\project\server\node_modules\regenerator-runtime\runtime.js:45:40)
    at Generator.invoke [as _invoke] (E:\third\project\server\node_modules\regenerator-runtime\runtime.js:274:22)
    at Generator.prototype.<computed> [as next] (E:\third\project\server\node_modules\regenerator-runtime\runtime.js:97:21)
    at asyncGeneratorStep (E:\third\project\server\node_modules\@babel\runtime\helpers\asyncToGenerator.js:3:24)
    at _next (E:\third\project\server\node_modules\@babel\runtime\helpers\asyncToGenerator.js:25:9)
    at E:\third\project\server\node_modules\@babel\runtime\helpers\asyncToGenerator.js:32:7
    at new Promise (<anonymous>)
    at E:\third\project\server\node_modules\@babel\runtime\helpers\asyncToGenerator.js:21:12
    at findServer (E:\third\project\server\src\app\controllers\server.js:406:28)
    at dispatch (E:\third\project\server\node_modules\koa-router\node_modules\koa-compose\index.js:44:32)
    at next (E:\third\project\server\node_modules\koa-router\node_modules\koa-compose\index.js:45:18)
    at E:\third\project\server\node_modules\koa-router\lib\router.js:346:16
    at dispatch (E:\third\project\server\node_modules\koa-router\node_modules\koa-compose\index.js:44:32)
    at E:\third\project\server\node_modules\koa-router\node_modules\koa-compose\index.js:36:12
    at dispatch (E:\third\project\server\node_modules\koa-router\lib\router.js:351:31)
    at dispatch (E:\third\project\server\node_modules\koa-compose\index.js:42:32)
    at E:\third\project\server\node_modules\koa-mount\index.js:52:32
*************** error log end ***************

[2020-07-13T17:33:17.260] [ERROR] errorLogger - 
*************** error log start ***************
request method: GET
request originalUrl:  /api/server/findServer?0=0&1[]=%E4%B9%85%E6%B8%B8&1[]=%E5%B0%8F%E7%B1%B3&2=&3=&5=1&6=0
request client ip:  ::ffff:127.0.0.1
request query:  {"0":"0","2":"","3":"","5":"1","6":"0","1[]":["久游","小米"],"gameid":"1"}
response time: 1594632797260
err name: SequelizeDatabaseError
err message: column "久游" does not exist
err stack: SequelizeDatabaseError: column "久游" does not exist
    at Query.formatError (E:\third\project\server\node_modules\sequelize\lib\dialects\postgres\query.js:366:16)
    at E:\third\project\server\node_modules\sequelize\lib\dialects\postgres\query.js:72:18
    at tryCatcher (E:\third\project\server\node_modules\bluebird\js\release\util.js:16:23)
    at Promise._settlePromiseFromHandler (E:\third\project\server\node_modules\bluebird\js\release\promise.js:547:31)
    at Promise._settlePromise (E:\third\project\server\node_modules\bluebird\js\release\promise.js:604:18)
    at Promise._settlePromise0 (E:\third\project\server\node_modules\bluebird\js\release\promise.js:649:10)
    at Promise._settlePromises (E:\third\project\server\node_modules\bluebird\js\release\promise.js:725:18)
    at _drainQueueStep (E:\third\project\server\node_modules\bluebird\js\release\async.js:93:12)
    at _drainQueue (E:\third\project\server\node_modules\bluebird\js\release\async.js:86:9)
    at Async._drainQueues (E:\third\project\server\node_modules\bluebird\js\release\async.js:102:5)
    at Immediate.Async.drainQueues [as _onImmediate] (E:\third\project\server\node_modules\bluebird\js\release\async.js:15:14)
    at processImmediate (internal/timers.js:456:21)
*************** error log end ***************

[2020-07-13T17:33:49.762] [ERROR] errorLogger - 
*************** error log start ***************
request method: GET
request originalUrl:  /api/server/findServer?0=0&1[]=%E4%B9%85%E6%B8%B8&1[]=%E8%85%BE%E8%AE%AF&2=&3=&5=1&6=0
request client ip:  ::ffff:127.0.0.1
request query:  {"0":"0","2":"","3":"","5":"1","6":"0","1[]":["久游","腾讯"],"gameid":"1"}
response time: 1594632829761
err name: SequelizeDatabaseError
err message: column "久游,腾讯" does not exist
err stack: SequelizeDatabaseError: column "久游,腾讯" does not exist
    at Query.formatError (E:\third\project\server\node_modules\sequelize\lib\dialects\postgres\query.js:366:16)
    at E:\third\project\server\node_modules\sequelize\lib\dialects\postgres\query.js:72:18
    at tryCatcher (E:\third\project\server\node_modules\bluebird\js\release\util.js:16:23)
    at Promise._settlePromiseFromHandler (E:\third\project\server\node_modules\bluebird\js\release\promise.js:547:31)
    at Promise._settlePromise (E:\third\project\server\node_modules\bluebird\js\release\promise.js:604:18)
    at Promise._settlePromise0 (E:\third\project\server\node_modules\bluebird\js\release\promise.js:649:10)
    at Promise._settlePromises (E:\third\project\server\node_modules\bluebird\js\release\promise.js:725:18)
    at _drainQueueStep (E:\third\project\server\node_modules\bluebird\js\release\async.js:93:12)
    at _drainQueue (E:\third\project\server\node_modules\bluebird\js\release\async.js:86:9)
    at Async._drainQueues (E:\third\project\server\node_modules\bluebird\js\release\async.js:102:5)
    at Immediate.Async.drainQueues [as _onImmediate] (E:\third\project\server\node_modules\bluebird\js\release\async.js:15:14)
    at processImmediate (internal/timers.js:456:21)
*************** error log end ***************

[2020-07-13T17:34:55.368] [ERROR] errorLogger - 
*************** error log start ***************
request method: GET
request originalUrl:  /api/server/findServer?0=0&1[]=%E4%B9%85%E6%B8%B8&1[]=%E8%85%BE%E8%AE%AF&1[]=%E5%B0%8F%E7%B1%B3&2=&3=&5=1&6=0
request client ip:  ::ffff:127.0.0.1
request query:  {"0":"0","2":"","3":"","5":"1","6":"0","1[]":["久游","腾讯","小米"],"gameid":"1"}
response time: 1594632895367
err name: SequelizeDatabaseError
err message: syntax error at or near ","
err stack: SequelizeDatabaseError: syntax error at or near ","
    at Query.formatError (E:\third\project\server\node_modules\sequelize\lib\dialects\postgres\query.js:366:16)
    at E:\third\project\server\node_modules\sequelize\lib\dialects\postgres\query.js:72:18
    at tryCatcher (E:\third\project\server\node_modules\bluebird\js\release\util.js:16:23)
    at Promise._settlePromiseFromHandler (E:\third\project\server\node_modules\bluebird\js\release\promise.js:547:31)
    at Promise._settlePromise (E:\third\project\server\node_modules\bluebird\js\release\promise.js:604:18)
    at Promise._settlePromise0 (E:\third\project\server\node_modules\bluebird\js\release\promise.js:649:10)
    at Promise._settlePromises (E:\third\project\server\node_modules\bluebird\js\release\promise.js:725:18)
    at _drainQueueStep (E:\third\project\server\node_modules\bluebird\js\release\async.js:93:12)
    at _drainQueue (E:\third\project\server\node_modules\bluebird\js\release\async.js:86:9)
    at Async._drainQueues (E:\third\project\server\node_modules\bluebird\js\release\async.js:102:5)
    at Immediate.Async.drainQueues [as _onImmediate] (E:\third\project\server\node_modules\bluebird\js\release\async.js:15:14)
    at processImmediate (internal/timers.js:456:21)
*************** error log end ***************

[2020-07-13T17:35:06.051] [ERROR] errorLogger - 
*************** error log start ***************
request method: GET
request originalUrl:  /api/server/findServer?0=0&1[]=%E4%B9%85%E6%B8%B8&1[]=%E5%B0%8F%E7%B1%B3&2=&3=&5=1&6=0
request client ip:  ::ffff:127.0.0.1
request query:  {"0":"0","2":"","3":"","5":"1","6":"0","1[]":["久游","小米"],"gameid":"1"}
response time: 1594632906050
err name: SequelizeDatabaseError
err message: syntax error at or near ","
err stack: SequelizeDatabaseError: syntax error at or near ","
    at Query.formatError (E:\third\project\server\node_modules\sequelize\lib\dialects\postgres\query.js:366:16)
    at E:\third\project\server\node_modules\sequelize\lib\dialects\postgres\query.js:72:18
    at tryCatcher (E:\third\project\server\node_modules\bluebird\js\release\util.js:16:23)
    at Promise._settlePromiseFromHandler (E:\third\project\server\node_modules\bluebird\js\release\promise.js:547:31)
    at Promise._settlePromise (E:\third\project\server\node_modules\bluebird\js\release\promise.js:604:18)
    at Promise._settlePromise0 (E:\third\project\server\node_modules\bluebird\js\release\promise.js:649:10)
    at Promise._settlePromises (E:\third\project\server\node_modules\bluebird\js\release\promise.js:725:18)
    at _drainQueueStep (E:\third\project\server\node_modules\bluebird\js\release\async.js:93:12)
    at _drainQueue (E:\third\project\server\node_modules\bluebird\js\release\async.js:86:9)
    at Async._drainQueues (E:\third\project\server\node_modules\bluebird\js\release\async.js:102:5)
    at Immediate.Async.drainQueues [as _onImmediate] (E:\third\project\server\node_modules\bluebird\js\release\async.js:15:14)
    at processImmediate (internal/timers.js:456:21)
*************** error log end ***************

