[2020-07-12T03:06:10.087] [ERROR] errorLogger - 
*************** error log start ***************
request method: GET
request originalUrl:  /api/user/permission?username=admin
request client ip:  ::ffff:127.0.0.1
request query:  {"username":"admin"}
response time: 1594494370087
err name: TypeError
err message: Cannot read property 'id' of undefined
err stack: TypeError: Cannot read property 'id' of undefined
    at _callee$ (H:\project\project\server\src\app\controllers\/user.js:21:47)
    at tryCatch (H:\project\project\server\node_modules\regenerator-runtime\runtime.js:45:40)
    at Generator.invoke [as _invoke] (H:\project\project\server\node_modules\regenerator-runtime\runtime.js:274:22)
    at Generator.prototype.<computed> [as next] (H:\project\project\server\node_modules\regenerator-runtime\runtime.js:97:21)
    at asyncGeneratorStep (H:\project\project\server\node_modules\@babel\runtime\helpers\asyncToGenerator.js:3:24)
    at _next (H:\project\project\server\node_modules\@babel\runtime\helpers\asyncToGenerator.js:25:9)
    at H:\project\project\server\node_modules\@babel\runtime\helpers\asyncToGenerator.js:32:7
    at new Promise (<anonymous>)
    at H:\project\project\server\node_modules\@babel\runtime\helpers\asyncToGenerator.js:21:12
    at findUser (H:\project\project\server\src\app\controllers\user.js:91:26)
    at dispatch (H:\project\project\server\node_modules\koa-router\node_modules\koa-compose\index.js:44:32)
    at next (H:\project\project\server\node_modules\koa-router\node_modules\koa-compose\index.js:45:18)
    at H:\project\project\server\node_modules\koa-router\lib\router.js:346:16
    at dispatch (H:\project\project\server\node_modules\koa-router\node_modules\koa-compose\index.js:44:32)
    at H:\project\project\server\node_modules\koa-router\node_modules\koa-compose\index.js:36:12
    at dispatch (H:\project\project\server\node_modules\koa-router\lib\router.js:351:31)
    at dispatch (H:\project\project\server\node_modules\koa-compose\index.js:42:32)
    at H:\project\project\server\node_modules\koa-mount\index.js:52:32
    at next (H:\project\project\server\node_modules\koa-compose\index.js:42:32)
    at _callee4$ (H:\project\project\server\src\middleware\/permission.js:91:17)
    at tryCatch (H:\project\project\server\node_modules\regenerator-runtime\runtime.js:45:40)
    at Generator.invoke [as _invoke] (H:\project\project\server\node_modules\regenerator-runtime\runtime.js:274:22)
    at Generator.prototype.<computed> [as next] (H:\project\project\server\node_modules\regenerator-runtime\runtime.js:97:21)
    at asyncGeneratorStep (H:\project\project\server\node_modules\@babel\runtime\helpers\asyncToGenerator.js:3:24)
    at _next (H:\project\project\server\node_modules\@babel\runtime\helpers\asyncToGenerator.js:25:9)
    at H:\project\project\server\node_modules\@babel\runtime\helpers\asyncToGenerator.js:32:7
    at new Promise (<anonymous>)
    at H:\project\project\server\node_modules\@babel\runtime\helpers\asyncToGenerator.js:21:12
*************** error log end ***************

[2020-07-12T20:36:28.029] [ERROR] errorLogger - 
*************** error log start ***************
request method: GET
request originalUrl:  /api/server/findServerByID?key=serverid&value=1
request client ip:  ::ffff:127.0.0.1
request query:  {"key":"serverid","value":"1","gameid":"1"}
response time: 1594557388028
err name: ReferenceError
err message: where is not defined
err stack: ReferenceError: where is not defined
    at _callee2$ (H:\project\project\server\src\app\service\/gm-server.js:61:48)
    at tryCatch (H:\project\project\server\node_modules\regenerator-runtime\runtime.js:45:40)
    at Generator.invoke [as _invoke] (H:\project\project\server\node_modules\regenerator-runtime\runtime.js:274:22)
    at Generator.prototype.<computed> [as next] (H:\project\project\server\node_modules\regenerator-runtime\runtime.js:97:21)
    at asyncGeneratorStep (H:\project\project\server\node_modules\@babel\runtime\helpers\asyncToGenerator.js:3:24)
    at _next (H:\project\project\server\node_modules\@babel\runtime\helpers\asyncToGenerator.js:25:9)
    at H:\project\project\server\node_modules\@babel\runtime\helpers\asyncToGenerator.js:32:7
    at new Promise (<anonymous>)
    at GmServerService.<anonymous> (H:\project\project\server\node_modules\@babel\runtime\helpers\asyncToGenerator.js:21:12)
    at GmServerService.findServerByID (H:\project\project\server\src\app\service\gm-server.js:199:32)
    at _callee11$ (H:\project\project\server\src\app\controllers\/server.js:114:38)
    at tryCatch (H:\project\project\server\node_modules\regenerator-runtime\runtime.js:45:40)
    at Generator.invoke [as _invoke] (H:\project\project\server\node_modules\regenerator-runtime\runtime.js:274:22)
    at Generator.prototype.<computed> [as next] (H:\project\project\server\node_modules\regenerator-runtime\runtime.js:97:21)
    at asyncGeneratorStep (H:\project\project\server\node_modules\@babel\runtime\helpers\asyncToGenerator.js:3:24)
    at _next (H:\project\project\server\node_modules\@babel\runtime\helpers\asyncToGenerator.js:25:9)
    at H:\project\project\server\node_modules\@babel\runtime\helpers\asyncToGenerator.js:32:7
    at new Promise (<anonymous>)
    at H:\project\project\server\node_modules\@babel\runtime\helpers\asyncToGenerator.js:21:12
    at findServerByID (H:\project\project\server\src\app\controllers\server.js:438:32)
    at dispatch (H:\project\project\server\node_modules\koa-router\node_modules\koa-compose\index.js:44:32)
    at next (H:\project\project\server\node_modules\koa-router\node_modules\koa-compose\index.js:45:18)
    at H:\project\project\server\node_modules\koa-router\lib\router.js:346:16
    at dispatch (H:\project\project\server\node_modules\koa-router\node_modules\koa-compose\index.js:44:32)
    at H:\project\project\server\node_modules\koa-router\node_modules\koa-compose\index.js:36:12
    at dispatch (H:\project\project\server\node_modules\koa-router\lib\router.js:351:31)
    at dispatch (H:\project\project\server\node_modules\koa-compose\index.js:42:32)
    at H:\project\project\server\node_modules\koa-mount\index.js:52:32
*************** error log end ***************

[2020-07-12T20:38:12.823] [ERROR] errorLogger - 
*************** error log start ***************
request method: GET
request originalUrl:  /api/server/findServerByID?key=serverid&value=1
request client ip:  ::ffff:127.0.0.1
request query:  {"key":"serverid","value":"1","gameid":"1"}
response time: 1594557492822
err name: SequelizeDatabaseError
err message: syntax error at or near "="
err stack: SequelizeDatabaseError: syntax error at or near "="
    at Query.formatError (H:\project\project\server\node_modules\sequelize\lib\dialects\postgres\query.js:366:16)
    at H:\project\project\server\node_modules\sequelize\lib\dialects\postgres\query.js:72:18
    at tryCatcher (H:\project\project\server\node_modules\bluebird\js\release\util.js:16:23)
    at Promise._settlePromiseFromHandler (H:\project\project\server\node_modules\bluebird\js\release\promise.js:547:31)
    at Promise._settlePromise (H:\project\project\server\node_modules\bluebird\js\release\promise.js:604:18)
    at Promise._settlePromise0 (H:\project\project\server\node_modules\bluebird\js\release\promise.js:649:10)
    at Promise._settlePromises (H:\project\project\server\node_modules\bluebird\js\release\promise.js:725:18)
    at _drainQueueStep (H:\project\project\server\node_modules\bluebird\js\release\async.js:93:12)
    at _drainQueue (H:\project\project\server\node_modules\bluebird\js\release\async.js:86:9)
    at Async._drainQueues (H:\project\project\server\node_modules\bluebird\js\release\async.js:102:5)
    at Immediate.Async.drainQueues [as _onImmediate] (H:\project\project\server\node_modules\bluebird\js\release\async.js:15:14)
    at processImmediate (internal/timers.js:456:21)
*************** error log end ***************

[2020-07-12T20:38:45.887] [ERROR] errorLogger - 
*************** error log start ***************
request method: GET
request originalUrl:  /api/server/findServerByID?key=serverid&value=1
request client ip:  ::ffff:127.0.0.1
request query:  {"key":"serverid","value":"1","gameid":"1"}
response time: 1594557525886
err name: SequelizeDatabaseError
err message: syntax error at or near "="
err stack: SequelizeDatabaseError: syntax error at or near "="
    at Query.formatError (H:\project\project\server\node_modules\sequelize\lib\dialects\postgres\query.js:366:16)
    at H:\project\project\server\node_modules\sequelize\lib\dialects\postgres\query.js:72:18
    at tryCatcher (H:\project\project\server\node_modules\bluebird\js\release\util.js:16:23)
    at Promise._settlePromiseFromHandler (H:\project\project\server\node_modules\bluebird\js\release\promise.js:547:31)
    at Promise._settlePromise (H:\project\project\server\node_modules\bluebird\js\release\promise.js:604:18)
    at Promise._settlePromise0 (H:\project\project\server\node_modules\bluebird\js\release\promise.js:649:10)
    at Promise._settlePromises (H:\project\project\server\node_modules\bluebird\js\release\promise.js:725:18)
    at _drainQueueStep (H:\project\project\server\node_modules\bluebird\js\release\async.js:93:12)
    at _drainQueue (H:\project\project\server\node_modules\bluebird\js\release\async.js:86:9)
    at Async._drainQueues (H:\project\project\server\node_modules\bluebird\js\release\async.js:102:5)
    at Immediate.Async.drainQueues [as _onImmediate] (H:\project\project\server\node_modules\bluebird\js\release\async.js:15:14)
    at processImmediate (internal/timers.js:456:21)
*************** error log end ***************

[2020-07-12T21:21:56.034] [ERROR] errorLogger - 
*************** error log start ***************
request method: GET
request originalUrl:  /api/server/findServerByID?key=serverid&value=
request client ip:  ::ffff:127.0.0.1
request query:  {"key":"serverid","value":"","gameid":"1"}
response time: 1594560116034
err name: ReferenceError
err message: where is not defined
err stack: ReferenceError: where is not defined
    at _callee2$ (H:\project\project\server\src\app\service\/gm-server.js:66:48)
    at tryCatch (H:\project\project\server\node_modules\regenerator-runtime\runtime.js:45:40)
    at Generator.invoke [as _invoke] (H:\project\project\server\node_modules\regenerator-runtime\runtime.js:274:22)
    at Generator.prototype.<computed> [as next] (H:\project\project\server\node_modules\regenerator-runtime\runtime.js:97:21)
    at asyncGeneratorStep (H:\project\project\server\node_modules\@babel\runtime\helpers\asyncToGenerator.js:3:24)
    at _next (H:\project\project\server\node_modules\@babel\runtime\helpers\asyncToGenerator.js:25:9)
    at H:\project\project\server\node_modules\@babel\runtime\helpers\asyncToGenerator.js:32:7
    at new Promise (<anonymous>)
    at GmServerService.<anonymous> (H:\project\project\server\node_modules\@babel\runtime\helpers\asyncToGenerator.js:21:12)
    at GmServerService.findServerByID (H:\project\project\server\src\app\service\gm-server.js:207:32)
    at _callee11$ (H:\project\project\server\src\app\controllers\/server.js:114:38)
    at tryCatch (H:\project\project\server\node_modules\regenerator-runtime\runtime.js:45:40)
    at Generator.invoke [as _invoke] (H:\project\project\server\node_modules\regenerator-runtime\runtime.js:274:22)
    at Generator.prototype.<computed> [as next] (H:\project\project\server\node_modules\regenerator-runtime\runtime.js:97:21)
    at asyncGeneratorStep (H:\project\project\server\node_modules\@babel\runtime\helpers\asyncToGenerator.js:3:24)
    at _next (H:\project\project\server\node_modules\@babel\runtime\helpers\asyncToGenerator.js:25:9)
    at H:\project\project\server\node_modules\@babel\runtime\helpers\asyncToGenerator.js:32:7
    at new Promise (<anonymous>)
    at H:\project\project\server\node_modules\@babel\runtime\helpers\asyncToGenerator.js:21:12
    at findServerByID (H:\project\project\server\src\app\controllers\server.js:438:32)
    at dispatch (H:\project\project\server\node_modules\koa-router\node_modules\koa-compose\index.js:44:32)
    at next (H:\project\project\server\node_modules\koa-router\node_modules\koa-compose\index.js:45:18)
    at H:\project\project\server\node_modules\koa-router\lib\router.js:346:16
    at dispatch (H:\project\project\server\node_modules\koa-router\node_modules\koa-compose\index.js:44:32)
    at H:\project\project\server\node_modules\koa-router\node_modules\koa-compose\index.js:36:12
    at dispatch (H:\project\project\server\node_modules\koa-router\lib\router.js:351:31)
    at dispatch (H:\project\project\server\node_modules\koa-compose\index.js:42:32)
    at H:\project\project\server\node_modules\koa-mount\index.js:52:32
*************** error log end ***************

[2020-07-12T23:03:21.910] [ERROR] errorLogger - 
*************** error log start ***************
request method: GET
request originalUrl:  /api/server/findServerByID?key=serverid&value=
request client ip:  ::ffff:127.0.0.1
request query:  {"key":"serverid","value":"","gameid":"1"}
response time: 1594566201909
err name: SequelizeDatabaseError
err message: column "gm_server.id" must appear in the GROUP BY clause or be used in an aggregate function
err stack: SequelizeDatabaseError: column "gm_server.id" must appear in the GROUP BY clause or be used in an aggregate function
    at Query.formatError (H:\project\project\server\node_modules\sequelize\lib\dialects\postgres\query.js:366:16)
    at H:\project\project\server\node_modules\sequelize\lib\dialects\postgres\query.js:72:18
    at tryCatcher (H:\project\project\server\node_modules\bluebird\js\release\util.js:16:23)
    at Promise._settlePromiseFromHandler (H:\project\project\server\node_modules\bluebird\js\release\promise.js:547:31)
    at Promise._settlePromise (H:\project\project\server\node_modules\bluebird\js\release\promise.js:604:18)
    at Promise._settlePromise0 (H:\project\project\server\node_modules\bluebird\js\release\promise.js:649:10)
    at Promise._settlePromises (H:\project\project\server\node_modules\bluebird\js\release\promise.js:725:18)
    at _drainQueueStep (H:\project\project\server\node_modules\bluebird\js\release\async.js:93:12)
    at _drainQueue (H:\project\project\server\node_modules\bluebird\js\release\async.js:86:9)
    at Async._drainQueues (H:\project\project\server\node_modules\bluebird\js\release\async.js:102:5)
    at Immediate.Async.drainQueues [as _onImmediate] (H:\project\project\server\node_modules\bluebird\js\release\async.js:15:14)
    at processImmediate (internal/timers.js:456:21)
*************** error log end ***************

[2020-07-12T23:54:37.257] [ERROR] errorLogger - 
*************** error log start ***************
request method: GET
request originalUrl:  /api/server/findServer?0=0&1=&2=&3=&5=1&6=1
request client ip:  ::ffff:127.0.0.1
request query:  {"0":"0","1":"","2":"","3":"","5":"1","6":"1","gameid":"1"}
response time: 1594569277256
err name: SequelizeDatabaseError
err message: syntax error at or near "1"
err stack: SequelizeDatabaseError: syntax error at or near "1"
    at Query.formatError (H:\project\project\server\node_modules\sequelize\lib\dialects\postgres\query.js:366:16)
    at H:\project\project\server\node_modules\sequelize\lib\dialects\postgres\query.js:72:18
    at tryCatcher (H:\project\project\server\node_modules\bluebird\js\release\util.js:16:23)
    at Promise._settlePromiseFromHandler (H:\project\project\server\node_modules\bluebird\js\release\promise.js:547:31)
    at Promise._settlePromise (H:\project\project\server\node_modules\bluebird\js\release\promise.js:604:18)
    at Promise._settlePromise0 (H:\project\project\server\node_modules\bluebird\js\release\promise.js:649:10)
    at Promise._settlePromises (H:\project\project\server\node_modules\bluebird\js\release\promise.js:725:18)
    at _drainQueueStep (H:\project\project\server\node_modules\bluebird\js\release\async.js:93:12)
    at _drainQueue (H:\project\project\server\node_modules\bluebird\js\release\async.js:86:9)
    at Async._drainQueues (H:\project\project\server\node_modules\bluebird\js\release\async.js:102:5)
    at Immediate.Async.drainQueues [as _onImmediate] (H:\project\project\server\node_modules\bluebird\js\release\async.js:15:14)
    at processImmediate (internal/timers.js:456:21)
*************** error log end ***************

[2020-07-12T23:57:00.155] [ERROR] errorLogger - 
*************** error log start ***************
request method: GET
request originalUrl:  /api/server/findServer?0=0&1=&2=&3=&5=1&6=1
request client ip:  ::ffff:127.0.0.1
request query:  {"0":"0","1":"","2":"","3":"","5":"1","6":"1","gameid":"1"}
response time: 1594569420155
err name: SequelizeDatabaseError
err message: syntax error at or near "test"
err stack: SequelizeDatabaseError: syntax error at or near "test"
    at Query.formatError (H:\project\project\server\node_modules\sequelize\lib\dialects\postgres\query.js:366:16)
    at H:\project\project\server\node_modules\sequelize\lib\dialects\postgres\query.js:72:18
    at tryCatcher (H:\project\project\server\node_modules\bluebird\js\release\util.js:16:23)
    at Promise._settlePromiseFromHandler (H:\project\project\server\node_modules\bluebird\js\release\promise.js:547:31)
    at Promise._settlePromise (H:\project\project\server\node_modules\bluebird\js\release\promise.js:604:18)
    at Promise._settlePromise0 (H:\project\project\server\node_modules\bluebird\js\release\promise.js:649:10)
    at Promise._settlePromises (H:\project\project\server\node_modules\bluebird\js\release\promise.js:725:18)
    at _drainQueueStep (H:\project\project\server\node_modules\bluebird\js\release\async.js:93:12)
    at _drainQueue (H:\project\project\server\node_modules\bluebird\js\release\async.js:86:9)
    at Async._drainQueues (H:\project\project\server\node_modules\bluebird\js\release\async.js:102:5)
    at Immediate.Async.drainQueues [as _onImmediate] (H:\project\project\server\node_modules\bluebird\js\release\async.js:15:14)
    at processImmediate (internal/timers.js:456:21)
*************** error log end ***************

[2020-07-12T23:57:26.872] [ERROR] errorLogger - 
*************** error log start ***************
request method: GET
request originalUrl:  /api/server/findServer?0=0&1=&2=&3=&5=1&6=1
request client ip:  ::ffff:127.0.0.1
request query:  {"0":"0","1":"","2":"","3":"","5":"1","6":"1","gameid":"1"}
response time: 1594569446871
err name: SequelizeDatabaseError
err message: operator does not exist: character varying = integer
err stack: SequelizeDatabaseError: operator does not exist: character varying = integer
    at Query.formatError (H:\project\project\server\node_modules\sequelize\lib\dialects\postgres\query.js:366:16)
    at H:\project\project\server\node_modules\sequelize\lib\dialects\postgres\query.js:72:18
    at tryCatcher (H:\project\project\server\node_modules\bluebird\js\release\util.js:16:23)
    at Promise._settlePromiseFromHandler (H:\project\project\server\node_modules\bluebird\js\release\promise.js:547:31)
    at Promise._settlePromise (H:\project\project\server\node_modules\bluebird\js\release\promise.js:604:18)
    at Promise._settlePromise0 (H:\project\project\server\node_modules\bluebird\js\release\promise.js:649:10)
    at Promise._settlePromises (H:\project\project\server\node_modules\bluebird\js\release\promise.js:725:18)
    at _drainQueueStep (H:\project\project\server\node_modules\bluebird\js\release\async.js:93:12)
    at _drainQueue (H:\project\project\server\node_modules\bluebird\js\release\async.js:86:9)
    at Async._drainQueues (H:\project\project\server\node_modules\bluebird\js\release\async.js:102:5)
    at Immediate.Async.drainQueues [as _onImmediate] (H:\project\project\server\node_modules\bluebird\js\release\async.js:15:14)
    at processImmediate (internal/timers.js:456:21)
*************** error log end ***************

