[2020-08-05T16:32:03.020] [ERROR] errorLogger - 
*************** error log start ***************
request method: POST
request originalUrl:  /api/announcement/create
request client ip:  ::ffff:127.0.0.1
request body: 
{"bulletinid":null,"stime":"'Invalid Date'","etime":"'Invalid Date'","plaform":null,"channel":null,"servername":null,"interval":null,"weights":null,"title":null,"images":null,"a":null,"text":null,"type":"'1'","gameid":"'1'"}
response time: 1596616323018
err name: SequelizeDatabaseError
err message: invalid input syntax for type timestamp: "Invalid Date"
err stack: SequelizeDatabaseError: invalid input syntax for type timestamp: "Invalid Date"
    at Query.formatError (E:\third\project\server\node_modules\sequelize\lib\dialects\postgres\query.js:366:16)
    at E:\third\project\server\node_modules\sequelize\lib\dialects\postgres\query.js:72:18
    at tryCatcher (E:\third\project\server\node_modules\bluebird\js\release\util.js:16:23)
    at Promise._settlePromiseFromHandler (E:\third\project\server\node_modules\bluebird\js\release\promise.js:547:31)
    at Promise._settlePromise (E:\third\project\server\node_modules\bluebird\js\release\promise.js:604:18)
    at Promise._settlePromise0 (E:\third\project\server\node_modules\bluebird\js\release\promise.js:649:10)
    at Promise._settlePromises (E:\third\project\server\node_modules\bluebird\js\release\promise.js:725:18)
    at _drainQueueStep (E:\third\project\server\node_modules\bluebird\js\release\async.js:93:12)
    at _drainQueue (E:\third\project\server\node_modules\bluebird\js\release\async.js:86:9)
    at Async._drainQueues (E:\third\project\server\node_modules\bluebird\js\release\async.js:102:5)
    at Immediate.Async.drainQueues [as _onImmediate] (E:\third\project\server\node_modules\bluebird\js\release\async.js:15:14)
    at processImmediate (internal/timers.js:456:21)
*************** error log end ***************

[2020-08-05T16:41:40.699] [ERROR] errorLogger - 
*************** error log start ***************
request method: POST
request originalUrl:  /api/announcement/create
request client ip:  ::ffff:127.0.0.1
request body: 
{"bulletinid":null,"stime":"'Invalid Date'","etime":"'Invalid Date'","plaform":null,"channel":null,"servername":null,"interval":null,"weights":null,"title":null,"images":null,"a":null,"text":null,"type":"'1'","gameid":"'1'"}
response time: 1596616900699
err name: SequelizeDatabaseError
err message: invalid input syntax for type timestamp: "Invalid Date"
err stack: SequelizeDatabaseError: invalid input syntax for type timestamp: "Invalid Date"
    at Query.formatError (E:\third\project\server\node_modules\sequelize\lib\dialects\postgres\query.js:366:16)
    at E:\third\project\server\node_modules\sequelize\lib\dialects\postgres\query.js:72:18
    at tryCatcher (E:\third\project\server\node_modules\bluebird\js\release\util.js:16:23)
    at Promise._settlePromiseFromHandler (E:\third\project\server\node_modules\bluebird\js\release\promise.js:547:31)
    at Promise._settlePromise (E:\third\project\server\node_modules\bluebird\js\release\promise.js:604:18)
    at Promise._settlePromise0 (E:\third\project\server\node_modules\bluebird\js\release\promise.js:649:10)
    at Promise._settlePromises (E:\third\project\server\node_modules\bluebird\js\release\promise.js:725:18)
    at _drainQueueStep (E:\third\project\server\node_modules\bluebird\js\release\async.js:93:12)
    at _drainQueue (E:\third\project\server\node_modules\bluebird\js\release\async.js:86:9)
    at Async._drainQueues (E:\third\project\server\node_modules\bluebird\js\release\async.js:102:5)
    at Immediate.Async.drainQueues [as _onImmediate] (E:\third\project\server\node_modules\bluebird\js\release\async.js:15:14)
    at processImmediate (internal/timers.js:456:21)
*************** error log end ***************

[2020-08-05T16:41:49.607] [ERROR] errorLogger - 
*************** error log start ***************
request method: POST
request originalUrl:  /api/announcement/create
request client ip:  ::ffff:127.0.0.1
request body: 
{"bulletinid":null,"stime":"'Invalid Date'","etime":"'Invalid Date'","plaform":null,"channel":null,"servername":null,"interval":null,"weights":null,"title":null,"images":null,"a":null,"text":null,"type":"'1'","gameid":"'1'"}
response time: 1596616909607
err name: SequelizeDatabaseError
err message: invalid input syntax for type timestamp: "Invalid Date"
err stack: SequelizeDatabaseError: invalid input syntax for type timestamp: "Invalid Date"
    at Query.formatError (E:\third\project\server\node_modules\sequelize\lib\dialects\postgres\query.js:366:16)
    at E:\third\project\server\node_modules\sequelize\lib\dialects\postgres\query.js:72:18
    at tryCatcher (E:\third\project\server\node_modules\bluebird\js\release\util.js:16:23)
    at Promise._settlePromiseFromHandler (E:\third\project\server\node_modules\bluebird\js\release\promise.js:547:31)
    at Promise._settlePromise (E:\third\project\server\node_modules\bluebird\js\release\promise.js:604:18)
    at Promise._settlePromise0 (E:\third\project\server\node_modules\bluebird\js\release\promise.js:649:10)
    at Promise._settlePromises (E:\third\project\server\node_modules\bluebird\js\release\promise.js:725:18)
    at _drainQueueStep (E:\third\project\server\node_modules\bluebird\js\release\async.js:93:12)
    at _drainQueue (E:\third\project\server\node_modules\bluebird\js\release\async.js:86:9)
    at Async._drainQueues (E:\third\project\server\node_modules\bluebird\js\release\async.js:102:5)
    at Immediate.Async.drainQueues [as _onImmediate] (E:\third\project\server\node_modules\bluebird\js\release\async.js:15:14)
    at processImmediate (internal/timers.js:456:21)
*************** error log end ***************

