[2020-07-28T13:28:29.151] [ERROR] errorLogger - 
*************** error log start ***************
request method: GET
request originalUrl:  /api/character/backPackQuery?roleid=1
request client ip:  ::ffff:127.0.0.1
request query:  {"roleid":"1","gameid":"1"}
response time: 1595914109150
err name: TypeError
err message: Cannot read property 'code' of null
err stack: TypeError: Cannot read property 'code' of null
    at _callee9$ (E:\third\project\server\src\app\service\/Character.js:352:15)
    at tryCatch (E:\third\project\server\node_modules\regenerator-runtime\runtime.js:45:40)
    at Generator.invoke [as _invoke] (E:\third\project\server\node_modules\regenerator-runtime\runtime.js:281:22)
    at Generator.prototype.<computed> [as next] (E:\third\project\server\node_modules\regenerator-runtime\runtime.js:106:21)
    at asyncGeneratorStep (E:\third\project\server\node_modules\@babel\runtime\helpers\asyncToGenerator.js:3:24)
    at _next (E:\third\project\server\node_modules\@babel\runtime\helpers\asyncToGenerator.js:25:9)
    at processTicksAndRejections (internal/process/task_queues.js:97:5)
*************** error log end ***************

[2020-07-28T13:29:10.442] [ERROR] errorLogger - 
*************** error log start ***************
request method: GET
request originalUrl:  /api/character/backPackQuery?roleid=1
request client ip:  ::ffff:127.0.0.1
request query:  {"roleid":"1","gameid":"1"}
response time: 1595914150442
err name: TypeError
err message: Cannot read property 'code' of null
err stack: TypeError: Cannot read property 'code' of null
    at _callee9$ (E:\third\project\server\src\app\service\/Character.js:353:15)
    at tryCatch (E:\third\project\server\node_modules\regenerator-runtime\runtime.js:45:40)
    at Generator.invoke [as _invoke] (E:\third\project\server\node_modules\regenerator-runtime\runtime.js:281:22)
    at Generator.prototype.<computed> [as next] (E:\third\project\server\node_modules\regenerator-runtime\runtime.js:106:21)
    at asyncGeneratorStep (E:\third\project\server\node_modules\@babel\runtime\helpers\asyncToGenerator.js:3:24)
    at _next (E:\third\project\server\node_modules\@babel\runtime\helpers\asyncToGenerator.js:25:9)
    at processTicksAndRejections (internal/process/task_queues.js:97:5)
*************** error log end ***************

